[0.085s] Invoking command in '/home/song/apps/robong/ros2/turtlebot3_ws/build/cmake_modules': CMAKE_PREFIX_PATH=${CMAKE_PREFIX_PATH}:/home/song/apps/robong/ros2/turtlebot3_ws/install/open_manipulator_x_teleop:/home/song/apps/robong/ros2/workspace/install/calculator:/home/song/apps/robong/ros2/workspace/install/simple_ros:/home/song/apps/robong/ros2/workspace/install/ros2env:/home/song/apps/robong/ros2/workspace/install/ros2_aruco:/home/song/apps/robong/ros2/workspace/install/move_turtle:/home/song/apps/robong/ros2/workspace/install/SimplePkg:/home/song/apps/robong/ros2/workspace/install/Homework1018:/opt/ros/humble /usr/bin/cmake --build /home/song/apps/robong/ros2/turtlebot3_ws/build/cmake_modules -- -j4 -l4
[0.309s] Invoked command in '/home/song/apps/robong/ros2/turtlebot3_ws/build/cmake_modules' returned '0': CMAKE_PREFIX_PATH=${CMAKE_PREFIX_PATH}:/home/song/apps/robong/ros2/turtlebot3_ws/install/open_manipulator_x_teleop:/home/song/apps/robong/ros2/workspace/install/calculator:/home/song/apps/robong/ros2/workspace/install/simple_ros:/home/song/apps/robong/ros2/workspace/install/ros2env:/home/song/apps/robong/ros2/workspace/install/ros2_aruco:/home/song/apps/robong/ros2/workspace/install/move_turtle:/home/song/apps/robong/ros2/workspace/install/SimplePkg:/home/song/apps/robong/ros2/workspace/install/Homework1018:/opt/ros/humble /usr/bin/cmake --build /home/song/apps/robong/ros2/turtlebot3_ws/build/cmake_modules -- -j4 -l4
[0.722s] Invoking command in '/home/song/apps/robong/ros2/turtlebot3_ws/build/cmake_modules': CMAKE_PREFIX_PATH=${CMAKE_PREFIX_PATH}:/home/song/apps/robong/ros2/turtlebot3_ws/install/open_manipulator_x_teleop:/home/song/apps/robong/ros2/workspace/install/calculator:/home/song/apps/robong/ros2/workspace/install/simple_ros:/home/song/apps/robong/ros2/workspace/install/ros2env:/home/song/apps/robong/ros2/workspace/install/ros2_aruco:/home/song/apps/robong/ros2/workspace/install/move_turtle:/home/song/apps/robong/ros2/workspace/install/SimplePkg:/home/song/apps/robong/ros2/workspace/install/Homework1018:/opt/ros/humble /usr/bin/cmake --install /home/song/apps/robong/ros2/turtlebot3_ws/build/cmake_modules
[0.792s] -- Install configuration: ""
[0.795s] -- Up-to-date: /home/song/apps/robong/ros2/turtlebot3_ws/install/cmake_modules/share/cmake_modules/cmake/Modules
[0.795s] -- Up-to-date: /home/song/apps/robong/ros2/turtlebot3_ws/install/cmake_modules/share/cmake_modules/cmake/Modules/FindTBB.cmake
[0.795s] -- Up-to-date: /home/song/apps/robong/ros2/turtlebot3_ws/install/cmake_modules/share/cmake_modules/cmake/Modules/FindUUID.cmake
[0.795s] -- Up-to-date: /home/song/apps/robong/ros2/turtlebot3_ws/install/cmake_modules/share/cmake_modules/cmake/Modules/FindXenomai.cmake
[0.796s] -- Up-to-date: /home/song/apps/robong/ros2/turtlebot3_ws/install/cmake_modules/share/cmake_modules/cmake/Modules/FindNUMPY.cmake
[0.796s] -- Up-to-date: /home/song/apps/robong/ros2/turtlebot3_ws/install/cmake_modules/share/cmake_modules/cmake/Modules/FindTinyXML.cmake
[0.796s] -- Up-to-date: /home/song/apps/robong/ros2/turtlebot3_ws/install/cmake_modules/share/cmake_modules/cmake/Modules/FindGflags.cmake
[0.796s] -- Up-to-date: /home/song/apps/robong/ros2/turtlebot3_ws/install/cmake_modules/share/cmake_modules/cmake/Modules/FindGSL.cmake
[0.797s] -- Up-to-date: /home/song/apps/robong/ros2/turtlebot3_ws/install/cmake_modules/share/cmake_modules/cmake/Modules/FindPoco.cmake
[0.808s] -- Up-to-date: /home/song/apps/robong/ros2/turtlebot3_ws/install/cmake_modules/share/cmake_modules/cmake/Modules/FindTinyXML2.cmake
[0.808s] -- Up-to-date: /home/song/apps/robong/ros2/turtlebot3_ws/install/cmake_modules/share/ament_index/resource_index/package_run_dependencies/cmake_modules
[0.808s] -- Up-to-date: /home/song/apps/robong/ros2/turtlebot3_ws/install/cmake_modules/share/ament_index/resource_index/parent_prefix_path/cmake_modules
[0.816s] -- Up-to-date: /home/song/apps/robong/ros2/turtlebot3_ws/install/cmake_modules/share/cmake_modules/environment/ament_prefix_path.sh
[0.819s] -- Up-to-date: /home/song/apps/robong/ros2/turtlebot3_ws/install/cmake_modules/share/cmake_modules/environment/ament_prefix_path.dsv
[0.820s] -- Up-to-date: /home/song/apps/robong/ros2/turtlebot3_ws/install/cmake_modules/share/cmake_modules/environment/path.sh
[0.823s] -- Up-to-date: /home/song/apps/robong/ros2/turtlebot3_ws/install/cmake_modules/share/cmake_modules/environment/path.dsv
[0.824s] -- Up-to-date: /home/song/apps/robong/ros2/turtlebot3_ws/install/cmake_modules/share/cmake_modules/local_setup.bash
[0.824s] -- Up-to-date: /home/song/apps/robong/ros2/turtlebot3_ws/install/cmake_modules/share/cmake_modules/local_setup.sh
[0.824s] -- Up-to-date: /home/song/apps/robong/ros2/turtlebot3_ws/install/cmake_modules/share/cmake_modules/local_setup.zsh
[0.839s] -- Up-to-date: /home/song/apps/robong/ros2/turtlebot3_ws/install/cmake_modules/share/cmake_modules/local_setup.dsv
[0.839s] -- Up-to-date: /home/song/apps/robong/ros2/turtlebot3_ws/install/cmake_modules/share/cmake_modules/package.dsv
[0.839s] -- Up-to-date: /home/song/apps/robong/ros2/turtlebot3_ws/install/cmake_modules/share/ament_index/resource_index/packages/cmake_modules
[0.840s] -- Up-to-date: /home/song/apps/robong/ros2/turtlebot3_ws/install/cmake_modules/share/cmake_modules/cmake/cmake_modules-extras.cmake
[0.840s] -- Up-to-date: /home/song/apps/robong/ros2/turtlebot3_ws/install/cmake_modules/share/cmake_modules/cmake/ament_cmake_export_dependencies-extras.cmake
[0.847s] -- Up-to-date: /home/song/apps/robong/ros2/turtlebot3_ws/install/cmake_modules/share/cmake_modules/cmake/cmake_modulesConfig.cmake
[0.847s] -- Up-to-date: /home/song/apps/robong/ros2/turtlebot3_ws/install/cmake_modules/share/cmake_modules/cmake/cmake_modulesConfig-version.cmake
[0.848s] -- Up-to-date: /home/song/apps/robong/ros2/turtlebot3_ws/install/cmake_modules/share/cmake_modules/package.xml
[0.855s] Invoked command in '/home/song/apps/robong/ros2/turtlebot3_ws/build/cmake_modules' returned '0': CMAKE_PREFIX_PATH=${CMAKE_PREFIX_PATH}:/home/song/apps/robong/ros2/turtlebot3_ws/install/open_manipulator_x_teleop:/home/song/apps/robong/ros2/workspace/install/calculator:/home/song/apps/robong/ros2/workspace/install/simple_ros:/home/song/apps/robong/ros2/workspace/install/ros2env:/home/song/apps/robong/ros2/workspace/install/ros2_aruco:/home/song/apps/robong/ros2/workspace/install/move_turtle:/home/song/apps/robong/ros2/workspace/install/SimplePkg:/home/song/apps/robong/ros2/workspace/install/Homework1018:/opt/ros/humble /usr/bin/cmake --install /home/song/apps/robong/ros2/turtlebot3_ws/build/cmake_modules
