[0.063s] Invoking command in '/home/song/apps/robong/ros2/turtlebot3_ws/build/cmake_modules': CMAKE_PREFIX_PATH=${CMAKE_PREFIX_PATH}:/home/song/apps/robong/ros2/turtlebot3_ws/install/open_manipulator_x_teleop:/home/song/apps/robong/ros2/workspace/install/calculator:/home/song/apps/robong/ros2/workspace/install/simple_ros:/home/song/apps/robong/ros2/workspace/install/ros2env:/home/song/apps/robong/ros2/workspace/install/ros2_aruco:/home/song/apps/robong/ros2/workspace/install/move_turtle:/home/song/apps/robong/ros2/workspace/install/SimplePkg:/home/song/apps/robong/ros2/workspace/install/Homework1018:/opt/ros/humble /usr/bin/cmake --build /home/song/apps/robong/ros2/turtlebot3_ws/build/cmake_modules -- -j4 -l4
[0.176s] Invoked command in '/home/song/apps/robong/ros2/turtlebot3_ws/build/cmake_modules' returned '0': CMAKE_PREFIX_PATH=${CMAKE_PREFIX_PATH}:/home/song/apps/robong/ros2/turtlebot3_ws/install/open_manipulator_x_teleop:/home/song/apps/robong/ros2/workspace/install/calculator:/home/song/apps/robong/ros2/workspace/install/simple_ros:/home/song/apps/robong/ros2/workspace/install/ros2env:/home/song/apps/robong/ros2/workspace/install/ros2_aruco:/home/song/apps/robong/ros2/workspace/install/move_turtle:/home/song/apps/robong/ros2/workspace/install/SimplePkg:/home/song/apps/robong/ros2/workspace/install/Homework1018:/opt/ros/humble /usr/bin/cmake --build /home/song/apps/robong/ros2/turtlebot3_ws/build/cmake_modules -- -j4 -l4
[0.385s] Invoking command in '/home/song/apps/robong/ros2/turtlebot3_ws/build/cmake_modules': CMAKE_PREFIX_PATH=${CMAKE_PREFIX_PATH}:/home/song/apps/robong/ros2/turtlebot3_ws/install/open_manipulator_x_teleop:/home/song/apps/robong/ros2/workspace/install/calculator:/home/song/apps/robong/ros2/workspace/install/simple_ros:/home/song/apps/robong/ros2/workspace/install/ros2env:/home/song/apps/robong/ros2/workspace/install/ros2_aruco:/home/song/apps/robong/ros2/workspace/install/move_turtle:/home/song/apps/robong/ros2/workspace/install/SimplePkg:/home/song/apps/robong/ros2/workspace/install/Homework1018:/opt/ros/humble /usr/bin/cmake --install /home/song/apps/robong/ros2/turtlebot3_ws/build/cmake_modules
[0.496s] -- Install configuration: ""
[0.496s] -- Up-to-date: /home/song/apps/robong/ros2/turtlebot3_ws/install/cmake_modules/share/cmake_modules/cmake/Modules
[0.496s] -- Up-to-date: /home/song/apps/robong/ros2/turtlebot3_ws/install/cmake_modules/share/cmake_modules/cmake/Modules/FindTBB.cmake
[0.500s] -- Up-to-date: /home/song/apps/robong/ros2/turtlebot3_ws/install/cmake_modules/share/cmake_modules/cmake/Modules/FindUUID.cmake
[0.500s] -- Up-to-date: /home/song/apps/robong/ros2/turtlebot3_ws/install/cmake_modules/share/cmake_modules/cmake/Modules/FindXenomai.cmake
[0.500s] -- Up-to-date: /home/song/apps/robong/ros2/turtlebot3_ws/install/cmake_modules/share/cmake_modules/cmake/Modules/FindNUMPY.cmake
[0.501s] -- Up-to-date: /home/song/apps/robong/ros2/turtlebot3_ws/install/cmake_modules/share/cmake_modules/cmake/Modules/FindTinyXML.cmake
[0.501s] -- Up-to-date: /home/song/apps/robong/ros2/turtlebot3_ws/install/cmake_modules/share/cmake_modules/cmake/Modules/FindGflags.cmake
[0.506s] -- Up-to-date: /home/song/apps/robong/ros2/turtlebot3_ws/install/cmake_modules/share/cmake_modules/cmake/Modules/FindGSL.cmake
[0.506s] -- Up-to-date: /home/song/apps/robong/ros2/turtlebot3_ws/install/cmake_modules/share/cmake_modules/cmake/Modules/FindPoco.cmake
[0.506s] -- Up-to-date: /home/song/apps/robong/ros2/turtlebot3_ws/install/cmake_modules/share/cmake_modules/cmake/Modules/FindTinyXML2.cmake
[0.508s] -- Up-to-date: /home/song/apps/robong/ros2/turtlebot3_ws/install/cmake_modules/share/ament_index/resource_index/package_run_dependencies/cmake_modules
[0.514s] -- Up-to-date: /home/song/apps/robong/ros2/turtlebot3_ws/install/cmake_modules/share/ament_index/resource_index/parent_prefix_path/cmake_modules
[0.515s] -- Up-to-date: /home/song/apps/robong/ros2/turtlebot3_ws/install/cmake_modules/share/cmake_modules/environment/ament_prefix_path.sh
[0.515s] -- Up-to-date: /home/song/apps/robong/ros2/turtlebot3_ws/install/cmake_modules/share/cmake_modules/environment/ament_prefix_path.dsv
[0.518s] -- Up-to-date: /home/song/apps/robong/ros2/turtlebot3_ws/install/cmake_modules/share/cmake_modules/environment/path.sh
[0.519s] -- Up-to-date: /home/song/apps/robong/ros2/turtlebot3_ws/install/cmake_modules/share/cmake_modules/environment/path.dsv
[0.522s] -- Up-to-date: /home/song/apps/robong/ros2/turtlebot3_ws/install/cmake_modules/share/cmake_modules/local_setup.bash
[0.525s] -- Up-to-date: /home/song/apps/robong/ros2/turtlebot3_ws/install/cmake_modules/share/cmake_modules/local_setup.sh
[0.525s] -- Up-to-date: /home/song/apps/robong/ros2/turtlebot3_ws/install/cmake_modules/share/cmake_modules/local_setup.zsh
[0.526s] -- Up-to-date: /home/song/apps/robong/ros2/turtlebot3_ws/install/cmake_modules/share/cmake_modules/local_setup.dsv
[0.526s] -- Installing: /home/song/apps/robong/ros2/turtlebot3_ws/install/cmake_modules/share/cmake_modules/package.dsv
[0.528s] -- Up-to-date: /home/song/apps/robong/ros2/turtlebot3_ws/install/cmake_modules/share/ament_index/resource_index/packages/cmake_modules
[0.531s] -- Up-to-date: /home/song/apps/robong/ros2/turtlebot3_ws/install/cmake_modules/share/cmake_modules/cmake/cmake_modules-extras.cmake
[0.531s] -- Up-to-date: /home/song/apps/robong/ros2/turtlebot3_ws/install/cmake_modules/share/cmake_modules/cmake/ament_cmake_export_dependencies-extras.cmake
[0.531s] -- Up-to-date: /home/song/apps/robong/ros2/turtlebot3_ws/install/cmake_modules/share/cmake_modules/cmake/cmake_modulesConfig.cmake
[0.531s] -- Up-to-date: /home/song/apps/robong/ros2/turtlebot3_ws/install/cmake_modules/share/cmake_modules/cmake/cmake_modulesConfig-version.cmake
[0.539s] -- Up-to-date: /home/song/apps/robong/ros2/turtlebot3_ws/install/cmake_modules/share/cmake_modules/package.xml
[0.541s] Invoked command in '/home/song/apps/robong/ros2/turtlebot3_ws/build/cmake_modules' returned '0': CMAKE_PREFIX_PATH=${CMAKE_PREFIX_PATH}:/home/song/apps/robong/ros2/turtlebot3_ws/install/open_manipulator_x_teleop:/home/song/apps/robong/ros2/workspace/install/calculator:/home/song/apps/robong/ros2/workspace/install/simple_ros:/home/song/apps/robong/ros2/workspace/install/ros2env:/home/song/apps/robong/ros2/workspace/install/ros2_aruco:/home/song/apps/robong/ros2/workspace/install/move_turtle:/home/song/apps/robong/ros2/workspace/install/SimplePkg:/home/song/apps/robong/ros2/workspace/install/Homework1018:/opt/ros/humble /usr/bin/cmake --install /home/song/apps/robong/ros2/turtlebot3_ws/build/cmake_modules
