[100%] Built target open_manipulator_x_libs
-- Install configuration: ""
-- Up-to-date: /home/song/apps/robong/ros2/turtlebot3_ws/install/open_manipulator_x_libs/lib/libopen_manipulator_x_libs.so
-- Up-to-date: /home/song/apps/robong/ros2/turtlebot3_ws/install/open_manipulator_x_libs/include/
-- Up-to-date: /home/song/apps/robong/ros2/turtlebot3_ws/install/open_manipulator_x_libs/include//open_manipulator_x_libs
-- Up-to-date: /home/song/apps/robong/ros2/turtlebot3_ws/install/open_manipulator_x_libs/include//open_manipulator_x_libs/open_manipulator_x.hpp
-- Up-to-date: /home/song/apps/robong/ros2/turtlebot3_ws/install/open_manipulator_x_libs/include//open_manipulator_x_libs/kinematics.hpp
-- Up-to-date: /home/song/apps/robong/ros2/turtlebot3_ws/install/open_manipulator_x_libs/include//open_manipulator_x_libs/custom_trajectory.hpp
-- Up-to-date: /home/song/apps/robong/ros2/turtlebot3_ws/install/open_manipulator_x_libs/include//open_manipulator_x_libs/dynamixel.hpp
-- Up-to-date: /home/song/apps/robong/ros2/turtlebot3_ws/install/open_manipulator_x_libs/share/open_manipulator_x_libs/environment/library_path.sh
-- Up-to-date: /home/song/apps/robong/ros2/turtlebot3_ws/install/open_manipulator_x_libs/share/open_manipulator_x_libs/environment/library_path.dsv
-- Up-to-date: /home/song/apps/robong/ros2/turtlebot3_ws/install/open_manipulator_x_libs/share/ament_index/resource_index/package_run_dependencies/open_manipulator_x_libs
-- Up-to-date: /home/song/apps/robong/ros2/turtlebot3_ws/install/open_manipulator_x_libs/share/ament_index/resource_index/parent_prefix_path/open_manipulator_x_libs
-- Up-to-date: /home/song/apps/robong/ros2/turtlebot3_ws/install/open_manipulator_x_libs/share/open_manipulator_x_libs/environment/ament_prefix_path.sh
-- Up-to-date: /home/song/apps/robong/ros2/turtlebot3_ws/install/open_manipulator_x_libs/share/open_manipulator_x_libs/environment/ament_prefix_path.dsv
-- Up-to-date: /home/song/apps/robong/ros2/turtlebot3_ws/install/open_manipulator_x_libs/share/open_manipulator_x_libs/environment/path.sh
-- Up-to-date: /home/song/apps/robong/ros2/turtlebot3_ws/install/open_manipulator_x_libs/share/open_manipulator_x_libs/environment/path.dsv
-- Up-to-date: /home/song/apps/robong/ros2/turtlebot3_ws/install/open_manipulator_x_libs/share/open_manipulator_x_libs/local_setup.bash
-- Up-to-date: /home/song/apps/robong/ros2/turtlebot3_ws/install/open_manipulator_x_libs/share/open_manipulator_x_libs/local_setup.sh
-- Up-to-date: /home/song/apps/robong/ros2/turtlebot3_ws/install/open_manipulator_x_libs/share/open_manipulator_x_libs/local_setup.zsh
-- Up-to-date: /home/song/apps/robong/ros2/turtlebot3_ws/install/open_manipulator_x_libs/share/open_manipulator_x_libs/local_setup.dsv
-- Installing: /home/song/apps/robong/ros2/turtlebot3_ws/install/open_manipulator_x_libs/share/open_manipulator_x_libs/package.dsv
-- Up-to-date: /home/song/apps/robong/ros2/turtlebot3_ws/install/open_manipulator_x_libs/share/ament_index/resource_index/packages/open_manipulator_x_libs
-- Up-to-date: /home/song/apps/robong/ros2/turtlebot3_ws/install/open_manipulator_x_libs/share/open_manipulator_x_libs/cmake/ament_cmake_export_include_directories-extras.cmake
-- Up-to-date: /home/song/apps/robong/ros2/turtlebot3_ws/install/open_manipulator_x_libs/share/open_manipulator_x_libs/cmake/ament_cmake_export_dependencies-extras.cmake
-- Up-to-date: /home/song/apps/robong/ros2/turtlebot3_ws/install/open_manipulator_x_libs/share/open_manipulator_x_libs/cmake/ament_cmake_export_libraries-extras.cmake
-- Up-to-date: /home/song/apps/robong/ros2/turtlebot3_ws/install/open_manipulator_x_libs/share/open_manipulator_x_libs/cmake/open_manipulator_x_libsConfig.cmake
-- Up-to-date: /home/song/apps/robong/ros2/turtlebot3_ws/install/open_manipulator_x_libs/share/open_manipulator_x_libs/cmake/open_manipulator_x_libsConfig-version.cmake
-- Up-to-date: /home/song/apps/robong/ros2/turtlebot3_ws/install/open_manipulator_x_libs/share/open_manipulator_x_libs/package.xml
