[0.052s] Invoking command in '/home/song/apps/robong/ros2/turtlebot3_ws/build/open_manipulator_msgs': CMAKE_PREFIX_PATH=${CMAKE_PREFIX_PATH}:/home/song/apps/robong/ros2/workspace/install/calculator:/home/song/apps/robong/ros2/workspace/install/simple_ros:/home/song/apps/robong/ros2/workspace/install/ros2env:/home/song/apps/robong/ros2/workspace/install/ros2_aruco:/home/song/apps/robong/ros2/workspace/install/move_turtle:/home/song/apps/robong/ros2/workspace/install/SimplePkg:/home/song/apps/robong/ros2/workspace/install/Homework1018:/opt/ros/humble /usr/bin/cmake /home/song/apps/robong/ros2/turtlebot3_ws/src/open_manipulator_msgs -DCMAKE_INSTALL_PREFIX=/home/song/apps/robong/ros2/turtlebot3_ws/install/open_manipulator_msgs
[0.264s] -- The C compiler identification is GNU 11.4.0
[0.500s] -- The CXX compiler identification is GNU 11.4.0
[0.529s] -- Detecting C compiler ABI info
[0.815s] -- Detecting C compiler ABI info - done
[0.865s] -- Check for working C compiler: /usr/bin/cc - skipped
[0.866s] -- Detecting C compile features
[0.866s] -- Detecting C compile features - done
[0.879s] -- Detecting CXX compiler ABI info
[1.235s] -- Detecting CXX compiler ABI info - done
[1.283s] -- Check for working CXX compiler: /usr/bin/c++ - skipped
[1.284s] -- Detecting CXX compile features
[1.288s] -- Detecting CXX compile features - done
[1.302s] -- Found ament_cmake: 1.3.10 (/opt/ros/humble/share/ament_cmake/cmake)
[2.006s] -- Found Python3: /usr/bin/python3 (found version "3.10.12") found components: Interpreter 
[2.515s] -- Found geometry_msgs: 4.2.4 (/opt/ros/humble/share/geometry_msgs/cmake)
[2.689s] -- Found rosidl_generator_c: 3.1.5 (/opt/ros/humble/share/rosidl_generator_c/cmake)
[2.719s] -- Found rosidl_adapter: 3.1.5 (/opt/ros/humble/share/rosidl_adapter/cmake)
[2.755s] -- Found rosidl_generator_cpp: 3.1.5 (/opt/ros/humble/share/rosidl_generator_cpp/cmake)
[2.823s] -- Using all available rosidl_typesupport_c: rosidl_typesupport_fastrtps_c;rosidl_typesupport_introspection_c
[2.959s] -- Using all available rosidl_typesupport_cpp: rosidl_typesupport_fastrtps_cpp;rosidl_typesupport_introspection_cpp
[3.182s] -- Found rosidl_default_generators: 1.2.0 (/opt/ros/humble/share/rosidl_default_generators/cmake)
[6.133s] -- Found ament_cmake_cppcheck: 0.12.11 (/opt/ros/humble/share/ament_cmake_cppcheck/cmake)
[6.184s] -- Found ament_cmake_cpplint: 0.12.11 (/opt/ros/humble/share/ament_cmake_cpplint/cmake)
[6.244s] -- Found ament_cmake_uncrustify: 0.12.11 (/opt/ros/humble/share/ament_cmake_uncrustify/cmake)
[6.304s] -- Found ament_cmake_ros: 0.10.0 (/opt/ros/humble/share/ament_cmake_ros/cmake)
[8.544s] -- Using all available rosidl_typesupport_c: rosidl_typesupport_fastrtps_c;rosidl_typesupport_introspection_c
[9.446s] -- Using all available rosidl_typesupport_cpp: rosidl_typesupport_fastrtps_cpp;rosidl_typesupport_introspection_cpp
[9.602s] -- Found PythonInterp: /usr/bin/python3 (found suitable version "3.10.12", minimum required is "3.6") 
[9.632s] -- Found python_cmake_module: 0.10.0 (/opt/ros/humble/share/python_cmake_module/cmake)
[9.819s] -- Found PythonLibs: /usr/lib/x86_64-linux-gnu/libpython3.10.so (found suitable version "3.10.12", minimum required is "3.5") 
[9.819s] -- Using PYTHON_EXECUTABLE: /usr/bin/python3
[9.819s] -- Using PYTHON_INCLUDE_DIRS: /usr/include/python3.10
[9.826s] -- Using PYTHON_LIBRARIES: /usr/lib/x86_64-linux-gnu/libpython3.10.so
[10.041s] -- Found PythonExtra: .so  
[10.860s] -- Found ament_cmake_flake8: 0.12.11 (/opt/ros/humble/share/ament_cmake_flake8/cmake)
[10.879s] -- Found ament_cmake_pep257: 0.12.11 (/opt/ros/humble/share/ament_cmake_pep257/cmake)
[10.924s] -- Configuring done
[11.338s] -- Generating done
[11.360s] -- Build files have been written to: /home/song/apps/robong/ros2/turtlebot3_ws/build/open_manipulator_msgs
[11.475s] Invoked command in '/home/song/apps/robong/ros2/turtlebot3_ws/build/open_manipulator_msgs' returned '0': CMAKE_PREFIX_PATH=${CMAKE_PREFIX_PATH}:/home/song/apps/robong/ros2/workspace/install/calculator:/home/song/apps/robong/ros2/workspace/install/simple_ros:/home/song/apps/robong/ros2/workspace/install/ros2env:/home/song/apps/robong/ros2/workspace/install/ros2_aruco:/home/song/apps/robong/ros2/workspace/install/move_turtle:/home/song/apps/robong/ros2/workspace/install/SimplePkg:/home/song/apps/robong/ros2/workspace/install/Homework1018:/opt/ros/humble /usr/bin/cmake /home/song/apps/robong/ros2/turtlebot3_ws/src/open_manipulator_msgs -DCMAKE_INSTALL_PREFIX=/home/song/apps/robong/ros2/turtlebot3_ws/install/open_manipulator_msgs
[11.480s] Invoking command in '/home/song/apps/robong/ros2/turtlebot3_ws/build/open_manipulator_msgs': CMAKE_PREFIX_PATH=${CMAKE_PREFIX_PATH}:/home/song/apps/robong/ros2/workspace/install/calculator:/home/song/apps/robong/ros2/workspace/install/simple_ros:/home/song/apps/robong/ros2/workspace/install/ros2env:/home/song/apps/robong/ros2/workspace/install/ros2_aruco:/home/song/apps/robong/ros2/workspace/install/move_turtle:/home/song/apps/robong/ros2/workspace/install/SimplePkg:/home/song/apps/robong/ros2/workspace/install/Homework1018:/opt/ros/humble /usr/bin/cmake --build /home/song/apps/robong/ros2/turtlebot3_ws/build/open_manipulator_msgs -- -j4 -l4
[12.421s] [  1%] [34m[1mGenerating C code for ROS interfaces[0m
[12.704s] [  2%] [34m[1mGenerating C++ code for ROS interfaces[0m
[12.732s] [  2%] Built target ament_cmake_python_copy_open_manipulator_msgs
[16.092s] running egg_info
[16.097s] creating open_manipulator_msgs.egg-info
[16.099s] writing open_manipulator_msgs.egg-info/PKG-INFO
[16.102s] writing dependency_links to open_manipulator_msgs.egg-info/dependency_links.txt
[16.110s] writing top-level names to open_manipulator_msgs.egg-info/top_level.txt
[16.113s] writing manifest file 'open_manipulator_msgs.egg-info/SOURCES.txt'
[16.122s] reading manifest file 'open_manipulator_msgs.egg-info/SOURCES.txt'
[16.129s] writing manifest file 'open_manipulator_msgs.egg-info/SOURCES.txt'
[16.387s] [  2%] Built target ament_cmake_python_build_open_manipulator_msgs_egg
[26.019s] [  3%] [32mBuilding C object CMakeFiles/open_manipulator_msgs__rosidl_generator_c.dir/rosidl_generator_c/open_manipulator_msgs/msg/detail/joint_position__functions.c.o[0m
[26.657s] [  3%] Built target open_manipulator_msgs__cpp
[26.663s] [  4%] [32mBuilding C object CMakeFiles/open_manipulator_msgs__rosidl_generator_c.dir/rosidl_generator_c/open_manipulator_msgs/msg/detail/open_manipulator_state__functions.c.o[0m
[26.972s] [  5%] [32mBuilding C object CMakeFiles/open_manipulator_msgs__rosidl_generator_c.dir/rosidl_generator_c/open_manipulator_msgs/srv/detail/get_kinematics_pose__functions.c.o[0m
[28.330s] [  6%] [32mBuilding C object CMakeFiles/open_manipulator_msgs__rosidl_generator_c.dir/rosidl_generator_c/open_manipulator_msgs/srv/detail/get_joint_position__functions.c.o[0m
[28.727s] [  7%] [32mBuilding C object CMakeFiles/open_manipulator_msgs__rosidl_generator_c.dir/rosidl_generator_c/open_manipulator_msgs/msg/detail/kinematics_pose__functions.c.o[0m
[29.101s] [  8%] [32mBuilding C object CMakeFiles/open_manipulator_msgs__rosidl_generator_c.dir/rosidl_generator_c/open_manipulator_msgs/srv/detail/set_joint_position__functions.c.o[0m
[29.668s] [  9%] [32mBuilding C object CMakeFiles/open_manipulator_msgs__rosidl_generator_c.dir/rosidl_generator_c/open_manipulator_msgs/srv/detail/set_kinematics_pose__functions.c.o[0m
[30.010s] [ 10%] [32mBuilding C object CMakeFiles/open_manipulator_msgs__rosidl_generator_c.dir/rosidl_generator_c/open_manipulator_msgs/srv/detail/set_drawing_trajectory__functions.c.o[0m
[30.407s] [ 11%] [32mBuilding C object CMakeFiles/open_manipulator_msgs__rosidl_generator_c.dir/rosidl_generator_c/open_manipulator_msgs/srv/detail/set_actuator_state__functions.c.o[0m
[30.640s] [ 12%] [32m[1mLinking C shared library libopen_manipulator_msgs__rosidl_generator_c.so[0m
[30.827s] [ 12%] Built target open_manipulator_msgs__rosidl_generator_c
[30.873s] [ 13%] [34m[1mGenerating C++ introspection for ROS interfaces[0m
[36.559s] [ 14%] [32mBuilding CXX object CMakeFiles/open_manipulator_msgs__rosidl_typesupport_introspection_cpp.dir/rosidl_typesupport_introspection_cpp/open_manipulator_msgs/msg/detail/joint_position__type_support.cpp.o[0m
[39.783s] [ 15%] [32mBuilding CXX object CMakeFiles/open_manipulator_msgs__rosidl_typesupport_introspection_cpp.dir/rosidl_typesupport_introspection_cpp/open_manipulator_msgs/msg/detail/kinematics_pose__type_support.cpp.o[0m
[42.628s] [ 16%] [32mBuilding CXX object CMakeFiles/open_manipulator_msgs__rosidl_typesupport_introspection_cpp.dir/rosidl_typesupport_introspection_cpp/open_manipulator_msgs/msg/detail/open_manipulator_state__type_support.cpp.o[0m
[46.108s] [ 17%] [32mBuilding CXX object CMakeFiles/open_manipulator_msgs__rosidl_typesupport_introspection_cpp.dir/rosidl_typesupport_introspection_cpp/open_manipulator_msgs/srv/detail/get_joint_position__type_support.cpp.o[0m
[49.080s] [ 18%] [32mBuilding CXX object CMakeFiles/open_manipulator_msgs__rosidl_typesupport_introspection_cpp.dir/rosidl_typesupport_introspection_cpp/open_manipulator_msgs/srv/detail/get_kinematics_pose__type_support.cpp.o[0m
[51.873s] [ 20%] [32mBuilding CXX object CMakeFiles/open_manipulator_msgs__rosidl_typesupport_introspection_cpp.dir/rosidl_typesupport_introspection_cpp/open_manipulator_msgs/srv/detail/set_joint_position__type_support.cpp.o[0m
[54.613s] [ 21%] [32mBuilding CXX object CMakeFiles/open_manipulator_msgs__rosidl_typesupport_introspection_cpp.dir/rosidl_typesupport_introspection_cpp/open_manipulator_msgs/srv/detail/set_kinematics_pose__type_support.cpp.o[0m
[57.392s] [ 22%] [32mBuilding CXX object CMakeFiles/open_manipulator_msgs__rosidl_typesupport_introspection_cpp.dir/rosidl_typesupport_introspection_cpp/open_manipulator_msgs/srv/detail/set_drawing_trajectory__type_support.cpp.o[0m
[60.140s] [ 23%] [32mBuilding CXX object CMakeFiles/open_manipulator_msgs__rosidl_typesupport_introspection_cpp.dir/rosidl_typesupport_introspection_cpp/open_manipulator_msgs/srv/detail/set_actuator_state__type_support.cpp.o[0m
[61.660s] [ 24%] [32m[1mLinking CXX shared library libopen_manipulator_msgs__rosidl_typesupport_introspection_cpp.so[0m
[62.857s] [ 24%] Built target open_manipulator_msgs__rosidl_typesupport_introspection_cpp
[63.066s] [ 25%] [34m[1mGenerating C type support for eProsima Fast-RTPS[0m
[67.401s] [ 26%] [32mBuilding CXX object CMakeFiles/open_manipulator_msgs__rosidl_typesupport_fastrtps_c.dir/rosidl_typesupport_fastrtps_c/open_manipulator_msgs/msg/detail/joint_position__type_support_c.cpp.o[0m
[69.671s] [ 27%] [32mBuilding CXX object CMakeFiles/open_manipulator_msgs__rosidl_typesupport_fastrtps_c.dir/rosidl_typesupport_fastrtps_c/open_manipulator_msgs/msg/detail/kinematics_pose__type_support_c.cpp.o[0m
[70.703s] [ 28%] [32mBuilding CXX object CMakeFiles/open_manipulator_msgs__rosidl_typesupport_fastrtps_c.dir/rosidl_typesupport_fastrtps_c/open_manipulator_msgs/msg/detail/open_manipulator_state__type_support_c.cpp.o[0m
[73.481s] [ 29%] [32mBuilding CXX object CMakeFiles/open_manipulator_msgs__rosidl_typesupport_fastrtps_c.dir/rosidl_typesupport_fastrtps_c/open_manipulator_msgs/srv/detail/get_joint_position__type_support_c.cpp.o[0m
[76.446s] [ 30%] [32mBuilding CXX object CMakeFiles/open_manipulator_msgs__rosidl_typesupport_fastrtps_c.dir/rosidl_typesupport_fastrtps_c/open_manipulator_msgs/srv/detail/get_kinematics_pose__type_support_c.cpp.o[0m
[79.292s] [ 31%] [32mBuilding CXX object CMakeFiles/open_manipulator_msgs__rosidl_typesupport_fastrtps_c.dir/rosidl_typesupport_fastrtps_c/open_manipulator_msgs/srv/detail/set_joint_position__type_support_c.cpp.o[0m
[80.521s] [ 32%] [32mBuilding CXX object CMakeFiles/open_manipulator_msgs__rosidl_typesupport_fastrtps_c.dir/rosidl_typesupport_fastrtps_c/open_manipulator_msgs/srv/detail/set_kinematics_pose__type_support_c.cpp.o[0m
[82.685s] [ 33%] [32mBuilding CXX object CMakeFiles/open_manipulator_msgs__rosidl_typesupport_fastrtps_c.dir/rosidl_typesupport_fastrtps_c/open_manipulator_msgs/srv/detail/set_drawing_trajectory__type_support_c.cpp.o[0m
[84.437s] [ 34%] [32mBuilding CXX object CMakeFiles/open_manipulator_msgs__rosidl_typesupport_fastrtps_c.dir/rosidl_typesupport_fastrtps_c/open_manipulator_msgs/srv/detail/set_actuator_state__type_support_c.cpp.o[0m
[87.159s] [ 35%] [32m[1mLinking CXX shared library libopen_manipulator_msgs__rosidl_typesupport_fastrtps_c.so[0m
[87.413s] [ 35%] Built target open_manipulator_msgs__rosidl_typesupport_fastrtps_c
[87.443s] [ 36%] [34m[1mGenerating C introspection for ROS interfaces[0m
[91.889s] [ 37%] [32mBuilding C object CMakeFiles/open_manipulator_msgs__rosidl_typesupport_introspection_c.dir/rosidl_typesupport_introspection_c/open_manipulator_msgs/msg/detail/joint_position__type_support.c.o[0m
[92.016s] [ 38%] [32mBuilding C object CMakeFiles/open_manipulator_msgs__rosidl_typesupport_introspection_c.dir/rosidl_typesupport_introspection_c/open_manipulator_msgs/msg/detail/kinematics_pose__type_support.c.o[0m
[92.119s] [ 40%] [32mBuilding C object CMakeFiles/open_manipulator_msgs__rosidl_typesupport_introspection_c.dir/rosidl_typesupport_introspection_c/open_manipulator_msgs/msg/detail/open_manipulator_state__type_support.c.o[0m
[92.234s] [ 41%] [32mBuilding C object CMakeFiles/open_manipulator_msgs__rosidl_typesupport_introspection_c.dir/rosidl_typesupport_introspection_c/open_manipulator_msgs/srv/detail/get_joint_position__type_support.c.o[0m
[92.357s] [ 42%] [32mBuilding C object CMakeFiles/open_manipulator_msgs__rosidl_typesupport_introspection_c.dir/rosidl_typesupport_introspection_c/open_manipulator_msgs/srv/detail/get_kinematics_pose__type_support.c.o[0m
[92.465s] [ 43%] [32mBuilding C object CMakeFiles/open_manipulator_msgs__rosidl_typesupport_introspection_c.dir/rosidl_typesupport_introspection_c/open_manipulator_msgs/srv/detail/set_joint_position__type_support.c.o[0m
[92.605s] [ 44%] [32mBuilding C object CMakeFiles/open_manipulator_msgs__rosidl_typesupport_introspection_c.dir/rosidl_typesupport_introspection_c/open_manipulator_msgs/srv/detail/set_kinematics_pose__type_support.c.o[0m
[92.731s] [ 45%] [32mBuilding C object CMakeFiles/open_manipulator_msgs__rosidl_typesupport_introspection_c.dir/rosidl_typesupport_introspection_c/open_manipulator_msgs/srv/detail/set_drawing_trajectory__type_support.c.o[0m
[92.861s] [ 46%] [32mBuilding C object CMakeFiles/open_manipulator_msgs__rosidl_typesupport_introspection_c.dir/rosidl_typesupport_introspection_c/open_manipulator_msgs/srv/detail/set_actuator_state__type_support.c.o[0m
[92.967s] [ 47%] [32m[1mLinking C shared library libopen_manipulator_msgs__rosidl_typesupport_introspection_c.so[0m
[93.097s] [ 47%] Built target open_manipulator_msgs__rosidl_typesupport_introspection_c
[93.136s] [ 48%] [34m[1mGenerating C type support dispatch for ROS interfaces[0m
[95.343s] [ 49%] [32mBuilding CXX object CMakeFiles/open_manipulator_msgs__rosidl_typesupport_c.dir/rosidl_typesupport_c/open_manipulator_msgs/msg/joint_position__type_support.cpp.o[0m
[95.466s] [ 50%] [32mBuilding CXX object CMakeFiles/open_manipulator_msgs__rosidl_typesupport_c.dir/rosidl_typesupport_c/open_manipulator_msgs/msg/kinematics_pose__type_support.cpp.o[0m
[95.582s] [ 51%] [32mBuilding CXX object CMakeFiles/open_manipulator_msgs__rosidl_typesupport_c.dir/rosidl_typesupport_c/open_manipulator_msgs/msg/open_manipulator_state__type_support.cpp.o[0m
[95.707s] [ 52%] [32mBuilding CXX object CMakeFiles/open_manipulator_msgs__rosidl_typesupport_c.dir/rosidl_typesupport_c/open_manipulator_msgs/srv/get_joint_position__type_support.cpp.o[0m
[95.823s] [ 53%] [32mBuilding CXX object CMakeFiles/open_manipulator_msgs__rosidl_typesupport_c.dir/rosidl_typesupport_c/open_manipulator_msgs/srv/get_kinematics_pose__type_support.cpp.o[0m
[95.940s] [ 54%] [32mBuilding CXX object CMakeFiles/open_manipulator_msgs__rosidl_typesupport_c.dir/rosidl_typesupport_c/open_manipulator_msgs/srv/set_joint_position__type_support.cpp.o[0m
[96.186s] [ 55%] [32mBuilding CXX object CMakeFiles/open_manipulator_msgs__rosidl_typesupport_c.dir/rosidl_typesupport_c/open_manipulator_msgs/srv/set_kinematics_pose__type_support.cpp.o[0m
[96.979s] [ 56%] [32mBuilding CXX object CMakeFiles/open_manipulator_msgs__rosidl_typesupport_c.dir/rosidl_typesupport_c/open_manipulator_msgs/srv/set_drawing_trajectory__type_support.cpp.o[0m
[97.552s] [ 57%] [32mBuilding CXX object CMakeFiles/open_manipulator_msgs__rosidl_typesupport_c.dir/rosidl_typesupport_c/open_manipulator_msgs/srv/set_actuator_state__type_support.cpp.o[0m
[98.315s] [ 58%] [32m[1mLinking CXX shared library libopen_manipulator_msgs__rosidl_typesupport_c.so[0m
[99.344s] [ 58%] Built target open_manipulator_msgs__rosidl_typesupport_c
[99.611s] [ 60%] [34m[1mGenerating C++ type support for eProsima Fast-RTPS[0m
[104.830s] [ 61%] [32mBuilding CXX object CMakeFiles/open_manipulator_msgs__rosidl_typesupport_fastrtps_cpp.dir/rosidl_typesupport_fastrtps_cpp/open_manipulator_msgs/msg/detail/dds_fastrtps/joint_position__type_support.cpp.o[0m
[107.937s] [ 62%] [32mBuilding CXX object CMakeFiles/open_manipulator_msgs__rosidl_typesupport_fastrtps_cpp.dir/rosidl_typesupport_fastrtps_cpp/open_manipulator_msgs/msg/detail/dds_fastrtps/open_manipulator_state__type_support.cpp.o[0m
[111.268s] [ 63%] [32mBuilding CXX object CMakeFiles/open_manipulator_msgs__rosidl_typesupport_fastrtps_cpp.dir/rosidl_typesupport_fastrtps_cpp/open_manipulator_msgs/srv/detail/dds_fastrtps/get_joint_position__type_support.cpp.o[0m
[114.749s] [ 64%] [32mBuilding CXX object CMakeFiles/open_manipulator_msgs__rosidl_typesupport_fastrtps_cpp.dir/rosidl_typesupport_fastrtps_cpp/open_manipulator_msgs/srv/detail/dds_fastrtps/get_kinematics_pose__type_support.cpp.o[0m
[117.147s] [ 65%] [32mBuilding CXX object CMakeFiles/open_manipulator_msgs__rosidl_typesupport_fastrtps_cpp.dir/rosidl_typesupport_fastrtps_cpp/open_manipulator_msgs/srv/detail/dds_fastrtps/set_joint_position__type_support.cpp.o[0m
[119.251s] [ 66%] [32mBuilding CXX object CMakeFiles/open_manipulator_msgs__rosidl_typesupport_fastrtps_cpp.dir/rosidl_typesupport_fastrtps_cpp/open_manipulator_msgs/srv/detail/dds_fastrtps/set_kinematics_pose__type_support.cpp.o[0m
[122.141s] [ 67%] [32mBuilding CXX object CMakeFiles/open_manipulator_msgs__rosidl_typesupport_fastrtps_cpp.dir/rosidl_typesupport_fastrtps_cpp/open_manipulator_msgs/srv/detail/dds_fastrtps/set_drawing_trajectory__type_support.cpp.o[0m
[123.859s] [ 68%] [32mBuilding CXX object CMakeFiles/open_manipulator_msgs__rosidl_typesupport_fastrtps_cpp.dir/rosidl_typesupport_fastrtps_cpp/open_manipulator_msgs/srv/detail/dds_fastrtps/set_actuator_state__type_support.cpp.o[0m
[125.906s] [ 69%] [32mBuilding CXX object CMakeFiles/open_manipulator_msgs__rosidl_typesupport_fastrtps_cpp.dir/rosidl_typesupport_fastrtps_cpp/open_manipulator_msgs/msg/detail/dds_fastrtps/kinematics_pose__type_support.cpp.o[0m
[126.830s] [ 70%] [32m[1mLinking CXX shared library libopen_manipulator_msgs__rosidl_typesupport_fastrtps_cpp.so[0m
[127.009s] [ 70%] Built target open_manipulator_msgs__rosidl_typesupport_fastrtps_cpp
[127.032s] [ 71%] [34m[1mGenerating C++ type support dispatch for ROS interfaces[0m
[129.776s] [ 72%] [32mBuilding CXX object CMakeFiles/open_manipulator_msgs__rosidl_typesupport_cpp.dir/rosidl_typesupport_cpp/open_manipulator_msgs/msg/joint_position__type_support.cpp.o[0m
[131.603s] [ 73%] [32mBuilding CXX object CMakeFiles/open_manipulator_msgs__rosidl_typesupport_cpp.dir/rosidl_typesupport_cpp/open_manipulator_msgs/srv/get_joint_position__type_support.cpp.o[0m
[132.822s] [ 74%] [32mBuilding CXX object CMakeFiles/open_manipulator_msgs__rosidl_typesupport_cpp.dir/rosidl_typesupport_cpp/open_manipulator_msgs/srv/get_kinematics_pose__type_support.cpp.o[0m
[133.515s] [ 75%] [32mBuilding CXX object CMakeFiles/open_manipulator_msgs__rosidl_typesupport_cpp.dir/rosidl_typesupport_cpp/open_manipulator_msgs/srv/set_joint_position__type_support.cpp.o[0m
[134.384s] [ 76%] [32mBuilding CXX object CMakeFiles/open_manipulator_msgs__rosidl_typesupport_cpp.dir/rosidl_typesupport_cpp/open_manipulator_msgs/srv/set_kinematics_pose__type_support.cpp.o[0m
[136.454s] [ 77%] [32mBuilding CXX object CMakeFiles/open_manipulator_msgs__rosidl_typesupport_cpp.dir/rosidl_typesupport_cpp/open_manipulator_msgs/srv/set_drawing_trajectory__type_support.cpp.o[0m
[137.171s] [ 78%] [32mBuilding CXX object CMakeFiles/open_manipulator_msgs__rosidl_typesupport_cpp.dir/rosidl_typesupport_cpp/open_manipulator_msgs/srv/set_actuator_state__type_support.cpp.o[0m
[137.848s] [ 80%] [32mBuilding CXX object CMakeFiles/open_manipulator_msgs__rosidl_typesupport_cpp.dir/rosidl_typesupport_cpp/open_manipulator_msgs/msg/open_manipulator_state__type_support.cpp.o[0m
[139.792s] [ 81%] [32mBuilding CXX object CMakeFiles/open_manipulator_msgs__rosidl_typesupport_cpp.dir/rosidl_typesupport_cpp/open_manipulator_msgs/msg/kinematics_pose__type_support.cpp.o[0m
[140.749s] [ 82%] [32m[1mLinking CXX shared library libopen_manipulator_msgs__rosidl_typesupport_cpp.so[0m
[140.858s] [ 82%] Built target open_manipulator_msgs__rosidl_typesupport_cpp
[140.911s] [ 82%] Built target open_manipulator_msgs
[140.962s] [ 83%] [34m[1mGenerating Python code for ROS interfaces[0m
[149.168s] [ 83%] Built target open_manipulator_msgs__py
[149.222s] [ 84%] [32mBuilding C object CMakeFiles/open_manipulator_msgs__rosidl_generator_py.dir/rosidl_generator_py/open_manipulator_msgs/msg/_joint_position_s.c.o[0m
[149.492s] [ 85%] [32mBuilding C object CMakeFiles/open_manipulator_msgs__rosidl_generator_py.dir/rosidl_generator_py/open_manipulator_msgs/srv/_get_joint_position_s.c.o[0m
[149.945s] [ 86%] [32mBuilding C object CMakeFiles/open_manipulator_msgs__rosidl_generator_py.dir/rosidl_generator_py/open_manipulator_msgs/srv/_get_kinematics_pose_s.c.o[0m
[151.742s] [ 87%] [32mBuilding C object CMakeFiles/open_manipulator_msgs__rosidl_generator_py.dir/rosidl_generator_py/open_manipulator_msgs/srv/_set_joint_position_s.c.o[0m
[152.018s] [ 88%] [32mBuilding C object CMakeFiles/open_manipulator_msgs__rosidl_generator_py.dir/rosidl_generator_py/open_manipulator_msgs/srv/_set_kinematics_pose_s.c.o[0m
[152.274s] [ 89%] [32mBuilding C object CMakeFiles/open_manipulator_msgs__rosidl_generator_py.dir/rosidl_generator_py/open_manipulator_msgs/srv/_set_drawing_trajectory_s.c.o[0m
[152.543s] [ 90%] [32mBuilding C object CMakeFiles/open_manipulator_msgs__rosidl_generator_py.dir/rosidl_generator_py/open_manipulator_msgs/srv/_set_actuator_state_s.c.o[0m
[152.806s] [ 91%] [32mBuilding C object CMakeFiles/open_manipulator_msgs__rosidl_generator_py.dir/rosidl_generator_py/open_manipulator_msgs/msg/_open_manipulator_state_s.c.o[0m
[153.060s] [ 92%] [32mBuilding C object CMakeFiles/open_manipulator_msgs__rosidl_generator_py.dir/rosidl_generator_py/open_manipulator_msgs/msg/_kinematics_pose_s.c.o[0m
[153.650s] [ 93%] [32m[1mLinking C shared library rosidl_generator_py/open_manipulator_msgs/libopen_manipulator_msgs__rosidl_generator_py.so[0m
[154.106s] [ 93%] Built target open_manipulator_msgs__rosidl_generator_py
[154.296s] [ 94%] [32mBuilding C object CMakeFiles/open_manipulator_msgs__rosidl_typesupport_fastrtps_c__pyext.dir/rosidl_generator_py/open_manipulator_msgs/_open_manipulator_msgs_s.ep.rosidl_typesupport_fastrtps_c.c.o[0m
[155.394s] [ 95%] [32m[1mLinking C shared library rosidl_generator_py/open_manipulator_msgs/open_manipulator_msgs_s__rosidl_typesupport_fastrtps_c.cpython-310-x86_64-linux-gnu.so[0m
[155.504s] [ 95%] Built target open_manipulator_msgs__rosidl_typesupport_fastrtps_c__pyext
[155.555s] [ 96%] [32mBuilding C object CMakeFiles/open_manipulator_msgs__rosidl_typesupport_c__pyext.dir/rosidl_generator_py/open_manipulator_msgs/_open_manipulator_msgs_s.ep.rosidl_typesupport_c.c.o[0m
[155.988s] [ 97%] [32m[1mLinking C shared library rosidl_generator_py/open_manipulator_msgs/open_manipulator_msgs_s__rosidl_typesupport_c.cpython-310-x86_64-linux-gnu.so[0m
[156.093s] [ 97%] Built target open_manipulator_msgs__rosidl_typesupport_c__pyext
[156.135s] [ 98%] [32mBuilding C object CMakeFiles/open_manipulator_msgs__rosidl_typesupport_introspection_c__pyext.dir/rosidl_generator_py/open_manipulator_msgs/_open_manipulator_msgs_s.ep.rosidl_typesupport_introspection_c.c.o[0m
[156.489s] [100%] [32m[1mLinking C shared library rosidl_generator_py/open_manipulator_msgs/open_manipulator_msgs_s__rosidl_typesupport_introspection_c.cpython-310-x86_64-linux-gnu.so[0m
[156.588s] [100%] Built target open_manipulator_msgs__rosidl_typesupport_introspection_c__pyext
[156.623s] Invoked command in '/home/song/apps/robong/ros2/turtlebot3_ws/build/open_manipulator_msgs' returned '0': CMAKE_PREFIX_PATH=${CMAKE_PREFIX_PATH}:/home/song/apps/robong/ros2/workspace/install/calculator:/home/song/apps/robong/ros2/workspace/install/simple_ros:/home/song/apps/robong/ros2/workspace/install/ros2env:/home/song/apps/robong/ros2/workspace/install/ros2_aruco:/home/song/apps/robong/ros2/workspace/install/move_turtle:/home/song/apps/robong/ros2/workspace/install/SimplePkg:/home/song/apps/robong/ros2/workspace/install/Homework1018:/opt/ros/humble /usr/bin/cmake --build /home/song/apps/robong/ros2/turtlebot3_ws/build/open_manipulator_msgs -- -j4 -l4
[158.746s] Invoking command in '/home/song/apps/robong/ros2/turtlebot3_ws/build/open_manipulator_msgs': CMAKE_PREFIX_PATH=${CMAKE_PREFIX_PATH}:/home/song/apps/robong/ros2/workspace/install/calculator:/home/song/apps/robong/ros2/workspace/install/simple_ros:/home/song/apps/robong/ros2/workspace/install/ros2env:/home/song/apps/robong/ros2/workspace/install/ros2_aruco:/home/song/apps/robong/ros2/workspace/install/move_turtle:/home/song/apps/robong/ros2/workspace/install/SimplePkg:/home/song/apps/robong/ros2/workspace/install/Homework1018:/opt/ros/humble /usr/bin/cmake --install /home/song/apps/robong/ros2/turtlebot3_ws/build/open_manipulator_msgs
[158.771s] -- Install configuration: ""
[158.772s] -- Installing: /home/song/apps/robong/ros2/turtlebot3_ws/install/open_manipulator_msgs/share/ament_index/resource_index/rosidl_interfaces/open_manipulator_msgs
[158.772s] -- Installing: /home/song/apps/robong/ros2/turtlebot3_ws/install/open_manipulator_msgs/include/open_manipulator_msgs/open_manipulator_msgs
[158.772s] -- Installing: /home/song/apps/robong/ros2/turtlebot3_ws/install/open_manipulator_msgs/include/open_manipulator_msgs/open_manipulator_msgs/msg
[158.772s] -- Installing: /home/song/apps/robong/ros2/turtlebot3_ws/install/open_manipulator_msgs/include/open_manipulator_msgs/open_manipulator_msgs/msg/joint_position.h
[158.773s] -- Installing: /home/song/apps/robong/ros2/turtlebot3_ws/install/open_manipulator_msgs/include/open_manipulator_msgs/open_manipulator_msgs/msg/detail
[158.773s] -- Installing: /home/song/apps/robong/ros2/turtlebot3_ws/install/open_manipulator_msgs/include/open_manipulator_msgs/open_manipulator_msgs/msg/detail/open_manipulator_state__type_support.h
[158.773s] -- Installing: /home/song/apps/robong/ros2/turtlebot3_ws/install/open_manipulator_msgs/include/open_manipulator_msgs/open_manipulator_msgs/msg/detail/joint_position__type_support.h
[158.774s] -- Installing: /home/song/apps/robong/ros2/turtlebot3_ws/install/open_manipulator_msgs/include/open_manipulator_msgs/open_manipulator_msgs/msg/detail/kinematics_pose__type_support.h
[158.774s] -- Installing: /home/song/apps/robong/ros2/turtlebot3_ws/install/open_manipulator_msgs/include/open_manipulator_msgs/open_manipulator_msgs/msg/detail/open_manipulator_state__functions.h
[158.774s] -- Installing: /home/song/apps/robong/ros2/turtlebot3_ws/install/open_manipulator_msgs/include/open_manipulator_msgs/open_manipulator_msgs/msg/detail/joint_position__functions.h
[158.775s] -- Installing: /home/song/apps/robong/ros2/turtlebot3_ws/install/open_manipulator_msgs/include/open_manipulator_msgs/open_manipulator_msgs/msg/detail/open_manipulator_state__struct.h
[158.775s] -- Installing: /home/song/apps/robong/ros2/turtlebot3_ws/install/open_manipulator_msgs/include/open_manipulator_msgs/open_manipulator_msgs/msg/detail/kinematics_pose__functions.h
[158.775s] -- Installing: /home/song/apps/robong/ros2/turtlebot3_ws/install/open_manipulator_msgs/include/open_manipulator_msgs/open_manipulator_msgs/msg/detail/kinematics_pose__functions.c
[158.776s] -- Installing: /home/song/apps/robong/ros2/turtlebot3_ws/install/open_manipulator_msgs/include/open_manipulator_msgs/open_manipulator_msgs/msg/detail/joint_position__functions.c
[158.776s] -- Installing: /home/song/apps/robong/ros2/turtlebot3_ws/install/open_manipulator_msgs/include/open_manipulator_msgs/open_manipulator_msgs/msg/detail/open_manipulator_state__functions.c
[158.776s] -- Installing: /home/song/apps/robong/ros2/turtlebot3_ws/install/open_manipulator_msgs/include/open_manipulator_msgs/open_manipulator_msgs/msg/detail/kinematics_pose__struct.h
[158.777s] -- Installing: /home/song/apps/robong/ros2/turtlebot3_ws/install/open_manipulator_msgs/include/open_manipulator_msgs/open_manipulator_msgs/msg/detail/joint_position__struct.h
[158.777s] -- Installing: /home/song/apps/robong/ros2/turtlebot3_ws/install/open_manipulator_msgs/include/open_manipulator_msgs/open_manipulator_msgs/msg/open_manipulator_state.h
[158.777s] -- Installing: /home/song/apps/robong/ros2/turtlebot3_ws/install/open_manipulator_msgs/include/open_manipulator_msgs/open_manipulator_msgs/msg/rosidl_generator_c__visibility_control.h
[158.777s] -- Installing: /home/song/apps/robong/ros2/turtlebot3_ws/install/open_manipulator_msgs/include/open_manipulator_msgs/open_manipulator_msgs/msg/kinematics_pose.h
[158.778s] -- Installing: /home/song/apps/robong/ros2/turtlebot3_ws/install/open_manipulator_msgs/include/open_manipulator_msgs/open_manipulator_msgs/srv
[158.778s] -- Installing: /home/song/apps/robong/ros2/turtlebot3_ws/install/open_manipulator_msgs/include/open_manipulator_msgs/open_manipulator_msgs/srv/detail
[158.778s] -- Installing: /home/song/apps/robong/ros2/turtlebot3_ws/install/open_manipulator_msgs/include/open_manipulator_msgs/open_manipulator_msgs/srv/detail/get_joint_position__functions.c
[158.779s] -- Installing: /home/song/apps/robong/ros2/turtlebot3_ws/install/open_manipulator_msgs/include/open_manipulator_msgs/open_manipulator_msgs/srv/detail/set_kinematics_pose__functions.c
[158.779s] -- Installing: /home/song/apps/robong/ros2/turtlebot3_ws/install/open_manipulator_msgs/include/open_manipulator_msgs/open_manipulator_msgs/srv/detail/set_joint_position__functions.h
[158.779s] -- Installing: /home/song/apps/robong/ros2/turtlebot3_ws/install/open_manipulator_msgs/include/open_manipulator_msgs/open_manipulator_msgs/srv/detail/get_kinematics_pose__struct.h
[158.780s] -- Installing: /home/song/apps/robong/ros2/turtlebot3_ws/install/open_manipulator_msgs/include/open_manipulator_msgs/open_manipulator_msgs/srv/detail/set_kinematics_pose__struct.h
[158.780s] -- Installing: /home/song/apps/robong/ros2/turtlebot3_ws/install/open_manipulator_msgs/include/open_manipulator_msgs/open_manipulator_msgs/srv/detail/set_drawing_trajectory__functions.c
[158.780s] -- Installing: /home/song/apps/robong/ros2/turtlebot3_ws/install/open_manipulator_msgs/include/open_manipulator_msgs/open_manipulator_msgs/srv/detail/get_joint_position__functions.h
[158.781s] -- Installing: /home/song/apps/robong/ros2/turtlebot3_ws/install/open_manipulator_msgs/include/open_manipulator_msgs/open_manipulator_msgs/srv/detail/set_drawing_trajectory__type_support.h
[158.781s] -- Installing: /home/song/apps/robong/ros2/turtlebot3_ws/install/open_manipulator_msgs/include/open_manipulator_msgs/open_manipulator_msgs/srv/detail/get_kinematics_pose__functions.c
[158.781s] -- Installing: /home/song/apps/robong/ros2/turtlebot3_ws/install/open_manipulator_msgs/include/open_manipulator_msgs/open_manipulator_msgs/srv/detail/get_joint_position__type_support.h
[158.782s] -- Installing: /home/song/apps/robong/ros2/turtlebot3_ws/install/open_manipulator_msgs/include/open_manipulator_msgs/open_manipulator_msgs/srv/detail/set_actuator_state__functions.h
[158.782s] -- Installing: /home/song/apps/robong/ros2/turtlebot3_ws/install/open_manipulator_msgs/include/open_manipulator_msgs/open_manipulator_msgs/srv/detail/set_actuator_state__struct.h
[158.782s] -- Installing: /home/song/apps/robong/ros2/turtlebot3_ws/install/open_manipulator_msgs/include/open_manipulator_msgs/open_manipulator_msgs/srv/detail/set_kinematics_pose__functions.h
[158.783s] -- Installing: /home/song/apps/robong/ros2/turtlebot3_ws/install/open_manipulator_msgs/include/open_manipulator_msgs/open_manipulator_msgs/srv/detail/get_joint_position__struct.h
[158.783s] -- Installing: /home/song/apps/robong/ros2/turtlebot3_ws/install/open_manipulator_msgs/include/open_manipulator_msgs/open_manipulator_msgs/srv/detail/set_joint_position__type_support.h
[158.783s] -- Installing: /home/song/apps/robong/ros2/turtlebot3_ws/install/open_manipulator_msgs/include/open_manipulator_msgs/open_manipulator_msgs/srv/detail/get_kinematics_pose__functions.h
[158.784s] -- Installing: /home/song/apps/robong/ros2/turtlebot3_ws/install/open_manipulator_msgs/include/open_manipulator_msgs/open_manipulator_msgs/srv/detail/set_actuator_state__functions.c
[158.784s] -- Installing: /home/song/apps/robong/ros2/turtlebot3_ws/install/open_manipulator_msgs/include/open_manipulator_msgs/open_manipulator_msgs/srv/detail/set_actuator_state__type_support.h
[158.784s] -- Installing: /home/song/apps/robong/ros2/turtlebot3_ws/install/open_manipulator_msgs/include/open_manipulator_msgs/open_manipulator_msgs/srv/detail/set_kinematics_pose__type_support.h
[158.785s] -- Installing: /home/song/apps/robong/ros2/turtlebot3_ws/install/open_manipulator_msgs/include/open_manipulator_msgs/open_manipulator_msgs/srv/detail/set_drawing_trajectory__functions.h
[158.785s] -- Installing: /home/song/apps/robong/ros2/turtlebot3_ws/install/open_manipulator_msgs/include/open_manipulator_msgs/open_manipulator_msgs/srv/detail/set_drawing_trajectory__struct.h
[158.785s] -- Installing: /home/song/apps/robong/ros2/turtlebot3_ws/install/open_manipulator_msgs/include/open_manipulator_msgs/open_manipulator_msgs/srv/detail/get_kinematics_pose__type_support.h
[158.786s] -- Installing: /home/song/apps/robong/ros2/turtlebot3_ws/install/open_manipulator_msgs/include/open_manipulator_msgs/open_manipulator_msgs/srv/detail/set_joint_position__functions.c
[158.786s] -- Installing: /home/song/apps/robong/ros2/turtlebot3_ws/install/open_manipulator_msgs/include/open_manipulator_msgs/open_manipulator_msgs/srv/detail/set_joint_position__struct.h
[158.786s] -- Installing: /home/song/apps/robong/ros2/turtlebot3_ws/install/open_manipulator_msgs/include/open_manipulator_msgs/open_manipulator_msgs/srv/get_joint_position.h
[158.786s] -- Installing: /home/song/apps/robong/ros2/turtlebot3_ws/install/open_manipulator_msgs/include/open_manipulator_msgs/open_manipulator_msgs/srv/set_drawing_trajectory.h
[158.787s] -- Installing: /home/song/apps/robong/ros2/turtlebot3_ws/install/open_manipulator_msgs/include/open_manipulator_msgs/open_manipulator_msgs/srv/set_joint_position.h
[158.788s] -- Installing: /home/song/apps/robong/ros2/turtlebot3_ws/install/open_manipulator_msgs/include/open_manipulator_msgs/open_manipulator_msgs/srv/set_kinematics_pose.h
[158.789s] -- Installing: /home/song/apps/robong/ros2/turtlebot3_ws/install/open_manipulator_msgs/include/open_manipulator_msgs/open_manipulator_msgs/srv/get_kinematics_pose.h
[158.789s] -- Installing: /home/song/apps/robong/ros2/turtlebot3_ws/install/open_manipulator_msgs/include/open_manipulator_msgs/open_manipulator_msgs/srv/set_actuator_state.h
[158.790s] -- Installing: /home/song/apps/robong/ros2/turtlebot3_ws/install/open_manipulator_msgs/share/open_manipulator_msgs/environment/library_path.sh
[158.791s] -- Installing: /home/song/apps/robong/ros2/turtlebot3_ws/install/open_manipulator_msgs/share/open_manipulator_msgs/environment/library_path.dsv
[158.791s] -- Installing: /home/song/apps/robong/ros2/turtlebot3_ws/install/open_manipulator_msgs/lib/libopen_manipulator_msgs__rosidl_generator_c.so
[158.793s] -- Set runtime path of "/home/song/apps/robong/ros2/turtlebot3_ws/install/open_manipulator_msgs/lib/libopen_manipulator_msgs__rosidl_generator_c.so" to ""
[158.793s] -- Up-to-date: /home/song/apps/robong/ros2/turtlebot3_ws/install/open_manipulator_msgs/include/open_manipulator_msgs/open_manipulator_msgs
[158.794s] -- Up-to-date: /home/song/apps/robong/ros2/turtlebot3_ws/install/open_manipulator_msgs/include/open_manipulator_msgs/open_manipulator_msgs/msg
[158.795s] -- Up-to-date: /home/song/apps/robong/ros2/turtlebot3_ws/install/open_manipulator_msgs/include/open_manipulator_msgs/open_manipulator_msgs/msg/detail
[158.796s] -- Installing: /home/song/apps/robong/ros2/turtlebot3_ws/install/open_manipulator_msgs/include/open_manipulator_msgs/open_manipulator_msgs/msg/detail/open_manipulator_state__rosidl_typesupport_fastrtps_c.h
[158.797s] -- Installing: /home/song/apps/robong/ros2/turtlebot3_ws/install/open_manipulator_msgs/include/open_manipulator_msgs/open_manipulator_msgs/msg/detail/kinematics_pose__rosidl_typesupport_fastrtps_c.h
[158.798s] -- Installing: /home/song/apps/robong/ros2/turtlebot3_ws/install/open_manipulator_msgs/include/open_manipulator_msgs/open_manipulator_msgs/msg/detail/joint_position__rosidl_typesupport_fastrtps_c.h
[158.798s] -- Installing: /home/song/apps/robong/ros2/turtlebot3_ws/install/open_manipulator_msgs/include/open_manipulator_msgs/open_manipulator_msgs/msg/rosidl_typesupport_fastrtps_c__visibility_control.h
[158.799s] -- Up-to-date: /home/song/apps/robong/ros2/turtlebot3_ws/install/open_manipulator_msgs/include/open_manipulator_msgs/open_manipulator_msgs/srv
[158.800s] -- Up-to-date: /home/song/apps/robong/ros2/turtlebot3_ws/install/open_manipulator_msgs/include/open_manipulator_msgs/open_manipulator_msgs/srv/detail
[158.801s] -- Installing: /home/song/apps/robong/ros2/turtlebot3_ws/install/open_manipulator_msgs/include/open_manipulator_msgs/open_manipulator_msgs/srv/detail/set_actuator_state__rosidl_typesupport_fastrtps_c.h
[158.801s] -- Installing: /home/song/apps/robong/ros2/turtlebot3_ws/install/open_manipulator_msgs/include/open_manipulator_msgs/open_manipulator_msgs/srv/detail/get_kinematics_pose__rosidl_typesupport_fastrtps_c.h
[158.801s] -- Installing: /home/song/apps/robong/ros2/turtlebot3_ws/install/open_manipulator_msgs/include/open_manipulator_msgs/open_manipulator_msgs/srv/detail/get_joint_position__rosidl_typesupport_fastrtps_c.h
[158.801s] -- Installing: /home/song/apps/robong/ros2/turtlebot3_ws/install/open_manipulator_msgs/include/open_manipulator_msgs/open_manipulator_msgs/srv/detail/set_kinematics_pose__rosidl_typesupport_fastrtps_c.h
[158.802s] -- Installing: /home/song/apps/robong/ros2/turtlebot3_ws/install/open_manipulator_msgs/include/open_manipulator_msgs/open_manipulator_msgs/srv/detail/set_drawing_trajectory__rosidl_typesupport_fastrtps_c.h
[158.802s] -- Installing: /home/song/apps/robong/ros2/turtlebot3_ws/install/open_manipulator_msgs/include/open_manipulator_msgs/open_manipulator_msgs/srv/detail/set_joint_position__rosidl_typesupport_fastrtps_c.h
[158.802s] -- Installing: /home/song/apps/robong/ros2/turtlebot3_ws/install/open_manipulator_msgs/lib/libopen_manipulator_msgs__rosidl_typesupport_fastrtps_c.so
[158.802s] -- Set runtime path of "/home/song/apps/robong/ros2/turtlebot3_ws/install/open_manipulator_msgs/lib/libopen_manipulator_msgs__rosidl_typesupport_fastrtps_c.so" to ""
[158.806s] -- Up-to-date: /home/song/apps/robong/ros2/turtlebot3_ws/install/open_manipulator_msgs/include/open_manipulator_msgs/open_manipulator_msgs
[158.806s] -- Up-to-date: /home/song/apps/robong/ros2/turtlebot3_ws/install/open_manipulator_msgs/include/open_manipulator_msgs/open_manipulator_msgs/msg
[158.807s] -- Up-to-date: /home/song/apps/robong/ros2/turtlebot3_ws/install/open_manipulator_msgs/include/open_manipulator_msgs/open_manipulator_msgs/msg/detail
[158.808s] -- Installing: /home/song/apps/robong/ros2/turtlebot3_ws/install/open_manipulator_msgs/include/open_manipulator_msgs/open_manipulator_msgs/msg/detail/joint_position__builder.hpp
[158.809s] -- Installing: /home/song/apps/robong/ros2/turtlebot3_ws/install/open_manipulator_msgs/include/open_manipulator_msgs/open_manipulator_msgs/msg/detail/kinematics_pose__builder.hpp
[158.810s] -- Installing: /home/song/apps/robong/ros2/turtlebot3_ws/install/open_manipulator_msgs/include/open_manipulator_msgs/open_manipulator_msgs/msg/detail/open_manipulator_state__traits.hpp
[158.810s] -- Installing: /home/song/apps/robong/ros2/turtlebot3_ws/install/open_manipulator_msgs/include/open_manipulator_msgs/open_manipulator_msgs/msg/detail/kinematics_pose__traits.hpp
[158.811s] -- Installing: /home/song/apps/robong/ros2/turtlebot3_ws/install/open_manipulator_msgs/include/open_manipulator_msgs/open_manipulator_msgs/msg/detail/kinematics_pose__struct.hpp
[158.812s] -- Installing: /home/song/apps/robong/ros2/turtlebot3_ws/install/open_manipulator_msgs/include/open_manipulator_msgs/open_manipulator_msgs/msg/detail/open_manipulator_state__struct.hpp
[158.812s] -- Installing: /home/song/apps/robong/ros2/turtlebot3_ws/install/open_manipulator_msgs/include/open_manipulator_msgs/open_manipulator_msgs/msg/detail/joint_position__traits.hpp
[158.813s] -- Installing: /home/song/apps/robong/ros2/turtlebot3_ws/install/open_manipulator_msgs/include/open_manipulator_msgs/open_manipulator_msgs/msg/detail/open_manipulator_state__builder.hpp
[158.814s] -- Installing: /home/song/apps/robong/ros2/turtlebot3_ws/install/open_manipulator_msgs/include/open_manipulator_msgs/open_manipulator_msgs/msg/detail/joint_position__struct.hpp
[158.815s] -- Installing: /home/song/apps/robong/ros2/turtlebot3_ws/install/open_manipulator_msgs/include/open_manipulator_msgs/open_manipulator_msgs/msg/open_manipulator_state.hpp
[158.815s] -- Installing: /home/song/apps/robong/ros2/turtlebot3_ws/install/open_manipulator_msgs/include/open_manipulator_msgs/open_manipulator_msgs/msg/joint_position.hpp
[158.817s] -- Installing: /home/song/apps/robong/ros2/turtlebot3_ws/install/open_manipulator_msgs/include/open_manipulator_msgs/open_manipulator_msgs/msg/kinematics_pose.hpp
[158.818s] -- Up-to-date: /home/song/apps/robong/ros2/turtlebot3_ws/install/open_manipulator_msgs/include/open_manipulator_msgs/open_manipulator_msgs/srv
[158.818s] -- Installing: /home/song/apps/robong/ros2/turtlebot3_ws/install/open_manipulator_msgs/include/open_manipulator_msgs/open_manipulator_msgs/srv/set_kinematics_pose.hpp
[158.818s] -- Installing: /home/song/apps/robong/ros2/turtlebot3_ws/install/open_manipulator_msgs/include/open_manipulator_msgs/open_manipulator_msgs/srv/set_drawing_trajectory.hpp
[158.821s] -- Up-to-date: /home/song/apps/robong/ros2/turtlebot3_ws/install/open_manipulator_msgs/include/open_manipulator_msgs/open_manipulator_msgs/srv/detail
[158.823s] -- Installing: /home/song/apps/robong/ros2/turtlebot3_ws/install/open_manipulator_msgs/include/open_manipulator_msgs/open_manipulator_msgs/srv/detail/set_actuator_state__traits.hpp
[158.824s] -- Installing: /home/song/apps/robong/ros2/turtlebot3_ws/install/open_manipulator_msgs/include/open_manipulator_msgs/open_manipulator_msgs/srv/detail/set_joint_position__traits.hpp
[158.825s] -- Installing: /home/song/apps/robong/ros2/turtlebot3_ws/install/open_manipulator_msgs/include/open_manipulator_msgs/open_manipulator_msgs/srv/detail/set_drawing_trajectory__struct.hpp
[158.827s] -- Installing: /home/song/apps/robong/ros2/turtlebot3_ws/install/open_manipulator_msgs/include/open_manipulator_msgs/open_manipulator_msgs/srv/detail/set_actuator_state__struct.hpp
[158.827s] -- Installing: /home/song/apps/robong/ros2/turtlebot3_ws/install/open_manipulator_msgs/include/open_manipulator_msgs/open_manipulator_msgs/srv/detail/get_kinematics_pose__traits.hpp
[158.827s] -- Installing: /home/song/apps/robong/ros2/turtlebot3_ws/install/open_manipulator_msgs/include/open_manipulator_msgs/open_manipulator_msgs/srv/detail/set_joint_position__builder.hpp
[158.827s] -- Installing: /home/song/apps/robong/ros2/turtlebot3_ws/install/open_manipulator_msgs/include/open_manipulator_msgs/open_manipulator_msgs/srv/detail/get_kinematics_pose__builder.hpp
[158.828s] -- Installing: /home/song/apps/robong/ros2/turtlebot3_ws/install/open_manipulator_msgs/include/open_manipulator_msgs/open_manipulator_msgs/srv/detail/set_kinematics_pose__builder.hpp
[158.828s] -- Installing: /home/song/apps/robong/ros2/turtlebot3_ws/install/open_manipulator_msgs/include/open_manipulator_msgs/open_manipulator_msgs/srv/detail/set_drawing_trajectory__traits.hpp
[158.828s] -- Installing: /home/song/apps/robong/ros2/turtlebot3_ws/install/open_manipulator_msgs/include/open_manipulator_msgs/open_manipulator_msgs/srv/detail/set_actuator_state__builder.hpp
[158.831s] -- Installing: /home/song/apps/robong/ros2/turtlebot3_ws/install/open_manipulator_msgs/include/open_manipulator_msgs/open_manipulator_msgs/srv/detail/set_kinematics_pose__traits.hpp
[158.831s] -- Installing: /home/song/apps/robong/ros2/turtlebot3_ws/install/open_manipulator_msgs/include/open_manipulator_msgs/open_manipulator_msgs/srv/detail/get_kinematics_pose__struct.hpp
[158.831s] -- Installing: /home/song/apps/robong/ros2/turtlebot3_ws/install/open_manipulator_msgs/include/open_manipulator_msgs/open_manipulator_msgs/srv/detail/get_joint_position__struct.hpp
[158.832s] -- Installing: /home/song/apps/robong/ros2/turtlebot3_ws/install/open_manipulator_msgs/include/open_manipulator_msgs/open_manipulator_msgs/srv/detail/set_joint_position__struct.hpp
[158.832s] -- Installing: /home/song/apps/robong/ros2/turtlebot3_ws/install/open_manipulator_msgs/include/open_manipulator_msgs/open_manipulator_msgs/srv/detail/set_kinematics_pose__struct.hpp
[158.832s] -- Installing: /home/song/apps/robong/ros2/turtlebot3_ws/install/open_manipulator_msgs/include/open_manipulator_msgs/open_manipulator_msgs/srv/detail/get_joint_position__builder.hpp
[158.835s] -- Installing: /home/song/apps/robong/ros2/turtlebot3_ws/install/open_manipulator_msgs/include/open_manipulator_msgs/open_manipulator_msgs/srv/detail/get_joint_position__traits.hpp
[158.835s] -- Installing: /home/song/apps/robong/ros2/turtlebot3_ws/install/open_manipulator_msgs/include/open_manipulator_msgs/open_manipulator_msgs/srv/detail/set_drawing_trajectory__builder.hpp
[158.838s] -- Installing: /home/song/apps/robong/ros2/turtlebot3_ws/install/open_manipulator_msgs/include/open_manipulator_msgs/open_manipulator_msgs/srv/set_joint_position.hpp
[158.840s] -- Installing: /home/song/apps/robong/ros2/turtlebot3_ws/install/open_manipulator_msgs/include/open_manipulator_msgs/open_manipulator_msgs/srv/set_actuator_state.hpp
[158.841s] -- Installing: /home/song/apps/robong/ros2/turtlebot3_ws/install/open_manipulator_msgs/include/open_manipulator_msgs/open_manipulator_msgs/srv/get_kinematics_pose.hpp
[158.843s] -- Installing: /home/song/apps/robong/ros2/turtlebot3_ws/install/open_manipulator_msgs/include/open_manipulator_msgs/open_manipulator_msgs/srv/get_joint_position.hpp
[158.843s] -- Up-to-date: /home/song/apps/robong/ros2/turtlebot3_ws/install/open_manipulator_msgs/include/open_manipulator_msgs/open_manipulator_msgs
[158.844s] -- Up-to-date: /home/song/apps/robong/ros2/turtlebot3_ws/install/open_manipulator_msgs/include/open_manipulator_msgs/open_manipulator_msgs/msg
[158.844s] -- Up-to-date: /home/song/apps/robong/ros2/turtlebot3_ws/install/open_manipulator_msgs/include/open_manipulator_msgs/open_manipulator_msgs/msg/detail
[158.844s] -- Installing: /home/song/apps/robong/ros2/turtlebot3_ws/install/open_manipulator_msgs/include/open_manipulator_msgs/open_manipulator_msgs/msg/detail/dds_fastrtps
[158.845s] -- Installing: /home/song/apps/robong/ros2/turtlebot3_ws/install/open_manipulator_msgs/include/open_manipulator_msgs/open_manipulator_msgs/msg/detail/joint_position__rosidl_typesupport_fastrtps_cpp.hpp
[158.846s] -- Installing: /home/song/apps/robong/ros2/turtlebot3_ws/install/open_manipulator_msgs/include/open_manipulator_msgs/open_manipulator_msgs/msg/detail/kinematics_pose__rosidl_typesupport_fastrtps_cpp.hpp
[158.846s] -- Installing: /home/song/apps/robong/ros2/turtlebot3_ws/install/open_manipulator_msgs/include/open_manipulator_msgs/open_manipulator_msgs/msg/detail/open_manipulator_state__rosidl_typesupport_fastrtps_cpp.hpp
[158.847s] -- Installing: /home/song/apps/robong/ros2/turtlebot3_ws/install/open_manipulator_msgs/include/open_manipulator_msgs/open_manipulator_msgs/msg/rosidl_typesupport_fastrtps_cpp__visibility_control.h
[158.848s] -- Up-to-date: /home/song/apps/robong/ros2/turtlebot3_ws/install/open_manipulator_msgs/include/open_manipulator_msgs/open_manipulator_msgs/srv
[158.848s] -- Up-to-date: /home/song/apps/robong/ros2/turtlebot3_ws/install/open_manipulator_msgs/include/open_manipulator_msgs/open_manipulator_msgs/srv/detail
[158.849s] -- Installing: /home/song/apps/robong/ros2/turtlebot3_ws/install/open_manipulator_msgs/include/open_manipulator_msgs/open_manipulator_msgs/srv/detail/set_actuator_state__rosidl_typesupport_fastrtps_cpp.hpp
[158.850s] -- Installing: /home/song/apps/robong/ros2/turtlebot3_ws/install/open_manipulator_msgs/include/open_manipulator_msgs/open_manipulator_msgs/srv/detail/dds_fastrtps
[158.851s] -- Installing: /home/song/apps/robong/ros2/turtlebot3_ws/install/open_manipulator_msgs/include/open_manipulator_msgs/open_manipulator_msgs/srv/detail/get_joint_position__rosidl_typesupport_fastrtps_cpp.hpp
[158.852s] -- Installing: /home/song/apps/robong/ros2/turtlebot3_ws/install/open_manipulator_msgs/include/open_manipulator_msgs/open_manipulator_msgs/srv/detail/set_joint_position__rosidl_typesupport_fastrtps_cpp.hpp
[158.855s] -- Installing: /home/song/apps/robong/ros2/turtlebot3_ws/install/open_manipulator_msgs/include/open_manipulator_msgs/open_manipulator_msgs/srv/detail/get_kinematics_pose__rosidl_typesupport_fastrtps_cpp.hpp
[158.856s] -- Installing: /home/song/apps/robong/ros2/turtlebot3_ws/install/open_manipulator_msgs/include/open_manipulator_msgs/open_manipulator_msgs/srv/detail/set_kinematics_pose__rosidl_typesupport_fastrtps_cpp.hpp
[158.857s] -- Installing: /home/song/apps/robong/ros2/turtlebot3_ws/install/open_manipulator_msgs/include/open_manipulator_msgs/open_manipulator_msgs/srv/detail/set_drawing_trajectory__rosidl_typesupport_fastrtps_cpp.hpp
[158.858s] -- Installing: /home/song/apps/robong/ros2/turtlebot3_ws/install/open_manipulator_msgs/lib/libopen_manipulator_msgs__rosidl_typesupport_fastrtps_cpp.so
[158.858s] -- Set runtime path of "/home/song/apps/robong/ros2/turtlebot3_ws/install/open_manipulator_msgs/lib/libopen_manipulator_msgs__rosidl_typesupport_fastrtps_cpp.so" to ""
[158.858s] -- Up-to-date: /home/song/apps/robong/ros2/turtlebot3_ws/install/open_manipulator_msgs/include/open_manipulator_msgs/open_manipulator_msgs
[158.858s] -- Up-to-date: /home/song/apps/robong/ros2/turtlebot3_ws/install/open_manipulator_msgs/include/open_manipulator_msgs/open_manipulator_msgs/msg
[158.861s] -- Up-to-date: /home/song/apps/robong/ros2/turtlebot3_ws/install/open_manipulator_msgs/include/open_manipulator_msgs/open_manipulator_msgs/msg/detail
[158.862s] -- Installing: /home/song/apps/robong/ros2/turtlebot3_ws/install/open_manipulator_msgs/include/open_manipulator_msgs/open_manipulator_msgs/msg/detail/joint_position__type_support.c
[158.864s] -- Installing: /home/song/apps/robong/ros2/turtlebot3_ws/install/open_manipulator_msgs/include/open_manipulator_msgs/open_manipulator_msgs/msg/detail/joint_position__rosidl_typesupport_introspection_c.h
[158.865s] -- Installing: /home/song/apps/robong/ros2/turtlebot3_ws/install/open_manipulator_msgs/include/open_manipulator_msgs/open_manipulator_msgs/msg/detail/open_manipulator_state__type_support.c
[158.865s] -- Installing: /home/song/apps/robong/ros2/turtlebot3_ws/install/open_manipulator_msgs/include/open_manipulator_msgs/open_manipulator_msgs/msg/detail/kinematics_pose__rosidl_typesupport_introspection_c.h
[158.865s] -- Installing: /home/song/apps/robong/ros2/turtlebot3_ws/install/open_manipulator_msgs/include/open_manipulator_msgs/open_manipulator_msgs/msg/detail/open_manipulator_state__rosidl_typesupport_introspection_c.h
[158.866s] -- Installing: /home/song/apps/robong/ros2/turtlebot3_ws/install/open_manipulator_msgs/include/open_manipulator_msgs/open_manipulator_msgs/msg/detail/kinematics_pose__type_support.c
[158.866s] -- Installing: /home/song/apps/robong/ros2/turtlebot3_ws/install/open_manipulator_msgs/include/open_manipulator_msgs/open_manipulator_msgs/msg/rosidl_typesupport_introspection_c__visibility_control.h
[158.866s] -- Up-to-date: /home/song/apps/robong/ros2/turtlebot3_ws/install/open_manipulator_msgs/include/open_manipulator_msgs/open_manipulator_msgs/srv
[158.866s] -- Up-to-date: /home/song/apps/robong/ros2/turtlebot3_ws/install/open_manipulator_msgs/include/open_manipulator_msgs/open_manipulator_msgs/srv/detail
[158.867s] -- Installing: /home/song/apps/robong/ros2/turtlebot3_ws/install/open_manipulator_msgs/include/open_manipulator_msgs/open_manipulator_msgs/srv/detail/get_joint_position__rosidl_typesupport_introspection_c.h
[158.867s] -- Installing: /home/song/apps/robong/ros2/turtlebot3_ws/install/open_manipulator_msgs/include/open_manipulator_msgs/open_manipulator_msgs/srv/detail/set_actuator_state__rosidl_typesupport_introspection_c.h
[158.868s] -- Installing: /home/song/apps/robong/ros2/turtlebot3_ws/install/open_manipulator_msgs/include/open_manipulator_msgs/open_manipulator_msgs/srv/detail/set_drawing_trajectory__type_support.c
[158.868s] -- Installing: /home/song/apps/robong/ros2/turtlebot3_ws/install/open_manipulator_msgs/include/open_manipulator_msgs/open_manipulator_msgs/srv/detail/set_actuator_state__type_support.c
[158.868s] -- Installing: /home/song/apps/robong/ros2/turtlebot3_ws/install/open_manipulator_msgs/include/open_manipulator_msgs/open_manipulator_msgs/srv/detail/set_kinematics_pose__type_support.c
[158.868s] -- Installing: /home/song/apps/robong/ros2/turtlebot3_ws/install/open_manipulator_msgs/include/open_manipulator_msgs/open_manipulator_msgs/srv/detail/set_drawing_trajectory__rosidl_typesupport_introspection_c.h
[158.869s] -- Installing: /home/song/apps/robong/ros2/turtlebot3_ws/install/open_manipulator_msgs/include/open_manipulator_msgs/open_manipulator_msgs/srv/detail/set_joint_position__type_support.c
[158.869s] -- Installing: /home/song/apps/robong/ros2/turtlebot3_ws/install/open_manipulator_msgs/include/open_manipulator_msgs/open_manipulator_msgs/srv/detail/set_kinematics_pose__rosidl_typesupport_introspection_c.h
[158.869s] -- Installing: /home/song/apps/robong/ros2/turtlebot3_ws/install/open_manipulator_msgs/include/open_manipulator_msgs/open_manipulator_msgs/srv/detail/get_kinematics_pose__type_support.c
[158.869s] -- Installing: /home/song/apps/robong/ros2/turtlebot3_ws/install/open_manipulator_msgs/include/open_manipulator_msgs/open_manipulator_msgs/srv/detail/get_kinematics_pose__rosidl_typesupport_introspection_c.h
[158.870s] -- Installing: /home/song/apps/robong/ros2/turtlebot3_ws/install/open_manipulator_msgs/include/open_manipulator_msgs/open_manipulator_msgs/srv/detail/set_joint_position__rosidl_typesupport_introspection_c.h
[158.870s] -- Installing: /home/song/apps/robong/ros2/turtlebot3_ws/install/open_manipulator_msgs/include/open_manipulator_msgs/open_manipulator_msgs/srv/detail/get_joint_position__type_support.c
[158.870s] -- Installing: /home/song/apps/robong/ros2/turtlebot3_ws/install/open_manipulator_msgs/lib/libopen_manipulator_msgs__rosidl_typesupport_introspection_c.so
[158.871s] -- Set runtime path of "/home/song/apps/robong/ros2/turtlebot3_ws/install/open_manipulator_msgs/lib/libopen_manipulator_msgs__rosidl_typesupport_introspection_c.so" to ""
[158.871s] -- Installing: /home/song/apps/robong/ros2/turtlebot3_ws/install/open_manipulator_msgs/lib/libopen_manipulator_msgs__rosidl_typesupport_c.so
[158.871s] -- Set runtime path of "/home/song/apps/robong/ros2/turtlebot3_ws/install/open_manipulator_msgs/lib/libopen_manipulator_msgs__rosidl_typesupport_c.so" to ""
[158.872s] -- Up-to-date: /home/song/apps/robong/ros2/turtlebot3_ws/install/open_manipulator_msgs/include/open_manipulator_msgs/open_manipulator_msgs
[158.872s] -- Up-to-date: /home/song/apps/robong/ros2/turtlebot3_ws/install/open_manipulator_msgs/include/open_manipulator_msgs/open_manipulator_msgs/msg
[158.872s] -- Up-to-date: /home/song/apps/robong/ros2/turtlebot3_ws/install/open_manipulator_msgs/include/open_manipulator_msgs/open_manipulator_msgs/msg/detail
[158.872s] -- Installing: /home/song/apps/robong/ros2/turtlebot3_ws/install/open_manipulator_msgs/include/open_manipulator_msgs/open_manipulator_msgs/msg/detail/joint_position__type_support.cpp
[158.873s] -- Installing: /home/song/apps/robong/ros2/turtlebot3_ws/install/open_manipulator_msgs/include/open_manipulator_msgs/open_manipulator_msgs/msg/detail/joint_position__rosidl_typesupport_introspection_cpp.hpp
[158.873s] -- Installing: /home/song/apps/robong/ros2/turtlebot3_ws/install/open_manipulator_msgs/include/open_manipulator_msgs/open_manipulator_msgs/msg/detail/kinematics_pose__type_support.cpp
[158.873s] -- Installing: /home/song/apps/robong/ros2/turtlebot3_ws/install/open_manipulator_msgs/include/open_manipulator_msgs/open_manipulator_msgs/msg/detail/kinematics_pose__rosidl_typesupport_introspection_cpp.hpp
[158.874s] -- Installing: /home/song/apps/robong/ros2/turtlebot3_ws/install/open_manipulator_msgs/include/open_manipulator_msgs/open_manipulator_msgs/msg/detail/open_manipulator_state__type_support.cpp
[158.874s] -- Installing: /home/song/apps/robong/ros2/turtlebot3_ws/install/open_manipulator_msgs/include/open_manipulator_msgs/open_manipulator_msgs/msg/detail/open_manipulator_state__rosidl_typesupport_introspection_cpp.hpp
[158.874s] -- Up-to-date: /home/song/apps/robong/ros2/turtlebot3_ws/install/open_manipulator_msgs/include/open_manipulator_msgs/open_manipulator_msgs/srv
[158.874s] -- Up-to-date: /home/song/apps/robong/ros2/turtlebot3_ws/install/open_manipulator_msgs/include/open_manipulator_msgs/open_manipulator_msgs/srv/detail
[158.875s] -- Installing: /home/song/apps/robong/ros2/turtlebot3_ws/install/open_manipulator_msgs/include/open_manipulator_msgs/open_manipulator_msgs/srv/detail/set_drawing_trajectory__rosidl_typesupport_introspection_cpp.hpp
[158.875s] -- Installing: /home/song/apps/robong/ros2/turtlebot3_ws/install/open_manipulator_msgs/include/open_manipulator_msgs/open_manipulator_msgs/srv/detail/set_kinematics_pose__rosidl_typesupport_introspection_cpp.hpp
[158.875s] -- Installing: /home/song/apps/robong/ros2/turtlebot3_ws/install/open_manipulator_msgs/include/open_manipulator_msgs/open_manipulator_msgs/srv/detail/set_actuator_state__type_support.cpp
[158.875s] -- Installing: /home/song/apps/robong/ros2/turtlebot3_ws/install/open_manipulator_msgs/include/open_manipulator_msgs/open_manipulator_msgs/srv/detail/set_kinematics_pose__type_support.cpp
[158.875s] -- Installing: /home/song/apps/robong/ros2/turtlebot3_ws/install/open_manipulator_msgs/include/open_manipulator_msgs/open_manipulator_msgs/srv/detail/set_joint_position__rosidl_typesupport_introspection_cpp.hpp
[158.876s] -- Installing: /home/song/apps/robong/ros2/turtlebot3_ws/install/open_manipulator_msgs/include/open_manipulator_msgs/open_manipulator_msgs/srv/detail/get_joint_position__type_support.cpp
[158.876s] -- Installing: /home/song/apps/robong/ros2/turtlebot3_ws/install/open_manipulator_msgs/include/open_manipulator_msgs/open_manipulator_msgs/srv/detail/get_kinematics_pose__rosidl_typesupport_introspection_cpp.hpp
[158.876s] -- Installing: /home/song/apps/robong/ros2/turtlebot3_ws/install/open_manipulator_msgs/include/open_manipulator_msgs/open_manipulator_msgs/srv/detail/set_drawing_trajectory__type_support.cpp
[158.877s] -- Installing: /home/song/apps/robong/ros2/turtlebot3_ws/install/open_manipulator_msgs/include/open_manipulator_msgs/open_manipulator_msgs/srv/detail/set_joint_position__type_support.cpp
[158.877s] -- Installing: /home/song/apps/robong/ros2/turtlebot3_ws/install/open_manipulator_msgs/include/open_manipulator_msgs/open_manipulator_msgs/srv/detail/get_joint_position__rosidl_typesupport_introspection_cpp.hpp
[158.877s] -- Installing: /home/song/apps/robong/ros2/turtlebot3_ws/install/open_manipulator_msgs/include/open_manipulator_msgs/open_manipulator_msgs/srv/detail/set_actuator_state__rosidl_typesupport_introspection_cpp.hpp
[158.877s] -- Installing: /home/song/apps/robong/ros2/turtlebot3_ws/install/open_manipulator_msgs/include/open_manipulator_msgs/open_manipulator_msgs/srv/detail/get_kinematics_pose__type_support.cpp
[158.877s] -- Installing: /home/song/apps/robong/ros2/turtlebot3_ws/install/open_manipulator_msgs/lib/libopen_manipulator_msgs__rosidl_typesupport_introspection_cpp.so
[158.878s] -- Set runtime path of "/home/song/apps/robong/ros2/turtlebot3_ws/install/open_manipulator_msgs/lib/libopen_manipulator_msgs__rosidl_typesupport_introspection_cpp.so" to ""
[158.878s] -- Installing: /home/song/apps/robong/ros2/turtlebot3_ws/install/open_manipulator_msgs/lib/libopen_manipulator_msgs__rosidl_typesupport_cpp.so
[158.878s] -- Set runtime path of "/home/song/apps/robong/ros2/turtlebot3_ws/install/open_manipulator_msgs/lib/libopen_manipulator_msgs__rosidl_typesupport_cpp.so" to ""
[158.878s] -- Installing: /home/song/apps/robong/ros2/turtlebot3_ws/install/open_manipulator_msgs/share/open_manipulator_msgs/environment/pythonpath.sh
[158.879s] -- Installing: /home/song/apps/robong/ros2/turtlebot3_ws/install/open_manipulator_msgs/share/open_manipulator_msgs/environment/pythonpath.dsv
[158.879s] -- Installing: /home/song/apps/robong/ros2/turtlebot3_ws/install/open_manipulator_msgs/local/lib/python3.10/dist-packages/open_manipulator_msgs-2.2.0-py3.10.egg-info
[158.879s] -- Installing: /home/song/apps/robong/ros2/turtlebot3_ws/install/open_manipulator_msgs/local/lib/python3.10/dist-packages/open_manipulator_msgs-2.2.0-py3.10.egg-info/dependency_links.txt
[158.879s] -- Installing: /home/song/apps/robong/ros2/turtlebot3_ws/install/open_manipulator_msgs/local/lib/python3.10/dist-packages/open_manipulator_msgs-2.2.0-py3.10.egg-info/top_level.txt
[158.880s] -- Installing: /home/song/apps/robong/ros2/turtlebot3_ws/install/open_manipulator_msgs/local/lib/python3.10/dist-packages/open_manipulator_msgs-2.2.0-py3.10.egg-info/SOURCES.txt
[158.880s] -- Installing: /home/song/apps/robong/ros2/turtlebot3_ws/install/open_manipulator_msgs/local/lib/python3.10/dist-packages/open_manipulator_msgs-2.2.0-py3.10.egg-info/PKG-INFO
[158.880s] -- Installing: /home/song/apps/robong/ros2/turtlebot3_ws/install/open_manipulator_msgs/local/lib/python3.10/dist-packages/open_manipulator_msgs
[158.880s] -- Installing: /home/song/apps/robong/ros2/turtlebot3_ws/install/open_manipulator_msgs/local/lib/python3.10/dist-packages/open_manipulator_msgs/msg
[158.881s] -- Installing: /home/song/apps/robong/ros2/turtlebot3_ws/install/open_manipulator_msgs/local/lib/python3.10/dist-packages/open_manipulator_msgs/msg/_kinematics_pose_s.c
[158.881s] -- Installing: /home/song/apps/robong/ros2/turtlebot3_ws/install/open_manipulator_msgs/local/lib/python3.10/dist-packages/open_manipulator_msgs/msg/_joint_position_s.c
[158.881s] -- Installing: /home/song/apps/robong/ros2/turtlebot3_ws/install/open_manipulator_msgs/local/lib/python3.10/dist-packages/open_manipulator_msgs/msg/_joint_position.py
[158.881s] -- Installing: /home/song/apps/robong/ros2/turtlebot3_ws/install/open_manipulator_msgs/local/lib/python3.10/dist-packages/open_manipulator_msgs/msg/_open_manipulator_state.py
[158.881s] -- Installing: /home/song/apps/robong/ros2/turtlebot3_ws/install/open_manipulator_msgs/local/lib/python3.10/dist-packages/open_manipulator_msgs/msg/__init__.py
[158.882s] -- Installing: /home/song/apps/robong/ros2/turtlebot3_ws/install/open_manipulator_msgs/local/lib/python3.10/dist-packages/open_manipulator_msgs/msg/_open_manipulator_state_s.c
[158.882s] -- Installing: /home/song/apps/robong/ros2/turtlebot3_ws/install/open_manipulator_msgs/local/lib/python3.10/dist-packages/open_manipulator_msgs/msg/_kinematics_pose.py
[158.882s] -- Installing: /home/song/apps/robong/ros2/turtlebot3_ws/install/open_manipulator_msgs/local/lib/python3.10/dist-packages/open_manipulator_msgs/open_manipulator_msgs_s__rosidl_typesupport_fastrtps_c.cpython-310-x86_64-linux-gnu.so
[158.882s] -- Installing: /home/song/apps/robong/ros2/turtlebot3_ws/install/open_manipulator_msgs/local/lib/python3.10/dist-packages/open_manipulator_msgs/open_manipulator_msgs_s__rosidl_typesupport_introspection_c.cpython-310-x86_64-linux-gnu.so
[158.883s] -- Installing: /home/song/apps/robong/ros2/turtlebot3_ws/install/open_manipulator_msgs/local/lib/python3.10/dist-packages/open_manipulator_msgs/srv
[158.883s] -- Installing: /home/song/apps/robong/ros2/turtlebot3_ws/install/open_manipulator_msgs/local/lib/python3.10/dist-packages/open_manipulator_msgs/srv/_set_drawing_trajectory.py
[158.883s] -- Installing: /home/song/apps/robong/ros2/turtlebot3_ws/install/open_manipulator_msgs/local/lib/python3.10/dist-packages/open_manipulator_msgs/srv/_set_kinematics_pose.py
[158.883s] -- Installing: /home/song/apps/robong/ros2/turtlebot3_ws/install/open_manipulator_msgs/local/lib/python3.10/dist-packages/open_manipulator_msgs/srv/_get_kinematics_pose.py
[158.884s] -- Installing: /home/song/apps/robong/ros2/turtlebot3_ws/install/open_manipulator_msgs/local/lib/python3.10/dist-packages/open_manipulator_msgs/srv/_set_actuator_state_s.c
[158.884s] -- Installing: /home/song/apps/robong/ros2/turtlebot3_ws/install/open_manipulator_msgs/local/lib/python3.10/dist-packages/open_manipulator_msgs/srv/_get_joint_position_s.c
[158.884s] -- Installing: /home/song/apps/robong/ros2/turtlebot3_ws/install/open_manipulator_msgs/local/lib/python3.10/dist-packages/open_manipulator_msgs/srv/_get_kinematics_pose_s.c
[158.884s] -- Installing: /home/song/apps/robong/ros2/turtlebot3_ws/install/open_manipulator_msgs/local/lib/python3.10/dist-packages/open_manipulator_msgs/srv/_set_actuator_state.py
[158.884s] -- Installing: /home/song/apps/robong/ros2/turtlebot3_ws/install/open_manipulator_msgs/local/lib/python3.10/dist-packages/open_manipulator_msgs/srv/__init__.py
[158.885s] -- Installing: /home/song/apps/robong/ros2/turtlebot3_ws/install/open_manipulator_msgs/local/lib/python3.10/dist-packages/open_manipulator_msgs/srv/_set_kinematics_pose_s.c
[158.885s] -- Installing: /home/song/apps/robong/ros2/turtlebot3_ws/install/open_manipulator_msgs/local/lib/python3.10/dist-packages/open_manipulator_msgs/srv/_set_joint_position.py
[158.885s] -- Installing: /home/song/apps/robong/ros2/turtlebot3_ws/install/open_manipulator_msgs/local/lib/python3.10/dist-packages/open_manipulator_msgs/srv/_set_joint_position_s.c
[158.885s] -- Installing: /home/song/apps/robong/ros2/turtlebot3_ws/install/open_manipulator_msgs/local/lib/python3.10/dist-packages/open_manipulator_msgs/srv/_get_joint_position.py
[158.886s] -- Installing: /home/song/apps/robong/ros2/turtlebot3_ws/install/open_manipulator_msgs/local/lib/python3.10/dist-packages/open_manipulator_msgs/srv/_set_drawing_trajectory_s.c
[158.886s] -- Installing: /home/song/apps/robong/ros2/turtlebot3_ws/install/open_manipulator_msgs/local/lib/python3.10/dist-packages/open_manipulator_msgs/__init__.py
[158.886s] -- Installing: /home/song/apps/robong/ros2/turtlebot3_ws/install/open_manipulator_msgs/local/lib/python3.10/dist-packages/open_manipulator_msgs/_open_manipulator_msgs_s.ep.rosidl_typesupport_introspection_c.c
[158.886s] -- Installing: /home/song/apps/robong/ros2/turtlebot3_ws/install/open_manipulator_msgs/local/lib/python3.10/dist-packages/open_manipulator_msgs/open_manipulator_msgs_s__rosidl_typesupport_c.cpython-310-x86_64-linux-gnu.so
[158.887s] -- Installing: /home/song/apps/robong/ros2/turtlebot3_ws/install/open_manipulator_msgs/local/lib/python3.10/dist-packages/open_manipulator_msgs/libopen_manipulator_msgs__rosidl_generator_py.so
[158.887s] -- Installing: /home/song/apps/robong/ros2/turtlebot3_ws/install/open_manipulator_msgs/local/lib/python3.10/dist-packages/open_manipulator_msgs/_open_manipulator_msgs_s.ep.rosidl_typesupport_c.c
[158.887s] -- Installing: /home/song/apps/robong/ros2/turtlebot3_ws/install/open_manipulator_msgs/local/lib/python3.10/dist-packages/open_manipulator_msgs/_open_manipulator_msgs_s.ep.rosidl_typesupport_fastrtps_c.c
[159.073s] Listing '/home/song/apps/robong/ros2/turtlebot3_ws/install/open_manipulator_msgs/local/lib/python3.10/dist-packages/open_manipulator_msgs'...
[159.074s] Compiling '/home/song/apps/robong/ros2/turtlebot3_ws/install/open_manipulator_msgs/local/lib/python3.10/dist-packages/open_manipulator_msgs/__init__.py'...
[159.074s] Listing '/home/song/apps/robong/ros2/turtlebot3_ws/install/open_manipulator_msgs/local/lib/python3.10/dist-packages/open_manipulator_msgs/msg'...
[159.075s] Compiling '/home/song/apps/robong/ros2/turtlebot3_ws/install/open_manipulator_msgs/local/lib/python3.10/dist-packages/open_manipulator_msgs/msg/__init__.py'...
[159.076s] Compiling '/home/song/apps/robong/ros2/turtlebot3_ws/install/open_manipulator_msgs/local/lib/python3.10/dist-packages/open_manipulator_msgs/msg/_joint_position.py'...
[159.077s] Compiling '/home/song/apps/robong/ros2/turtlebot3_ws/install/open_manipulator_msgs/local/lib/python3.10/dist-packages/open_manipulator_msgs/msg/_kinematics_pose.py'...
[159.078s] Compiling '/home/song/apps/robong/ros2/turtlebot3_ws/install/open_manipulator_msgs/local/lib/python3.10/dist-packages/open_manipulator_msgs/msg/_open_manipulator_state.py'...
[159.078s] Listing '/home/song/apps/robong/ros2/turtlebot3_ws/install/open_manipulator_msgs/local/lib/python3.10/dist-packages/open_manipulator_msgs/srv'...
[159.078s] Compiling '/home/song/apps/robong/ros2/turtlebot3_ws/install/open_manipulator_msgs/local/lib/python3.10/dist-packages/open_manipulator_msgs/srv/__init__.py'...
[159.080s] Compiling '/home/song/apps/robong/ros2/turtlebot3_ws/install/open_manipulator_msgs/local/lib/python3.10/dist-packages/open_manipulator_msgs/srv/_get_joint_position.py'...
[159.080s] Compiling '/home/song/apps/robong/ros2/turtlebot3_ws/install/open_manipulator_msgs/local/lib/python3.10/dist-packages/open_manipulator_msgs/srv/_get_kinematics_pose.py'...
[159.080s] Compiling '/home/song/apps/robong/ros2/turtlebot3_ws/install/open_manipulator_msgs/local/lib/python3.10/dist-packages/open_manipulator_msgs/srv/_set_actuator_state.py'...
[159.080s] Compiling '/home/song/apps/robong/ros2/turtlebot3_ws/install/open_manipulator_msgs/local/lib/python3.10/dist-packages/open_manipulator_msgs/srv/_set_drawing_trajectory.py'...
[159.081s] Compiling '/home/song/apps/robong/ros2/turtlebot3_ws/install/open_manipulator_msgs/local/lib/python3.10/dist-packages/open_manipulator_msgs/srv/_set_joint_position.py'...
[159.082s] Compiling '/home/song/apps/robong/ros2/turtlebot3_ws/install/open_manipulator_msgs/local/lib/python3.10/dist-packages/open_manipulator_msgs/srv/_set_kinematics_pose.py'...
[159.087s] -- Installing: /home/song/apps/robong/ros2/turtlebot3_ws/install/open_manipulator_msgs/local/lib/python3.10/dist-packages/open_manipulator_msgs/open_manipulator_msgs_s__rosidl_typesupport_fastrtps_c.cpython-310-x86_64-linux-gnu.so
[159.087s] -- Set runtime path of "/home/song/apps/robong/ros2/turtlebot3_ws/install/open_manipulator_msgs/local/lib/python3.10/dist-packages/open_manipulator_msgs/open_manipulator_msgs_s__rosidl_typesupport_fastrtps_c.cpython-310-x86_64-linux-gnu.so" to ""
[159.092s] -- Installing: /home/song/apps/robong/ros2/turtlebot3_ws/install/open_manipulator_msgs/local/lib/python3.10/dist-packages/open_manipulator_msgs/open_manipulator_msgs_s__rosidl_typesupport_introspection_c.cpython-310-x86_64-linux-gnu.so
[159.093s] -- Set runtime path of "/home/song/apps/robong/ros2/turtlebot3_ws/install/open_manipulator_msgs/local/lib/python3.10/dist-packages/open_manipulator_msgs/open_manipulator_msgs_s__rosidl_typesupport_introspection_c.cpython-310-x86_64-linux-gnu.so" to ""
[159.094s] -- Installing: /home/song/apps/robong/ros2/turtlebot3_ws/install/open_manipulator_msgs/local/lib/python3.10/dist-packages/open_manipulator_msgs/open_manipulator_msgs_s__rosidl_typesupport_c.cpython-310-x86_64-linux-gnu.so
[159.095s] -- Set runtime path of "/home/song/apps/robong/ros2/turtlebot3_ws/install/open_manipulator_msgs/local/lib/python3.10/dist-packages/open_manipulator_msgs/open_manipulator_msgs_s__rosidl_typesupport_c.cpython-310-x86_64-linux-gnu.so" to ""
[159.096s] -- Installing: /home/song/apps/robong/ros2/turtlebot3_ws/install/open_manipulator_msgs/lib/libopen_manipulator_msgs__rosidl_generator_py.so
[159.097s] -- Set runtime path of "/home/song/apps/robong/ros2/turtlebot3_ws/install/open_manipulator_msgs/lib/libopen_manipulator_msgs__rosidl_generator_py.so" to ""
[159.097s] -- Installing: /home/song/apps/robong/ros2/turtlebot3_ws/install/open_manipulator_msgs/share/open_manipulator_msgs/msg/JointPosition.idl
[159.098s] -- Installing: /home/song/apps/robong/ros2/turtlebot3_ws/install/open_manipulator_msgs/share/open_manipulator_msgs/msg/KinematicsPose.idl
[159.099s] -- Installing: /home/song/apps/robong/ros2/turtlebot3_ws/install/open_manipulator_msgs/share/open_manipulator_msgs/msg/OpenManipulatorState.idl
[159.099s] -- Installing: /home/song/apps/robong/ros2/turtlebot3_ws/install/open_manipulator_msgs/share/open_manipulator_msgs/srv/GetJointPosition.idl
[159.099s] -- Installing: /home/song/apps/robong/ros2/turtlebot3_ws/install/open_manipulator_msgs/share/open_manipulator_msgs/srv/GetKinematicsPose.idl
[159.100s] -- Installing: /home/song/apps/robong/ros2/turtlebot3_ws/install/open_manipulator_msgs/share/open_manipulator_msgs/srv/SetJointPosition.idl
[159.101s] -- Installing: /home/song/apps/robong/ros2/turtlebot3_ws/install/open_manipulator_msgs/share/open_manipulator_msgs/srv/SetKinematicsPose.idl
[159.103s] -- Installing: /home/song/apps/robong/ros2/turtlebot3_ws/install/open_manipulator_msgs/share/open_manipulator_msgs/srv/SetDrawingTrajectory.idl
[159.103s] -- Installing: /home/song/apps/robong/ros2/turtlebot3_ws/install/open_manipulator_msgs/share/open_manipulator_msgs/srv/SetActuatorState.idl
[159.105s] -- Installing: /home/song/apps/robong/ros2/turtlebot3_ws/install/open_manipulator_msgs/share/open_manipulator_msgs/msg/JointPosition.msg
[159.105s] -- Installing: /home/song/apps/robong/ros2/turtlebot3_ws/install/open_manipulator_msgs/share/open_manipulator_msgs/msg/KinematicsPose.msg
[159.108s] -- Installing: /home/song/apps/robong/ros2/turtlebot3_ws/install/open_manipulator_msgs/share/open_manipulator_msgs/msg/OpenManipulatorState.msg
[159.109s] -- Installing: /home/song/apps/robong/ros2/turtlebot3_ws/install/open_manipulator_msgs/share/open_manipulator_msgs/srv/GetJointPosition.srv
[159.109s] -- Installing: /home/song/apps/robong/ros2/turtlebot3_ws/install/open_manipulator_msgs/share/open_manipulator_msgs/srv/GetJointPosition_Request.msg
[159.110s] -- Installing: /home/song/apps/robong/ros2/turtlebot3_ws/install/open_manipulator_msgs/share/open_manipulator_msgs/srv/GetJointPosition_Response.msg
[159.111s] -- Installing: /home/song/apps/robong/ros2/turtlebot3_ws/install/open_manipulator_msgs/share/open_manipulator_msgs/srv/GetKinematicsPose.srv
[159.112s] -- Installing: /home/song/apps/robong/ros2/turtlebot3_ws/install/open_manipulator_msgs/share/open_manipulator_msgs/srv/GetKinematicsPose_Request.msg
[159.112s] -- Installing: /home/song/apps/robong/ros2/turtlebot3_ws/install/open_manipulator_msgs/share/open_manipulator_msgs/srv/GetKinematicsPose_Response.msg
[159.112s] -- Installing: /home/song/apps/robong/ros2/turtlebot3_ws/install/open_manipulator_msgs/share/open_manipulator_msgs/srv/SetJointPosition.srv
[159.113s] -- Installing: /home/song/apps/robong/ros2/turtlebot3_ws/install/open_manipulator_msgs/share/open_manipulator_msgs/srv/SetJointPosition_Request.msg
[159.115s] -- Installing: /home/song/apps/robong/ros2/turtlebot3_ws/install/open_manipulator_msgs/share/open_manipulator_msgs/srv/SetJointPosition_Response.msg
[159.115s] -- Installing: /home/song/apps/robong/ros2/turtlebot3_ws/install/open_manipulator_msgs/share/open_manipulator_msgs/srv/SetKinematicsPose.srv
[159.115s] -- Installing: /home/song/apps/robong/ros2/turtlebot3_ws/install/open_manipulator_msgs/share/open_manipulator_msgs/srv/SetKinematicsPose_Request.msg
[159.117s] -- Installing: /home/song/apps/robong/ros2/turtlebot3_ws/install/open_manipulator_msgs/share/open_manipulator_msgs/srv/SetKinematicsPose_Response.msg
[159.117s] -- Installing: /home/song/apps/robong/ros2/turtlebot3_ws/install/open_manipulator_msgs/share/open_manipulator_msgs/srv/SetDrawingTrajectory.srv
[159.117s] -- Installing: /home/song/apps/robong/ros2/turtlebot3_ws/install/open_manipulator_msgs/share/open_manipulator_msgs/srv/SetDrawingTrajectory_Request.msg
[159.117s] -- Installing: /home/song/apps/robong/ros2/turtlebot3_ws/install/open_manipulator_msgs/share/open_manipulator_msgs/srv/SetDrawingTrajectory_Response.msg
[159.121s] -- Installing: /home/song/apps/robong/ros2/turtlebot3_ws/install/open_manipulator_msgs/share/open_manipulator_msgs/srv/SetActuatorState.srv
[159.121s] -- Installing: /home/song/apps/robong/ros2/turtlebot3_ws/install/open_manipulator_msgs/share/open_manipulator_msgs/srv/SetActuatorState_Request.msg
[159.121s] -- Installing: /home/song/apps/robong/ros2/turtlebot3_ws/install/open_manipulator_msgs/share/open_manipulator_msgs/srv/SetActuatorState_Response.msg
[159.122s] -- Installing: /home/song/apps/robong/ros2/turtlebot3_ws/install/open_manipulator_msgs/share/ament_index/resource_index/package_run_dependencies/open_manipulator_msgs
[159.123s] -- Installing: /home/song/apps/robong/ros2/turtlebot3_ws/install/open_manipulator_msgs/share/ament_index/resource_index/parent_prefix_path/open_manipulator_msgs
[159.124s] -- Installing: /home/song/apps/robong/ros2/turtlebot3_ws/install/open_manipulator_msgs/share/open_manipulator_msgs/environment/ament_prefix_path.sh
[159.124s] -- Installing: /home/song/apps/robong/ros2/turtlebot3_ws/install/open_manipulator_msgs/share/open_manipulator_msgs/environment/ament_prefix_path.dsv
[159.125s] -- Installing: /home/song/apps/robong/ros2/turtlebot3_ws/install/open_manipulator_msgs/share/open_manipulator_msgs/environment/path.sh
[159.127s] -- Installing: /home/song/apps/robong/ros2/turtlebot3_ws/install/open_manipulator_msgs/share/open_manipulator_msgs/environment/path.dsv
[159.129s] -- Installing: /home/song/apps/robong/ros2/turtlebot3_ws/install/open_manipulator_msgs/share/open_manipulator_msgs/local_setup.bash
[159.129s] -- Installing: /home/song/apps/robong/ros2/turtlebot3_ws/install/open_manipulator_msgs/share/open_manipulator_msgs/local_setup.sh
[159.130s] -- Installing: /home/song/apps/robong/ros2/turtlebot3_ws/install/open_manipulator_msgs/share/open_manipulator_msgs/local_setup.zsh
[159.131s] -- Installing: /home/song/apps/robong/ros2/turtlebot3_ws/install/open_manipulator_msgs/share/open_manipulator_msgs/local_setup.dsv
[159.131s] -- Installing: /home/song/apps/robong/ros2/turtlebot3_ws/install/open_manipulator_msgs/share/open_manipulator_msgs/package.dsv
[159.131s] -- Installing: /home/song/apps/robong/ros2/turtlebot3_ws/install/open_manipulator_msgs/share/ament_index/resource_index/packages/open_manipulator_msgs
[159.133s] -- Installing: /home/song/apps/robong/ros2/turtlebot3_ws/install/open_manipulator_msgs/share/open_manipulator_msgs/cmake/export_open_manipulator_msgs__rosidl_generator_cExport.cmake
[159.133s] -- Installing: /home/song/apps/robong/ros2/turtlebot3_ws/install/open_manipulator_msgs/share/open_manipulator_msgs/cmake/export_open_manipulator_msgs__rosidl_generator_cExport-noconfig.cmake
[159.133s] -- Installing: /home/song/apps/robong/ros2/turtlebot3_ws/install/open_manipulator_msgs/share/open_manipulator_msgs/cmake/export_open_manipulator_msgs__rosidl_typesupport_fastrtps_cExport.cmake
[159.134s] -- Installing: /home/song/apps/robong/ros2/turtlebot3_ws/install/open_manipulator_msgs/share/open_manipulator_msgs/cmake/export_open_manipulator_msgs__rosidl_typesupport_fastrtps_cExport-noconfig.cmake
[159.135s] -- Installing: /home/song/apps/robong/ros2/turtlebot3_ws/install/open_manipulator_msgs/share/open_manipulator_msgs/cmake/export_open_manipulator_msgs__rosidl_generator_cppExport.cmake
[159.135s] -- Installing: /home/song/apps/robong/ros2/turtlebot3_ws/install/open_manipulator_msgs/share/open_manipulator_msgs/cmake/export_open_manipulator_msgs__rosidl_typesupport_fastrtps_cppExport.cmake
[159.136s] -- Installing: /home/song/apps/robong/ros2/turtlebot3_ws/install/open_manipulator_msgs/share/open_manipulator_msgs/cmake/export_open_manipulator_msgs__rosidl_typesupport_fastrtps_cppExport-noconfig.cmake
[159.137s] -- Installing: /home/song/apps/robong/ros2/turtlebot3_ws/install/open_manipulator_msgs/share/open_manipulator_msgs/cmake/open_manipulator_msgs__rosidl_typesupport_introspection_cExport.cmake
[159.137s] -- Installing: /home/song/apps/robong/ros2/turtlebot3_ws/install/open_manipulator_msgs/share/open_manipulator_msgs/cmake/open_manipulator_msgs__rosidl_typesupport_introspection_cExport-noconfig.cmake
[159.138s] -- Installing: /home/song/apps/robong/ros2/turtlebot3_ws/install/open_manipulator_msgs/share/open_manipulator_msgs/cmake/open_manipulator_msgs__rosidl_typesupport_cExport.cmake
[159.138s] -- Installing: /home/song/apps/robong/ros2/turtlebot3_ws/install/open_manipulator_msgs/share/open_manipulator_msgs/cmake/open_manipulator_msgs__rosidl_typesupport_cExport-noconfig.cmake
[159.139s] -- Installing: /home/song/apps/robong/ros2/turtlebot3_ws/install/open_manipulator_msgs/share/open_manipulator_msgs/cmake/open_manipulator_msgs__rosidl_typesupport_introspection_cppExport.cmake
[159.140s] -- Installing: /home/song/apps/robong/ros2/turtlebot3_ws/install/open_manipulator_msgs/share/open_manipulator_msgs/cmake/open_manipulator_msgs__rosidl_typesupport_introspection_cppExport-noconfig.cmake
[159.140s] -- Installing: /home/song/apps/robong/ros2/turtlebot3_ws/install/open_manipulator_msgs/share/open_manipulator_msgs/cmake/open_manipulator_msgs__rosidl_typesupport_cppExport.cmake
[159.140s] -- Installing: /home/song/apps/robong/ros2/turtlebot3_ws/install/open_manipulator_msgs/share/open_manipulator_msgs/cmake/open_manipulator_msgs__rosidl_typesupport_cppExport-noconfig.cmake
[159.143s] -- Installing: /home/song/apps/robong/ros2/turtlebot3_ws/install/open_manipulator_msgs/share/open_manipulator_msgs/cmake/export_open_manipulator_msgs__rosidl_generator_pyExport.cmake
[159.143s] -- Installing: /home/song/apps/robong/ros2/turtlebot3_ws/install/open_manipulator_msgs/share/open_manipulator_msgs/cmake/export_open_manipulator_msgs__rosidl_generator_pyExport-noconfig.cmake
[159.143s] -- Installing: /home/song/apps/robong/ros2/turtlebot3_ws/install/open_manipulator_msgs/share/open_manipulator_msgs/cmake/rosidl_cmake-extras.cmake
[159.144s] -- Installing: /home/song/apps/robong/ros2/turtlebot3_ws/install/open_manipulator_msgs/share/open_manipulator_msgs/cmake/ament_cmake_export_dependencies-extras.cmake
[159.144s] -- Installing: /home/song/apps/robong/ros2/turtlebot3_ws/install/open_manipulator_msgs/share/open_manipulator_msgs/cmake/ament_cmake_export_include_directories-extras.cmake
[159.144s] -- Installing: /home/song/apps/robong/ros2/turtlebot3_ws/install/open_manipulator_msgs/share/open_manipulator_msgs/cmake/ament_cmake_export_libraries-extras.cmake
[159.145s] -- Installing: /home/song/apps/robong/ros2/turtlebot3_ws/install/open_manipulator_msgs/share/open_manipulator_msgs/cmake/ament_cmake_export_targets-extras.cmake
[159.145s] -- Installing: /home/song/apps/robong/ros2/turtlebot3_ws/install/open_manipulator_msgs/share/open_manipulator_msgs/cmake/rosidl_cmake_export_typesupport_targets-extras.cmake
[159.145s] -- Installing: /home/song/apps/robong/ros2/turtlebot3_ws/install/open_manipulator_msgs/share/open_manipulator_msgs/cmake/rosidl_cmake_export_typesupport_libraries-extras.cmake
[159.145s] -- Installing: /home/song/apps/robong/ros2/turtlebot3_ws/install/open_manipulator_msgs/share/open_manipulator_msgs/cmake/open_manipulator_msgsConfig.cmake
[159.147s] -- Installing: /home/song/apps/robong/ros2/turtlebot3_ws/install/open_manipulator_msgs/share/open_manipulator_msgs/cmake/open_manipulator_msgsConfig-version.cmake
[159.147s] -- Installing: /home/song/apps/robong/ros2/turtlebot3_ws/install/open_manipulator_msgs/share/open_manipulator_msgs/package.xml
[159.151s] Invoked command in '/home/song/apps/robong/ros2/turtlebot3_ws/build/open_manipulator_msgs' returned '0': CMAKE_PREFIX_PATH=${CMAKE_PREFIX_PATH}:/home/song/apps/robong/ros2/workspace/install/calculator:/home/song/apps/robong/ros2/workspace/install/simple_ros:/home/song/apps/robong/ros2/workspace/install/ros2env:/home/song/apps/robong/ros2/workspace/install/ros2_aruco:/home/song/apps/robong/ros2/workspace/install/move_turtle:/home/song/apps/robong/ros2/workspace/install/SimplePkg:/home/song/apps/robong/ros2/workspace/install/Homework1018:/opt/ros/humble /usr/bin/cmake --install /home/song/apps/robong/ros2/turtlebot3_ws/build/open_manipulator_msgs
