[0.063s] Invoking command in '/home/song/apps/robong/ros2/turtlebot3_ws/build/open_manipulator_msgs': CMAKE_PREFIX_PATH=${CMAKE_PREFIX_PATH}:/home/song/apps/robong/ros2/turtlebot3_ws/install/open_manipulator_x_teleop:/home/song/apps/robong/ros2/workspace/install/calculator:/home/song/apps/robong/ros2/workspace/install/simple_ros:/home/song/apps/robong/ros2/workspace/install/ros2env:/home/song/apps/robong/ros2/workspace/install/ros2_aruco:/home/song/apps/robong/ros2/workspace/install/move_turtle:/home/song/apps/robong/ros2/workspace/install/SimplePkg:/home/song/apps/robong/ros2/workspace/install/Homework1018:/opt/ros/humble /usr/bin/cmake --build /home/song/apps/robong/ros2/turtlebot3_ws/build/open_manipulator_msgs -- -j4 -l4
[0.278s] [  1%] Built target open_manipulator_msgs__cpp
[0.296s] [ 12%] Built target open_manipulator_msgs__rosidl_generator_c
[0.408s] [ 12%] Built target ament_cmake_python_copy_open_manipulator_msgs
[0.563s] [ 24%] Built target open_manipulator_msgs__rosidl_typesupport_fastrtps_cpp
[0.563s] [ 35%] Built target open_manipulator_msgs__rosidl_typesupport_introspection_cpp
[0.572s] [ 47%] Built target open_manipulator_msgs__rosidl_typesupport_cpp
[0.689s] [ 58%] Built target open_manipulator_msgs__rosidl_typesupport_fastrtps_c
[0.733s] [ 73%] Built target open_manipulator_msgs__rosidl_typesupport_c
[0.737s] [ 82%] Built target open_manipulator_msgs__rosidl_typesupport_introspection_c
[0.853s] [ 82%] Built target open_manipulator_msgs
[0.983s] [ 83%] Built target open_manipulator_msgs__py
[1.137s] [ 93%] Built target open_manipulator_msgs__rosidl_generator_py
[1.306s] [ 95%] Built target open_manipulator_msgs__rosidl_typesupport_c__pyext
[1.311s] [ 97%] Built target open_manipulator_msgs__rosidl_typesupport_fastrtps_c__pyext
[1.329s] [100%] Built target open_manipulator_msgs__rosidl_typesupport_introspection_c__pyext
[1.994s] running egg_info
[1.995s] writing open_manipulator_msgs.egg-info/PKG-INFO
[1.996s] writing dependency_links to open_manipulator_msgs.egg-info/dependency_links.txt
[1.997s] writing top-level names to open_manipulator_msgs.egg-info/top_level.txt
[2.001s] reading manifest file 'open_manipulator_msgs.egg-info/SOURCES.txt'
[2.003s] writing manifest file 'open_manipulator_msgs.egg-info/SOURCES.txt'
[2.088s] [100%] Built target ament_cmake_python_build_open_manipulator_msgs_egg
[2.132s] Invoked command in '/home/song/apps/robong/ros2/turtlebot3_ws/build/open_manipulator_msgs' returned '0': CMAKE_PREFIX_PATH=${CMAKE_PREFIX_PATH}:/home/song/apps/robong/ros2/turtlebot3_ws/install/open_manipulator_x_teleop:/home/song/apps/robong/ros2/workspace/install/calculator:/home/song/apps/robong/ros2/workspace/install/simple_ros:/home/song/apps/robong/ros2/workspace/install/ros2env:/home/song/apps/robong/ros2/workspace/install/ros2_aruco:/home/song/apps/robong/ros2/workspace/install/move_turtle:/home/song/apps/robong/ros2/workspace/install/SimplePkg:/home/song/apps/robong/ros2/workspace/install/Homework1018:/opt/ros/humble /usr/bin/cmake --build /home/song/apps/robong/ros2/turtlebot3_ws/build/open_manipulator_msgs -- -j4 -l4
[3.075s] Invoking command in '/home/song/apps/robong/ros2/turtlebot3_ws/build/open_manipulator_msgs': CMAKE_PREFIX_PATH=${CMAKE_PREFIX_PATH}:/home/song/apps/robong/ros2/turtlebot3_ws/install/open_manipulator_x_teleop:/home/song/apps/robong/ros2/workspace/install/calculator:/home/song/apps/robong/ros2/workspace/install/simple_ros:/home/song/apps/robong/ros2/workspace/install/ros2env:/home/song/apps/robong/ros2/workspace/install/ros2_aruco:/home/song/apps/robong/ros2/workspace/install/move_turtle:/home/song/apps/robong/ros2/workspace/install/SimplePkg:/home/song/apps/robong/ros2/workspace/install/Homework1018:/opt/ros/humble /usr/bin/cmake --install /home/song/apps/robong/ros2/turtlebot3_ws/build/open_manipulator_msgs
[3.123s] -- Install configuration: ""
[3.126s] -- Up-to-date: /home/song/apps/robong/ros2/turtlebot3_ws/install/open_manipulator_msgs/share/ament_index/resource_index/rosidl_interfaces/open_manipulator_msgs
[3.126s] -- Up-to-date: /home/song/apps/robong/ros2/turtlebot3_ws/install/open_manipulator_msgs/include/open_manipulator_msgs/open_manipulator_msgs
[3.143s] -- Up-to-date: /home/song/apps/robong/ros2/turtlebot3_ws/install/open_manipulator_msgs/include/open_manipulator_msgs/open_manipulator_msgs/msg
[3.144s] -- Up-to-date: /home/song/apps/robong/ros2/turtlebot3_ws/install/open_manipulator_msgs/include/open_manipulator_msgs/open_manipulator_msgs/msg/joint_position.h
[3.144s] -- Up-to-date: /home/song/apps/robong/ros2/turtlebot3_ws/install/open_manipulator_msgs/include/open_manipulator_msgs/open_manipulator_msgs/msg/detail
[3.144s] -- Up-to-date: /home/song/apps/robong/ros2/turtlebot3_ws/install/open_manipulator_msgs/include/open_manipulator_msgs/open_manipulator_msgs/msg/detail/open_manipulator_state__type_support.h
[3.144s] -- Up-to-date: /home/song/apps/robong/ros2/turtlebot3_ws/install/open_manipulator_msgs/include/open_manipulator_msgs/open_manipulator_msgs/msg/detail/joint_position__type_support.h
[3.145s] -- Up-to-date: /home/song/apps/robong/ros2/turtlebot3_ws/install/open_manipulator_msgs/include/open_manipulator_msgs/open_manipulator_msgs/msg/detail/kinematics_pose__type_support.h
[3.145s] -- Up-to-date: /home/song/apps/robong/ros2/turtlebot3_ws/install/open_manipulator_msgs/include/open_manipulator_msgs/open_manipulator_msgs/msg/detail/open_manipulator_state__functions.h
[3.145s] -- Up-to-date: /home/song/apps/robong/ros2/turtlebot3_ws/install/open_manipulator_msgs/include/open_manipulator_msgs/open_manipulator_msgs/msg/detail/joint_position__functions.h
[3.146s] -- Up-to-date: /home/song/apps/robong/ros2/turtlebot3_ws/install/open_manipulator_msgs/include/open_manipulator_msgs/open_manipulator_msgs/msg/detail/open_manipulator_state__struct.h
[3.146s] -- Up-to-date: /home/song/apps/robong/ros2/turtlebot3_ws/install/open_manipulator_msgs/include/open_manipulator_msgs/open_manipulator_msgs/msg/detail/kinematics_pose__functions.h
[3.146s] -- Up-to-date: /home/song/apps/robong/ros2/turtlebot3_ws/install/open_manipulator_msgs/include/open_manipulator_msgs/open_manipulator_msgs/msg/detail/kinematics_pose__functions.c
[3.148s] -- Up-to-date: /home/song/apps/robong/ros2/turtlebot3_ws/install/open_manipulator_msgs/include/open_manipulator_msgs/open_manipulator_msgs/msg/detail/joint_position__functions.c
[3.149s] -- Up-to-date: /home/song/apps/robong/ros2/turtlebot3_ws/install/open_manipulator_msgs/include/open_manipulator_msgs/open_manipulator_msgs/msg/detail/open_manipulator_state__functions.c
[3.149s] -- Up-to-date: /home/song/apps/robong/ros2/turtlebot3_ws/install/open_manipulator_msgs/include/open_manipulator_msgs/open_manipulator_msgs/msg/detail/kinematics_pose__struct.h
[3.151s] -- Up-to-date: /home/song/apps/robong/ros2/turtlebot3_ws/install/open_manipulator_msgs/include/open_manipulator_msgs/open_manipulator_msgs/msg/detail/joint_position__struct.h
[3.151s] -- Up-to-date: /home/song/apps/robong/ros2/turtlebot3_ws/install/open_manipulator_msgs/include/open_manipulator_msgs/open_manipulator_msgs/msg/open_manipulator_state.h
[3.154s] -- Up-to-date: /home/song/apps/robong/ros2/turtlebot3_ws/install/open_manipulator_msgs/include/open_manipulator_msgs/open_manipulator_msgs/msg/rosidl_generator_c__visibility_control.h
[3.154s] -- Up-to-date: /home/song/apps/robong/ros2/turtlebot3_ws/install/open_manipulator_msgs/include/open_manipulator_msgs/open_manipulator_msgs/msg/kinematics_pose.h
[3.155s] -- Up-to-date: /home/song/apps/robong/ros2/turtlebot3_ws/install/open_manipulator_msgs/include/open_manipulator_msgs/open_manipulator_msgs/srv
[3.155s] -- Up-to-date: /home/song/apps/robong/ros2/turtlebot3_ws/install/open_manipulator_msgs/include/open_manipulator_msgs/open_manipulator_msgs/srv/detail
[3.157s] -- Up-to-date: /home/song/apps/robong/ros2/turtlebot3_ws/install/open_manipulator_msgs/include/open_manipulator_msgs/open_manipulator_msgs/srv/detail/get_joint_position__functions.c
[3.168s] -- Up-to-date: /home/song/apps/robong/ros2/turtlebot3_ws/install/open_manipulator_msgs/include/open_manipulator_msgs/open_manipulator_msgs/srv/detail/set_kinematics_pose__functions.c
[3.168s] -- Up-to-date: /home/song/apps/robong/ros2/turtlebot3_ws/install/open_manipulator_msgs/include/open_manipulator_msgs/open_manipulator_msgs/srv/detail/set_joint_position__functions.h
[3.168s] -- Up-to-date: /home/song/apps/robong/ros2/turtlebot3_ws/install/open_manipulator_msgs/include/open_manipulator_msgs/open_manipulator_msgs/srv/detail/get_kinematics_pose__struct.h
[3.168s] -- Up-to-date: /home/song/apps/robong/ros2/turtlebot3_ws/install/open_manipulator_msgs/include/open_manipulator_msgs/open_manipulator_msgs/srv/detail/set_kinematics_pose__struct.h
[3.169s] -- Up-to-date: /home/song/apps/robong/ros2/turtlebot3_ws/install/open_manipulator_msgs/include/open_manipulator_msgs/open_manipulator_msgs/srv/detail/set_drawing_trajectory__functions.c
[3.169s] -- Up-to-date: /home/song/apps/robong/ros2/turtlebot3_ws/install/open_manipulator_msgs/include/open_manipulator_msgs/open_manipulator_msgs/srv/detail/get_joint_position__functions.h
[3.169s] -- Up-to-date: /home/song/apps/robong/ros2/turtlebot3_ws/install/open_manipulator_msgs/include/open_manipulator_msgs/open_manipulator_msgs/srv/detail/set_drawing_trajectory__type_support.h
[3.169s] -- Up-to-date: /home/song/apps/robong/ros2/turtlebot3_ws/install/open_manipulator_msgs/include/open_manipulator_msgs/open_manipulator_msgs/srv/detail/get_kinematics_pose__functions.c
[3.170s] -- Up-to-date: /home/song/apps/robong/ros2/turtlebot3_ws/install/open_manipulator_msgs/include/open_manipulator_msgs/open_manipulator_msgs/srv/detail/get_joint_position__type_support.h
[3.170s] -- Up-to-date: /home/song/apps/robong/ros2/turtlebot3_ws/install/open_manipulator_msgs/include/open_manipulator_msgs/open_manipulator_msgs/srv/detail/set_actuator_state__functions.h
[3.170s] -- Up-to-date: /home/song/apps/robong/ros2/turtlebot3_ws/install/open_manipulator_msgs/include/open_manipulator_msgs/open_manipulator_msgs/srv/detail/set_actuator_state__struct.h
[3.173s] -- Up-to-date: /home/song/apps/robong/ros2/turtlebot3_ws/install/open_manipulator_msgs/include/open_manipulator_msgs/open_manipulator_msgs/srv/detail/set_kinematics_pose__functions.h
[3.173s] -- Up-to-date: /home/song/apps/robong/ros2/turtlebot3_ws/install/open_manipulator_msgs/include/open_manipulator_msgs/open_manipulator_msgs/srv/detail/get_joint_position__struct.h
[3.174s] -- Up-to-date: /home/song/apps/robong/ros2/turtlebot3_ws/install/open_manipulator_msgs/include/open_manipulator_msgs/open_manipulator_msgs/srv/detail/set_joint_position__type_support.h
[3.174s] -- Up-to-date: /home/song/apps/robong/ros2/turtlebot3_ws/install/open_manipulator_msgs/include/open_manipulator_msgs/open_manipulator_msgs/srv/detail/get_kinematics_pose__functions.h
[3.174s] -- Up-to-date: /home/song/apps/robong/ros2/turtlebot3_ws/install/open_manipulator_msgs/include/open_manipulator_msgs/open_manipulator_msgs/srv/detail/set_actuator_state__functions.c
[3.174s] -- Up-to-date: /home/song/apps/robong/ros2/turtlebot3_ws/install/open_manipulator_msgs/include/open_manipulator_msgs/open_manipulator_msgs/srv/detail/set_actuator_state__type_support.h
[3.175s] -- Up-to-date: /home/song/apps/robong/ros2/turtlebot3_ws/install/open_manipulator_msgs/include/open_manipulator_msgs/open_manipulator_msgs/srv/detail/set_kinematics_pose__type_support.h
[3.175s] -- Up-to-date: /home/song/apps/robong/ros2/turtlebot3_ws/install/open_manipulator_msgs/include/open_manipulator_msgs/open_manipulator_msgs/srv/detail/set_drawing_trajectory__functions.h
[3.175s] -- Up-to-date: /home/song/apps/robong/ros2/turtlebot3_ws/install/open_manipulator_msgs/include/open_manipulator_msgs/open_manipulator_msgs/srv/detail/set_drawing_trajectory__struct.h
[3.178s] -- Up-to-date: /home/song/apps/robong/ros2/turtlebot3_ws/install/open_manipulator_msgs/include/open_manipulator_msgs/open_manipulator_msgs/srv/detail/get_kinematics_pose__type_support.h
[3.178s] -- Up-to-date: /home/song/apps/robong/ros2/turtlebot3_ws/install/open_manipulator_msgs/include/open_manipulator_msgs/open_manipulator_msgs/srv/detail/set_joint_position__functions.c
[3.179s] -- Up-to-date: /home/song/apps/robong/ros2/turtlebot3_ws/install/open_manipulator_msgs/include/open_manipulator_msgs/open_manipulator_msgs/srv/detail/set_joint_position__struct.h
[3.179s] -- Up-to-date: /home/song/apps/robong/ros2/turtlebot3_ws/install/open_manipulator_msgs/include/open_manipulator_msgs/open_manipulator_msgs/srv/get_joint_position.h
[3.179s] -- Up-to-date: /home/song/apps/robong/ros2/turtlebot3_ws/install/open_manipulator_msgs/include/open_manipulator_msgs/open_manipulator_msgs/srv/set_drawing_trajectory.h
[3.179s] -- Up-to-date: /home/song/apps/robong/ros2/turtlebot3_ws/install/open_manipulator_msgs/include/open_manipulator_msgs/open_manipulator_msgs/srv/set_joint_position.h
[3.179s] -- Up-to-date: /home/song/apps/robong/ros2/turtlebot3_ws/install/open_manipulator_msgs/include/open_manipulator_msgs/open_manipulator_msgs/srv/set_kinematics_pose.h
[3.180s] -- Up-to-date: /home/song/apps/robong/ros2/turtlebot3_ws/install/open_manipulator_msgs/include/open_manipulator_msgs/open_manipulator_msgs/srv/get_kinematics_pose.h
[3.180s] -- Up-to-date: /home/song/apps/robong/ros2/turtlebot3_ws/install/open_manipulator_msgs/include/open_manipulator_msgs/open_manipulator_msgs/srv/set_actuator_state.h
[3.180s] -- Up-to-date: /home/song/apps/robong/ros2/turtlebot3_ws/install/open_manipulator_msgs/share/open_manipulator_msgs/environment/library_path.sh
[3.182s] -- Up-to-date: /home/song/apps/robong/ros2/turtlebot3_ws/install/open_manipulator_msgs/share/open_manipulator_msgs/environment/library_path.dsv
[3.183s] -- Up-to-date: /home/song/apps/robong/ros2/turtlebot3_ws/install/open_manipulator_msgs/lib/libopen_manipulator_msgs__rosidl_generator_c.so
[3.183s] -- Up-to-date: /home/song/apps/robong/ros2/turtlebot3_ws/install/open_manipulator_msgs/include/open_manipulator_msgs/open_manipulator_msgs
[3.183s] -- Up-to-date: /home/song/apps/robong/ros2/turtlebot3_ws/install/open_manipulator_msgs/include/open_manipulator_msgs/open_manipulator_msgs/msg
[3.185s] -- Up-to-date: /home/song/apps/robong/ros2/turtlebot3_ws/install/open_manipulator_msgs/include/open_manipulator_msgs/open_manipulator_msgs/msg/detail
[3.185s] -- Up-to-date: /home/song/apps/robong/ros2/turtlebot3_ws/install/open_manipulator_msgs/include/open_manipulator_msgs/open_manipulator_msgs/msg/detail/open_manipulator_state__rosidl_typesupport_fastrtps_c.h
[3.186s] -- Up-to-date: /home/song/apps/robong/ros2/turtlebot3_ws/install/open_manipulator_msgs/include/open_manipulator_msgs/open_manipulator_msgs/msg/detail/kinematics_pose__rosidl_typesupport_fastrtps_c.h
[3.186s] -- Up-to-date: /home/song/apps/robong/ros2/turtlebot3_ws/install/open_manipulator_msgs/include/open_manipulator_msgs/open_manipulator_msgs/msg/detail/joint_position__rosidl_typesupport_fastrtps_c.h
[3.186s] -- Up-to-date: /home/song/apps/robong/ros2/turtlebot3_ws/install/open_manipulator_msgs/include/open_manipulator_msgs/open_manipulator_msgs/msg/rosidl_typesupport_fastrtps_c__visibility_control.h
[3.186s] -- Up-to-date: /home/song/apps/robong/ros2/turtlebot3_ws/install/open_manipulator_msgs/include/open_manipulator_msgs/open_manipulator_msgs/srv
[3.187s] -- Up-to-date: /home/song/apps/robong/ros2/turtlebot3_ws/install/open_manipulator_msgs/include/open_manipulator_msgs/open_manipulator_msgs/srv/detail
[3.187s] -- Up-to-date: /home/song/apps/robong/ros2/turtlebot3_ws/install/open_manipulator_msgs/include/open_manipulator_msgs/open_manipulator_msgs/srv/detail/set_actuator_state__rosidl_typesupport_fastrtps_c.h
[3.187s] -- Up-to-date: /home/song/apps/robong/ros2/turtlebot3_ws/install/open_manipulator_msgs/include/open_manipulator_msgs/open_manipulator_msgs/srv/detail/get_kinematics_pose__rosidl_typesupport_fastrtps_c.h
[3.190s] -- Up-to-date: /home/song/apps/robong/ros2/turtlebot3_ws/install/open_manipulator_msgs/include/open_manipulator_msgs/open_manipulator_msgs/srv/detail/get_joint_position__rosidl_typesupport_fastrtps_c.h
[3.191s] -- Up-to-date: /home/song/apps/robong/ros2/turtlebot3_ws/install/open_manipulator_msgs/include/open_manipulator_msgs/open_manipulator_msgs/srv/detail/set_kinematics_pose__rosidl_typesupport_fastrtps_c.h
[3.191s] -- Up-to-date: /home/song/apps/robong/ros2/turtlebot3_ws/install/open_manipulator_msgs/include/open_manipulator_msgs/open_manipulator_msgs/srv/detail/set_drawing_trajectory__rosidl_typesupport_fastrtps_c.h
[3.191s] -- Up-to-date: /home/song/apps/robong/ros2/turtlebot3_ws/install/open_manipulator_msgs/include/open_manipulator_msgs/open_manipulator_msgs/srv/detail/set_joint_position__rosidl_typesupport_fastrtps_c.h
[3.191s] -- Up-to-date: /home/song/apps/robong/ros2/turtlebot3_ws/install/open_manipulator_msgs/lib/libopen_manipulator_msgs__rosidl_typesupport_fastrtps_c.so
[3.192s] -- Up-to-date: /home/song/apps/robong/ros2/turtlebot3_ws/install/open_manipulator_msgs/include/open_manipulator_msgs/open_manipulator_msgs
[3.192s] -- Up-to-date: /home/song/apps/robong/ros2/turtlebot3_ws/install/open_manipulator_msgs/include/open_manipulator_msgs/open_manipulator_msgs/msg
[3.192s] -- Up-to-date: /home/song/apps/robong/ros2/turtlebot3_ws/install/open_manipulator_msgs/include/open_manipulator_msgs/open_manipulator_msgs/msg/detail
[3.192s] -- Up-to-date: /home/song/apps/robong/ros2/turtlebot3_ws/install/open_manipulator_msgs/include/open_manipulator_msgs/open_manipulator_msgs/msg/detail/joint_position__builder.hpp
[3.192s] -- Up-to-date: /home/song/apps/robong/ros2/turtlebot3_ws/install/open_manipulator_msgs/include/open_manipulator_msgs/open_manipulator_msgs/msg/detail/kinematics_pose__builder.hpp
[3.193s] -- Up-to-date: /home/song/apps/robong/ros2/turtlebot3_ws/install/open_manipulator_msgs/include/open_manipulator_msgs/open_manipulator_msgs/msg/detail/open_manipulator_state__traits.hpp
[3.193s] -- Up-to-date: /home/song/apps/robong/ros2/turtlebot3_ws/install/open_manipulator_msgs/include/open_manipulator_msgs/open_manipulator_msgs/msg/detail/kinematics_pose__traits.hpp
[3.197s] -- Up-to-date: /home/song/apps/robong/ros2/turtlebot3_ws/install/open_manipulator_msgs/include/open_manipulator_msgs/open_manipulator_msgs/msg/detail/kinematics_pose__struct.hpp
[3.197s] -- Up-to-date: /home/song/apps/robong/ros2/turtlebot3_ws/install/open_manipulator_msgs/include/open_manipulator_msgs/open_manipulator_msgs/msg/detail/open_manipulator_state__struct.hpp
[3.197s] -- Up-to-date: /home/song/apps/robong/ros2/turtlebot3_ws/install/open_manipulator_msgs/include/open_manipulator_msgs/open_manipulator_msgs/msg/detail/joint_position__traits.hpp
[3.197s] -- Up-to-date: /home/song/apps/robong/ros2/turtlebot3_ws/install/open_manipulator_msgs/include/open_manipulator_msgs/open_manipulator_msgs/msg/detail/open_manipulator_state__builder.hpp
[3.198s] -- Up-to-date: /home/song/apps/robong/ros2/turtlebot3_ws/install/open_manipulator_msgs/include/open_manipulator_msgs/open_manipulator_msgs/msg/detail/joint_position__struct.hpp
[3.198s] -- Up-to-date: /home/song/apps/robong/ros2/turtlebot3_ws/install/open_manipulator_msgs/include/open_manipulator_msgs/open_manipulator_msgs/msg/open_manipulator_state.hpp
[3.198s] -- Up-to-date: /home/song/apps/robong/ros2/turtlebot3_ws/install/open_manipulator_msgs/include/open_manipulator_msgs/open_manipulator_msgs/msg/joint_position.hpp
[3.199s] -- Up-to-date: /home/song/apps/robong/ros2/turtlebot3_ws/install/open_manipulator_msgs/include/open_manipulator_msgs/open_manipulator_msgs/msg/kinematics_pose.hpp
[3.200s] -- Up-to-date: /home/song/apps/robong/ros2/turtlebot3_ws/install/open_manipulator_msgs/include/open_manipulator_msgs/open_manipulator_msgs/srv
[3.200s] -- Up-to-date: /home/song/apps/robong/ros2/turtlebot3_ws/install/open_manipulator_msgs/include/open_manipulator_msgs/open_manipulator_msgs/srv/set_kinematics_pose.hpp
[3.200s] -- Up-to-date: /home/song/apps/robong/ros2/turtlebot3_ws/install/open_manipulator_msgs/include/open_manipulator_msgs/open_manipulator_msgs/srv/set_drawing_trajectory.hpp
[3.200s] -- Up-to-date: /home/song/apps/robong/ros2/turtlebot3_ws/install/open_manipulator_msgs/include/open_manipulator_msgs/open_manipulator_msgs/srv/detail
[3.201s] -- Up-to-date: /home/song/apps/robong/ros2/turtlebot3_ws/install/open_manipulator_msgs/include/open_manipulator_msgs/open_manipulator_msgs/srv/detail/set_actuator_state__traits.hpp
[3.201s] -- Up-to-date: /home/song/apps/robong/ros2/turtlebot3_ws/install/open_manipulator_msgs/include/open_manipulator_msgs/open_manipulator_msgs/srv/detail/set_joint_position__traits.hpp
[3.201s] -- Up-to-date: /home/song/apps/robong/ros2/turtlebot3_ws/install/open_manipulator_msgs/include/open_manipulator_msgs/open_manipulator_msgs/srv/detail/set_drawing_trajectory__struct.hpp
[3.201s] -- Up-to-date: /home/song/apps/robong/ros2/turtlebot3_ws/install/open_manipulator_msgs/include/open_manipulator_msgs/open_manipulator_msgs/srv/detail/set_actuator_state__struct.hpp
[3.201s] -- Up-to-date: /home/song/apps/robong/ros2/turtlebot3_ws/install/open_manipulator_msgs/include/open_manipulator_msgs/open_manipulator_msgs/srv/detail/get_kinematics_pose__traits.hpp
[3.202s] -- Up-to-date: /home/song/apps/robong/ros2/turtlebot3_ws/install/open_manipulator_msgs/include/open_manipulator_msgs/open_manipulator_msgs/srv/detail/set_joint_position__builder.hpp
[3.202s] -- Up-to-date: /home/song/apps/robong/ros2/turtlebot3_ws/install/open_manipulator_msgs/include/open_manipulator_msgs/open_manipulator_msgs/srv/detail/get_kinematics_pose__builder.hpp
[3.202s] -- Up-to-date: /home/song/apps/robong/ros2/turtlebot3_ws/install/open_manipulator_msgs/include/open_manipulator_msgs/open_manipulator_msgs/srv/detail/set_kinematics_pose__builder.hpp
[3.205s] -- Up-to-date: /home/song/apps/robong/ros2/turtlebot3_ws/install/open_manipulator_msgs/include/open_manipulator_msgs/open_manipulator_msgs/srv/detail/set_drawing_trajectory__traits.hpp
[3.206s] -- Up-to-date: /home/song/apps/robong/ros2/turtlebot3_ws/install/open_manipulator_msgs/include/open_manipulator_msgs/open_manipulator_msgs/srv/detail/set_actuator_state__builder.hpp
[3.206s] -- Up-to-date: /home/song/apps/robong/ros2/turtlebot3_ws/install/open_manipulator_msgs/include/open_manipulator_msgs/open_manipulator_msgs/srv/detail/set_kinematics_pose__traits.hpp
[3.206s] -- Up-to-date: /home/song/apps/robong/ros2/turtlebot3_ws/install/open_manipulator_msgs/include/open_manipulator_msgs/open_manipulator_msgs/srv/detail/get_kinematics_pose__struct.hpp
[3.210s] -- Up-to-date: /home/song/apps/robong/ros2/turtlebot3_ws/install/open_manipulator_msgs/include/open_manipulator_msgs/open_manipulator_msgs/srv/detail/get_joint_position__struct.hpp
[3.210s] -- Up-to-date: /home/song/apps/robong/ros2/turtlebot3_ws/install/open_manipulator_msgs/include/open_manipulator_msgs/open_manipulator_msgs/srv/detail/set_joint_position__struct.hpp
[3.210s] -- Up-to-date: /home/song/apps/robong/ros2/turtlebot3_ws/install/open_manipulator_msgs/include/open_manipulator_msgs/open_manipulator_msgs/srv/detail/set_kinematics_pose__struct.hpp
[3.211s] -- Up-to-date: /home/song/apps/robong/ros2/turtlebot3_ws/install/open_manipulator_msgs/include/open_manipulator_msgs/open_manipulator_msgs/srv/detail/get_joint_position__builder.hpp
[3.211s] -- Up-to-date: /home/song/apps/robong/ros2/turtlebot3_ws/install/open_manipulator_msgs/include/open_manipulator_msgs/open_manipulator_msgs/srv/detail/get_joint_position__traits.hpp
[3.211s] -- Up-to-date: /home/song/apps/robong/ros2/turtlebot3_ws/install/open_manipulator_msgs/include/open_manipulator_msgs/open_manipulator_msgs/srv/detail/set_drawing_trajectory__builder.hpp
[3.211s] -- Up-to-date: /home/song/apps/robong/ros2/turtlebot3_ws/install/open_manipulator_msgs/include/open_manipulator_msgs/open_manipulator_msgs/srv/set_joint_position.hpp
[3.212s] -- Up-to-date: /home/song/apps/robong/ros2/turtlebot3_ws/install/open_manipulator_msgs/include/open_manipulator_msgs/open_manipulator_msgs/srv/set_actuator_state.hpp
[3.212s] -- Up-to-date: /home/song/apps/robong/ros2/turtlebot3_ws/install/open_manipulator_msgs/include/open_manipulator_msgs/open_manipulator_msgs/srv/get_kinematics_pose.hpp
[3.212s] -- Up-to-date: /home/song/apps/robong/ros2/turtlebot3_ws/install/open_manipulator_msgs/include/open_manipulator_msgs/open_manipulator_msgs/srv/get_joint_position.hpp
[3.218s] -- Up-to-date: /home/song/apps/robong/ros2/turtlebot3_ws/install/open_manipulator_msgs/include/open_manipulator_msgs/open_manipulator_msgs
[3.218s] -- Up-to-date: /home/song/apps/robong/ros2/turtlebot3_ws/install/open_manipulator_msgs/include/open_manipulator_msgs/open_manipulator_msgs/msg
[3.218s] -- Up-to-date: /home/song/apps/robong/ros2/turtlebot3_ws/install/open_manipulator_msgs/include/open_manipulator_msgs/open_manipulator_msgs/msg/detail
[3.219s] -- Up-to-date: /home/song/apps/robong/ros2/turtlebot3_ws/install/open_manipulator_msgs/include/open_manipulator_msgs/open_manipulator_msgs/msg/detail/dds_fastrtps
[3.219s] -- Up-to-date: /home/song/apps/robong/ros2/turtlebot3_ws/install/open_manipulator_msgs/include/open_manipulator_msgs/open_manipulator_msgs/msg/detail/joint_position__rosidl_typesupport_fastrtps_cpp.hpp
[3.219s] -- Up-to-date: /home/song/apps/robong/ros2/turtlebot3_ws/install/open_manipulator_msgs/include/open_manipulator_msgs/open_manipulator_msgs/msg/detail/kinematics_pose__rosidl_typesupport_fastrtps_cpp.hpp
[3.219s] -- Up-to-date: /home/song/apps/robong/ros2/turtlebot3_ws/install/open_manipulator_msgs/include/open_manipulator_msgs/open_manipulator_msgs/msg/detail/open_manipulator_state__rosidl_typesupport_fastrtps_cpp.hpp
[3.220s] -- Up-to-date: /home/song/apps/robong/ros2/turtlebot3_ws/install/open_manipulator_msgs/include/open_manipulator_msgs/open_manipulator_msgs/msg/rosidl_typesupport_fastrtps_cpp__visibility_control.h
[3.220s] -- Up-to-date: /home/song/apps/robong/ros2/turtlebot3_ws/install/open_manipulator_msgs/include/open_manipulator_msgs/open_manipulator_msgs/srv
[3.220s] -- Up-to-date: /home/song/apps/robong/ros2/turtlebot3_ws/install/open_manipulator_msgs/include/open_manipulator_msgs/open_manipulator_msgs/srv/detail
[3.220s] -- Up-to-date: /home/song/apps/robong/ros2/turtlebot3_ws/install/open_manipulator_msgs/include/open_manipulator_msgs/open_manipulator_msgs/srv/detail/set_actuator_state__rosidl_typesupport_fastrtps_cpp.hpp
[3.221s] -- Up-to-date: /home/song/apps/robong/ros2/turtlebot3_ws/install/open_manipulator_msgs/include/open_manipulator_msgs/open_manipulator_msgs/srv/detail/dds_fastrtps
[3.221s] -- Up-to-date: /home/song/apps/robong/ros2/turtlebot3_ws/install/open_manipulator_msgs/include/open_manipulator_msgs/open_manipulator_msgs/srv/detail/get_joint_position__rosidl_typesupport_fastrtps_cpp.hpp
[3.221s] -- Up-to-date: /home/song/apps/robong/ros2/turtlebot3_ws/install/open_manipulator_msgs/include/open_manipulator_msgs/open_manipulator_msgs/srv/detail/set_joint_position__rosidl_typesupport_fastrtps_cpp.hpp
[3.223s] -- Up-to-date: /home/song/apps/robong/ros2/turtlebot3_ws/install/open_manipulator_msgs/include/open_manipulator_msgs/open_manipulator_msgs/srv/detail/get_kinematics_pose__rosidl_typesupport_fastrtps_cpp.hpp
[3.225s] -- Up-to-date: /home/song/apps/robong/ros2/turtlebot3_ws/install/open_manipulator_msgs/include/open_manipulator_msgs/open_manipulator_msgs/srv/detail/set_kinematics_pose__rosidl_typesupport_fastrtps_cpp.hpp
[3.226s] -- Up-to-date: /home/song/apps/robong/ros2/turtlebot3_ws/install/open_manipulator_msgs/include/open_manipulator_msgs/open_manipulator_msgs/srv/detail/set_drawing_trajectory__rosidl_typesupport_fastrtps_cpp.hpp
[3.226s] -- Up-to-date: /home/song/apps/robong/ros2/turtlebot3_ws/install/open_manipulator_msgs/lib/libopen_manipulator_msgs__rosidl_typesupport_fastrtps_cpp.so
[3.226s] -- Up-to-date: /home/song/apps/robong/ros2/turtlebot3_ws/install/open_manipulator_msgs/include/open_manipulator_msgs/open_manipulator_msgs
[3.228s] -- Up-to-date: /home/song/apps/robong/ros2/turtlebot3_ws/install/open_manipulator_msgs/include/open_manipulator_msgs/open_manipulator_msgs/msg
[3.229s] -- Up-to-date: /home/song/apps/robong/ros2/turtlebot3_ws/install/open_manipulator_msgs/include/open_manipulator_msgs/open_manipulator_msgs/msg/detail
[3.229s] -- Up-to-date: /home/song/apps/robong/ros2/turtlebot3_ws/install/open_manipulator_msgs/include/open_manipulator_msgs/open_manipulator_msgs/msg/detail/joint_position__type_support.c
[3.229s] -- Up-to-date: /home/song/apps/robong/ros2/turtlebot3_ws/install/open_manipulator_msgs/include/open_manipulator_msgs/open_manipulator_msgs/msg/detail/joint_position__rosidl_typesupport_introspection_c.h
[3.232s] -- Up-to-date: /home/song/apps/robong/ros2/turtlebot3_ws/install/open_manipulator_msgs/include/open_manipulator_msgs/open_manipulator_msgs/msg/detail/open_manipulator_state__type_support.c
[3.232s] -- Up-to-date: /home/song/apps/robong/ros2/turtlebot3_ws/install/open_manipulator_msgs/include/open_manipulator_msgs/open_manipulator_msgs/msg/detail/kinematics_pose__rosidl_typesupport_introspection_c.h
[3.233s] -- Up-to-date: /home/song/apps/robong/ros2/turtlebot3_ws/install/open_manipulator_msgs/include/open_manipulator_msgs/open_manipulator_msgs/msg/detail/open_manipulator_state__rosidl_typesupport_introspection_c.h
[3.233s] -- Up-to-date: /home/song/apps/robong/ros2/turtlebot3_ws/install/open_manipulator_msgs/include/open_manipulator_msgs/open_manipulator_msgs/msg/detail/kinematics_pose__type_support.c
[3.233s] -- Up-to-date: /home/song/apps/robong/ros2/turtlebot3_ws/install/open_manipulator_msgs/include/open_manipulator_msgs/open_manipulator_msgs/msg/rosidl_typesupport_introspection_c__visibility_control.h
[3.233s] -- Up-to-date: /home/song/apps/robong/ros2/turtlebot3_ws/install/open_manipulator_msgs/include/open_manipulator_msgs/open_manipulator_msgs/srv
[3.234s] -- Up-to-date: /home/song/apps/robong/ros2/turtlebot3_ws/install/open_manipulator_msgs/include/open_manipulator_msgs/open_manipulator_msgs/srv/detail
[3.234s] -- Up-to-date: /home/song/apps/robong/ros2/turtlebot3_ws/install/open_manipulator_msgs/include/open_manipulator_msgs/open_manipulator_msgs/srv/detail/get_joint_position__rosidl_typesupport_introspection_c.h
[3.234s] -- Up-to-date: /home/song/apps/robong/ros2/turtlebot3_ws/install/open_manipulator_msgs/include/open_manipulator_msgs/open_manipulator_msgs/srv/detail/set_actuator_state__rosidl_typesupport_introspection_c.h
[3.239s] -- Up-to-date: /home/song/apps/robong/ros2/turtlebot3_ws/install/open_manipulator_msgs/include/open_manipulator_msgs/open_manipulator_msgs/srv/detail/set_drawing_trajectory__type_support.c
[3.242s] -- Up-to-date: /home/song/apps/robong/ros2/turtlebot3_ws/install/open_manipulator_msgs/include/open_manipulator_msgs/open_manipulator_msgs/srv/detail/set_actuator_state__type_support.c
[3.243s] -- Up-to-date: /home/song/apps/robong/ros2/turtlebot3_ws/install/open_manipulator_msgs/include/open_manipulator_msgs/open_manipulator_msgs/srv/detail/set_kinematics_pose__type_support.c
[3.243s] -- Up-to-date: /home/song/apps/robong/ros2/turtlebot3_ws/install/open_manipulator_msgs/include/open_manipulator_msgs/open_manipulator_msgs/srv/detail/set_drawing_trajectory__rosidl_typesupport_introspection_c.h
[3.243s] -- Up-to-date: /home/song/apps/robong/ros2/turtlebot3_ws/install/open_manipulator_msgs/include/open_manipulator_msgs/open_manipulator_msgs/srv/detail/set_joint_position__type_support.c
[3.248s] -- Up-to-date: /home/song/apps/robong/ros2/turtlebot3_ws/install/open_manipulator_msgs/include/open_manipulator_msgs/open_manipulator_msgs/srv/detail/set_kinematics_pose__rosidl_typesupport_introspection_c.h
[3.249s] -- Up-to-date: /home/song/apps/robong/ros2/turtlebot3_ws/install/open_manipulator_msgs/include/open_manipulator_msgs/open_manipulator_msgs/srv/detail/get_kinematics_pose__type_support.c
[3.260s] -- Up-to-date: /home/song/apps/robong/ros2/turtlebot3_ws/install/open_manipulator_msgs/include/open_manipulator_msgs/open_manipulator_msgs/srv/detail/get_kinematics_pose__rosidl_typesupport_introspection_c.h
[3.260s] -- Up-to-date: /home/song/apps/robong/ros2/turtlebot3_ws/install/open_manipulator_msgs/include/open_manipulator_msgs/open_manipulator_msgs/srv/detail/set_joint_position__rosidl_typesupport_introspection_c.h
[3.260s] -- Up-to-date: /home/song/apps/robong/ros2/turtlebot3_ws/install/open_manipulator_msgs/include/open_manipulator_msgs/open_manipulator_msgs/srv/detail/get_joint_position__type_support.c
[3.262s] -- Up-to-date: /home/song/apps/robong/ros2/turtlebot3_ws/install/open_manipulator_msgs/lib/libopen_manipulator_msgs__rosidl_typesupport_introspection_c.so
[3.263s] -- Up-to-date: /home/song/apps/robong/ros2/turtlebot3_ws/install/open_manipulator_msgs/lib/libopen_manipulator_msgs__rosidl_typesupport_c.so
[3.263s] -- Up-to-date: /home/song/apps/robong/ros2/turtlebot3_ws/install/open_manipulator_msgs/include/open_manipulator_msgs/open_manipulator_msgs
[3.270s] -- Up-to-date: /home/song/apps/robong/ros2/turtlebot3_ws/install/open_manipulator_msgs/include/open_manipulator_msgs/open_manipulator_msgs/msg
[3.270s] -- Up-to-date: /home/song/apps/robong/ros2/turtlebot3_ws/install/open_manipulator_msgs/include/open_manipulator_msgs/open_manipulator_msgs/msg/detail
[3.271s] -- Up-to-date: /home/song/apps/robong/ros2/turtlebot3_ws/install/open_manipulator_msgs/include/open_manipulator_msgs/open_manipulator_msgs/msg/detail/joint_position__type_support.cpp
[3.271s] -- Up-to-date: /home/song/apps/robong/ros2/turtlebot3_ws/install/open_manipulator_msgs/include/open_manipulator_msgs/open_manipulator_msgs/msg/detail/joint_position__rosidl_typesupport_introspection_cpp.hpp
[3.271s] -- Up-to-date: /home/song/apps/robong/ros2/turtlebot3_ws/install/open_manipulator_msgs/include/open_manipulator_msgs/open_manipulator_msgs/msg/detail/kinematics_pose__type_support.cpp
[3.271s] -- Up-to-date: /home/song/apps/robong/ros2/turtlebot3_ws/install/open_manipulator_msgs/include/open_manipulator_msgs/open_manipulator_msgs/msg/detail/kinematics_pose__rosidl_typesupport_introspection_cpp.hpp
[3.272s] -- Up-to-date: /home/song/apps/robong/ros2/turtlebot3_ws/install/open_manipulator_msgs/include/open_manipulator_msgs/open_manipulator_msgs/msg/detail/open_manipulator_state__type_support.cpp
[3.272s] -- Up-to-date: /home/song/apps/robong/ros2/turtlebot3_ws/install/open_manipulator_msgs/include/open_manipulator_msgs/open_manipulator_msgs/msg/detail/open_manipulator_state__rosidl_typesupport_introspection_cpp.hpp
[3.272s] -- Up-to-date: /home/song/apps/robong/ros2/turtlebot3_ws/install/open_manipulator_msgs/include/open_manipulator_msgs/open_manipulator_msgs/srv
[3.277s] -- Up-to-date: /home/song/apps/robong/ros2/turtlebot3_ws/install/open_manipulator_msgs/include/open_manipulator_msgs/open_manipulator_msgs/srv/detail
[3.278s] -- Up-to-date: /home/song/apps/robong/ros2/turtlebot3_ws/install/open_manipulator_msgs/include/open_manipulator_msgs/open_manipulator_msgs/srv/detail/set_drawing_trajectory__rosidl_typesupport_introspection_cpp.hpp
[3.278s] -- Up-to-date: /home/song/apps/robong/ros2/turtlebot3_ws/install/open_manipulator_msgs/include/open_manipulator_msgs/open_manipulator_msgs/srv/detail/set_kinematics_pose__rosidl_typesupport_introspection_cpp.hpp
[3.278s] -- Up-to-date: /home/song/apps/robong/ros2/turtlebot3_ws/install/open_manipulator_msgs/include/open_manipulator_msgs/open_manipulator_msgs/srv/detail/set_actuator_state__type_support.cpp
[3.278s] -- Up-to-date: /home/song/apps/robong/ros2/turtlebot3_ws/install/open_manipulator_msgs/include/open_manipulator_msgs/open_manipulator_msgs/srv/detail/set_kinematics_pose__type_support.cpp
[3.279s] -- Up-to-date: /home/song/apps/robong/ros2/turtlebot3_ws/install/open_manipulator_msgs/include/open_manipulator_msgs/open_manipulator_msgs/srv/detail/set_joint_position__rosidl_typesupport_introspection_cpp.hpp
[3.279s] -- Up-to-date: /home/song/apps/robong/ros2/turtlebot3_ws/install/open_manipulator_msgs/include/open_manipulator_msgs/open_manipulator_msgs/srv/detail/get_joint_position__type_support.cpp
[3.279s] -- Up-to-date: /home/song/apps/robong/ros2/turtlebot3_ws/install/open_manipulator_msgs/include/open_manipulator_msgs/open_manipulator_msgs/srv/detail/get_kinematics_pose__rosidl_typesupport_introspection_cpp.hpp
[3.279s] -- Up-to-date: /home/song/apps/robong/ros2/turtlebot3_ws/install/open_manipulator_msgs/include/open_manipulator_msgs/open_manipulator_msgs/srv/detail/set_drawing_trajectory__type_support.cpp
[3.279s] -- Up-to-date: /home/song/apps/robong/ros2/turtlebot3_ws/install/open_manipulator_msgs/include/open_manipulator_msgs/open_manipulator_msgs/srv/detail/set_joint_position__type_support.cpp
[3.280s] -- Up-to-date: /home/song/apps/robong/ros2/turtlebot3_ws/install/open_manipulator_msgs/include/open_manipulator_msgs/open_manipulator_msgs/srv/detail/get_joint_position__rosidl_typesupport_introspection_cpp.hpp
[3.280s] -- Up-to-date: /home/song/apps/robong/ros2/turtlebot3_ws/install/open_manipulator_msgs/include/open_manipulator_msgs/open_manipulator_msgs/srv/detail/set_actuator_state__rosidl_typesupport_introspection_cpp.hpp
[3.289s] -- Up-to-date: /home/song/apps/robong/ros2/turtlebot3_ws/install/open_manipulator_msgs/include/open_manipulator_msgs/open_manipulator_msgs/srv/detail/get_kinematics_pose__type_support.cpp
[3.290s] -- Up-to-date: /home/song/apps/robong/ros2/turtlebot3_ws/install/open_manipulator_msgs/lib/libopen_manipulator_msgs__rosidl_typesupport_introspection_cpp.so
[3.290s] -- Up-to-date: /home/song/apps/robong/ros2/turtlebot3_ws/install/open_manipulator_msgs/lib/libopen_manipulator_msgs__rosidl_typesupport_cpp.so
[3.290s] -- Up-to-date: /home/song/apps/robong/ros2/turtlebot3_ws/install/open_manipulator_msgs/share/open_manipulator_msgs/environment/pythonpath.sh
[3.290s] -- Up-to-date: /home/song/apps/robong/ros2/turtlebot3_ws/install/open_manipulator_msgs/share/open_manipulator_msgs/environment/pythonpath.dsv
[3.291s] -- Up-to-date: /home/song/apps/robong/ros2/turtlebot3_ws/install/open_manipulator_msgs/local/lib/python3.10/dist-packages/open_manipulator_msgs-2.2.0-py3.10.egg-info
[3.291s] -- Installing: /home/song/apps/robong/ros2/turtlebot3_ws/install/open_manipulator_msgs/local/lib/python3.10/dist-packages/open_manipulator_msgs-2.2.0-py3.10.egg-info/dependency_links.txt
[3.294s] -- Installing: /home/song/apps/robong/ros2/turtlebot3_ws/install/open_manipulator_msgs/local/lib/python3.10/dist-packages/open_manipulator_msgs-2.2.0-py3.10.egg-info/top_level.txt
[3.295s] -- Installing: /home/song/apps/robong/ros2/turtlebot3_ws/install/open_manipulator_msgs/local/lib/python3.10/dist-packages/open_manipulator_msgs-2.2.0-py3.10.egg-info/SOURCES.txt
[3.295s] -- Installing: /home/song/apps/robong/ros2/turtlebot3_ws/install/open_manipulator_msgs/local/lib/python3.10/dist-packages/open_manipulator_msgs-2.2.0-py3.10.egg-info/PKG-INFO
[3.295s] -- Up-to-date: /home/song/apps/robong/ros2/turtlebot3_ws/install/open_manipulator_msgs/local/lib/python3.10/dist-packages/open_manipulator_msgs
[3.301s] -- Up-to-date: /home/song/apps/robong/ros2/turtlebot3_ws/install/open_manipulator_msgs/local/lib/python3.10/dist-packages/open_manipulator_msgs/msg
[3.302s] -- Up-to-date: /home/song/apps/robong/ros2/turtlebot3_ws/install/open_manipulator_msgs/local/lib/python3.10/dist-packages/open_manipulator_msgs/msg/_kinematics_pose_s.c
[3.302s] -- Up-to-date: /home/song/apps/robong/ros2/turtlebot3_ws/install/open_manipulator_msgs/local/lib/python3.10/dist-packages/open_manipulator_msgs/msg/_joint_position_s.c
[3.302s] -- Up-to-date: /home/song/apps/robong/ros2/turtlebot3_ws/install/open_manipulator_msgs/local/lib/python3.10/dist-packages/open_manipulator_msgs/msg/_joint_position.py
[3.302s] -- Up-to-date: /home/song/apps/robong/ros2/turtlebot3_ws/install/open_manipulator_msgs/local/lib/python3.10/dist-packages/open_manipulator_msgs/msg/_open_manipulator_state.py
[3.302s] -- Up-to-date: /home/song/apps/robong/ros2/turtlebot3_ws/install/open_manipulator_msgs/local/lib/python3.10/dist-packages/open_manipulator_msgs/msg/__init__.py
[3.303s] -- Up-to-date: /home/song/apps/robong/ros2/turtlebot3_ws/install/open_manipulator_msgs/local/lib/python3.10/dist-packages/open_manipulator_msgs/msg/_open_manipulator_state_s.c
[3.303s] -- Up-to-date: /home/song/apps/robong/ros2/turtlebot3_ws/install/open_manipulator_msgs/local/lib/python3.10/dist-packages/open_manipulator_msgs/msg/_kinematics_pose.py
[3.303s] -- Up-to-date: /home/song/apps/robong/ros2/turtlebot3_ws/install/open_manipulator_msgs/local/lib/python3.10/dist-packages/open_manipulator_msgs/open_manipulator_msgs_s__rosidl_typesupport_fastrtps_c.cpython-310-x86_64-linux-gnu.so
[3.303s] -- Up-to-date: /home/song/apps/robong/ros2/turtlebot3_ws/install/open_manipulator_msgs/local/lib/python3.10/dist-packages/open_manipulator_msgs/open_manipulator_msgs_s__rosidl_typesupport_introspection_c.cpython-310-x86_64-linux-gnu.so
[3.304s] -- Up-to-date: /home/song/apps/robong/ros2/turtlebot3_ws/install/open_manipulator_msgs/local/lib/python3.10/dist-packages/open_manipulator_msgs/srv
[3.304s] -- Up-to-date: /home/song/apps/robong/ros2/turtlebot3_ws/install/open_manipulator_msgs/local/lib/python3.10/dist-packages/open_manipulator_msgs/srv/_set_drawing_trajectory.py
[3.304s] -- Up-to-date: /home/song/apps/robong/ros2/turtlebot3_ws/install/open_manipulator_msgs/local/lib/python3.10/dist-packages/open_manipulator_msgs/srv/_set_kinematics_pose.py
[3.304s] -- Up-to-date: /home/song/apps/robong/ros2/turtlebot3_ws/install/open_manipulator_msgs/local/lib/python3.10/dist-packages/open_manipulator_msgs/srv/_get_kinematics_pose.py
[3.313s] -- Up-to-date: /home/song/apps/robong/ros2/turtlebot3_ws/install/open_manipulator_msgs/local/lib/python3.10/dist-packages/open_manipulator_msgs/srv/_set_actuator_state_s.c
[3.314s] -- Up-to-date: /home/song/apps/robong/ros2/turtlebot3_ws/install/open_manipulator_msgs/local/lib/python3.10/dist-packages/open_manipulator_msgs/srv/_get_joint_position_s.c
[3.314s] -- Up-to-date: /home/song/apps/robong/ros2/turtlebot3_ws/install/open_manipulator_msgs/local/lib/python3.10/dist-packages/open_manipulator_msgs/srv/_get_kinematics_pose_s.c
[3.314s] -- Up-to-date: /home/song/apps/robong/ros2/turtlebot3_ws/install/open_manipulator_msgs/local/lib/python3.10/dist-packages/open_manipulator_msgs/srv/_set_actuator_state.py
[3.314s] -- Up-to-date: /home/song/apps/robong/ros2/turtlebot3_ws/install/open_manipulator_msgs/local/lib/python3.10/dist-packages/open_manipulator_msgs/srv/__init__.py
[3.315s] -- Up-to-date: /home/song/apps/robong/ros2/turtlebot3_ws/install/open_manipulator_msgs/local/lib/python3.10/dist-packages/open_manipulator_msgs/srv/_set_kinematics_pose_s.c
[3.315s] -- Up-to-date: /home/song/apps/robong/ros2/turtlebot3_ws/install/open_manipulator_msgs/local/lib/python3.10/dist-packages/open_manipulator_msgs/srv/_set_joint_position.py
[3.315s] -- Up-to-date: /home/song/apps/robong/ros2/turtlebot3_ws/install/open_manipulator_msgs/local/lib/python3.10/dist-packages/open_manipulator_msgs/srv/_set_joint_position_s.c
[3.315s] -- Up-to-date: /home/song/apps/robong/ros2/turtlebot3_ws/install/open_manipulator_msgs/local/lib/python3.10/dist-packages/open_manipulator_msgs/srv/_get_joint_position.py
[3.316s] -- Up-to-date: /home/song/apps/robong/ros2/turtlebot3_ws/install/open_manipulator_msgs/local/lib/python3.10/dist-packages/open_manipulator_msgs/srv/_set_drawing_trajectory_s.c
[3.316s] -- Up-to-date: /home/song/apps/robong/ros2/turtlebot3_ws/install/open_manipulator_msgs/local/lib/python3.10/dist-packages/open_manipulator_msgs/__init__.py
[3.316s] -- Up-to-date: /home/song/apps/robong/ros2/turtlebot3_ws/install/open_manipulator_msgs/local/lib/python3.10/dist-packages/open_manipulator_msgs/_open_manipulator_msgs_s.ep.rosidl_typesupport_introspection_c.c
[3.325s] -- Up-to-date: /home/song/apps/robong/ros2/turtlebot3_ws/install/open_manipulator_msgs/local/lib/python3.10/dist-packages/open_manipulator_msgs/open_manipulator_msgs_s__rosidl_typesupport_c.cpython-310-x86_64-linux-gnu.so
[3.327s] -- Up-to-date: /home/song/apps/robong/ros2/turtlebot3_ws/install/open_manipulator_msgs/local/lib/python3.10/dist-packages/open_manipulator_msgs/libopen_manipulator_msgs__rosidl_generator_py.so
[3.327s] -- Up-to-date: /home/song/apps/robong/ros2/turtlebot3_ws/install/open_manipulator_msgs/local/lib/python3.10/dist-packages/open_manipulator_msgs/_open_manipulator_msgs_s.ep.rosidl_typesupport_c.c
[3.327s] -- Up-to-date: /home/song/apps/robong/ros2/turtlebot3_ws/install/open_manipulator_msgs/local/lib/python3.10/dist-packages/open_manipulator_msgs/_open_manipulator_msgs_s.ep.rosidl_typesupport_fastrtps_c.c
[3.512s] Listing '/home/song/apps/robong/ros2/turtlebot3_ws/install/open_manipulator_msgs/local/lib/python3.10/dist-packages/open_manipulator_msgs'...
[3.512s] Listing '/home/song/apps/robong/ros2/turtlebot3_ws/install/open_manipulator_msgs/local/lib/python3.10/dist-packages/open_manipulator_msgs/msg'...
[3.512s] Listing '/home/song/apps/robong/ros2/turtlebot3_ws/install/open_manipulator_msgs/local/lib/python3.10/dist-packages/open_manipulator_msgs/srv'...
[3.532s] -- Up-to-date: /home/song/apps/robong/ros2/turtlebot3_ws/install/open_manipulator_msgs/local/lib/python3.10/dist-packages/open_manipulator_msgs/open_manipulator_msgs_s__rosidl_typesupport_fastrtps_c.cpython-310-x86_64-linux-gnu.so
[3.541s] -- Up-to-date: /home/song/apps/robong/ros2/turtlebot3_ws/install/open_manipulator_msgs/local/lib/python3.10/dist-packages/open_manipulator_msgs/open_manipulator_msgs_s__rosidl_typesupport_introspection_c.cpython-310-x86_64-linux-gnu.so
[3.541s] -- Up-to-date: /home/song/apps/robong/ros2/turtlebot3_ws/install/open_manipulator_msgs/local/lib/python3.10/dist-packages/open_manipulator_msgs/open_manipulator_msgs_s__rosidl_typesupport_c.cpython-310-x86_64-linux-gnu.so
[3.541s] -- Up-to-date: /home/song/apps/robong/ros2/turtlebot3_ws/install/open_manipulator_msgs/lib/libopen_manipulator_msgs__rosidl_generator_py.so
[3.543s] -- Up-to-date: /home/song/apps/robong/ros2/turtlebot3_ws/install/open_manipulator_msgs/share/open_manipulator_msgs/msg/JointPosition.idl
[3.550s] -- Up-to-date: /home/song/apps/robong/ros2/turtlebot3_ws/install/open_manipulator_msgs/share/open_manipulator_msgs/msg/KinematicsPose.idl
[3.550s] -- Up-to-date: /home/song/apps/robong/ros2/turtlebot3_ws/install/open_manipulator_msgs/share/open_manipulator_msgs/msg/OpenManipulatorState.idl
[3.559s] -- Up-to-date: /home/song/apps/robong/ros2/turtlebot3_ws/install/open_manipulator_msgs/share/open_manipulator_msgs/srv/GetJointPosition.idl
[3.559s] -- Up-to-date: /home/song/apps/robong/ros2/turtlebot3_ws/install/open_manipulator_msgs/share/open_manipulator_msgs/srv/GetKinematicsPose.idl
[3.559s] -- Up-to-date: /home/song/apps/robong/ros2/turtlebot3_ws/install/open_manipulator_msgs/share/open_manipulator_msgs/srv/SetJointPosition.idl
[3.560s] -- Up-to-date: /home/song/apps/robong/ros2/turtlebot3_ws/install/open_manipulator_msgs/share/open_manipulator_msgs/srv/SetKinematicsPose.idl
[3.560s] -- Up-to-date: /home/song/apps/robong/ros2/turtlebot3_ws/install/open_manipulator_msgs/share/open_manipulator_msgs/srv/SetDrawingTrajectory.idl
[3.560s] -- Up-to-date: /home/song/apps/robong/ros2/turtlebot3_ws/install/open_manipulator_msgs/share/open_manipulator_msgs/srv/SetActuatorState.idl
[3.560s] -- Up-to-date: /home/song/apps/robong/ros2/turtlebot3_ws/install/open_manipulator_msgs/share/open_manipulator_msgs/msg/JointPosition.msg
[3.561s] -- Up-to-date: /home/song/apps/robong/ros2/turtlebot3_ws/install/open_manipulator_msgs/share/open_manipulator_msgs/msg/KinematicsPose.msg
[3.561s] -- Up-to-date: /home/song/apps/robong/ros2/turtlebot3_ws/install/open_manipulator_msgs/share/open_manipulator_msgs/msg/OpenManipulatorState.msg
[3.561s] -- Up-to-date: /home/song/apps/robong/ros2/turtlebot3_ws/install/open_manipulator_msgs/share/open_manipulator_msgs/srv/GetJointPosition.srv
[3.571s] -- Up-to-date: /home/song/apps/robong/ros2/turtlebot3_ws/install/open_manipulator_msgs/share/open_manipulator_msgs/srv/GetJointPosition_Request.msg
[3.572s] -- Up-to-date: /home/song/apps/robong/ros2/turtlebot3_ws/install/open_manipulator_msgs/share/open_manipulator_msgs/srv/GetJointPosition_Response.msg
[3.572s] -- Up-to-date: /home/song/apps/robong/ros2/turtlebot3_ws/install/open_manipulator_msgs/share/open_manipulator_msgs/srv/GetKinematicsPose.srv
[3.572s] -- Up-to-date: /home/song/apps/robong/ros2/turtlebot3_ws/install/open_manipulator_msgs/share/open_manipulator_msgs/srv/GetKinematicsPose_Request.msg
[3.572s] -- Up-to-date: /home/song/apps/robong/ros2/turtlebot3_ws/install/open_manipulator_msgs/share/open_manipulator_msgs/srv/GetKinematicsPose_Response.msg
[3.573s] -- Up-to-date: /home/song/apps/robong/ros2/turtlebot3_ws/install/open_manipulator_msgs/share/open_manipulator_msgs/srv/SetJointPosition.srv
[3.573s] -- Up-to-date: /home/song/apps/robong/ros2/turtlebot3_ws/install/open_manipulator_msgs/share/open_manipulator_msgs/srv/SetJointPosition_Request.msg
[3.573s] -- Up-to-date: /home/song/apps/robong/ros2/turtlebot3_ws/install/open_manipulator_msgs/share/open_manipulator_msgs/srv/SetJointPosition_Response.msg
[3.573s] -- Up-to-date: /home/song/apps/robong/ros2/turtlebot3_ws/install/open_manipulator_msgs/share/open_manipulator_msgs/srv/SetKinematicsPose.srv
[3.574s] -- Up-to-date: /home/song/apps/robong/ros2/turtlebot3_ws/install/open_manipulator_msgs/share/open_manipulator_msgs/srv/SetKinematicsPose_Request.msg
[3.574s] -- Up-to-date: /home/song/apps/robong/ros2/turtlebot3_ws/install/open_manipulator_msgs/share/open_manipulator_msgs/srv/SetKinematicsPose_Response.msg
[3.574s] -- Up-to-date: /home/song/apps/robong/ros2/turtlebot3_ws/install/open_manipulator_msgs/share/open_manipulator_msgs/srv/SetDrawingTrajectory.srv
[3.582s] -- Up-to-date: /home/song/apps/robong/ros2/turtlebot3_ws/install/open_manipulator_msgs/share/open_manipulator_msgs/srv/SetDrawingTrajectory_Request.msg
[3.583s] -- Up-to-date: /home/song/apps/robong/ros2/turtlebot3_ws/install/open_manipulator_msgs/share/open_manipulator_msgs/srv/SetDrawingTrajectory_Response.msg
[3.584s] -- Up-to-date: /home/song/apps/robong/ros2/turtlebot3_ws/install/open_manipulator_msgs/share/open_manipulator_msgs/srv/SetActuatorState.srv
[3.584s] -- Up-to-date: /home/song/apps/robong/ros2/turtlebot3_ws/install/open_manipulator_msgs/share/open_manipulator_msgs/srv/SetActuatorState_Request.msg
[3.585s] -- Up-to-date: /home/song/apps/robong/ros2/turtlebot3_ws/install/open_manipulator_msgs/share/open_manipulator_msgs/srv/SetActuatorState_Response.msg
[3.585s] -- Up-to-date: /home/song/apps/robong/ros2/turtlebot3_ws/install/open_manipulator_msgs/share/ament_index/resource_index/package_run_dependencies/open_manipulator_msgs
[3.585s] -- Up-to-date: /home/song/apps/robong/ros2/turtlebot3_ws/install/open_manipulator_msgs/share/ament_index/resource_index/parent_prefix_path/open_manipulator_msgs
[3.585s] -- Up-to-date: /home/song/apps/robong/ros2/turtlebot3_ws/install/open_manipulator_msgs/share/open_manipulator_msgs/environment/ament_prefix_path.sh
[3.585s] -- Up-to-date: /home/song/apps/robong/ros2/turtlebot3_ws/install/open_manipulator_msgs/share/open_manipulator_msgs/environment/ament_prefix_path.dsv
[3.586s] -- Up-to-date: /home/song/apps/robong/ros2/turtlebot3_ws/install/open_manipulator_msgs/share/open_manipulator_msgs/environment/path.sh
[3.586s] -- Up-to-date: /home/song/apps/robong/ros2/turtlebot3_ws/install/open_manipulator_msgs/share/open_manipulator_msgs/environment/path.dsv
[3.595s] -- Up-to-date: /home/song/apps/robong/ros2/turtlebot3_ws/install/open_manipulator_msgs/share/open_manipulator_msgs/local_setup.bash
[3.596s] -- Up-to-date: /home/song/apps/robong/ros2/turtlebot3_ws/install/open_manipulator_msgs/share/open_manipulator_msgs/local_setup.sh
[3.596s] -- Up-to-date: /home/song/apps/robong/ros2/turtlebot3_ws/install/open_manipulator_msgs/share/open_manipulator_msgs/local_setup.zsh
[3.596s] -- Up-to-date: /home/song/apps/robong/ros2/turtlebot3_ws/install/open_manipulator_msgs/share/open_manipulator_msgs/local_setup.dsv
[3.597s] -- Installing: /home/song/apps/robong/ros2/turtlebot3_ws/install/open_manipulator_msgs/share/open_manipulator_msgs/package.dsv
[3.597s] -- Up-to-date: /home/song/apps/robong/ros2/turtlebot3_ws/install/open_manipulator_msgs/share/ament_index/resource_index/packages/open_manipulator_msgs
[3.597s] -- Up-to-date: /home/song/apps/robong/ros2/turtlebot3_ws/install/open_manipulator_msgs/share/open_manipulator_msgs/cmake/export_open_manipulator_msgs__rosidl_generator_cExport.cmake
[3.597s] -- Up-to-date: /home/song/apps/robong/ros2/turtlebot3_ws/install/open_manipulator_msgs/share/open_manipulator_msgs/cmake/export_open_manipulator_msgs__rosidl_generator_cExport-noconfig.cmake
[3.598s] -- Up-to-date: /home/song/apps/robong/ros2/turtlebot3_ws/install/open_manipulator_msgs/share/open_manipulator_msgs/cmake/export_open_manipulator_msgs__rosidl_typesupport_fastrtps_cExport.cmake
[3.598s] -- Up-to-date: /home/song/apps/robong/ros2/turtlebot3_ws/install/open_manipulator_msgs/share/open_manipulator_msgs/cmake/export_open_manipulator_msgs__rosidl_typesupport_fastrtps_cExport-noconfig.cmake
[3.600s] -- Up-to-date: /home/song/apps/robong/ros2/turtlebot3_ws/install/open_manipulator_msgs/share/open_manipulator_msgs/cmake/export_open_manipulator_msgs__rosidl_generator_cppExport.cmake
[3.600s] -- Up-to-date: /home/song/apps/robong/ros2/turtlebot3_ws/install/open_manipulator_msgs/share/open_manipulator_msgs/cmake/export_open_manipulator_msgs__rosidl_typesupport_fastrtps_cppExport.cmake
[3.601s] -- Up-to-date: /home/song/apps/robong/ros2/turtlebot3_ws/install/open_manipulator_msgs/share/open_manipulator_msgs/cmake/export_open_manipulator_msgs__rosidl_typesupport_fastrtps_cppExport-noconfig.cmake
[3.601s] -- Up-to-date: /home/song/apps/robong/ros2/turtlebot3_ws/install/open_manipulator_msgs/share/open_manipulator_msgs/cmake/open_manipulator_msgs__rosidl_typesupport_introspection_cExport.cmake
[3.601s] -- Up-to-date: /home/song/apps/robong/ros2/turtlebot3_ws/install/open_manipulator_msgs/share/open_manipulator_msgs/cmake/open_manipulator_msgs__rosidl_typesupport_introspection_cExport-noconfig.cmake
[3.606s] -- Up-to-date: /home/song/apps/robong/ros2/turtlebot3_ws/install/open_manipulator_msgs/share/open_manipulator_msgs/cmake/open_manipulator_msgs__rosidl_typesupport_cExport.cmake
[3.606s] -- Up-to-date: /home/song/apps/robong/ros2/turtlebot3_ws/install/open_manipulator_msgs/share/open_manipulator_msgs/cmake/open_manipulator_msgs__rosidl_typesupport_cExport-noconfig.cmake
[3.607s] -- Up-to-date: /home/song/apps/robong/ros2/turtlebot3_ws/install/open_manipulator_msgs/share/open_manipulator_msgs/cmake/open_manipulator_msgs__rosidl_typesupport_introspection_cppExport.cmake
[3.607s] -- Up-to-date: /home/song/apps/robong/ros2/turtlebot3_ws/install/open_manipulator_msgs/share/open_manipulator_msgs/cmake/open_manipulator_msgs__rosidl_typesupport_introspection_cppExport-noconfig.cmake
[3.608s] -- Up-to-date: /home/song/apps/robong/ros2/turtlebot3_ws/install/open_manipulator_msgs/share/open_manipulator_msgs/cmake/open_manipulator_msgs__rosidl_typesupport_cppExport.cmake
[3.608s] -- Up-to-date: /home/song/apps/robong/ros2/turtlebot3_ws/install/open_manipulator_msgs/share/open_manipulator_msgs/cmake/open_manipulator_msgs__rosidl_typesupport_cppExport-noconfig.cmake
[3.613s] -- Up-to-date: /home/song/apps/robong/ros2/turtlebot3_ws/install/open_manipulator_msgs/share/open_manipulator_msgs/cmake/export_open_manipulator_msgs__rosidl_generator_pyExport.cmake
[3.613s] -- Up-to-date: /home/song/apps/robong/ros2/turtlebot3_ws/install/open_manipulator_msgs/share/open_manipulator_msgs/cmake/export_open_manipulator_msgs__rosidl_generator_pyExport-noconfig.cmake
[3.613s] -- Up-to-date: /home/song/apps/robong/ros2/turtlebot3_ws/install/open_manipulator_msgs/share/open_manipulator_msgs/cmake/rosidl_cmake-extras.cmake
[3.613s] -- Up-to-date: /home/song/apps/robong/ros2/turtlebot3_ws/install/open_manipulator_msgs/share/open_manipulator_msgs/cmake/ament_cmake_export_dependencies-extras.cmake
[3.616s] -- Up-to-date: /home/song/apps/robong/ros2/turtlebot3_ws/install/open_manipulator_msgs/share/open_manipulator_msgs/cmake/ament_cmake_export_include_directories-extras.cmake
[3.617s] -- Up-to-date: /home/song/apps/robong/ros2/turtlebot3_ws/install/open_manipulator_msgs/share/open_manipulator_msgs/cmake/ament_cmake_export_libraries-extras.cmake
[3.617s] -- Up-to-date: /home/song/apps/robong/ros2/turtlebot3_ws/install/open_manipulator_msgs/share/open_manipulator_msgs/cmake/ament_cmake_export_targets-extras.cmake
[3.617s] -- Up-to-date: /home/song/apps/robong/ros2/turtlebot3_ws/install/open_manipulator_msgs/share/open_manipulator_msgs/cmake/rosidl_cmake_export_typesupport_targets-extras.cmake
[3.617s] -- Up-to-date: /home/song/apps/robong/ros2/turtlebot3_ws/install/open_manipulator_msgs/share/open_manipulator_msgs/cmake/rosidl_cmake_export_typesupport_libraries-extras.cmake
[3.618s] -- Up-to-date: /home/song/apps/robong/ros2/turtlebot3_ws/install/open_manipulator_msgs/share/open_manipulator_msgs/cmake/open_manipulator_msgsConfig.cmake
[3.627s] -- Up-to-date: /home/song/apps/robong/ros2/turtlebot3_ws/install/open_manipulator_msgs/share/open_manipulator_msgs/cmake/open_manipulator_msgsConfig-version.cmake
[3.628s] -- Up-to-date: /home/song/apps/robong/ros2/turtlebot3_ws/install/open_manipulator_msgs/share/open_manipulator_msgs/package.xml
[3.641s] Invoked command in '/home/song/apps/robong/ros2/turtlebot3_ws/build/open_manipulator_msgs' returned '0': CMAKE_PREFIX_PATH=${CMAKE_PREFIX_PATH}:/home/song/apps/robong/ros2/turtlebot3_ws/install/open_manipulator_x_teleop:/home/song/apps/robong/ros2/workspace/install/calculator:/home/song/apps/robong/ros2/workspace/install/simple_ros:/home/song/apps/robong/ros2/workspace/install/ros2env:/home/song/apps/robong/ros2/workspace/install/ros2_aruco:/home/song/apps/robong/ros2/workspace/install/move_turtle:/home/song/apps/robong/ros2/workspace/install/SimplePkg:/home/song/apps/robong/ros2/workspace/install/Homework1018:/opt/ros/humble /usr/bin/cmake --install /home/song/apps/robong/ros2/turtlebot3_ws/build/open_manipulator_msgs
