[0.082s] Invoking command in '/home/song/apps/robong/ros2/turtlebot3_ws/build/open_manipulator_msgs': CMAKE_PREFIX_PATH=${CMAKE_PREFIX_PATH}:/home/song/apps/robong/ros2/turtlebot3_ws/install/open_manipulator_x_teleop:/home/song/apps/robong/ros2/workspace/install/calculator:/home/song/apps/robong/ros2/workspace/install/simple_ros:/home/song/apps/robong/ros2/workspace/install/ros2env:/home/song/apps/robong/ros2/workspace/install/ros2_aruco:/home/song/apps/robong/ros2/workspace/install/move_turtle:/home/song/apps/robong/ros2/workspace/install/SimplePkg:/home/song/apps/robong/ros2/workspace/install/Homework1018:/opt/ros/humble /usr/bin/cmake --build /home/song/apps/robong/ros2/turtlebot3_ws/build/open_manipulator_msgs -- -j4 -l4
[0.346s] [35m[1mConsolidate compiler generated dependencies of target open_manipulator_msgs__rosidl_generator_c[0m
[0.478s] [ 11%] Built target open_manipulator_msgs__rosidl_generator_c
[0.478s] [ 12%] Built target open_manipulator_msgs__cpp
[0.644s] [35m[1mConsolidate compiler generated dependencies of target open_manipulator_msgs__rosidl_typesupport_fastrtps_cpp[0m
[0.708s] [35m[1mConsolidate compiler generated dependencies of target open_manipulator_msgs__rosidl_typesupport_introspection_cpp[0m
[0.708s] [35m[1mConsolidate compiler generated dependencies of target open_manipulator_msgs__rosidl_typesupport_cpp[0m
[0.732s] [ 12%] Built target ament_cmake_python_copy_open_manipulator_msgs
[0.831s] [ 24%] Built target open_manipulator_msgs__rosidl_typesupport_fastrtps_cpp
[0.888s] [35m[1mConsolidate compiler generated dependencies of target open_manipulator_msgs__rosidl_typesupport_fastrtps_c[0m
[0.978s] [ 35%] Built target open_manipulator_msgs__rosidl_typesupport_introspection_cpp
[0.978s] [ 47%] Built target open_manipulator_msgs__rosidl_typesupport_cpp
[1.009s] [35m[1mConsolidate compiler generated dependencies of target open_manipulator_msgs__rosidl_typesupport_introspection_c[0m
[1.181s] [ 58%] Built target open_manipulator_msgs__rosidl_typesupport_fastrtps_c
[1.281s] [35m[1mConsolidate compiler generated dependencies of target open_manipulator_msgs__rosidl_typesupport_c[0m
[1.352s] [ 70%] Built target open_manipulator_msgs__rosidl_typesupport_introspection_c
[1.948s] [ 82%] Built target open_manipulator_msgs__rosidl_typesupport_c
[2.659s] [ 82%] Built target open_manipulator_msgs
[2.878s] [ 83%] Built target open_manipulator_msgs__py
[2.983s] [35m[1mConsolidate compiler generated dependencies of target open_manipulator_msgs__rosidl_generator_py[0m
[3.217s] [ 93%] Built target open_manipulator_msgs__rosidl_generator_py
[3.312s] [35m[1mConsolidate compiler generated dependencies of target open_manipulator_msgs__rosidl_typesupport_c__pyext[0m
[3.382s] [35m[1mConsolidate compiler generated dependencies of target open_manipulator_msgs__rosidl_typesupport_fastrtps_c__pyext[0m
[3.382s] [35m[1mConsolidate compiler generated dependencies of target open_manipulator_msgs__rosidl_typesupport_introspection_c__pyext[0m
[3.464s] [ 95%] Built target open_manipulator_msgs__rosidl_typesupport_c__pyext
[3.501s] [ 97%] Built target open_manipulator_msgs__rosidl_typesupport_fastrtps_c__pyext
[3.522s] [100%] Built target open_manipulator_msgs__rosidl_typesupport_introspection_c__pyext
[6.242s] running egg_info
[6.243s] writing open_manipulator_msgs.egg-info/PKG-INFO
[6.247s] writing dependency_links to open_manipulator_msgs.egg-info/dependency_links.txt
[6.247s] writing top-level names to open_manipulator_msgs.egg-info/top_level.txt
[6.267s] reading manifest file 'open_manipulator_msgs.egg-info/SOURCES.txt'
[6.267s] writing manifest file 'open_manipulator_msgs.egg-info/SOURCES.txt'
[6.384s] [100%] Built target ament_cmake_python_build_open_manipulator_msgs_egg
[6.486s] Invoked command in '/home/song/apps/robong/ros2/turtlebot3_ws/build/open_manipulator_msgs' returned '0': CMAKE_PREFIX_PATH=${CMAKE_PREFIX_PATH}:/home/song/apps/robong/ros2/turtlebot3_ws/install/open_manipulator_x_teleop:/home/song/apps/robong/ros2/workspace/install/calculator:/home/song/apps/robong/ros2/workspace/install/simple_ros:/home/song/apps/robong/ros2/workspace/install/ros2env:/home/song/apps/robong/ros2/workspace/install/ros2_aruco:/home/song/apps/robong/ros2/workspace/install/move_turtle:/home/song/apps/robong/ros2/workspace/install/SimplePkg:/home/song/apps/robong/ros2/workspace/install/Homework1018:/opt/ros/humble /usr/bin/cmake --build /home/song/apps/robong/ros2/turtlebot3_ws/build/open_manipulator_msgs -- -j4 -l4
[9.297s] Invoking command in '/home/song/apps/robong/ros2/turtlebot3_ws/build/open_manipulator_msgs': CMAKE_PREFIX_PATH=${CMAKE_PREFIX_PATH}:/home/song/apps/robong/ros2/turtlebot3_ws/install/open_manipulator_x_teleop:/home/song/apps/robong/ros2/workspace/install/calculator:/home/song/apps/robong/ros2/workspace/install/simple_ros:/home/song/apps/robong/ros2/workspace/install/ros2env:/home/song/apps/robong/ros2/workspace/install/ros2_aruco:/home/song/apps/robong/ros2/workspace/install/move_turtle:/home/song/apps/robong/ros2/workspace/install/SimplePkg:/home/song/apps/robong/ros2/workspace/install/Homework1018:/opt/ros/humble /usr/bin/cmake --install /home/song/apps/robong/ros2/turtlebot3_ws/build/open_manipulator_msgs
[9.333s] -- Install configuration: ""
[9.337s] -- Up-to-date: /home/song/apps/robong/ros2/turtlebot3_ws/install/open_manipulator_msgs/share/ament_index/resource_index/rosidl_interfaces/open_manipulator_msgs
[9.337s] -- Up-to-date: /home/song/apps/robong/ros2/turtlebot3_ws/install/open_manipulator_msgs/include/open_manipulator_msgs/open_manipulator_msgs
[9.337s] -- Up-to-date: /home/song/apps/robong/ros2/turtlebot3_ws/install/open_manipulator_msgs/include/open_manipulator_msgs/open_manipulator_msgs/msg
[9.338s] -- Up-to-date: /home/song/apps/robong/ros2/turtlebot3_ws/install/open_manipulator_msgs/include/open_manipulator_msgs/open_manipulator_msgs/msg/joint_position.h
[9.338s] -- Up-to-date: /home/song/apps/robong/ros2/turtlebot3_ws/install/open_manipulator_msgs/include/open_manipulator_msgs/open_manipulator_msgs/msg/detail
[9.338s] -- Up-to-date: /home/song/apps/robong/ros2/turtlebot3_ws/install/open_manipulator_msgs/include/open_manipulator_msgs/open_manipulator_msgs/msg/detail/open_manipulator_state__type_support.h
[9.338s] -- Up-to-date: /home/song/apps/robong/ros2/turtlebot3_ws/install/open_manipulator_msgs/include/open_manipulator_msgs/open_manipulator_msgs/msg/detail/joint_position__type_support.h
[9.338s] -- Up-to-date: /home/song/apps/robong/ros2/turtlebot3_ws/install/open_manipulator_msgs/include/open_manipulator_msgs/open_manipulator_msgs/msg/detail/kinematics_pose__type_support.h
[9.339s] -- Up-to-date: /home/song/apps/robong/ros2/turtlebot3_ws/install/open_manipulator_msgs/include/open_manipulator_msgs/open_manipulator_msgs/msg/detail/open_manipulator_state__functions.h
[9.339s] -- Up-to-date: /home/song/apps/robong/ros2/turtlebot3_ws/install/open_manipulator_msgs/include/open_manipulator_msgs/open_manipulator_msgs/msg/detail/joint_position__functions.h
[9.339s] -- Up-to-date: /home/song/apps/robong/ros2/turtlebot3_ws/install/open_manipulator_msgs/include/open_manipulator_msgs/open_manipulator_msgs/msg/detail/open_manipulator_state__struct.h
[9.339s] -- Up-to-date: /home/song/apps/robong/ros2/turtlebot3_ws/install/open_manipulator_msgs/include/open_manipulator_msgs/open_manipulator_msgs/msg/detail/kinematics_pose__functions.h
[9.350s] -- Up-to-date: /home/song/apps/robong/ros2/turtlebot3_ws/install/open_manipulator_msgs/include/open_manipulator_msgs/open_manipulator_msgs/msg/detail/kinematics_pose__functions.c
[9.352s] -- Up-to-date: /home/song/apps/robong/ros2/turtlebot3_ws/install/open_manipulator_msgs/include/open_manipulator_msgs/open_manipulator_msgs/msg/detail/joint_position__functions.c
[9.353s] -- Up-to-date: /home/song/apps/robong/ros2/turtlebot3_ws/install/open_manipulator_msgs/include/open_manipulator_msgs/open_manipulator_msgs/msg/detail/open_manipulator_state__functions.c
[9.353s] -- Up-to-date: /home/song/apps/robong/ros2/turtlebot3_ws/install/open_manipulator_msgs/include/open_manipulator_msgs/open_manipulator_msgs/msg/detail/kinematics_pose__struct.h
[9.358s] -- Up-to-date: /home/song/apps/robong/ros2/turtlebot3_ws/install/open_manipulator_msgs/include/open_manipulator_msgs/open_manipulator_msgs/msg/detail/joint_position__struct.h
[9.358s] -- Up-to-date: /home/song/apps/robong/ros2/turtlebot3_ws/install/open_manipulator_msgs/include/open_manipulator_msgs/open_manipulator_msgs/msg/open_manipulator_state.h
[9.358s] -- Up-to-date: /home/song/apps/robong/ros2/turtlebot3_ws/install/open_manipulator_msgs/include/open_manipulator_msgs/open_manipulator_msgs/msg/rosidl_generator_c__visibility_control.h
[9.361s] -- Up-to-date: /home/song/apps/robong/ros2/turtlebot3_ws/install/open_manipulator_msgs/include/open_manipulator_msgs/open_manipulator_msgs/msg/kinematics_pose.h
[9.362s] -- Up-to-date: /home/song/apps/robong/ros2/turtlebot3_ws/install/open_manipulator_msgs/include/open_manipulator_msgs/open_manipulator_msgs/srv
[9.362s] -- Up-to-date: /home/song/apps/robong/ros2/turtlebot3_ws/install/open_manipulator_msgs/include/open_manipulator_msgs/open_manipulator_msgs/srv/detail
[9.362s] -- Up-to-date: /home/song/apps/robong/ros2/turtlebot3_ws/install/open_manipulator_msgs/include/open_manipulator_msgs/open_manipulator_msgs/srv/detail/get_joint_position__functions.c
[9.362s] -- Up-to-date: /home/song/apps/robong/ros2/turtlebot3_ws/install/open_manipulator_msgs/include/open_manipulator_msgs/open_manipulator_msgs/srv/detail/set_kinematics_pose__functions.c
[9.363s] -- Up-to-date: /home/song/apps/robong/ros2/turtlebot3_ws/install/open_manipulator_msgs/include/open_manipulator_msgs/open_manipulator_msgs/srv/detail/set_joint_position__functions.h
[9.363s] -- Up-to-date: /home/song/apps/robong/ros2/turtlebot3_ws/install/open_manipulator_msgs/include/open_manipulator_msgs/open_manipulator_msgs/srv/detail/get_kinematics_pose__struct.h
[9.363s] -- Up-to-date: /home/song/apps/robong/ros2/turtlebot3_ws/install/open_manipulator_msgs/include/open_manipulator_msgs/open_manipulator_msgs/srv/detail/set_kinematics_pose__struct.h
[9.374s] -- Up-to-date: /home/song/apps/robong/ros2/turtlebot3_ws/install/open_manipulator_msgs/include/open_manipulator_msgs/open_manipulator_msgs/srv/detail/set_drawing_trajectory__functions.c
[9.374s] -- Up-to-date: /home/song/apps/robong/ros2/turtlebot3_ws/install/open_manipulator_msgs/include/open_manipulator_msgs/open_manipulator_msgs/srv/detail/get_joint_position__functions.h
[9.375s] -- Up-to-date: /home/song/apps/robong/ros2/turtlebot3_ws/install/open_manipulator_msgs/include/open_manipulator_msgs/open_manipulator_msgs/srv/detail/set_drawing_trajectory__type_support.h
[9.375s] -- Up-to-date: /home/song/apps/robong/ros2/turtlebot3_ws/install/open_manipulator_msgs/include/open_manipulator_msgs/open_manipulator_msgs/srv/detail/get_kinematics_pose__functions.c
[9.375s] -- Up-to-date: /home/song/apps/robong/ros2/turtlebot3_ws/install/open_manipulator_msgs/include/open_manipulator_msgs/open_manipulator_msgs/srv/detail/get_joint_position__type_support.h
[9.375s] -- Up-to-date: /home/song/apps/robong/ros2/turtlebot3_ws/install/open_manipulator_msgs/include/open_manipulator_msgs/open_manipulator_msgs/srv/detail/set_actuator_state__functions.h
[9.376s] -- Up-to-date: /home/song/apps/robong/ros2/turtlebot3_ws/install/open_manipulator_msgs/include/open_manipulator_msgs/open_manipulator_msgs/srv/detail/set_actuator_state__struct.h
[9.376s] -- Up-to-date: /home/song/apps/robong/ros2/turtlebot3_ws/install/open_manipulator_msgs/include/open_manipulator_msgs/open_manipulator_msgs/srv/detail/set_kinematics_pose__functions.h
[9.376s] -- Up-to-date: /home/song/apps/robong/ros2/turtlebot3_ws/install/open_manipulator_msgs/include/open_manipulator_msgs/open_manipulator_msgs/srv/detail/get_joint_position__struct.h
[9.381s] -- Up-to-date: /home/song/apps/robong/ros2/turtlebot3_ws/install/open_manipulator_msgs/include/open_manipulator_msgs/open_manipulator_msgs/srv/detail/set_joint_position__type_support.h
[9.381s] -- Up-to-date: /home/song/apps/robong/ros2/turtlebot3_ws/install/open_manipulator_msgs/include/open_manipulator_msgs/open_manipulator_msgs/srv/detail/get_kinematics_pose__functions.h
[9.381s] -- Up-to-date: /home/song/apps/robong/ros2/turtlebot3_ws/install/open_manipulator_msgs/include/open_manipulator_msgs/open_manipulator_msgs/srv/detail/set_actuator_state__functions.c
[9.382s] -- Up-to-date: /home/song/apps/robong/ros2/turtlebot3_ws/install/open_manipulator_msgs/include/open_manipulator_msgs/open_manipulator_msgs/srv/detail/set_actuator_state__type_support.h
[9.382s] -- Up-to-date: /home/song/apps/robong/ros2/turtlebot3_ws/install/open_manipulator_msgs/include/open_manipulator_msgs/open_manipulator_msgs/srv/detail/set_kinematics_pose__type_support.h
[9.384s] -- Up-to-date: /home/song/apps/robong/ros2/turtlebot3_ws/install/open_manipulator_msgs/include/open_manipulator_msgs/open_manipulator_msgs/srv/detail/set_drawing_trajectory__functions.h
[9.385s] -- Up-to-date: /home/song/apps/robong/ros2/turtlebot3_ws/install/open_manipulator_msgs/include/open_manipulator_msgs/open_manipulator_msgs/srv/detail/set_drawing_trajectory__struct.h
[9.385s] -- Up-to-date: /home/song/apps/robong/ros2/turtlebot3_ws/install/open_manipulator_msgs/include/open_manipulator_msgs/open_manipulator_msgs/srv/detail/get_kinematics_pose__type_support.h
[9.385s] -- Up-to-date: /home/song/apps/robong/ros2/turtlebot3_ws/install/open_manipulator_msgs/include/open_manipulator_msgs/open_manipulator_msgs/srv/detail/set_joint_position__functions.c
[9.385s] -- Up-to-date: /home/song/apps/robong/ros2/turtlebot3_ws/install/open_manipulator_msgs/include/open_manipulator_msgs/open_manipulator_msgs/srv/detail/set_joint_position__struct.h
[9.391s] -- Up-to-date: /home/song/apps/robong/ros2/turtlebot3_ws/install/open_manipulator_msgs/include/open_manipulator_msgs/open_manipulator_msgs/srv/get_joint_position.h
[9.391s] -- Up-to-date: /home/song/apps/robong/ros2/turtlebot3_ws/install/open_manipulator_msgs/include/open_manipulator_msgs/open_manipulator_msgs/srv/set_drawing_trajectory.h
[9.392s] -- Up-to-date: /home/song/apps/robong/ros2/turtlebot3_ws/install/open_manipulator_msgs/include/open_manipulator_msgs/open_manipulator_msgs/srv/set_joint_position.h
[9.392s] -- Up-to-date: /home/song/apps/robong/ros2/turtlebot3_ws/install/open_manipulator_msgs/include/open_manipulator_msgs/open_manipulator_msgs/srv/set_kinematics_pose.h
[9.398s] -- Up-to-date: /home/song/apps/robong/ros2/turtlebot3_ws/install/open_manipulator_msgs/include/open_manipulator_msgs/open_manipulator_msgs/srv/get_kinematics_pose.h
[9.398s] -- Up-to-date: /home/song/apps/robong/ros2/turtlebot3_ws/install/open_manipulator_msgs/include/open_manipulator_msgs/open_manipulator_msgs/srv/set_actuator_state.h
[9.398s] -- Up-to-date: /home/song/apps/robong/ros2/turtlebot3_ws/install/open_manipulator_msgs/share/open_manipulator_msgs/environment/library_path.sh
[9.399s] -- Up-to-date: /home/song/apps/robong/ros2/turtlebot3_ws/install/open_manipulator_msgs/share/open_manipulator_msgs/environment/library_path.dsv
[9.399s] -- Up-to-date: /home/song/apps/robong/ros2/turtlebot3_ws/install/open_manipulator_msgs/lib/libopen_manipulator_msgs__rosidl_generator_c.so
[9.399s] -- Up-to-date: /home/song/apps/robong/ros2/turtlebot3_ws/install/open_manipulator_msgs/include/open_manipulator_msgs/open_manipulator_msgs
[9.400s] -- Up-to-date: /home/song/apps/robong/ros2/turtlebot3_ws/install/open_manipulator_msgs/include/open_manipulator_msgs/open_manipulator_msgs/msg
[9.401s] -- Up-to-date: /home/song/apps/robong/ros2/turtlebot3_ws/install/open_manipulator_msgs/include/open_manipulator_msgs/open_manipulator_msgs/msg/detail
[9.401s] -- Up-to-date: /home/song/apps/robong/ros2/turtlebot3_ws/install/open_manipulator_msgs/include/open_manipulator_msgs/open_manipulator_msgs/msg/detail/open_manipulator_state__rosidl_typesupport_fastrtps_c.h
[9.401s] -- Up-to-date: /home/song/apps/robong/ros2/turtlebot3_ws/install/open_manipulator_msgs/include/open_manipulator_msgs/open_manipulator_msgs/msg/detail/kinematics_pose__rosidl_typesupport_fastrtps_c.h
[9.402s] -- Up-to-date: /home/song/apps/robong/ros2/turtlebot3_ws/install/open_manipulator_msgs/include/open_manipulator_msgs/open_manipulator_msgs/msg/detail/joint_position__rosidl_typesupport_fastrtps_c.h
[9.402s] -- Up-to-date: /home/song/apps/robong/ros2/turtlebot3_ws/install/open_manipulator_msgs/include/open_manipulator_msgs/open_manipulator_msgs/msg/rosidl_typesupport_fastrtps_c__visibility_control.h
[9.402s] -- Up-to-date: /home/song/apps/robong/ros2/turtlebot3_ws/install/open_manipulator_msgs/include/open_manipulator_msgs/open_manipulator_msgs/srv
[9.402s] -- Up-to-date: /home/song/apps/robong/ros2/turtlebot3_ws/install/open_manipulator_msgs/include/open_manipulator_msgs/open_manipulator_msgs/srv/detail
[9.407s] -- Up-to-date: /home/song/apps/robong/ros2/turtlebot3_ws/install/open_manipulator_msgs/include/open_manipulator_msgs/open_manipulator_msgs/srv/detail/set_actuator_state__rosidl_typesupport_fastrtps_c.h
[9.407s] -- Up-to-date: /home/song/apps/robong/ros2/turtlebot3_ws/install/open_manipulator_msgs/include/open_manipulator_msgs/open_manipulator_msgs/srv/detail/get_kinematics_pose__rosidl_typesupport_fastrtps_c.h
[9.408s] -- Up-to-date: /home/song/apps/robong/ros2/turtlebot3_ws/install/open_manipulator_msgs/include/open_manipulator_msgs/open_manipulator_msgs/srv/detail/get_joint_position__rosidl_typesupport_fastrtps_c.h
[9.408s] -- Up-to-date: /home/song/apps/robong/ros2/turtlebot3_ws/install/open_manipulator_msgs/include/open_manipulator_msgs/open_manipulator_msgs/srv/detail/set_kinematics_pose__rosidl_typesupport_fastrtps_c.h
[9.409s] -- Up-to-date: /home/song/apps/robong/ros2/turtlebot3_ws/install/open_manipulator_msgs/include/open_manipulator_msgs/open_manipulator_msgs/srv/detail/set_drawing_trajectory__rosidl_typesupport_fastrtps_c.h
[9.410s] -- Up-to-date: /home/song/apps/robong/ros2/turtlebot3_ws/install/open_manipulator_msgs/include/open_manipulator_msgs/open_manipulator_msgs/srv/detail/set_joint_position__rosidl_typesupport_fastrtps_c.h
[9.410s] -- Up-to-date: /home/song/apps/robong/ros2/turtlebot3_ws/install/open_manipulator_msgs/lib/libopen_manipulator_msgs__rosidl_typesupport_fastrtps_c.so
[9.410s] -- Up-to-date: /home/song/apps/robong/ros2/turtlebot3_ws/install/open_manipulator_msgs/include/open_manipulator_msgs/open_manipulator_msgs
[9.416s] -- Up-to-date: /home/song/apps/robong/ros2/turtlebot3_ws/install/open_manipulator_msgs/include/open_manipulator_msgs/open_manipulator_msgs/msg
[9.416s] -- Up-to-date: /home/song/apps/robong/ros2/turtlebot3_ws/install/open_manipulator_msgs/include/open_manipulator_msgs/open_manipulator_msgs/msg/detail
[9.416s] -- Up-to-date: /home/song/apps/robong/ros2/turtlebot3_ws/install/open_manipulator_msgs/include/open_manipulator_msgs/open_manipulator_msgs/msg/detail/joint_position__builder.hpp
[9.416s] -- Up-to-date: /home/song/apps/robong/ros2/turtlebot3_ws/install/open_manipulator_msgs/include/open_manipulator_msgs/open_manipulator_msgs/msg/detail/kinematics_pose__builder.hpp
[9.418s] -- Up-to-date: /home/song/apps/robong/ros2/turtlebot3_ws/install/open_manipulator_msgs/include/open_manipulator_msgs/open_manipulator_msgs/msg/detail/open_manipulator_state__traits.hpp
[9.418s] -- Up-to-date: /home/song/apps/robong/ros2/turtlebot3_ws/install/open_manipulator_msgs/include/open_manipulator_msgs/open_manipulator_msgs/msg/detail/kinematics_pose__traits.hpp
[9.418s] -- Up-to-date: /home/song/apps/robong/ros2/turtlebot3_ws/install/open_manipulator_msgs/include/open_manipulator_msgs/open_manipulator_msgs/msg/detail/kinematics_pose__struct.hpp
[9.419s] -- Up-to-date: /home/song/apps/robong/ros2/turtlebot3_ws/install/open_manipulator_msgs/include/open_manipulator_msgs/open_manipulator_msgs/msg/detail/open_manipulator_state__struct.hpp
[9.420s] -- Up-to-date: /home/song/apps/robong/ros2/turtlebot3_ws/install/open_manipulator_msgs/include/open_manipulator_msgs/open_manipulator_msgs/msg/detail/joint_position__traits.hpp
[9.424s] -- Up-to-date: /home/song/apps/robong/ros2/turtlebot3_ws/install/open_manipulator_msgs/include/open_manipulator_msgs/open_manipulator_msgs/msg/detail/open_manipulator_state__builder.hpp
[9.424s] -- Up-to-date: /home/song/apps/robong/ros2/turtlebot3_ws/install/open_manipulator_msgs/include/open_manipulator_msgs/open_manipulator_msgs/msg/detail/joint_position__struct.hpp
[9.424s] -- Up-to-date: /home/song/apps/robong/ros2/turtlebot3_ws/install/open_manipulator_msgs/include/open_manipulator_msgs/open_manipulator_msgs/msg/open_manipulator_state.hpp
[9.424s] -- Up-to-date: /home/song/apps/robong/ros2/turtlebot3_ws/install/open_manipulator_msgs/include/open_manipulator_msgs/open_manipulator_msgs/msg/joint_position.hpp
[9.425s] -- Up-to-date: /home/song/apps/robong/ros2/turtlebot3_ws/install/open_manipulator_msgs/include/open_manipulator_msgs/open_manipulator_msgs/msg/kinematics_pose.hpp
[9.425s] -- Up-to-date: /home/song/apps/robong/ros2/turtlebot3_ws/install/open_manipulator_msgs/include/open_manipulator_msgs/open_manipulator_msgs/srv
[9.431s] -- Up-to-date: /home/song/apps/robong/ros2/turtlebot3_ws/install/open_manipulator_msgs/include/open_manipulator_msgs/open_manipulator_msgs/srv/set_kinematics_pose.hpp
[9.431s] -- Up-to-date: /home/song/apps/robong/ros2/turtlebot3_ws/install/open_manipulator_msgs/include/open_manipulator_msgs/open_manipulator_msgs/srv/set_drawing_trajectory.hpp
[9.431s] -- Up-to-date: /home/song/apps/robong/ros2/turtlebot3_ws/install/open_manipulator_msgs/include/open_manipulator_msgs/open_manipulator_msgs/srv/detail
[9.431s] -- Up-to-date: /home/song/apps/robong/ros2/turtlebot3_ws/install/open_manipulator_msgs/include/open_manipulator_msgs/open_manipulator_msgs/srv/detail/set_actuator_state__traits.hpp
[9.436s] -- Up-to-date: /home/song/apps/robong/ros2/turtlebot3_ws/install/open_manipulator_msgs/include/open_manipulator_msgs/open_manipulator_msgs/srv/detail/set_joint_position__traits.hpp
[9.436s] -- Up-to-date: /home/song/apps/robong/ros2/turtlebot3_ws/install/open_manipulator_msgs/include/open_manipulator_msgs/open_manipulator_msgs/srv/detail/set_drawing_trajectory__struct.hpp
[9.436s] -- Up-to-date: /home/song/apps/robong/ros2/turtlebot3_ws/install/open_manipulator_msgs/include/open_manipulator_msgs/open_manipulator_msgs/srv/detail/set_actuator_state__struct.hpp
[9.437s] -- Up-to-date: /home/song/apps/robong/ros2/turtlebot3_ws/install/open_manipulator_msgs/include/open_manipulator_msgs/open_manipulator_msgs/srv/detail/get_kinematics_pose__traits.hpp
[9.437s] -- Up-to-date: /home/song/apps/robong/ros2/turtlebot3_ws/install/open_manipulator_msgs/include/open_manipulator_msgs/open_manipulator_msgs/srv/detail/set_joint_position__builder.hpp
[9.444s] -- Up-to-date: /home/song/apps/robong/ros2/turtlebot3_ws/install/open_manipulator_msgs/include/open_manipulator_msgs/open_manipulator_msgs/srv/detail/get_kinematics_pose__builder.hpp
[9.444s] -- Up-to-date: /home/song/apps/robong/ros2/turtlebot3_ws/install/open_manipulator_msgs/include/open_manipulator_msgs/open_manipulator_msgs/srv/detail/set_kinematics_pose__builder.hpp
[9.444s] -- Up-to-date: /home/song/apps/robong/ros2/turtlebot3_ws/install/open_manipulator_msgs/include/open_manipulator_msgs/open_manipulator_msgs/srv/detail/set_drawing_trajectory__traits.hpp
[9.446s] -- Up-to-date: /home/song/apps/robong/ros2/turtlebot3_ws/install/open_manipulator_msgs/include/open_manipulator_msgs/open_manipulator_msgs/srv/detail/set_actuator_state__builder.hpp
[9.447s] -- Up-to-date: /home/song/apps/robong/ros2/turtlebot3_ws/install/open_manipulator_msgs/include/open_manipulator_msgs/open_manipulator_msgs/srv/detail/set_kinematics_pose__traits.hpp
[9.447s] -- Up-to-date: /home/song/apps/robong/ros2/turtlebot3_ws/install/open_manipulator_msgs/include/open_manipulator_msgs/open_manipulator_msgs/srv/detail/get_kinematics_pose__struct.hpp
[9.448s] -- Up-to-date: /home/song/apps/robong/ros2/turtlebot3_ws/install/open_manipulator_msgs/include/open_manipulator_msgs/open_manipulator_msgs/srv/detail/get_joint_position__struct.hpp
[9.448s] -- Up-to-date: /home/song/apps/robong/ros2/turtlebot3_ws/install/open_manipulator_msgs/include/open_manipulator_msgs/open_manipulator_msgs/srv/detail/set_joint_position__struct.hpp
[9.448s] -- Up-to-date: /home/song/apps/robong/ros2/turtlebot3_ws/install/open_manipulator_msgs/include/open_manipulator_msgs/open_manipulator_msgs/srv/detail/set_kinematics_pose__struct.hpp
[9.449s] -- Up-to-date: /home/song/apps/robong/ros2/turtlebot3_ws/install/open_manipulator_msgs/include/open_manipulator_msgs/open_manipulator_msgs/srv/detail/get_joint_position__builder.hpp
[9.449s] -- Up-to-date: /home/song/apps/robong/ros2/turtlebot3_ws/install/open_manipulator_msgs/include/open_manipulator_msgs/open_manipulator_msgs/srv/detail/get_joint_position__traits.hpp
[9.449s] -- Up-to-date: /home/song/apps/robong/ros2/turtlebot3_ws/install/open_manipulator_msgs/include/open_manipulator_msgs/open_manipulator_msgs/srv/detail/set_drawing_trajectory__builder.hpp
[9.449s] -- Up-to-date: /home/song/apps/robong/ros2/turtlebot3_ws/install/open_manipulator_msgs/include/open_manipulator_msgs/open_manipulator_msgs/srv/set_joint_position.hpp
[9.449s] -- Up-to-date: /home/song/apps/robong/ros2/turtlebot3_ws/install/open_manipulator_msgs/include/open_manipulator_msgs/open_manipulator_msgs/srv/set_actuator_state.hpp
[9.453s] -- Up-to-date: /home/song/apps/robong/ros2/turtlebot3_ws/install/open_manipulator_msgs/include/open_manipulator_msgs/open_manipulator_msgs/srv/get_kinematics_pose.hpp
[9.453s] -- Up-to-date: /home/song/apps/robong/ros2/turtlebot3_ws/install/open_manipulator_msgs/include/open_manipulator_msgs/open_manipulator_msgs/srv/get_joint_position.hpp
[9.453s] -- Up-to-date: /home/song/apps/robong/ros2/turtlebot3_ws/install/open_manipulator_msgs/include/open_manipulator_msgs/open_manipulator_msgs
[9.454s] -- Up-to-date: /home/song/apps/robong/ros2/turtlebot3_ws/install/open_manipulator_msgs/include/open_manipulator_msgs/open_manipulator_msgs/msg
[9.454s] -- Up-to-date: /home/song/apps/robong/ros2/turtlebot3_ws/install/open_manipulator_msgs/include/open_manipulator_msgs/open_manipulator_msgs/msg/detail
[9.454s] -- Up-to-date: /home/song/apps/robong/ros2/turtlebot3_ws/install/open_manipulator_msgs/include/open_manipulator_msgs/open_manipulator_msgs/msg/detail/dds_fastrtps
[9.454s] -- Up-to-date: /home/song/apps/robong/ros2/turtlebot3_ws/install/open_manipulator_msgs/include/open_manipulator_msgs/open_manipulator_msgs/msg/detail/joint_position__rosidl_typesupport_fastrtps_cpp.hpp
[9.454s] -- Up-to-date: /home/song/apps/robong/ros2/turtlebot3_ws/install/open_manipulator_msgs/include/open_manipulator_msgs/open_manipulator_msgs/msg/detail/kinematics_pose__rosidl_typesupport_fastrtps_cpp.hpp
[9.455s] -- Up-to-date: /home/song/apps/robong/ros2/turtlebot3_ws/install/open_manipulator_msgs/include/open_manipulator_msgs/open_manipulator_msgs/msg/detail/open_manipulator_state__rosidl_typesupport_fastrtps_cpp.hpp
[9.455s] -- Up-to-date: /home/song/apps/robong/ros2/turtlebot3_ws/install/open_manipulator_msgs/include/open_manipulator_msgs/open_manipulator_msgs/msg/rosidl_typesupport_fastrtps_cpp__visibility_control.h
[9.461s] -- Up-to-date: /home/song/apps/robong/ros2/turtlebot3_ws/install/open_manipulator_msgs/include/open_manipulator_msgs/open_manipulator_msgs/srv
[9.461s] -- Up-to-date: /home/song/apps/robong/ros2/turtlebot3_ws/install/open_manipulator_msgs/include/open_manipulator_msgs/open_manipulator_msgs/srv/detail
[9.463s] -- Up-to-date: /home/song/apps/robong/ros2/turtlebot3_ws/install/open_manipulator_msgs/include/open_manipulator_msgs/open_manipulator_msgs/srv/detail/set_actuator_state__rosidl_typesupport_fastrtps_cpp.hpp
[9.463s] -- Up-to-date: /home/song/apps/robong/ros2/turtlebot3_ws/install/open_manipulator_msgs/include/open_manipulator_msgs/open_manipulator_msgs/srv/detail/dds_fastrtps
[9.463s] -- Up-to-date: /home/song/apps/robong/ros2/turtlebot3_ws/install/open_manipulator_msgs/include/open_manipulator_msgs/open_manipulator_msgs/srv/detail/get_joint_position__rosidl_typesupport_fastrtps_cpp.hpp
[9.465s] -- Up-to-date: /home/song/apps/robong/ros2/turtlebot3_ws/install/open_manipulator_msgs/include/open_manipulator_msgs/open_manipulator_msgs/srv/detail/set_joint_position__rosidl_typesupport_fastrtps_cpp.hpp
[9.466s] -- Up-to-date: /home/song/apps/robong/ros2/turtlebot3_ws/install/open_manipulator_msgs/include/open_manipulator_msgs/open_manipulator_msgs/srv/detail/get_kinematics_pose__rosidl_typesupport_fastrtps_cpp.hpp
[9.469s] -- Up-to-date: /home/song/apps/robong/ros2/turtlebot3_ws/install/open_manipulator_msgs/include/open_manipulator_msgs/open_manipulator_msgs/srv/detail/set_kinematics_pose__rosidl_typesupport_fastrtps_cpp.hpp
[9.469s] -- Up-to-date: /home/song/apps/robong/ros2/turtlebot3_ws/install/open_manipulator_msgs/include/open_manipulator_msgs/open_manipulator_msgs/srv/detail/set_drawing_trajectory__rosidl_typesupport_fastrtps_cpp.hpp
[9.472s] -- Up-to-date: /home/song/apps/robong/ros2/turtlebot3_ws/install/open_manipulator_msgs/lib/libopen_manipulator_msgs__rosidl_typesupport_fastrtps_cpp.so
[9.472s] -- Up-to-date: /home/song/apps/robong/ros2/turtlebot3_ws/install/open_manipulator_msgs/include/open_manipulator_msgs/open_manipulator_msgs
[9.472s] -- Up-to-date: /home/song/apps/robong/ros2/turtlebot3_ws/install/open_manipulator_msgs/include/open_manipulator_msgs/open_manipulator_msgs/msg
[9.473s] -- Up-to-date: /home/song/apps/robong/ros2/turtlebot3_ws/install/open_manipulator_msgs/include/open_manipulator_msgs/open_manipulator_msgs/msg/detail
[9.473s] -- Up-to-date: /home/song/apps/robong/ros2/turtlebot3_ws/install/open_manipulator_msgs/include/open_manipulator_msgs/open_manipulator_msgs/msg/detail/joint_position__type_support.c
[9.473s] -- Up-to-date: /home/song/apps/robong/ros2/turtlebot3_ws/install/open_manipulator_msgs/include/open_manipulator_msgs/open_manipulator_msgs/msg/detail/joint_position__rosidl_typesupport_introspection_c.h
[9.473s] -- Up-to-date: /home/song/apps/robong/ros2/turtlebot3_ws/install/open_manipulator_msgs/include/open_manipulator_msgs/open_manipulator_msgs/msg/detail/open_manipulator_state__type_support.c
[9.479s] -- Up-to-date: /home/song/apps/robong/ros2/turtlebot3_ws/install/open_manipulator_msgs/include/open_manipulator_msgs/open_manipulator_msgs/msg/detail/kinematics_pose__rosidl_typesupport_introspection_c.h
[9.485s] -- Up-to-date: /home/song/apps/robong/ros2/turtlebot3_ws/install/open_manipulator_msgs/include/open_manipulator_msgs/open_manipulator_msgs/msg/detail/open_manipulator_state__rosidl_typesupport_introspection_c.h
[9.488s] -- Up-to-date: /home/song/apps/robong/ros2/turtlebot3_ws/install/open_manipulator_msgs/include/open_manipulator_msgs/open_manipulator_msgs/msg/detail/kinematics_pose__type_support.c
[9.488s] -- Up-to-date: /home/song/apps/robong/ros2/turtlebot3_ws/install/open_manipulator_msgs/include/open_manipulator_msgs/open_manipulator_msgs/msg/rosidl_typesupport_introspection_c__visibility_control.h
[9.489s] -- Up-to-date: /home/song/apps/robong/ros2/turtlebot3_ws/install/open_manipulator_msgs/include/open_manipulator_msgs/open_manipulator_msgs/srv
[9.489s] -- Up-to-date: /home/song/apps/robong/ros2/turtlebot3_ws/install/open_manipulator_msgs/include/open_manipulator_msgs/open_manipulator_msgs/srv/detail
[9.489s] -- Up-to-date: /home/song/apps/robong/ros2/turtlebot3_ws/install/open_manipulator_msgs/include/open_manipulator_msgs/open_manipulator_msgs/srv/detail/get_joint_position__rosidl_typesupport_introspection_c.h
[9.489s] -- Up-to-date: /home/song/apps/robong/ros2/turtlebot3_ws/install/open_manipulator_msgs/include/open_manipulator_msgs/open_manipulator_msgs/srv/detail/set_actuator_state__rosidl_typesupport_introspection_c.h
[9.490s] -- Up-to-date: /home/song/apps/robong/ros2/turtlebot3_ws/install/open_manipulator_msgs/include/open_manipulator_msgs/open_manipulator_msgs/srv/detail/set_drawing_trajectory__type_support.c
[9.495s] -- Up-to-date: /home/song/apps/robong/ros2/turtlebot3_ws/install/open_manipulator_msgs/include/open_manipulator_msgs/open_manipulator_msgs/srv/detail/set_actuator_state__type_support.c
[9.495s] -- Up-to-date: /home/song/apps/robong/ros2/turtlebot3_ws/install/open_manipulator_msgs/include/open_manipulator_msgs/open_manipulator_msgs/srv/detail/set_kinematics_pose__type_support.c
[9.495s] -- Up-to-date: /home/song/apps/robong/ros2/turtlebot3_ws/install/open_manipulator_msgs/include/open_manipulator_msgs/open_manipulator_msgs/srv/detail/set_drawing_trajectory__rosidl_typesupport_introspection_c.h
[9.499s] -- Up-to-date: /home/song/apps/robong/ros2/turtlebot3_ws/install/open_manipulator_msgs/include/open_manipulator_msgs/open_manipulator_msgs/srv/detail/set_joint_position__type_support.c
[9.499s] -- Up-to-date: /home/song/apps/robong/ros2/turtlebot3_ws/install/open_manipulator_msgs/include/open_manipulator_msgs/open_manipulator_msgs/srv/detail/set_kinematics_pose__rosidl_typesupport_introspection_c.h
[9.500s] -- Up-to-date: /home/song/apps/robong/ros2/turtlebot3_ws/install/open_manipulator_msgs/include/open_manipulator_msgs/open_manipulator_msgs/srv/detail/get_kinematics_pose__type_support.c
[9.500s] -- Up-to-date: /home/song/apps/robong/ros2/turtlebot3_ws/install/open_manipulator_msgs/include/open_manipulator_msgs/open_manipulator_msgs/srv/detail/get_kinematics_pose__rosidl_typesupport_introspection_c.h
[9.500s] -- Up-to-date: /home/song/apps/robong/ros2/turtlebot3_ws/install/open_manipulator_msgs/include/open_manipulator_msgs/open_manipulator_msgs/srv/detail/set_joint_position__rosidl_typesupport_introspection_c.h
[9.500s] -- Up-to-date: /home/song/apps/robong/ros2/turtlebot3_ws/install/open_manipulator_msgs/include/open_manipulator_msgs/open_manipulator_msgs/srv/detail/get_joint_position__type_support.c
[9.500s] -- Up-to-date: /home/song/apps/robong/ros2/turtlebot3_ws/install/open_manipulator_msgs/lib/libopen_manipulator_msgs__rosidl_typesupport_introspection_c.so
[9.501s] -- Up-to-date: /home/song/apps/robong/ros2/turtlebot3_ws/install/open_manipulator_msgs/lib/libopen_manipulator_msgs__rosidl_typesupport_c.so
[9.501s] -- Up-to-date: /home/song/apps/robong/ros2/turtlebot3_ws/install/open_manipulator_msgs/include/open_manipulator_msgs/open_manipulator_msgs
[9.501s] -- Up-to-date: /home/song/apps/robong/ros2/turtlebot3_ws/install/open_manipulator_msgs/include/open_manipulator_msgs/open_manipulator_msgs/msg
[9.501s] -- Up-to-date: /home/song/apps/robong/ros2/turtlebot3_ws/install/open_manipulator_msgs/include/open_manipulator_msgs/open_manipulator_msgs/msg/detail
[9.503s] -- Up-to-date: /home/song/apps/robong/ros2/turtlebot3_ws/install/open_manipulator_msgs/include/open_manipulator_msgs/open_manipulator_msgs/msg/detail/joint_position__type_support.cpp
[9.503s] -- Up-to-date: /home/song/apps/robong/ros2/turtlebot3_ws/install/open_manipulator_msgs/include/open_manipulator_msgs/open_manipulator_msgs/msg/detail/joint_position__rosidl_typesupport_introspection_cpp.hpp
[9.503s] -- Up-to-date: /home/song/apps/robong/ros2/turtlebot3_ws/install/open_manipulator_msgs/include/open_manipulator_msgs/open_manipulator_msgs/msg/detail/kinematics_pose__type_support.cpp
[9.504s] -- Up-to-date: /home/song/apps/robong/ros2/turtlebot3_ws/install/open_manipulator_msgs/include/open_manipulator_msgs/open_manipulator_msgs/msg/detail/kinematics_pose__rosidl_typesupport_introspection_cpp.hpp
[9.504s] -- Up-to-date: /home/song/apps/robong/ros2/turtlebot3_ws/install/open_manipulator_msgs/include/open_manipulator_msgs/open_manipulator_msgs/msg/detail/open_manipulator_state__type_support.cpp
[9.504s] -- Up-to-date: /home/song/apps/robong/ros2/turtlebot3_ws/install/open_manipulator_msgs/include/open_manipulator_msgs/open_manipulator_msgs/msg/detail/open_manipulator_state__rosidl_typesupport_introspection_cpp.hpp
[9.504s] -- Up-to-date: /home/song/apps/robong/ros2/turtlebot3_ws/install/open_manipulator_msgs/include/open_manipulator_msgs/open_manipulator_msgs/srv
[9.505s] -- Up-to-date: /home/song/apps/robong/ros2/turtlebot3_ws/install/open_manipulator_msgs/include/open_manipulator_msgs/open_manipulator_msgs/srv/detail
[9.507s] -- Up-to-date: /home/song/apps/robong/ros2/turtlebot3_ws/install/open_manipulator_msgs/include/open_manipulator_msgs/open_manipulator_msgs/srv/detail/set_drawing_trajectory__rosidl_typesupport_introspection_cpp.hpp
[9.507s] -- Up-to-date: /home/song/apps/robong/ros2/turtlebot3_ws/install/open_manipulator_msgs/include/open_manipulator_msgs/open_manipulator_msgs/srv/detail/set_kinematics_pose__rosidl_typesupport_introspection_cpp.hpp
[9.507s] -- Up-to-date: /home/song/apps/robong/ros2/turtlebot3_ws/install/open_manipulator_msgs/include/open_manipulator_msgs/open_manipulator_msgs/srv/detail/set_actuator_state__type_support.cpp
[9.507s] -- Up-to-date: /home/song/apps/robong/ros2/turtlebot3_ws/install/open_manipulator_msgs/include/open_manipulator_msgs/open_manipulator_msgs/srv/detail/set_kinematics_pose__type_support.cpp
[9.512s] -- Up-to-date: /home/song/apps/robong/ros2/turtlebot3_ws/install/open_manipulator_msgs/include/open_manipulator_msgs/open_manipulator_msgs/srv/detail/set_joint_position__rosidl_typesupport_introspection_cpp.hpp
[9.513s] -- Up-to-date: /home/song/apps/robong/ros2/turtlebot3_ws/install/open_manipulator_msgs/include/open_manipulator_msgs/open_manipulator_msgs/srv/detail/get_joint_position__type_support.cpp
[9.513s] -- Up-to-date: /home/song/apps/robong/ros2/turtlebot3_ws/install/open_manipulator_msgs/include/open_manipulator_msgs/open_manipulator_msgs/srv/detail/get_kinematics_pose__rosidl_typesupport_introspection_cpp.hpp
[9.513s] -- Up-to-date: /home/song/apps/robong/ros2/turtlebot3_ws/install/open_manipulator_msgs/include/open_manipulator_msgs/open_manipulator_msgs/srv/detail/set_drawing_trajectory__type_support.cpp
[9.513s] -- Up-to-date: /home/song/apps/robong/ros2/turtlebot3_ws/install/open_manipulator_msgs/include/open_manipulator_msgs/open_manipulator_msgs/srv/detail/set_joint_position__type_support.cpp
[9.514s] -- Up-to-date: /home/song/apps/robong/ros2/turtlebot3_ws/install/open_manipulator_msgs/include/open_manipulator_msgs/open_manipulator_msgs/srv/detail/get_joint_position__rosidl_typesupport_introspection_cpp.hpp
[9.514s] -- Up-to-date: /home/song/apps/robong/ros2/turtlebot3_ws/install/open_manipulator_msgs/include/open_manipulator_msgs/open_manipulator_msgs/srv/detail/set_actuator_state__rosidl_typesupport_introspection_cpp.hpp
[9.519s] -- Up-to-date: /home/song/apps/robong/ros2/turtlebot3_ws/install/open_manipulator_msgs/include/open_manipulator_msgs/open_manipulator_msgs/srv/detail/get_kinematics_pose__type_support.cpp
[9.519s] -- Up-to-date: /home/song/apps/robong/ros2/turtlebot3_ws/install/open_manipulator_msgs/lib/libopen_manipulator_msgs__rosidl_typesupport_introspection_cpp.so
[9.519s] -- Up-to-date: /home/song/apps/robong/ros2/turtlebot3_ws/install/open_manipulator_msgs/lib/libopen_manipulator_msgs__rosidl_typesupport_cpp.so
[9.519s] -- Up-to-date: /home/song/apps/robong/ros2/turtlebot3_ws/install/open_manipulator_msgs/share/open_manipulator_msgs/environment/pythonpath.sh
[9.520s] -- Up-to-date: /home/song/apps/robong/ros2/turtlebot3_ws/install/open_manipulator_msgs/share/open_manipulator_msgs/environment/pythonpath.dsv
[9.522s] -- Up-to-date: /home/song/apps/robong/ros2/turtlebot3_ws/install/open_manipulator_msgs/local/lib/python3.10/dist-packages/open_manipulator_msgs-2.2.0-py3.10.egg-info
[9.522s] -- Installing: /home/song/apps/robong/ros2/turtlebot3_ws/install/open_manipulator_msgs/local/lib/python3.10/dist-packages/open_manipulator_msgs-2.2.0-py3.10.egg-info/dependency_links.txt
[9.530s] -- Installing: /home/song/apps/robong/ros2/turtlebot3_ws/install/open_manipulator_msgs/local/lib/python3.10/dist-packages/open_manipulator_msgs-2.2.0-py3.10.egg-info/top_level.txt
[9.530s] -- Installing: /home/song/apps/robong/ros2/turtlebot3_ws/install/open_manipulator_msgs/local/lib/python3.10/dist-packages/open_manipulator_msgs-2.2.0-py3.10.egg-info/SOURCES.txt
[9.530s] -- Installing: /home/song/apps/robong/ros2/turtlebot3_ws/install/open_manipulator_msgs/local/lib/python3.10/dist-packages/open_manipulator_msgs-2.2.0-py3.10.egg-info/PKG-INFO
[9.530s] -- Up-to-date: /home/song/apps/robong/ros2/turtlebot3_ws/install/open_manipulator_msgs/local/lib/python3.10/dist-packages/open_manipulator_msgs
[9.531s] -- Up-to-date: /home/song/apps/robong/ros2/turtlebot3_ws/install/open_manipulator_msgs/local/lib/python3.10/dist-packages/open_manipulator_msgs/msg
[9.531s] -- Up-to-date: /home/song/apps/robong/ros2/turtlebot3_ws/install/open_manipulator_msgs/local/lib/python3.10/dist-packages/open_manipulator_msgs/msg/_kinematics_pose_s.c
[9.531s] -- Up-to-date: /home/song/apps/robong/ros2/turtlebot3_ws/install/open_manipulator_msgs/local/lib/python3.10/dist-packages/open_manipulator_msgs/msg/_joint_position_s.c
[9.531s] -- Up-to-date: /home/song/apps/robong/ros2/turtlebot3_ws/install/open_manipulator_msgs/local/lib/python3.10/dist-packages/open_manipulator_msgs/msg/_joint_position.py
[9.531s] -- Up-to-date: /home/song/apps/robong/ros2/turtlebot3_ws/install/open_manipulator_msgs/local/lib/python3.10/dist-packages/open_manipulator_msgs/msg/_open_manipulator_state.py
[9.535s] -- Up-to-date: /home/song/apps/robong/ros2/turtlebot3_ws/install/open_manipulator_msgs/local/lib/python3.10/dist-packages/open_manipulator_msgs/msg/__init__.py
[9.535s] -- Up-to-date: /home/song/apps/robong/ros2/turtlebot3_ws/install/open_manipulator_msgs/local/lib/python3.10/dist-packages/open_manipulator_msgs/msg/_open_manipulator_state_s.c
[9.535s] -- Up-to-date: /home/song/apps/robong/ros2/turtlebot3_ws/install/open_manipulator_msgs/local/lib/python3.10/dist-packages/open_manipulator_msgs/msg/_kinematics_pose.py
[9.537s] -- Up-to-date: /home/song/apps/robong/ros2/turtlebot3_ws/install/open_manipulator_msgs/local/lib/python3.10/dist-packages/open_manipulator_msgs/open_manipulator_msgs_s__rosidl_typesupport_fastrtps_c.cpython-310-x86_64-linux-gnu.so
[9.537s] -- Up-to-date: /home/song/apps/robong/ros2/turtlebot3_ws/install/open_manipulator_msgs/local/lib/python3.10/dist-packages/open_manipulator_msgs/open_manipulator_msgs_s__rosidl_typesupport_introspection_c.cpython-310-x86_64-linux-gnu.so
[9.538s] -- Up-to-date: /home/song/apps/robong/ros2/turtlebot3_ws/install/open_manipulator_msgs/local/lib/python3.10/dist-packages/open_manipulator_msgs/srv
[9.538s] -- Up-to-date: /home/song/apps/robong/ros2/turtlebot3_ws/install/open_manipulator_msgs/local/lib/python3.10/dist-packages/open_manipulator_msgs/srv/_set_drawing_trajectory.py
[9.538s] -- Up-to-date: /home/song/apps/robong/ros2/turtlebot3_ws/install/open_manipulator_msgs/local/lib/python3.10/dist-packages/open_manipulator_msgs/srv/_set_kinematics_pose.py
[9.538s] -- Up-to-date: /home/song/apps/robong/ros2/turtlebot3_ws/install/open_manipulator_msgs/local/lib/python3.10/dist-packages/open_manipulator_msgs/srv/_get_kinematics_pose.py
[9.545s] -- Up-to-date: /home/song/apps/robong/ros2/turtlebot3_ws/install/open_manipulator_msgs/local/lib/python3.10/dist-packages/open_manipulator_msgs/srv/_set_actuator_state_s.c
[9.545s] -- Up-to-date: /home/song/apps/robong/ros2/turtlebot3_ws/install/open_manipulator_msgs/local/lib/python3.10/dist-packages/open_manipulator_msgs/srv/_get_joint_position_s.c
[9.546s] -- Up-to-date: /home/song/apps/robong/ros2/turtlebot3_ws/install/open_manipulator_msgs/local/lib/python3.10/dist-packages/open_manipulator_msgs/srv/_get_kinematics_pose_s.c
[9.546s] -- Up-to-date: /home/song/apps/robong/ros2/turtlebot3_ws/install/open_manipulator_msgs/local/lib/python3.10/dist-packages/open_manipulator_msgs/srv/_set_actuator_state.py
[9.546s] -- Up-to-date: /home/song/apps/robong/ros2/turtlebot3_ws/install/open_manipulator_msgs/local/lib/python3.10/dist-packages/open_manipulator_msgs/srv/__init__.py
[9.546s] -- Up-to-date: /home/song/apps/robong/ros2/turtlebot3_ws/install/open_manipulator_msgs/local/lib/python3.10/dist-packages/open_manipulator_msgs/srv/_set_kinematics_pose_s.c
[9.547s] -- Up-to-date: /home/song/apps/robong/ros2/turtlebot3_ws/install/open_manipulator_msgs/local/lib/python3.10/dist-packages/open_manipulator_msgs/srv/_set_joint_position.py
[9.547s] -- Up-to-date: /home/song/apps/robong/ros2/turtlebot3_ws/install/open_manipulator_msgs/local/lib/python3.10/dist-packages/open_manipulator_msgs/srv/_set_joint_position_s.c
[9.547s] -- Up-to-date: /home/song/apps/robong/ros2/turtlebot3_ws/install/open_manipulator_msgs/local/lib/python3.10/dist-packages/open_manipulator_msgs/srv/_get_joint_position.py
[9.547s] -- Up-to-date: /home/song/apps/robong/ros2/turtlebot3_ws/install/open_manipulator_msgs/local/lib/python3.10/dist-packages/open_manipulator_msgs/srv/_set_drawing_trajectory_s.c
[9.548s] -- Up-to-date: /home/song/apps/robong/ros2/turtlebot3_ws/install/open_manipulator_msgs/local/lib/python3.10/dist-packages/open_manipulator_msgs/__init__.py
[9.548s] -- Up-to-date: /home/song/apps/robong/ros2/turtlebot3_ws/install/open_manipulator_msgs/local/lib/python3.10/dist-packages/open_manipulator_msgs/_open_manipulator_msgs_s.ep.rosidl_typesupport_introspection_c.c
[9.548s] -- Up-to-date: /home/song/apps/robong/ros2/turtlebot3_ws/install/open_manipulator_msgs/local/lib/python3.10/dist-packages/open_manipulator_msgs/open_manipulator_msgs_s__rosidl_typesupport_c.cpython-310-x86_64-linux-gnu.so
[9.549s] -- Up-to-date: /home/song/apps/robong/ros2/turtlebot3_ws/install/open_manipulator_msgs/local/lib/python3.10/dist-packages/open_manipulator_msgs/libopen_manipulator_msgs__rosidl_generator_py.so
[9.549s] -- Up-to-date: /home/song/apps/robong/ros2/turtlebot3_ws/install/open_manipulator_msgs/local/lib/python3.10/dist-packages/open_manipulator_msgs/_open_manipulator_msgs_s.ep.rosidl_typesupport_c.c
[9.549s] -- Up-to-date: /home/song/apps/robong/ros2/turtlebot3_ws/install/open_manipulator_msgs/local/lib/python3.10/dist-packages/open_manipulator_msgs/_open_manipulator_msgs_s.ep.rosidl_typesupport_fastrtps_c.c
[9.707s] Listing '/home/song/apps/robong/ros2/turtlebot3_ws/install/open_manipulator_msgs/local/lib/python3.10/dist-packages/open_manipulator_msgs'...
[9.716s] Listing '/home/song/apps/robong/ros2/turtlebot3_ws/install/open_manipulator_msgs/local/lib/python3.10/dist-packages/open_manipulator_msgs/msg'...
[9.717s] Listing '/home/song/apps/robong/ros2/turtlebot3_ws/install/open_manipulator_msgs/local/lib/python3.10/dist-packages/open_manipulator_msgs/srv'...
[9.759s] -- Up-to-date: /home/song/apps/robong/ros2/turtlebot3_ws/install/open_manipulator_msgs/local/lib/python3.10/dist-packages/open_manipulator_msgs/open_manipulator_msgs_s__rosidl_typesupport_fastrtps_c.cpython-310-x86_64-linux-gnu.so
[9.759s] -- Up-to-date: /home/song/apps/robong/ros2/turtlebot3_ws/install/open_manipulator_msgs/local/lib/python3.10/dist-packages/open_manipulator_msgs/open_manipulator_msgs_s__rosidl_typesupport_introspection_c.cpython-310-x86_64-linux-gnu.so
[9.759s] -- Up-to-date: /home/song/apps/robong/ros2/turtlebot3_ws/install/open_manipulator_msgs/local/lib/python3.10/dist-packages/open_manipulator_msgs/open_manipulator_msgs_s__rosidl_typesupport_c.cpython-310-x86_64-linux-gnu.so
[9.764s] -- Up-to-date: /home/song/apps/robong/ros2/turtlebot3_ws/install/open_manipulator_msgs/lib/libopen_manipulator_msgs__rosidl_generator_py.so
[9.767s] -- Up-to-date: /home/song/apps/robong/ros2/turtlebot3_ws/install/open_manipulator_msgs/share/open_manipulator_msgs/msg/JointPosition.idl
[9.768s] -- Up-to-date: /home/song/apps/robong/ros2/turtlebot3_ws/install/open_manipulator_msgs/share/open_manipulator_msgs/msg/KinematicsPose.idl
[9.768s] -- Up-to-date: /home/song/apps/robong/ros2/turtlebot3_ws/install/open_manipulator_msgs/share/open_manipulator_msgs/msg/OpenManipulatorState.idl
[9.771s] -- Up-to-date: /home/song/apps/robong/ros2/turtlebot3_ws/install/open_manipulator_msgs/share/open_manipulator_msgs/srv/GetJointPosition.idl
[9.772s] -- Up-to-date: /home/song/apps/robong/ros2/turtlebot3_ws/install/open_manipulator_msgs/share/open_manipulator_msgs/srv/GetKinematicsPose.idl
[9.778s] -- Up-to-date: /home/song/apps/robong/ros2/turtlebot3_ws/install/open_manipulator_msgs/share/open_manipulator_msgs/srv/SetJointPosition.idl
[9.785s] -- Up-to-date: /home/song/apps/robong/ros2/turtlebot3_ws/install/open_manipulator_msgs/share/open_manipulator_msgs/srv/SetKinematicsPose.idl
[9.786s] -- Up-to-date: /home/song/apps/robong/ros2/turtlebot3_ws/install/open_manipulator_msgs/share/open_manipulator_msgs/srv/SetDrawingTrajectory.idl
[9.805s] -- Up-to-date: /home/song/apps/robong/ros2/turtlebot3_ws/install/open_manipulator_msgs/share/open_manipulator_msgs/srv/SetActuatorState.idl
[9.805s] -- Up-to-date: /home/song/apps/robong/ros2/turtlebot3_ws/install/open_manipulator_msgs/share/open_manipulator_msgs/msg/JointPosition.msg
[9.806s] -- Up-to-date: /home/song/apps/robong/ros2/turtlebot3_ws/install/open_manipulator_msgs/share/open_manipulator_msgs/msg/KinematicsPose.msg
[9.806s] -- Up-to-date: /home/song/apps/robong/ros2/turtlebot3_ws/install/open_manipulator_msgs/share/open_manipulator_msgs/msg/OpenManipulatorState.msg
[9.806s] -- Up-to-date: /home/song/apps/robong/ros2/turtlebot3_ws/install/open_manipulator_msgs/share/open_manipulator_msgs/srv/GetJointPosition.srv
[9.806s] -- Up-to-date: /home/song/apps/robong/ros2/turtlebot3_ws/install/open_manipulator_msgs/share/open_manipulator_msgs/srv/GetJointPosition_Request.msg
[9.815s] -- Up-to-date: /home/song/apps/robong/ros2/turtlebot3_ws/install/open_manipulator_msgs/share/open_manipulator_msgs/srv/GetJointPosition_Response.msg
[9.816s] -- Up-to-date: /home/song/apps/robong/ros2/turtlebot3_ws/install/open_manipulator_msgs/share/open_manipulator_msgs/srv/GetKinematicsPose.srv
[9.816s] -- Up-to-date: /home/song/apps/robong/ros2/turtlebot3_ws/install/open_manipulator_msgs/share/open_manipulator_msgs/srv/GetKinematicsPose_Request.msg
[9.816s] -- Up-to-date: /home/song/apps/robong/ros2/turtlebot3_ws/install/open_manipulator_msgs/share/open_manipulator_msgs/srv/GetKinematicsPose_Response.msg
[9.816s] -- Up-to-date: /home/song/apps/robong/ros2/turtlebot3_ws/install/open_manipulator_msgs/share/open_manipulator_msgs/srv/SetJointPosition.srv
[9.819s] -- Up-to-date: /home/song/apps/robong/ros2/turtlebot3_ws/install/open_manipulator_msgs/share/open_manipulator_msgs/srv/SetJointPosition_Request.msg
[9.821s] -- Up-to-date: /home/song/apps/robong/ros2/turtlebot3_ws/install/open_manipulator_msgs/share/open_manipulator_msgs/srv/SetJointPosition_Response.msg
[9.821s] -- Up-to-date: /home/song/apps/robong/ros2/turtlebot3_ws/install/open_manipulator_msgs/share/open_manipulator_msgs/srv/SetKinematicsPose.srv
[9.821s] -- Up-to-date: /home/song/apps/robong/ros2/turtlebot3_ws/install/open_manipulator_msgs/share/open_manipulator_msgs/srv/SetKinematicsPose_Request.msg
[9.824s] -- Up-to-date: /home/song/apps/robong/ros2/turtlebot3_ws/install/open_manipulator_msgs/share/open_manipulator_msgs/srv/SetKinematicsPose_Response.msg
[9.838s] -- Up-to-date: /home/song/apps/robong/ros2/turtlebot3_ws/install/open_manipulator_msgs/share/open_manipulator_msgs/srv/SetDrawingTrajectory.srv
[9.840s] -- Up-to-date: /home/song/apps/robong/ros2/turtlebot3_ws/install/open_manipulator_msgs/share/open_manipulator_msgs/srv/SetDrawingTrajectory_Request.msg
[9.842s] -- Up-to-date: /home/song/apps/robong/ros2/turtlebot3_ws/install/open_manipulator_msgs/share/open_manipulator_msgs/srv/SetDrawingTrajectory_Response.msg
[9.843s] -- Up-to-date: /home/song/apps/robong/ros2/turtlebot3_ws/install/open_manipulator_msgs/share/open_manipulator_msgs/srv/SetActuatorState.srv
[9.844s] -- Up-to-date: /home/song/apps/robong/ros2/turtlebot3_ws/install/open_manipulator_msgs/share/open_manipulator_msgs/srv/SetActuatorState_Request.msg
[9.845s] -- Up-to-date: /home/song/apps/robong/ros2/turtlebot3_ws/install/open_manipulator_msgs/share/open_manipulator_msgs/srv/SetActuatorState_Response.msg
[9.845s] -- Up-to-date: /home/song/apps/robong/ros2/turtlebot3_ws/install/open_manipulator_msgs/share/ament_index/resource_index/package_run_dependencies/open_manipulator_msgs
[9.848s] -- Up-to-date: /home/song/apps/robong/ros2/turtlebot3_ws/install/open_manipulator_msgs/share/ament_index/resource_index/parent_prefix_path/open_manipulator_msgs
[9.848s] -- Up-to-date: /home/song/apps/robong/ros2/turtlebot3_ws/install/open_manipulator_msgs/share/open_manipulator_msgs/environment/ament_prefix_path.sh
[9.851s] -- Up-to-date: /home/song/apps/robong/ros2/turtlebot3_ws/install/open_manipulator_msgs/share/open_manipulator_msgs/environment/ament_prefix_path.dsv
[9.851s] -- Up-to-date: /home/song/apps/robong/ros2/turtlebot3_ws/install/open_manipulator_msgs/share/open_manipulator_msgs/environment/path.sh
[9.853s] -- Up-to-date: /home/song/apps/robong/ros2/turtlebot3_ws/install/open_manipulator_msgs/share/open_manipulator_msgs/environment/path.dsv
[9.853s] -- Up-to-date: /home/song/apps/robong/ros2/turtlebot3_ws/install/open_manipulator_msgs/share/open_manipulator_msgs/local_setup.bash
[9.853s] -- Up-to-date: /home/song/apps/robong/ros2/turtlebot3_ws/install/open_manipulator_msgs/share/open_manipulator_msgs/local_setup.sh
[9.858s] -- Up-to-date: /home/song/apps/robong/ros2/turtlebot3_ws/install/open_manipulator_msgs/share/open_manipulator_msgs/local_setup.zsh
[9.859s] -- Up-to-date: /home/song/apps/robong/ros2/turtlebot3_ws/install/open_manipulator_msgs/share/open_manipulator_msgs/local_setup.dsv
[9.900s] -- Installing: /home/song/apps/robong/ros2/turtlebot3_ws/install/open_manipulator_msgs/share/open_manipulator_msgs/package.dsv
[9.916s] -- Up-to-date: /home/song/apps/robong/ros2/turtlebot3_ws/install/open_manipulator_msgs/share/ament_index/resource_index/packages/open_manipulator_msgs
[9.916s] -- Up-to-date: /home/song/apps/robong/ros2/turtlebot3_ws/install/open_manipulator_msgs/share/open_manipulator_msgs/cmake/export_open_manipulator_msgs__rosidl_generator_cExport.cmake
[9.916s] -- Up-to-date: /home/song/apps/robong/ros2/turtlebot3_ws/install/open_manipulator_msgs/share/open_manipulator_msgs/cmake/export_open_manipulator_msgs__rosidl_generator_cExport-noconfig.cmake
[9.917s] -- Up-to-date: /home/song/apps/robong/ros2/turtlebot3_ws/install/open_manipulator_msgs/share/open_manipulator_msgs/cmake/export_open_manipulator_msgs__rosidl_typesupport_fastrtps_cExport.cmake
[9.917s] -- Up-to-date: /home/song/apps/robong/ros2/turtlebot3_ws/install/open_manipulator_msgs/share/open_manipulator_msgs/cmake/export_open_manipulator_msgs__rosidl_typesupport_fastrtps_cExport-noconfig.cmake
[9.917s] -- Up-to-date: /home/song/apps/robong/ros2/turtlebot3_ws/install/open_manipulator_msgs/share/open_manipulator_msgs/cmake/export_open_manipulator_msgs__rosidl_generator_cppExport.cmake
[9.917s] -- Up-to-date: /home/song/apps/robong/ros2/turtlebot3_ws/install/open_manipulator_msgs/share/open_manipulator_msgs/cmake/export_open_manipulator_msgs__rosidl_typesupport_fastrtps_cppExport.cmake
[9.918s] -- Up-to-date: /home/song/apps/robong/ros2/turtlebot3_ws/install/open_manipulator_msgs/share/open_manipulator_msgs/cmake/export_open_manipulator_msgs__rosidl_typesupport_fastrtps_cppExport-noconfig.cmake
[9.918s] -- Up-to-date: /home/song/apps/robong/ros2/turtlebot3_ws/install/open_manipulator_msgs/share/open_manipulator_msgs/cmake/open_manipulator_msgs__rosidl_typesupport_introspection_cExport.cmake
[9.918s] -- Up-to-date: /home/song/apps/robong/ros2/turtlebot3_ws/install/open_manipulator_msgs/share/open_manipulator_msgs/cmake/open_manipulator_msgs__rosidl_typesupport_introspection_cExport-noconfig.cmake
[9.918s] -- Up-to-date: /home/song/apps/robong/ros2/turtlebot3_ws/install/open_manipulator_msgs/share/open_manipulator_msgs/cmake/open_manipulator_msgs__rosidl_typesupport_cExport.cmake
[9.922s] -- Up-to-date: /home/song/apps/robong/ros2/turtlebot3_ws/install/open_manipulator_msgs/share/open_manipulator_msgs/cmake/open_manipulator_msgs__rosidl_typesupport_cExport-noconfig.cmake
[9.922s] -- Up-to-date: /home/song/apps/robong/ros2/turtlebot3_ws/install/open_manipulator_msgs/share/open_manipulator_msgs/cmake/open_manipulator_msgs__rosidl_typesupport_introspection_cppExport.cmake
[9.922s] -- Up-to-date: /home/song/apps/robong/ros2/turtlebot3_ws/install/open_manipulator_msgs/share/open_manipulator_msgs/cmake/open_manipulator_msgs__rosidl_typesupport_introspection_cppExport-noconfig.cmake
[9.922s] -- Up-to-date: /home/song/apps/robong/ros2/turtlebot3_ws/install/open_manipulator_msgs/share/open_manipulator_msgs/cmake/open_manipulator_msgs__rosidl_typesupport_cppExport.cmake
[9.923s] -- Up-to-date: /home/song/apps/robong/ros2/turtlebot3_ws/install/open_manipulator_msgs/share/open_manipulator_msgs/cmake/open_manipulator_msgs__rosidl_typesupport_cppExport-noconfig.cmake
[9.963s] -- Up-to-date: /home/song/apps/robong/ros2/turtlebot3_ws/install/open_manipulator_msgs/share/open_manipulator_msgs/cmake/export_open_manipulator_msgs__rosidl_generator_pyExport.cmake
[9.963s] -- Up-to-date: /home/song/apps/robong/ros2/turtlebot3_ws/install/open_manipulator_msgs/share/open_manipulator_msgs/cmake/export_open_manipulator_msgs__rosidl_generator_pyExport-noconfig.cmake
[9.963s] -- Up-to-date: /home/song/apps/robong/ros2/turtlebot3_ws/install/open_manipulator_msgs/share/open_manipulator_msgs/cmake/rosidl_cmake-extras.cmake
[9.966s] -- Up-to-date: /home/song/apps/robong/ros2/turtlebot3_ws/install/open_manipulator_msgs/share/open_manipulator_msgs/cmake/ament_cmake_export_dependencies-extras.cmake
[9.967s] -- Up-to-date: /home/song/apps/robong/ros2/turtlebot3_ws/install/open_manipulator_msgs/share/open_manipulator_msgs/cmake/ament_cmake_export_include_directories-extras.cmake
[9.987s] -- Up-to-date: /home/song/apps/robong/ros2/turtlebot3_ws/install/open_manipulator_msgs/share/open_manipulator_msgs/cmake/ament_cmake_export_libraries-extras.cmake
[9.987s] -- Up-to-date: /home/song/apps/robong/ros2/turtlebot3_ws/install/open_manipulator_msgs/share/open_manipulator_msgs/cmake/ament_cmake_export_targets-extras.cmake
[9.987s] -- Up-to-date: /home/song/apps/robong/ros2/turtlebot3_ws/install/open_manipulator_msgs/share/open_manipulator_msgs/cmake/rosidl_cmake_export_typesupport_targets-extras.cmake
[9.996s] -- Up-to-date: /home/song/apps/robong/ros2/turtlebot3_ws/install/open_manipulator_msgs/share/open_manipulator_msgs/cmake/rosidl_cmake_export_typesupport_libraries-extras.cmake
[9.996s] -- Up-to-date: /home/song/apps/robong/ros2/turtlebot3_ws/install/open_manipulator_msgs/share/open_manipulator_msgs/cmake/open_manipulator_msgsConfig.cmake
[9.997s] -- Up-to-date: /home/song/apps/robong/ros2/turtlebot3_ws/install/open_manipulator_msgs/share/open_manipulator_msgs/cmake/open_manipulator_msgsConfig-version.cmake
[9.997s] -- Up-to-date: /home/song/apps/robong/ros2/turtlebot3_ws/install/open_manipulator_msgs/share/open_manipulator_msgs/package.xml
[10.094s] Invoked command in '/home/song/apps/robong/ros2/turtlebot3_ws/build/open_manipulator_msgs' returned '0': CMAKE_PREFIX_PATH=${CMAKE_PREFIX_PATH}:/home/song/apps/robong/ros2/turtlebot3_ws/install/open_manipulator_x_teleop:/home/song/apps/robong/ros2/workspace/install/calculator:/home/song/apps/robong/ros2/workspace/install/simple_ros:/home/song/apps/robong/ros2/workspace/install/ros2env:/home/song/apps/robong/ros2/workspace/install/ros2_aruco:/home/song/apps/robong/ros2/workspace/install/move_turtle:/home/song/apps/robong/ros2/workspace/install/SimplePkg:/home/song/apps/robong/ros2/workspace/install/Homework1018:/opt/ros/humble /usr/bin/cmake --install /home/song/apps/robong/ros2/turtlebot3_ws/build/open_manipulator_msgs
