[3.445s] Invoking command in '/home/song/apps/robong/ros2/turtlebot3_ws/src/open_manipulator/open_manipulator_x_teleop': AMENT_PREFIX_PATH=/home/song/apps/robong/ros2/turtlebot3_ws/install/open_manipulator_msgs:${AMENT_PREFIX_PATH} CMAKE_PREFIX_PATH=/home/song/apps/robong/ros2/turtlebot3_ws/install/open_manipulator_msgs:${CMAKE_PREFIX_PATH} LD_LIBRARY_PATH=/home/song/apps/robong/ros2/turtlebot3_ws/install/open_manipulator_msgs/lib:/home/song/apps/robong/ros2/workspace/install/user_interface/lib:/home/song/apps/robong/ros2/workspace/install/simple_ros_cpp/lib:/home/song/apps/robong/ros2/workspace/install/ros2_aruco_interfaces/lib:/usr/lib/x86_64-linux-gnu/gazebo-11/plugins:/opt/ros/humble/opt/rviz_ogre_vendor/lib:/opt/ros/humble/lib/x86_64-linux-gnu:/opt/ros/humble/lib:/usr/share/gazebo/../../lib/x86_64-linux-gnu/gazebo-11/plugins PYTHONPATH=/home/song/apps/robong/ros2/turtlebot3_ws/build/open_manipulator_x_teleop/prefix_override:/usr/lib/python3/dist-packages/colcon_core/task/python/colcon_distutils_commands:/home/song/apps/robong/ros2/turtlebot3_ws/install/open_manipulator_x_teleop/lib/python3.10/site-packages:/home/song/apps/robong/ros2/turtlebot3_ws/install/open_manipulator_msgs/local/lib/python3.10/dist-packages:${PYTHONPATH} /usr/bin/python3 -W ignore:setup.py install is deprecated setup.py egg_info --egg-base ../../../build/open_manipulator_x_teleop build --build-base /home/song/apps/robong/ros2/turtlebot3_ws/build/open_manipulator_x_teleop/build install --record /home/song/apps/robong/ros2/turtlebot3_ws/build/open_manipulator_x_teleop/install.log --single-version-externally-managed install_data
[6.321s] running egg_info
[6.323s] creating ../../../build/open_manipulator_x_teleop/open_manipulator_x_teleop.egg-info
[6.326s] writing ../../../build/open_manipulator_x_teleop/open_manipulator_x_teleop.egg-info/PKG-INFO
[6.326s] writing dependency_links to ../../../build/open_manipulator_x_teleop/open_manipulator_x_teleop.egg-info/dependency_links.txt
[6.327s] writing entry points to ../../../build/open_manipulator_x_teleop/open_manipulator_x_teleop.egg-info/entry_points.txt
[6.327s] writing requirements to ../../../build/open_manipulator_x_teleop/open_manipulator_x_teleop.egg-info/requires.txt
[6.327s] writing top-level names to ../../../build/open_manipulator_x_teleop/open_manipulator_x_teleop.egg-info/top_level.txt
[6.327s] writing manifest file '../../../build/open_manipulator_x_teleop/open_manipulator_x_teleop.egg-info/SOURCES.txt'
[6.330s] reading manifest file '../../../build/open_manipulator_x_teleop/open_manipulator_x_teleop.egg-info/SOURCES.txt'
[6.333s] writing manifest file '../../../build/open_manipulator_x_teleop/open_manipulator_x_teleop.egg-info/SOURCES.txt'
[6.333s] running build
[6.334s] running build_py
[6.334s] creating /home/song/apps/robong/ros2/turtlebot3_ws/build/open_manipulator_x_teleop/build
[6.335s] creating /home/song/apps/robong/ros2/turtlebot3_ws/build/open_manipulator_x_teleop/build/lib
[6.336s] creating /home/song/apps/robong/ros2/turtlebot3_ws/build/open_manipulator_x_teleop/build/lib/open_manipulator_x_teleop
[6.336s] copying open_manipulator_x_teleop/__init__.py -> /home/song/apps/robong/ros2/turtlebot3_ws/build/open_manipulator_x_teleop/build/lib/open_manipulator_x_teleop
[6.338s] creating /home/song/apps/robong/ros2/turtlebot3_ws/build/open_manipulator_x_teleop/build/lib/open_manipulator_x_teleop/script
[6.338s] copying open_manipulator_x_teleop/script/__init__.py -> /home/song/apps/robong/ros2/turtlebot3_ws/build/open_manipulator_x_teleop/build/lib/open_manipulator_x_teleop/script
[6.341s] copying open_manipulator_x_teleop/script/teleop_keyboard.py -> /home/song/apps/robong/ros2/turtlebot3_ws/build/open_manipulator_x_teleop/build/lib/open_manipulator_x_teleop/script
[6.341s] running install
[6.341s] running install_lib
[6.355s] creating /home/song/apps/robong/ros2/turtlebot3_ws/install/open_manipulator_x_teleop/lib/python3.10/site-packages/open_manipulator_x_teleop
[6.358s] creating /home/song/apps/robong/ros2/turtlebot3_ws/install/open_manipulator_x_teleop/lib/python3.10/site-packages/open_manipulator_x_teleop/script
[6.359s] copying /home/song/apps/robong/ros2/turtlebot3_ws/build/open_manipulator_x_teleop/build/lib/open_manipulator_x_teleop/script/__init__.py -> /home/song/apps/robong/ros2/turtlebot3_ws/install/open_manipulator_x_teleop/lib/python3.10/site-packages/open_manipulator_x_teleop/script
[6.359s] copying /home/song/apps/robong/ros2/turtlebot3_ws/build/open_manipulator_x_teleop/build/lib/open_manipulator_x_teleop/script/teleop_keyboard.py -> /home/song/apps/robong/ros2/turtlebot3_ws/install/open_manipulator_x_teleop/lib/python3.10/site-packages/open_manipulator_x_teleop/script
[6.361s] copying /home/song/apps/robong/ros2/turtlebot3_ws/build/open_manipulator_x_teleop/build/lib/open_manipulator_x_teleop/__init__.py -> /home/song/apps/robong/ros2/turtlebot3_ws/install/open_manipulator_x_teleop/lib/python3.10/site-packages/open_manipulator_x_teleop
[6.361s] byte-compiling /home/song/apps/robong/ros2/turtlebot3_ws/install/open_manipulator_x_teleop/lib/python3.10/site-packages/open_manipulator_x_teleop/script/__init__.py to __init__.cpython-310.pyc
[6.362s] byte-compiling /home/song/apps/robong/ros2/turtlebot3_ws/install/open_manipulator_x_teleop/lib/python3.10/site-packages/open_manipulator_x_teleop/script/teleop_keyboard.py to teleop_keyboard.cpython-310.pyc
[6.370s] byte-compiling /home/song/apps/robong/ros2/turtlebot3_ws/install/open_manipulator_x_teleop/lib/python3.10/site-packages/open_manipulator_x_teleop/__init__.py to __init__.cpython-310.pyc
[6.371s] running install_data
[6.373s] creating /home/song/apps/robong/ros2/turtlebot3_ws/install/open_manipulator_x_teleop/share/ament_index
[6.373s] creating /home/song/apps/robong/ros2/turtlebot3_ws/install/open_manipulator_x_teleop/share/ament_index/resource_index
[6.373s] creating /home/song/apps/robong/ros2/turtlebot3_ws/install/open_manipulator_x_teleop/share/ament_index/resource_index/packages
[6.375s] copying resource/open_manipulator_x_teleop -> /home/song/apps/robong/ros2/turtlebot3_ws/install/open_manipulator_x_teleop/share/ament_index/resource_index/packages
[6.377s] copying package.xml -> /home/song/apps/robong/ros2/turtlebot3_ws/install/open_manipulator_x_teleop/share/open_manipulator_x_teleop
[6.377s] running install_egg_info
[6.390s] Copying ../../../build/open_manipulator_x_teleop/open_manipulator_x_teleop.egg-info to /home/song/apps/robong/ros2/turtlebot3_ws/install/open_manipulator_x_teleop/lib/python3.10/site-packages/open_manipulator_x_teleop-2.3.0-py3.10.egg-info
[6.392s] running install_scripts
[6.444s] Installing teleop_keyboard script to /home/song/apps/robong/ros2/turtlebot3_ws/install/open_manipulator_x_teleop/lib/open_manipulator_x_teleop
[6.447s] writing list of installed files to '/home/song/apps/robong/ros2/turtlebot3_ws/build/open_manipulator_x_teleop/install.log'
[6.512s] Invoked command in '/home/song/apps/robong/ros2/turtlebot3_ws/src/open_manipulator/open_manipulator_x_teleop' returned '0': AMENT_PREFIX_PATH=/home/song/apps/robong/ros2/turtlebot3_ws/install/open_manipulator_msgs:${AMENT_PREFIX_PATH} CMAKE_PREFIX_PATH=/home/song/apps/robong/ros2/turtlebot3_ws/install/open_manipulator_msgs:${CMAKE_PREFIX_PATH} LD_LIBRARY_PATH=/home/song/apps/robong/ros2/turtlebot3_ws/install/open_manipulator_msgs/lib:/home/song/apps/robong/ros2/workspace/install/user_interface/lib:/home/song/apps/robong/ros2/workspace/install/simple_ros_cpp/lib:/home/song/apps/robong/ros2/workspace/install/ros2_aruco_interfaces/lib:/usr/lib/x86_64-linux-gnu/gazebo-11/plugins:/opt/ros/humble/opt/rviz_ogre_vendor/lib:/opt/ros/humble/lib/x86_64-linux-gnu:/opt/ros/humble/lib:/usr/share/gazebo/../../lib/x86_64-linux-gnu/gazebo-11/plugins PYTHONPATH=/home/song/apps/robong/ros2/turtlebot3_ws/build/open_manipulator_x_teleop/prefix_override:/usr/lib/python3/dist-packages/colcon_core/task/python/colcon_distutils_commands:/home/song/apps/robong/ros2/turtlebot3_ws/install/open_manipulator_x_teleop/lib/python3.10/site-packages:/home/song/apps/robong/ros2/turtlebot3_ws/install/open_manipulator_msgs/local/lib/python3.10/dist-packages:${PYTHONPATH} /usr/bin/python3 -W ignore:setup.py install is deprecated setup.py egg_info --egg-base ../../../build/open_manipulator_x_teleop build --build-base /home/song/apps/robong/ros2/turtlebot3_ws/build/open_manipulator_x_teleop/build install --record /home/song/apps/robong/ros2/turtlebot3_ws/build/open_manipulator_x_teleop/install.log --single-version-externally-managed install_data
