[0.116s] Invoking command in '/home/song/apps/robong/ros2/turtlebot3_ws/build/robotis_manipulator': AMENT_PREFIX_PATH=/home/song/apps/robong/ros2/turtlebot3_ws/install/cmake_modules:${AMENT_PREFIX_PATH} CMAKE_PREFIX_PATH=/home/song/apps/robong/ros2/turtlebot3_ws/install/cmake_modules:/home/song/apps/robong/ros2/turtlebot3_ws/install/turtlebot3_simulations:/home/song/apps/robong/ros2/turtlebot3_ws/install/turtlebot3_gazebo:/home/song/apps/robong/ros2/turtlebot3_ws/install/turtlebot3_fake_node:/home/song/apps/robong/ros2/workspace/install/user_interface:/home/song/apps/robong/ros2/workspace/install/simple_ros_cpp:/home/song/apps/robong/ros2/workspace/install/rqt_example:/home/song/apps/robong/ros2/workspace/install/ros2_aruco_interfaces:/home/song/apps/robong/ros2/workspace/install/pendulum_control:/home/song/apps/robong/ros2/workspace/install/my_rqt_plugin:/home/song/apps/robong/ros2/workspace/install/move_turtle_cpp:/home/song/apps/robong/ros2/workspace/install/calculator:/home/song/apps/robong/ros2/workspace/install/simple_ros:/home/song/apps/robong/ros2/workspace/install/ros2env:/home/song/apps/robong/ros2/workspace/install/ros2_aruco:/home/song/apps/robong/ros2/workspace/install/move_turtle:/home/song/apps/robong/ros2/workspace/install/SimplePkg:/home/song/apps/robong/ros2/workspace/install/Homework1018:/opt/ros/humble /usr/bin/cmake /home/song/apps/robong/ros2/turtlebot3_ws/src/robotis_manipulator -DCMAKE_INSTALL_PREFIX=/home/song/apps/robong/ros2/turtlebot3_ws/install/robotis_manipulator
[0.517s] -- The C compiler identification is GNU 11.4.0
[1.012s] -- The CXX compiler identification is GNU 11.4.0
[1.061s] -- Detecting C compiler ABI info
[1.465s] -- Detecting C compiler ABI info - done
[1.554s] -- Check for working C compiler: /usr/bin/cc - skipped
[1.567s] -- Detecting C compile features
[1.578s] -- Detecting C compile features - done
[1.607s] -- Detecting CXX compiler ABI info
[2.285s] -- Detecting CXX compiler ABI info - done
[2.425s] -- Check for working CXX compiler: /usr/bin/c++ - skipped
[2.425s] -- Detecting CXX compile features
[2.432s] -- Detecting CXX compile features - done
[2.534s] -- Found ament_cmake: 1.3.10 (/opt/ros/humble/share/ament_cmake/cmake)
[3.224s] -- Found Python3: /usr/bin/python3 (found version "3.10.12") found components: Interpreter 
[3.615s] -- Found cmake_modules: 0.4.1 (/home/song/apps/robong/ros2/turtlebot3_ws/install/cmake_modules/share/cmake_modules/cmake)
[3.633s] -- Found rclcpp: 16.0.10 (/opt/ros/humble/share/rclcpp/cmake)
[3.878s] -- Found rosidl_generator_c: 3.1.5 (/opt/ros/humble/share/rosidl_generator_c/cmake)
[3.906s] -- Found rosidl_adapter: 3.1.5 (/opt/ros/humble/share/rosidl_adapter/cmake)
[3.959s] -- Found rosidl_generator_cpp: 3.1.5 (/opt/ros/humble/share/rosidl_generator_cpp/cmake)
[4.053s] -- Using all available rosidl_typesupport_c: rosidl_typesupport_fastrtps_c;rosidl_typesupport_introspection_c
[4.187s] -- Using all available rosidl_typesupport_cpp: rosidl_typesupport_fastrtps_cpp;rosidl_typesupport_introspection_cpp
[4.485s] -- Found rmw_implementation_cmake: 6.1.2 (/opt/ros/humble/share/rmw_implementation_cmake/cmake)
[4.540s] -- Found rmw_fastrtps_cpp: 6.2.7 (/opt/ros/humble/share/rmw_fastrtps_cpp/cmake)
[4.913s] -- Found OpenSSL: /usr/lib/x86_64-linux-gnu/libcrypto.so (found version "3.0.2")  
[4.999s] -- Found FastRTPS: /opt/ros/humble/include  
[5.081s] -- Using RMW implementation 'rmw_fastrtps_cpp' as default
[5.141s] -- Looking for pthread.h
[5.611s] -- Looking for pthread.h - found
[5.614s] -- Performing Test CMAKE_HAVE_LIBC_PTHREAD
[6.396s] -- Performing Test CMAKE_HAVE_LIBC_PTHREAD - Success
[6.427s] -- Found Threads: TRUE  
[8.126s] -- Configuring done
[8.691s] -- Generating done
[8.736s] -- Build files have been written to: /home/song/apps/robong/ros2/turtlebot3_ws/build/robotis_manipulator
[8.810s] Invoked command in '/home/song/apps/robong/ros2/turtlebot3_ws/build/robotis_manipulator' returned '0': AMENT_PREFIX_PATH=/home/song/apps/robong/ros2/turtlebot3_ws/install/cmake_modules:${AMENT_PREFIX_PATH} CMAKE_PREFIX_PATH=/home/song/apps/robong/ros2/turtlebot3_ws/install/cmake_modules:/home/song/apps/robong/ros2/turtlebot3_ws/install/turtlebot3_simulations:/home/song/apps/robong/ros2/turtlebot3_ws/install/turtlebot3_gazebo:/home/song/apps/robong/ros2/turtlebot3_ws/install/turtlebot3_fake_node:/home/song/apps/robong/ros2/workspace/install/user_interface:/home/song/apps/robong/ros2/workspace/install/simple_ros_cpp:/home/song/apps/robong/ros2/workspace/install/rqt_example:/home/song/apps/robong/ros2/workspace/install/ros2_aruco_interfaces:/home/song/apps/robong/ros2/workspace/install/pendulum_control:/home/song/apps/robong/ros2/workspace/install/my_rqt_plugin:/home/song/apps/robong/ros2/workspace/install/move_turtle_cpp:/home/song/apps/robong/ros2/workspace/install/calculator:/home/song/apps/robong/ros2/workspace/install/simple_ros:/home/song/apps/robong/ros2/workspace/install/ros2env:/home/song/apps/robong/ros2/workspace/install/ros2_aruco:/home/song/apps/robong/ros2/workspace/install/move_turtle:/home/song/apps/robong/ros2/workspace/install/SimplePkg:/home/song/apps/robong/ros2/workspace/install/Homework1018:/opt/ros/humble /usr/bin/cmake /home/song/apps/robong/ros2/turtlebot3_ws/src/robotis_manipulator -DCMAKE_INSTALL_PREFIX=/home/song/apps/robong/ros2/turtlebot3_ws/install/robotis_manipulator
[8.816s] Invoking command in '/home/song/apps/robong/ros2/turtlebot3_ws/build/robotis_manipulator': AMENT_PREFIX_PATH=/home/song/apps/robong/ros2/turtlebot3_ws/install/cmake_modules:${AMENT_PREFIX_PATH} CMAKE_PREFIX_PATH=/home/song/apps/robong/ros2/turtlebot3_ws/install/cmake_modules:/home/song/apps/robong/ros2/turtlebot3_ws/install/turtlebot3_simulations:/home/song/apps/robong/ros2/turtlebot3_ws/install/turtlebot3_gazebo:/home/song/apps/robong/ros2/turtlebot3_ws/install/turtlebot3_fake_node:/home/song/apps/robong/ros2/workspace/install/user_interface:/home/song/apps/robong/ros2/workspace/install/simple_ros_cpp:/home/song/apps/robong/ros2/workspace/install/rqt_example:/home/song/apps/robong/ros2/workspace/install/ros2_aruco_interfaces:/home/song/apps/robong/ros2/workspace/install/pendulum_control:/home/song/apps/robong/ros2/workspace/install/my_rqt_plugin:/home/song/apps/robong/ros2/workspace/install/move_turtle_cpp:/home/song/apps/robong/ros2/workspace/install/calculator:/home/song/apps/robong/ros2/workspace/install/simple_ros:/home/song/apps/robong/ros2/workspace/install/ros2env:/home/song/apps/robong/ros2/workspace/install/ros2_aruco:/home/song/apps/robong/ros2/workspace/install/move_turtle:/home/song/apps/robong/ros2/workspace/install/SimplePkg:/home/song/apps/robong/ros2/workspace/install/Homework1018:/opt/ros/humble /usr/bin/cmake --build /home/song/apps/robong/ros2/turtlebot3_ws/build/robotis_manipulator -- -j4 -l4
[9.168s] [ 14%] [32mBuilding CXX object CMakeFiles/robotis_manipulator.dir/src/robotis_manipulator/robotis_manipulator_common.cpp.o[0m
[9.211s] [ 28%] [32mBuilding CXX object CMakeFiles/robotis_manipulator.dir/src/robotis_manipulator/robotis_manipulator_trajectory_generator.cpp.o[0m
[9.214s] [ 42%] [32mBuilding CXX object CMakeFiles/robotis_manipulator.dir/src/robotis_manipulator/robotis_manipulator.cpp.o[0m
[9.241s] [ 57%] [32mBuilding CXX object CMakeFiles/robotis_manipulator.dir/src/robotis_manipulator/robotis_manipulator_log.cpp.o[0m
[10.323s] [ 71%] [32mBuilding CXX object CMakeFiles/robotis_manipulator.dir/src/robotis_manipulator/robotis_manipulator_manager.cpp.o[0m
[63.295s] [ 85%] [32mBuilding CXX object CMakeFiles/robotis_manipulator.dir/src/robotis_manipulator/robotis_manipulator_math.cpp.o[0m
[80.255s] [100%] [32m[1mLinking CXX shared library librobotis_manipulator.so[0m
[83.041s] [100%] Built target robotis_manipulator
[83.088s] Invoked command in '/home/song/apps/robong/ros2/turtlebot3_ws/build/robotis_manipulator' returned '0': AMENT_PREFIX_PATH=/home/song/apps/robong/ros2/turtlebot3_ws/install/cmake_modules:${AMENT_PREFIX_PATH} CMAKE_PREFIX_PATH=/home/song/apps/robong/ros2/turtlebot3_ws/install/cmake_modules:/home/song/apps/robong/ros2/turtlebot3_ws/install/turtlebot3_simulations:/home/song/apps/robong/ros2/turtlebot3_ws/install/turtlebot3_gazebo:/home/song/apps/robong/ros2/turtlebot3_ws/install/turtlebot3_fake_node:/home/song/apps/robong/ros2/workspace/install/user_interface:/home/song/apps/robong/ros2/workspace/install/simple_ros_cpp:/home/song/apps/robong/ros2/workspace/install/rqt_example:/home/song/apps/robong/ros2/workspace/install/ros2_aruco_interfaces:/home/song/apps/robong/ros2/workspace/install/pendulum_control:/home/song/apps/robong/ros2/workspace/install/my_rqt_plugin:/home/song/apps/robong/ros2/workspace/install/move_turtle_cpp:/home/song/apps/robong/ros2/workspace/install/calculator:/home/song/apps/robong/ros2/workspace/install/simple_ros:/home/song/apps/robong/ros2/workspace/install/ros2env:/home/song/apps/robong/ros2/workspace/install/ros2_aruco:/home/song/apps/robong/ros2/workspace/install/move_turtle:/home/song/apps/robong/ros2/workspace/install/SimplePkg:/home/song/apps/robong/ros2/workspace/install/Homework1018:/opt/ros/humble /usr/bin/cmake --build /home/song/apps/robong/ros2/turtlebot3_ws/build/robotis_manipulator -- -j4 -l4
[83.205s] Invoking command in '/home/song/apps/robong/ros2/turtlebot3_ws/build/robotis_manipulator': AMENT_PREFIX_PATH=/home/song/apps/robong/ros2/turtlebot3_ws/install/cmake_modules:${AMENT_PREFIX_PATH} CMAKE_PREFIX_PATH=/home/song/apps/robong/ros2/turtlebot3_ws/install/cmake_modules:/home/song/apps/robong/ros2/turtlebot3_ws/install/turtlebot3_simulations:/home/song/apps/robong/ros2/turtlebot3_ws/install/turtlebot3_gazebo:/home/song/apps/robong/ros2/turtlebot3_ws/install/turtlebot3_fake_node:/home/song/apps/robong/ros2/workspace/install/user_interface:/home/song/apps/robong/ros2/workspace/install/simple_ros_cpp:/home/song/apps/robong/ros2/workspace/install/rqt_example:/home/song/apps/robong/ros2/workspace/install/ros2_aruco_interfaces:/home/song/apps/robong/ros2/workspace/install/pendulum_control:/home/song/apps/robong/ros2/workspace/install/my_rqt_plugin:/home/song/apps/robong/ros2/workspace/install/move_turtle_cpp:/home/song/apps/robong/ros2/workspace/install/calculator:/home/song/apps/robong/ros2/workspace/install/simple_ros:/home/song/apps/robong/ros2/workspace/install/ros2env:/home/song/apps/robong/ros2/workspace/install/ros2_aruco:/home/song/apps/robong/ros2/workspace/install/move_turtle:/home/song/apps/robong/ros2/workspace/install/SimplePkg:/home/song/apps/robong/ros2/workspace/install/Homework1018:/opt/ros/humble /usr/bin/cmake --install /home/song/apps/robong/ros2/turtlebot3_ws/build/robotis_manipulator
[83.225s] -- Install configuration: ""
[83.226s] -- Installing: /home/song/apps/robong/ros2/turtlebot3_ws/install/robotis_manipulator/lib/librobotis_manipulator.so
[83.244s] -- Set runtime path of "/home/song/apps/robong/ros2/turtlebot3_ws/install/robotis_manipulator/lib/librobotis_manipulator.so" to ""
[83.244s] -- Installing: /home/song/apps/robong/ros2/turtlebot3_ws/install/robotis_manipulator/include/
[83.245s] -- Installing: /home/song/apps/robong/ros2/turtlebot3_ws/install/robotis_manipulator/include//robotis_manipulator
[83.245s] -- Installing: /home/song/apps/robong/ros2/turtlebot3_ws/install/robotis_manipulator/include//robotis_manipulator/robotis_manipulator.h
[83.245s] -- Installing: /home/song/apps/robong/ros2/turtlebot3_ws/install/robotis_manipulator/include//robotis_manipulator/robotis_manipulator_log.h
[83.245s] -- Installing: /home/song/apps/robong/ros2/turtlebot3_ws/install/robotis_manipulator/include//robotis_manipulator/robotis_manipulator_manager.h
[83.246s] -- Installing: /home/song/apps/robong/ros2/turtlebot3_ws/install/robotis_manipulator/include//robotis_manipulator/robotis_manipulator_common.h
[83.246s] -- Installing: /home/song/apps/robong/ros2/turtlebot3_ws/install/robotis_manipulator/include//robotis_manipulator/robotis_manipulator_math.h
[83.246s] -- Installing: /home/song/apps/robong/ros2/turtlebot3_ws/install/robotis_manipulator/include//robotis_manipulator/robotis_manipulator_trajectory_generator.h
[83.247s] -- Installing: /home/song/apps/robong/ros2/turtlebot3_ws/install/robotis_manipulator/share/robotis_manipulator/environment/library_path.sh
[83.248s] -- Installing: /home/song/apps/robong/ros2/turtlebot3_ws/install/robotis_manipulator/share/robotis_manipulator/environment/library_path.dsv
[83.249s] -- Installing: /home/song/apps/robong/ros2/turtlebot3_ws/install/robotis_manipulator/share/ament_index/resource_index/package_run_dependencies/robotis_manipulator
[83.249s] -- Installing: /home/song/apps/robong/ros2/turtlebot3_ws/install/robotis_manipulator/share/ament_index/resource_index/parent_prefix_path/robotis_manipulator
[83.249s] -- Installing: /home/song/apps/robong/ros2/turtlebot3_ws/install/robotis_manipulator/share/robotis_manipulator/environment/ament_prefix_path.sh
[83.250s] -- Installing: /home/song/apps/robong/ros2/turtlebot3_ws/install/robotis_manipulator/share/robotis_manipulator/environment/ament_prefix_path.dsv
[83.250s] -- Installing: /home/song/apps/robong/ros2/turtlebot3_ws/install/robotis_manipulator/share/robotis_manipulator/environment/path.sh
[83.250s] -- Installing: /home/song/apps/robong/ros2/turtlebot3_ws/install/robotis_manipulator/share/robotis_manipulator/environment/path.dsv
[83.251s] -- Installing: /home/song/apps/robong/ros2/turtlebot3_ws/install/robotis_manipulator/share/robotis_manipulator/local_setup.bash
[83.251s] -- Installing: /home/song/apps/robong/ros2/turtlebot3_ws/install/robotis_manipulator/share/robotis_manipulator/local_setup.sh
[83.252s] -- Installing: /home/song/apps/robong/ros2/turtlebot3_ws/install/robotis_manipulator/share/robotis_manipulator/local_setup.zsh
[83.255s] -- Installing: /home/song/apps/robong/ros2/turtlebot3_ws/install/robotis_manipulator/share/robotis_manipulator/local_setup.dsv
[83.256s] -- Installing: /home/song/apps/robong/ros2/turtlebot3_ws/install/robotis_manipulator/share/robotis_manipulator/package.dsv
[83.256s] -- Installing: /home/song/apps/robong/ros2/turtlebot3_ws/install/robotis_manipulator/share/ament_index/resource_index/packages/robotis_manipulator
[83.256s] -- Installing: /home/song/apps/robong/ros2/turtlebot3_ws/install/robotis_manipulator/share/robotis_manipulator/cmake/ament_cmake_export_include_directories-extras.cmake
[83.257s] -- Installing: /home/song/apps/robong/ros2/turtlebot3_ws/install/robotis_manipulator/share/robotis_manipulator/cmake/ament_cmake_export_dependencies-extras.cmake
[83.262s] -- Installing: /home/song/apps/robong/ros2/turtlebot3_ws/install/robotis_manipulator/share/robotis_manipulator/cmake/ament_cmake_export_libraries-extras.cmake
[83.262s] -- Installing: /home/song/apps/robong/ros2/turtlebot3_ws/install/robotis_manipulator/share/robotis_manipulator/cmake/robotis_manipulatorConfig.cmake
[83.263s] -- Installing: /home/song/apps/robong/ros2/turtlebot3_ws/install/robotis_manipulator/share/robotis_manipulator/cmake/robotis_manipulatorConfig-version.cmake
[83.263s] -- Installing: /home/song/apps/robong/ros2/turtlebot3_ws/install/robotis_manipulator/share/robotis_manipulator/package.xml
[83.263s] Invoked command in '/home/song/apps/robong/ros2/turtlebot3_ws/build/robotis_manipulator' returned '0': AMENT_PREFIX_PATH=/home/song/apps/robong/ros2/turtlebot3_ws/install/cmake_modules:${AMENT_PREFIX_PATH} CMAKE_PREFIX_PATH=/home/song/apps/robong/ros2/turtlebot3_ws/install/cmake_modules:/home/song/apps/robong/ros2/turtlebot3_ws/install/turtlebot3_simulations:/home/song/apps/robong/ros2/turtlebot3_ws/install/turtlebot3_gazebo:/home/song/apps/robong/ros2/turtlebot3_ws/install/turtlebot3_fake_node:/home/song/apps/robong/ros2/workspace/install/user_interface:/home/song/apps/robong/ros2/workspace/install/simple_ros_cpp:/home/song/apps/robong/ros2/workspace/install/rqt_example:/home/song/apps/robong/ros2/workspace/install/ros2_aruco_interfaces:/home/song/apps/robong/ros2/workspace/install/pendulum_control:/home/song/apps/robong/ros2/workspace/install/my_rqt_plugin:/home/song/apps/robong/ros2/workspace/install/move_turtle_cpp:/home/song/apps/robong/ros2/workspace/install/calculator:/home/song/apps/robong/ros2/workspace/install/simple_ros:/home/song/apps/robong/ros2/workspace/install/ros2env:/home/song/apps/robong/ros2/workspace/install/ros2_aruco:/home/song/apps/robong/ros2/workspace/install/move_turtle:/home/song/apps/robong/ros2/workspace/install/SimplePkg:/home/song/apps/robong/ros2/workspace/install/Homework1018:/opt/ros/humble /usr/bin/cmake --install /home/song/apps/robong/ros2/turtlebot3_ws/build/robotis_manipulator
