[1.622s] DEBUG:colcon:Command line arguments: ['/usr/bin/colcon', 'build']
[1.624s] DEBUG:colcon:Parsed command line arguments: Namespace(log_base=None, log_level=None, verb_name='build', build_base='build', install_base='install', merge_install=False, symlink_install=False, test_result_base=None, continue_on_error=False, executor='parallel', parallel_workers=4, event_handlers=None, ignore_user_meta=False, metas=['./colcon.meta'], base_paths=['.'], packages_ignore=None, packages_ignore_regex=None, paths=None, packages_up_to=None, packages_up_to_regex=None, packages_above=None, packages_above_and_dependencies=None, packages_above_depth=None, packages_select_by_dep=None, packages_skip_by_dep=None, packages_skip_up_to=None, packages_select_build_failed=False, packages_skip_build_finished=False, packages_select_test_failures=False, packages_skip_test_passed=False, packages_select=None, packages_skip=None, packages_select_regex=None, packages_skip_regex=None, packages_start=None, packages_end=None, allow_overriding=[], cmake_args=None, cmake_target=None, cmake_target_skip_unavailable=False, cmake_clean_cache=False, cmake_clean_first=False, cmake_force_configure=False, ament_cmake_args=None, catkin_cmake_args=None, catkin_skip_building_tests=False, verb_parser=<colcon_defaults.argument_parser.defaults.DefaultArgumentsDecorator object at 0x70deaf3b6fe0>, verb_extension=<colcon_core.verb.build.BuildVerb object at 0x70deaf5d48e0>, main=<bound method BuildVerb.main of <colcon_core.verb.build.BuildVerb object at 0x70deaf5d48e0>>)
[4.880s] Level 1:colcon.colcon_core.package_discovery:discover_packages(colcon_meta) check parameters
[4.881s] Level 1:colcon.colcon_core.package_discovery:discover_packages(recursive) check parameters
[4.882s] Level 1:colcon.colcon_core.package_discovery:discover_packages(ignore) check parameters
[4.883s] Level 1:colcon.colcon_core.package_discovery:discover_packages(path) check parameters
[4.884s] Level 1:colcon.colcon_core.package_discovery:discover_packages(colcon_meta) discover
[4.885s] Level 1:colcon.colcon_core.package_discovery:discover_packages(recursive) discover
[4.886s] INFO:colcon.colcon_core.package_discovery:Crawling recursively for packages in '/home/song/apps/robong/ros2/turtlebot3_ws'
[4.888s] Level 1:colcon.colcon_core.package_identification:_identify(.) by extensions ['ignore', 'ignore_ament_install']
[4.890s] Level 1:colcon.colcon_core.package_identification:_identify(.) by extension 'ignore'
[4.892s] Level 1:colcon.colcon_core.package_identification:_identify(.) by extension 'ignore_ament_install'
[4.894s] Level 1:colcon.colcon_core.package_identification:_identify(.) by extensions ['colcon_pkg']
[4.894s] Level 1:colcon.colcon_core.package_identification:_identify(.) by extension 'colcon_pkg'
[4.896s] Level 1:colcon.colcon_core.package_identification:_identify(.) by extensions ['colcon_meta']
[4.897s] Level 1:colcon.colcon_core.package_identification:_identify(.) by extension 'colcon_meta'
[4.898s] Level 1:colcon.colcon_core.package_identification:_identify(.) by extensions ['ros']
[4.899s] Level 1:colcon.colcon_core.package_identification:_identify(.) by extension 'ros'
[5.030s] Level 1:colcon.colcon_core.package_identification:_identify(.) by extensions ['cmake', 'python']
[5.030s] Level 1:colcon.colcon_core.package_identification:_identify(.) by extension 'cmake'
[5.031s] Level 1:colcon.colcon_core.package_identification:_identify(.) by extension 'python'
[5.031s] Level 1:colcon.colcon_core.package_identification:_identify(.) by extensions ['python_setup_py']
[5.032s] Level 1:colcon.colcon_core.package_identification:_identify(.) by extension 'python_setup_py'
[5.033s] Level 1:colcon.colcon_core.package_identification:_identify(build) by extensions ['ignore', 'ignore_ament_install']
[5.034s] Level 1:colcon.colcon_core.package_identification:_identify(build) by extension 'ignore'
[5.034s] Level 1:colcon.colcon_core.package_identification:_identify(build) ignored
[5.036s] Level 1:colcon.colcon_core.package_identification:_identify(install) by extensions ['ignore', 'ignore_ament_install']
[5.036s] Level 1:colcon.colcon_core.package_identification:_identify(install) by extension 'ignore'
[5.037s] Level 1:colcon.colcon_core.package_identification:_identify(install) ignored
[5.038s] Level 1:colcon.colcon_core.package_identification:_identify(log) by extensions ['ignore', 'ignore_ament_install']
[5.039s] Level 1:colcon.colcon_core.package_identification:_identify(log) by extension 'ignore'
[5.039s] Level 1:colcon.colcon_core.package_identification:_identify(log) ignored
[5.040s] Level 1:colcon.colcon_core.package_identification:_identify(src) by extensions ['ignore', 'ignore_ament_install']
[5.040s] Level 1:colcon.colcon_core.package_identification:_identify(src) by extension 'ignore'
[5.041s] Level 1:colcon.colcon_core.package_identification:_identify(src) by extension 'ignore_ament_install'
[5.041s] Level 1:colcon.colcon_core.package_identification:_identify(src) by extensions ['colcon_pkg']
[5.041s] Level 1:colcon.colcon_core.package_identification:_identify(src) by extension 'colcon_pkg'
[5.042s] Level 1:colcon.colcon_core.package_identification:_identify(src) by extensions ['colcon_meta']
[5.042s] Level 1:colcon.colcon_core.package_identification:_identify(src) by extension 'colcon_meta'
[5.042s] Level 1:colcon.colcon_core.package_identification:_identify(src) by extensions ['ros']
[5.042s] Level 1:colcon.colcon_core.package_identification:_identify(src) by extension 'ros'
[5.043s] Level 1:colcon.colcon_core.package_identification:_identify(src) by extensions ['cmake', 'python']
[5.043s] Level 1:colcon.colcon_core.package_identification:_identify(src) by extension 'cmake'
[5.044s] Level 1:colcon.colcon_core.package_identification:_identify(src) by extension 'python'
[5.044s] Level 1:colcon.colcon_core.package_identification:_identify(src) by extensions ['python_setup_py']
[5.044s] Level 1:colcon.colcon_core.package_identification:_identify(src) by extension 'python_setup_py'
[5.045s] Level 1:colcon.colcon_core.package_identification:_identify(src/turtlebot3_simulations) by extensions ['ignore', 'ignore_ament_install']
[5.045s] Level 1:colcon.colcon_core.package_identification:_identify(src/turtlebot3_simulations) by extension 'ignore'
[5.046s] Level 1:colcon.colcon_core.package_identification:_identify(src/turtlebot3_simulations) by extension 'ignore_ament_install'
[5.046s] Level 1:colcon.colcon_core.package_identification:_identify(src/turtlebot3_simulations) by extensions ['colcon_pkg']
[5.046s] Level 1:colcon.colcon_core.package_identification:_identify(src/turtlebot3_simulations) by extension 'colcon_pkg'
[5.046s] Level 1:colcon.colcon_core.package_identification:_identify(src/turtlebot3_simulations) by extensions ['colcon_meta']
[5.047s] Level 1:colcon.colcon_core.package_identification:_identify(src/turtlebot3_simulations) by extension 'colcon_meta'
[5.047s] Level 1:colcon.colcon_core.package_identification:_identify(src/turtlebot3_simulations) by extensions ['ros']
[5.048s] Level 1:colcon.colcon_core.package_identification:_identify(src/turtlebot3_simulations) by extension 'ros'
[5.049s] Level 1:colcon.colcon_core.package_identification:_identify(src/turtlebot3_simulations) by extensions ['cmake', 'python']
[5.049s] Level 1:colcon.colcon_core.package_identification:_identify(src/turtlebot3_simulations) by extension 'cmake'
[5.049s] Level 1:colcon.colcon_core.package_identification:_identify(src/turtlebot3_simulations) by extension 'python'
[5.050s] Level 1:colcon.colcon_core.package_identification:_identify(src/turtlebot3_simulations) by extensions ['python_setup_py']
[5.050s] Level 1:colcon.colcon_core.package_identification:_identify(src/turtlebot3_simulations) by extension 'python_setup_py'
[5.051s] Level 1:colcon.colcon_core.package_identification:_identify(src/turtlebot3_simulations/turtlebot3_fake_node) by extensions ['ignore', 'ignore_ament_install']
[5.052s] Level 1:colcon.colcon_core.package_identification:_identify(src/turtlebot3_simulations/turtlebot3_fake_node) by extension 'ignore'
[5.053s] Level 1:colcon.colcon_core.package_identification:_identify(src/turtlebot3_simulations/turtlebot3_fake_node) by extension 'ignore_ament_install'
[5.053s] Level 1:colcon.colcon_core.package_identification:_identify(src/turtlebot3_simulations/turtlebot3_fake_node) by extensions ['colcon_pkg']
[5.054s] Level 1:colcon.colcon_core.package_identification:_identify(src/turtlebot3_simulations/turtlebot3_fake_node) by extension 'colcon_pkg'
[5.054s] Level 1:colcon.colcon_core.package_identification:_identify(src/turtlebot3_simulations/turtlebot3_fake_node) by extensions ['colcon_meta']
[5.054s] Level 1:colcon.colcon_core.package_identification:_identify(src/turtlebot3_simulations/turtlebot3_fake_node) by extension 'colcon_meta'
[5.055s] Level 1:colcon.colcon_core.package_identification:_identify(src/turtlebot3_simulations/turtlebot3_fake_node) by extensions ['ros']
[5.056s] Level 1:colcon.colcon_core.package_identification:_identify(src/turtlebot3_simulations/turtlebot3_fake_node) by extension 'ros'
[5.105s] DEBUG:colcon.colcon_core.package_identification:Package 'src/turtlebot3_simulations/turtlebot3_fake_node' with type 'ros.ament_cmake' and name 'turtlebot3_fake_node'
[5.107s] Level 1:colcon.colcon_core.package_identification:_identify(src/turtlebot3_simulations/turtlebot3_gazebo) by extensions ['ignore', 'ignore_ament_install']
[5.108s] Level 1:colcon.colcon_core.package_identification:_identify(src/turtlebot3_simulations/turtlebot3_gazebo) by extension 'ignore'
[5.108s] Level 1:colcon.colcon_core.package_identification:_identify(src/turtlebot3_simulations/turtlebot3_gazebo) by extension 'ignore_ament_install'
[5.109s] Level 1:colcon.colcon_core.package_identification:_identify(src/turtlebot3_simulations/turtlebot3_gazebo) by extensions ['colcon_pkg']
[5.109s] Level 1:colcon.colcon_core.package_identification:_identify(src/turtlebot3_simulations/turtlebot3_gazebo) by extension 'colcon_pkg'
[5.110s] Level 1:colcon.colcon_core.package_identification:_identify(src/turtlebot3_simulations/turtlebot3_gazebo) by extensions ['colcon_meta']
[5.110s] Level 1:colcon.colcon_core.package_identification:_identify(src/turtlebot3_simulations/turtlebot3_gazebo) by extension 'colcon_meta'
[5.111s] Level 1:colcon.colcon_core.package_identification:_identify(src/turtlebot3_simulations/turtlebot3_gazebo) by extensions ['ros']
[5.111s] Level 1:colcon.colcon_core.package_identification:_identify(src/turtlebot3_simulations/turtlebot3_gazebo) by extension 'ros'
[5.122s] DEBUG:colcon.colcon_core.package_identification:Package 'src/turtlebot3_simulations/turtlebot3_gazebo' with type 'ros.ament_cmake' and name 'turtlebot3_gazebo'
[5.123s] Level 1:colcon.colcon_core.package_identification:_identify(src/turtlebot3_simulations/turtlebot3_simulations) by extensions ['ignore', 'ignore_ament_install']
[5.123s] Level 1:colcon.colcon_core.package_identification:_identify(src/turtlebot3_simulations/turtlebot3_simulations) by extension 'ignore'
[5.124s] Level 1:colcon.colcon_core.package_identification:_identify(src/turtlebot3_simulations/turtlebot3_simulations) by extension 'ignore_ament_install'
[5.124s] Level 1:colcon.colcon_core.package_identification:_identify(src/turtlebot3_simulations/turtlebot3_simulations) by extensions ['colcon_pkg']
[5.124s] Level 1:colcon.colcon_core.package_identification:_identify(src/turtlebot3_simulations/turtlebot3_simulations) by extension 'colcon_pkg'
[5.125s] Level 1:colcon.colcon_core.package_identification:_identify(src/turtlebot3_simulations/turtlebot3_simulations) by extensions ['colcon_meta']
[5.125s] Level 1:colcon.colcon_core.package_identification:_identify(src/turtlebot3_simulations/turtlebot3_simulations) by extension 'colcon_meta'
[5.125s] Level 1:colcon.colcon_core.package_identification:_identify(src/turtlebot3_simulations/turtlebot3_simulations) by extensions ['ros']
[5.125s] Level 1:colcon.colcon_core.package_identification:_identify(src/turtlebot3_simulations/turtlebot3_simulations) by extension 'ros'
[5.129s] DEBUG:colcon.colcon_core.package_identification:Package 'src/turtlebot3_simulations/turtlebot3_simulations' with type 'ros.ament_cmake' and name 'turtlebot3_simulations'
[5.130s] Level 1:colcon.colcon_core.package_discovery:discover_packages(recursive) using defaults
[5.130s] Level 1:colcon.colcon_core.package_discovery:discover_packages(ignore) discover
[5.130s] Level 1:colcon.colcon_core.package_discovery:discover_packages(ignore) using defaults
[5.130s] Level 1:colcon.colcon_core.package_discovery:discover_packages(path) discover
[5.131s] Level 1:colcon.colcon_core.package_discovery:discover_packages(path) using defaults
[5.451s] Level 1:colcon.colcon_core.package_discovery:discover_packages(prefix_path) check parameters
[5.451s] Level 1:colcon.colcon_core.package_discovery:discover_packages(prefix_path) discover
[5.475s] DEBUG:colcon.colcon_installed_package_information.package_discovery:Found 7 installed packages in /home/song/apps/robong/ros2/workspace/install
[5.492s] DEBUG:colcon.colcon_installed_package_information.package_discovery:Found 373 installed packages in /opt/ros/humble
[5.522s] Level 1:colcon.colcon_core.package_discovery:discover_packages(prefix_path) using defaults
[6.700s] Level 5:colcon.colcon_core.verb:set package 'turtlebot3_fake_node' build argument 'cmake_args' from command line to 'None'
[6.701s] Level 5:colcon.colcon_core.verb:set package 'turtlebot3_fake_node' build argument 'cmake_target' from command line to 'None'
[6.702s] Level 5:colcon.colcon_core.verb:set package 'turtlebot3_fake_node' build argument 'cmake_target_skip_unavailable' from command line to 'False'
[6.711s] Level 5:colcon.colcon_core.verb:set package 'turtlebot3_fake_node' build argument 'cmake_clean_cache' from command line to 'False'
[6.711s] Level 5:colcon.colcon_core.verb:set package 'turtlebot3_fake_node' build argument 'cmake_clean_first' from command line to 'False'
[6.712s] Level 5:colcon.colcon_core.verb:set package 'turtlebot3_fake_node' build argument 'cmake_force_configure' from command line to 'False'
[6.712s] Level 5:colcon.colcon_core.verb:set package 'turtlebot3_fake_node' build argument 'ament_cmake_args' from command line to 'None'
[6.712s] Level 5:colcon.colcon_core.verb:set package 'turtlebot3_fake_node' build argument 'catkin_cmake_args' from command line to 'None'
[6.713s] Level 5:colcon.colcon_core.verb:set package 'turtlebot3_fake_node' build argument 'catkin_skip_building_tests' from command line to 'False'
[6.713s] DEBUG:colcon.colcon_core.verb:Building package 'turtlebot3_fake_node' with the following arguments: {'ament_cmake_args': None, 'build_base': '/home/song/apps/robong/ros2/turtlebot3_ws/build/turtlebot3_fake_node', 'catkin_cmake_args': None, 'catkin_skip_building_tests': False, 'cmake_args': None, 'cmake_clean_cache': False, 'cmake_clean_first': False, 'cmake_force_configure': False, 'cmake_target': None, 'cmake_target_skip_unavailable': False, 'install_base': '/home/song/apps/robong/ros2/turtlebot3_ws/install/turtlebot3_fake_node', 'merge_install': False, 'path': '/home/song/apps/robong/ros2/turtlebot3_ws/src/turtlebot3_simulations/turtlebot3_fake_node', 'symlink_install': False, 'test_result_base': None}
[6.718s] Level 5:colcon.colcon_core.verb:set package 'turtlebot3_gazebo' build argument 'cmake_args' from command line to 'None'
[6.719s] Level 5:colcon.colcon_core.verb:set package 'turtlebot3_gazebo' build argument 'cmake_target' from command line to 'None'
[6.719s] Level 5:colcon.colcon_core.verb:set package 'turtlebot3_gazebo' build argument 'cmake_target_skip_unavailable' from command line to 'False'
[6.720s] Level 5:colcon.colcon_core.verb:set package 'turtlebot3_gazebo' build argument 'cmake_clean_cache' from command line to 'False'
[6.720s] Level 5:colcon.colcon_core.verb:set package 'turtlebot3_gazebo' build argument 'cmake_clean_first' from command line to 'False'
[6.720s] Level 5:colcon.colcon_core.verb:set package 'turtlebot3_gazebo' build argument 'cmake_force_configure' from command line to 'False'
[6.721s] Level 5:colcon.colcon_core.verb:set package 'turtlebot3_gazebo' build argument 'ament_cmake_args' from command line to 'None'
[6.721s] Level 5:colcon.colcon_core.verb:set package 'turtlebot3_gazebo' build argument 'catkin_cmake_args' from command line to 'None'
[6.721s] Level 5:colcon.colcon_core.verb:set package 'turtlebot3_gazebo' build argument 'catkin_skip_building_tests' from command line to 'False'
[6.722s] DEBUG:colcon.colcon_core.verb:Building package 'turtlebot3_gazebo' with the following arguments: {'ament_cmake_args': None, 'build_base': '/home/song/apps/robong/ros2/turtlebot3_ws/build/turtlebot3_gazebo', 'catkin_cmake_args': None, 'catkin_skip_building_tests': False, 'cmake_args': None, 'cmake_clean_cache': False, 'cmake_clean_first': False, 'cmake_force_configure': False, 'cmake_target': None, 'cmake_target_skip_unavailable': False, 'install_base': '/home/song/apps/robong/ros2/turtlebot3_ws/install/turtlebot3_gazebo', 'merge_install': False, 'path': '/home/song/apps/robong/ros2/turtlebot3_ws/src/turtlebot3_simulations/turtlebot3_gazebo', 'symlink_install': False, 'test_result_base': None}
[6.730s] Level 5:colcon.colcon_core.verb:set package 'turtlebot3_simulations' build argument 'cmake_args' from command line to 'None'
[6.730s] Level 5:colcon.colcon_core.verb:set package 'turtlebot3_simulations' build argument 'cmake_target' from command line to 'None'
[6.730s] Level 5:colcon.colcon_core.verb:set package 'turtlebot3_simulations' build argument 'cmake_target_skip_unavailable' from command line to 'False'
[6.731s] Level 5:colcon.colcon_core.verb:set package 'turtlebot3_simulations' build argument 'cmake_clean_cache' from command line to 'False'
[6.731s] Level 5:colcon.colcon_core.verb:set package 'turtlebot3_simulations' build argument 'cmake_clean_first' from command line to 'False'
[6.731s] Level 5:colcon.colcon_core.verb:set package 'turtlebot3_simulations' build argument 'cmake_force_configure' from command line to 'False'
[6.731s] Level 5:colcon.colcon_core.verb:set package 'turtlebot3_simulations' build argument 'ament_cmake_args' from command line to 'None'
[6.732s] Level 5:colcon.colcon_core.verb:set package 'turtlebot3_simulations' build argument 'catkin_cmake_args' from command line to 'None'
[6.732s] Level 5:colcon.colcon_core.verb:set package 'turtlebot3_simulations' build argument 'catkin_skip_building_tests' from command line to 'False'
[6.733s] DEBUG:colcon.colcon_core.verb:Building package 'turtlebot3_simulations' with the following arguments: {'ament_cmake_args': None, 'build_base': '/home/song/apps/robong/ros2/turtlebot3_ws/build/turtlebot3_simulations', 'catkin_cmake_args': None, 'catkin_skip_building_tests': False, 'cmake_args': None, 'cmake_clean_cache': False, 'cmake_clean_first': False, 'cmake_force_configure': False, 'cmake_target': None, 'cmake_target_skip_unavailable': False, 'install_base': '/home/song/apps/robong/ros2/turtlebot3_ws/install/turtlebot3_simulations', 'merge_install': False, 'path': '/home/song/apps/robong/ros2/turtlebot3_ws/src/turtlebot3_simulations/turtlebot3_simulations', 'symlink_install': False, 'test_result_base': None}
[6.736s] INFO:colcon.colcon_core.executor:Executing jobs using 'parallel' executor
[6.757s] DEBUG:colcon.colcon_parallel_executor.executor.parallel:run_until_complete
[6.762s] INFO:colcon.colcon_ros.task.ament_cmake.build:Building ROS package in '/home/song/apps/robong/ros2/turtlebot3_ws/src/turtlebot3_simulations/turtlebot3_fake_node' with build type 'ament_cmake'
[6.769s] INFO:colcon.colcon_cmake.task.cmake.build:Building CMake package in '/home/song/apps/robong/ros2/turtlebot3_ws/src/turtlebot3_simulations/turtlebot3_fake_node'
[6.809s] INFO:colcon.colcon_core.plugin_system:Skipping extension 'colcon_core.shell.bat': Not used on non-Windows systems
[6.810s] INFO:colcon.colcon_core.shell:Skip shell extension 'powershell' for command environment: Not usable outside of PowerShell
[6.811s] DEBUG:colcon.colcon_core.shell:Skip shell extension 'dsv' for command environment
[6.881s] INFO:colcon.colcon_ros.task.ament_cmake.build:Building ROS package in '/home/song/apps/robong/ros2/turtlebot3_ws/src/turtlebot3_simulations/turtlebot3_gazebo' with build type 'ament_cmake'
[6.884s] INFO:colcon.colcon_cmake.task.cmake.build:Building CMake package in '/home/song/apps/robong/ros2/turtlebot3_ws/src/turtlebot3_simulations/turtlebot3_gazebo'
[6.888s] INFO:colcon.colcon_core.shell:Skip shell extension 'powershell' for command environment: Not usable outside of PowerShell
[6.888s] DEBUG:colcon.colcon_core.shell:Skip shell extension 'dsv' for command environment
[6.994s] DEBUG:colcon.colcon_core.event_handler.log_command:Invoking command in '/home/song/apps/robong/ros2/turtlebot3_ws/build/turtlebot3_fake_node': CMAKE_PREFIX_PATH=${CMAKE_PREFIX_PATH}:/home/song/apps/robong/ros2/workspace/install/ros2env:/home/song/apps/robong/ros2/workspace/install/calculator:/home/song/apps/robong/ros2/workspace/install/simple_ros:/home/song/apps/robong/ros2/workspace/install/SimplePkg:/home/song/apps/robong/ros2/workspace/install/Homework1018:/opt/ros/humble /usr/bin/cmake /home/song/apps/robong/ros2/turtlebot3_ws/src/turtlebot3_simulations/turtlebot3_fake_node -DCMAKE_INSTALL_PREFIX=/home/song/apps/robong/ros2/turtlebot3_ws/install/turtlebot3_fake_node
[7.063s] DEBUG:colcon.colcon_core.event_handler.log_command:Invoking command in '/home/song/apps/robong/ros2/turtlebot3_ws/build/turtlebot3_gazebo': CMAKE_PREFIX_PATH=${CMAKE_PREFIX_PATH}:/home/song/apps/robong/ros2/workspace/install/ros2env:/home/song/apps/robong/ros2/workspace/install/calculator:/home/song/apps/robong/ros2/workspace/install/simple_ros:/home/song/apps/robong/ros2/workspace/install/SimplePkg:/home/song/apps/robong/ros2/workspace/install/Homework1018:/opt/ros/humble /usr/bin/cmake /home/song/apps/robong/ros2/turtlebot3_ws/src/turtlebot3_simulations/turtlebot3_gazebo -DCMAKE_INSTALL_PREFIX=/home/song/apps/robong/ros2/turtlebot3_ws/install/turtlebot3_gazebo
[27.463s] DEBUG:colcon.colcon_core.event_handler.log_command:Invoked command in '/home/song/apps/robong/ros2/turtlebot3_ws/build/turtlebot3_fake_node' returned '0': CMAKE_PREFIX_PATH=${CMAKE_PREFIX_PATH}:/home/song/apps/robong/ros2/workspace/install/ros2env:/home/song/apps/robong/ros2/workspace/install/calculator:/home/song/apps/robong/ros2/workspace/install/simple_ros:/home/song/apps/robong/ros2/workspace/install/SimplePkg:/home/song/apps/robong/ros2/workspace/install/Homework1018:/opt/ros/humble /usr/bin/cmake /home/song/apps/robong/ros2/turtlebot3_ws/src/turtlebot3_simulations/turtlebot3_fake_node -DCMAKE_INSTALL_PREFIX=/home/song/apps/robong/ros2/turtlebot3_ws/install/turtlebot3_fake_node
[27.475s] DEBUG:colcon.colcon_core.event_handler.log_command:Invoking command in '/home/song/apps/robong/ros2/turtlebot3_ws/build/turtlebot3_fake_node': CMAKE_PREFIX_PATH=${CMAKE_PREFIX_PATH}:/home/song/apps/robong/ros2/workspace/install/ros2env:/home/song/apps/robong/ros2/workspace/install/calculator:/home/song/apps/robong/ros2/workspace/install/simple_ros:/home/song/apps/robong/ros2/workspace/install/SimplePkg:/home/song/apps/robong/ros2/workspace/install/Homework1018:/opt/ros/humble /usr/bin/cmake --build /home/song/apps/robong/ros2/turtlebot3_ws/build/turtlebot3_fake_node -- -j4 -l4
[30.671s] DEBUG:colcon.colcon_core.event_handler.log_command:Invoked command in '/home/song/apps/robong/ros2/turtlebot3_ws/build/turtlebot3_gazebo' returned '0': CMAKE_PREFIX_PATH=${CMAKE_PREFIX_PATH}:/home/song/apps/robong/ros2/workspace/install/ros2env:/home/song/apps/robong/ros2/workspace/install/calculator:/home/song/apps/robong/ros2/workspace/install/simple_ros:/home/song/apps/robong/ros2/workspace/install/SimplePkg:/home/song/apps/robong/ros2/workspace/install/Homework1018:/opt/ros/humble /usr/bin/cmake /home/song/apps/robong/ros2/turtlebot3_ws/src/turtlebot3_simulations/turtlebot3_gazebo -DCMAKE_INSTALL_PREFIX=/home/song/apps/robong/ros2/turtlebot3_ws/install/turtlebot3_gazebo
[30.677s] DEBUG:colcon.colcon_core.event_handler.log_command:Invoking command in '/home/song/apps/robong/ros2/turtlebot3_ws/build/turtlebot3_gazebo': CMAKE_PREFIX_PATH=${CMAKE_PREFIX_PATH}:/home/song/apps/robong/ros2/workspace/install/ros2env:/home/song/apps/robong/ros2/workspace/install/calculator:/home/song/apps/robong/ros2/workspace/install/simple_ros:/home/song/apps/robong/ros2/workspace/install/SimplePkg:/home/song/apps/robong/ros2/workspace/install/Homework1018:/opt/ros/humble /usr/bin/cmake --build /home/song/apps/robong/ros2/turtlebot3_ws/build/turtlebot3_gazebo -- -j4 -l4
[116.165s] DEBUG:colcon.colcon_core.event_handler.log_command:Invoked command in '/home/song/apps/robong/ros2/turtlebot3_ws/build/turtlebot3_fake_node' returned '0': CMAKE_PREFIX_PATH=${CMAKE_PREFIX_PATH}:/home/song/apps/robong/ros2/workspace/install/ros2env:/home/song/apps/robong/ros2/workspace/install/calculator:/home/song/apps/robong/ros2/workspace/install/simple_ros:/home/song/apps/robong/ros2/workspace/install/SimplePkg:/home/song/apps/robong/ros2/workspace/install/Homework1018:/opt/ros/humble /usr/bin/cmake --build /home/song/apps/robong/ros2/turtlebot3_ws/build/turtlebot3_fake_node -- -j4 -l4
[116.479s] DEBUG:colcon.colcon_core.event_handler.log_command:Invoking command in '/home/song/apps/robong/ros2/turtlebot3_ws/build/turtlebot3_fake_node': CMAKE_PREFIX_PATH=${CMAKE_PREFIX_PATH}:/home/song/apps/robong/ros2/workspace/install/ros2env:/home/song/apps/robong/ros2/workspace/install/calculator:/home/song/apps/robong/ros2/workspace/install/simple_ros:/home/song/apps/robong/ros2/workspace/install/SimplePkg:/home/song/apps/robong/ros2/workspace/install/Homework1018:/opt/ros/humble /usr/bin/cmake --install /home/song/apps/robong/ros2/turtlebot3_ws/build/turtlebot3_fake_node
[116.656s] Level 1:colcon.colcon_core.environment:create_environment_scripts_only(turtlebot3_fake_node)
[116.662s] DEBUG:colcon.colcon_core.event_handler.log_command:Invoked command in '/home/song/apps/robong/ros2/turtlebot3_ws/build/turtlebot3_fake_node' returned '0': CMAKE_PREFIX_PATH=${CMAKE_PREFIX_PATH}:/home/song/apps/robong/ros2/workspace/install/ros2env:/home/song/apps/robong/ros2/workspace/install/calculator:/home/song/apps/robong/ros2/workspace/install/simple_ros:/home/song/apps/robong/ros2/workspace/install/SimplePkg:/home/song/apps/robong/ros2/workspace/install/Homework1018:/opt/ros/humble /usr/bin/cmake --install /home/song/apps/robong/ros2/turtlebot3_ws/build/turtlebot3_fake_node
[116.704s] Level 1:colcon.colcon_core.environment:checking '/home/song/apps/robong/ros2/turtlebot3_ws/install/turtlebot3_fake_node' for CMake module files
[116.710s] Level 1:colcon.colcon_core.environment:checking '/home/song/apps/robong/ros2/turtlebot3_ws/install/turtlebot3_fake_node' for CMake config files
[116.713s] Level 1:colcon.colcon_core.shell:create_environment_hook('turtlebot3_fake_node', 'cmake_prefix_path')
[116.715s] INFO:colcon.colcon_core.shell:Creating environment hook '/home/song/apps/robong/ros2/turtlebot3_ws/install/turtlebot3_fake_node/share/turtlebot3_fake_node/hook/cmake_prefix_path.ps1'
[116.723s] INFO:colcon.colcon_core.shell:Creating environment descriptor '/home/song/apps/robong/ros2/turtlebot3_ws/install/turtlebot3_fake_node/share/turtlebot3_fake_node/hook/cmake_prefix_path.dsv'
[116.728s] INFO:colcon.colcon_core.shell:Creating environment hook '/home/song/apps/robong/ros2/turtlebot3_ws/install/turtlebot3_fake_node/share/turtlebot3_fake_node/hook/cmake_prefix_path.sh'
[116.737s] Level 1:colcon.colcon_core.environment:checking '/home/song/apps/robong/ros2/turtlebot3_ws/install/turtlebot3_fake_node/lib'
[116.738s] Level 1:colcon.colcon_core.environment:checking '/home/song/apps/robong/ros2/turtlebot3_ws/install/turtlebot3_fake_node/bin'
[116.739s] Level 1:colcon.colcon_core.environment:checking '/home/song/apps/robong/ros2/turtlebot3_ws/install/turtlebot3_fake_node/lib/pkgconfig/turtlebot3_fake_node.pc'
[116.741s] Level 1:colcon.colcon_core.environment:checking '/home/song/apps/robong/ros2/turtlebot3_ws/install/turtlebot3_fake_node/lib/python3.10/site-packages'
[116.742s] Level 1:colcon.colcon_core.environment:checking '/home/song/apps/robong/ros2/turtlebot3_ws/install/turtlebot3_fake_node/bin'
[116.744s] INFO:colcon.colcon_core.shell:Creating package script '/home/song/apps/robong/ros2/turtlebot3_ws/install/turtlebot3_fake_node/share/turtlebot3_fake_node/package.ps1'
[116.749s] INFO:colcon.colcon_core.shell:Creating package descriptor '/home/song/apps/robong/ros2/turtlebot3_ws/install/turtlebot3_fake_node/share/turtlebot3_fake_node/package.dsv'
[116.755s] INFO:colcon.colcon_core.shell:Creating package script '/home/song/apps/robong/ros2/turtlebot3_ws/install/turtlebot3_fake_node/share/turtlebot3_fake_node/package.sh'
[116.762s] INFO:colcon.colcon_core.shell:Creating package script '/home/song/apps/robong/ros2/turtlebot3_ws/install/turtlebot3_fake_node/share/turtlebot3_fake_node/package.bash'
[116.770s] INFO:colcon.colcon_core.shell:Creating package script '/home/song/apps/robong/ros2/turtlebot3_ws/install/turtlebot3_fake_node/share/turtlebot3_fake_node/package.zsh'
[116.778s] Level 1:colcon.colcon_core.environment:create_file_with_runtime_dependencies(/home/song/apps/robong/ros2/turtlebot3_ws/install/turtlebot3_fake_node/share/colcon-core/packages/turtlebot3_fake_node)
[116.931s] Level 1:colcon.colcon_core.environment:create_environment_scripts_only(turtlebot3_fake_node)
[116.933s] Level 1:colcon.colcon_core.environment:checking '/home/song/apps/robong/ros2/turtlebot3_ws/install/turtlebot3_fake_node' for CMake module files
[116.939s] Level 1:colcon.colcon_core.environment:checking '/home/song/apps/robong/ros2/turtlebot3_ws/install/turtlebot3_fake_node' for CMake config files
[116.941s] Level 1:colcon.colcon_core.shell:create_environment_hook('turtlebot3_fake_node', 'cmake_prefix_path')
[116.944s] INFO:colcon.colcon_core.shell:Creating environment hook '/home/song/apps/robong/ros2/turtlebot3_ws/install/turtlebot3_fake_node/share/turtlebot3_fake_node/hook/cmake_prefix_path.ps1'
[116.947s] INFO:colcon.colcon_core.shell:Creating environment descriptor '/home/song/apps/robong/ros2/turtlebot3_ws/install/turtlebot3_fake_node/share/turtlebot3_fake_node/hook/cmake_prefix_path.dsv'
[116.950s] INFO:colcon.colcon_core.shell:Creating environment hook '/home/song/apps/robong/ros2/turtlebot3_ws/install/turtlebot3_fake_node/share/turtlebot3_fake_node/hook/cmake_prefix_path.sh'
[116.954s] Level 1:colcon.colcon_core.environment:checking '/home/song/apps/robong/ros2/turtlebot3_ws/install/turtlebot3_fake_node/lib'
[116.955s] Level 1:colcon.colcon_core.environment:checking '/home/song/apps/robong/ros2/turtlebot3_ws/install/turtlebot3_fake_node/bin'
[116.956s] Level 1:colcon.colcon_core.environment:checking '/home/song/apps/robong/ros2/turtlebot3_ws/install/turtlebot3_fake_node/lib/pkgconfig/turtlebot3_fake_node.pc'
[116.958s] Level 1:colcon.colcon_core.environment:checking '/home/song/apps/robong/ros2/turtlebot3_ws/install/turtlebot3_fake_node/lib/python3.10/site-packages'
[116.960s] Level 1:colcon.colcon_core.environment:checking '/home/song/apps/robong/ros2/turtlebot3_ws/install/turtlebot3_fake_node/bin'
[116.963s] INFO:colcon.colcon_core.shell:Creating package script '/home/song/apps/robong/ros2/turtlebot3_ws/install/turtlebot3_fake_node/share/turtlebot3_fake_node/package.ps1'
[116.968s] INFO:colcon.colcon_core.shell:Creating package descriptor '/home/song/apps/robong/ros2/turtlebot3_ws/install/turtlebot3_fake_node/share/turtlebot3_fake_node/package.dsv'
[116.972s] INFO:colcon.colcon_core.shell:Creating package script '/home/song/apps/robong/ros2/turtlebot3_ws/install/turtlebot3_fake_node/share/turtlebot3_fake_node/package.sh'
[116.976s] INFO:colcon.colcon_core.shell:Creating package script '/home/song/apps/robong/ros2/turtlebot3_ws/install/turtlebot3_fake_node/share/turtlebot3_fake_node/package.bash'
[116.979s] INFO:colcon.colcon_core.shell:Creating package script '/home/song/apps/robong/ros2/turtlebot3_ws/install/turtlebot3_fake_node/share/turtlebot3_fake_node/package.zsh'
[116.983s] Level 1:colcon.colcon_core.environment:create_file_with_runtime_dependencies(/home/song/apps/robong/ros2/turtlebot3_ws/install/turtlebot3_fake_node/share/colcon-core/packages/turtlebot3_fake_node)
[250.869s] DEBUG:colcon.colcon_core.event_handler.log_command:Invoked command in '/home/song/apps/robong/ros2/turtlebot3_ws/build/turtlebot3_gazebo' returned '0': CMAKE_PREFIX_PATH=${CMAKE_PREFIX_PATH}:/home/song/apps/robong/ros2/workspace/install/ros2env:/home/song/apps/robong/ros2/workspace/install/calculator:/home/song/apps/robong/ros2/workspace/install/simple_ros:/home/song/apps/robong/ros2/workspace/install/SimplePkg:/home/song/apps/robong/ros2/workspace/install/Homework1018:/opt/ros/humble /usr/bin/cmake --build /home/song/apps/robong/ros2/turtlebot3_ws/build/turtlebot3_gazebo -- -j4 -l4
[250.968s] DEBUG:colcon.colcon_core.event_handler.log_command:Invoking command in '/home/song/apps/robong/ros2/turtlebot3_ws/build/turtlebot3_gazebo': CMAKE_PREFIX_PATH=${CMAKE_PREFIX_PATH}:/home/song/apps/robong/ros2/workspace/install/ros2env:/home/song/apps/robong/ros2/workspace/install/calculator:/home/song/apps/robong/ros2/workspace/install/simple_ros:/home/song/apps/robong/ros2/workspace/install/SimplePkg:/home/song/apps/robong/ros2/workspace/install/Homework1018:/opt/ros/humble /usr/bin/cmake --install /home/song/apps/robong/ros2/turtlebot3_ws/build/turtlebot3_gazebo
[251.383s] Level 1:colcon.colcon_core.environment:create_environment_scripts_only(turtlebot3_gazebo)
[251.387s] DEBUG:colcon.colcon_core.event_handler.log_command:Invoked command in '/home/song/apps/robong/ros2/turtlebot3_ws/build/turtlebot3_gazebo' returned '0': CMAKE_PREFIX_PATH=${CMAKE_PREFIX_PATH}:/home/song/apps/robong/ros2/workspace/install/ros2env:/home/song/apps/robong/ros2/workspace/install/calculator:/home/song/apps/robong/ros2/workspace/install/simple_ros:/home/song/apps/robong/ros2/workspace/install/SimplePkg:/home/song/apps/robong/ros2/workspace/install/Homework1018:/opt/ros/humble /usr/bin/cmake --install /home/song/apps/robong/ros2/turtlebot3_ws/build/turtlebot3_gazebo
[251.389s] Level 1:colcon.colcon_core.environment:checking '/home/song/apps/robong/ros2/turtlebot3_ws/install/turtlebot3_gazebo' for CMake module files
[251.396s] Level 1:colcon.colcon_core.environment:checking '/home/song/apps/robong/ros2/turtlebot3_ws/install/turtlebot3_gazebo' for CMake config files
[251.399s] Level 1:colcon.colcon_core.shell:create_environment_hook('turtlebot3_gazebo', 'cmake_prefix_path')
[251.407s] INFO:colcon.colcon_core.shell:Creating environment hook '/home/song/apps/robong/ros2/turtlebot3_ws/install/turtlebot3_gazebo/share/turtlebot3_gazebo/hook/cmake_prefix_path.ps1'
[251.412s] INFO:colcon.colcon_core.shell:Creating environment descriptor '/home/song/apps/robong/ros2/turtlebot3_ws/install/turtlebot3_gazebo/share/turtlebot3_gazebo/hook/cmake_prefix_path.dsv'
[251.414s] INFO:colcon.colcon_core.shell:Creating environment hook '/home/song/apps/robong/ros2/turtlebot3_ws/install/turtlebot3_gazebo/share/turtlebot3_gazebo/hook/cmake_prefix_path.sh'
[251.419s] Level 1:colcon.colcon_core.environment:checking '/home/song/apps/robong/ros2/turtlebot3_ws/install/turtlebot3_gazebo/lib'
[251.419s] Level 1:colcon.colcon_core.environment:checking '/home/song/apps/robong/ros2/turtlebot3_ws/install/turtlebot3_gazebo/bin'
[251.420s] Level 1:colcon.colcon_core.environment:checking '/home/song/apps/robong/ros2/turtlebot3_ws/install/turtlebot3_gazebo/lib/pkgconfig/turtlebot3_gazebo.pc'
[251.422s] Level 1:colcon.colcon_core.environment:checking '/home/song/apps/robong/ros2/turtlebot3_ws/install/turtlebot3_gazebo/lib/python3.10/site-packages'
[251.424s] Level 1:colcon.colcon_core.environment:checking '/home/song/apps/robong/ros2/turtlebot3_ws/install/turtlebot3_gazebo/bin'
[251.427s] INFO:colcon.colcon_core.shell:Creating package script '/home/song/apps/robong/ros2/turtlebot3_ws/install/turtlebot3_gazebo/share/turtlebot3_gazebo/package.ps1'
[251.431s] INFO:colcon.colcon_core.shell:Creating package descriptor '/home/song/apps/robong/ros2/turtlebot3_ws/install/turtlebot3_gazebo/share/turtlebot3_gazebo/package.dsv'
[251.435s] INFO:colcon.colcon_core.shell:Creating package script '/home/song/apps/robong/ros2/turtlebot3_ws/install/turtlebot3_gazebo/share/turtlebot3_gazebo/package.sh'
[251.438s] INFO:colcon.colcon_core.shell:Creating package script '/home/song/apps/robong/ros2/turtlebot3_ws/install/turtlebot3_gazebo/share/turtlebot3_gazebo/package.bash'
[251.442s] INFO:colcon.colcon_core.shell:Creating package script '/home/song/apps/robong/ros2/turtlebot3_ws/install/turtlebot3_gazebo/share/turtlebot3_gazebo/package.zsh'
[251.445s] Level 1:colcon.colcon_core.environment:create_file_with_runtime_dependencies(/home/song/apps/robong/ros2/turtlebot3_ws/install/turtlebot3_gazebo/share/colcon-core/packages/turtlebot3_gazebo)
[251.760s] Level 1:colcon.colcon_core.environment:create_environment_scripts_only(turtlebot3_gazebo)
[251.763s] Level 1:colcon.colcon_core.environment:checking '/home/song/apps/robong/ros2/turtlebot3_ws/install/turtlebot3_gazebo' for CMake module files
[251.769s] Level 1:colcon.colcon_core.environment:checking '/home/song/apps/robong/ros2/turtlebot3_ws/install/turtlebot3_gazebo' for CMake config files
[251.771s] Level 1:colcon.colcon_core.shell:create_environment_hook('turtlebot3_gazebo', 'cmake_prefix_path')
[251.773s] INFO:colcon.colcon_core.shell:Creating environment hook '/home/song/apps/robong/ros2/turtlebot3_ws/install/turtlebot3_gazebo/share/turtlebot3_gazebo/hook/cmake_prefix_path.ps1'
[251.775s] INFO:colcon.colcon_core.shell:Creating environment descriptor '/home/song/apps/robong/ros2/turtlebot3_ws/install/turtlebot3_gazebo/share/turtlebot3_gazebo/hook/cmake_prefix_path.dsv'
[251.778s] INFO:colcon.colcon_core.shell:Creating environment hook '/home/song/apps/robong/ros2/turtlebot3_ws/install/turtlebot3_gazebo/share/turtlebot3_gazebo/hook/cmake_prefix_path.sh'
[251.782s] Level 1:colcon.colcon_core.environment:checking '/home/song/apps/robong/ros2/turtlebot3_ws/install/turtlebot3_gazebo/lib'
[251.783s] Level 1:colcon.colcon_core.environment:checking '/home/song/apps/robong/ros2/turtlebot3_ws/install/turtlebot3_gazebo/bin'
[251.783s] Level 1:colcon.colcon_core.environment:checking '/home/song/apps/robong/ros2/turtlebot3_ws/install/turtlebot3_gazebo/lib/pkgconfig/turtlebot3_gazebo.pc'
[251.785s] Level 1:colcon.colcon_core.environment:checking '/home/song/apps/robong/ros2/turtlebot3_ws/install/turtlebot3_gazebo/lib/python3.10/site-packages'
[251.787s] Level 1:colcon.colcon_core.environment:checking '/home/song/apps/robong/ros2/turtlebot3_ws/install/turtlebot3_gazebo/bin'
[251.791s] INFO:colcon.colcon_core.shell:Creating package script '/home/song/apps/robong/ros2/turtlebot3_ws/install/turtlebot3_gazebo/share/turtlebot3_gazebo/package.ps1'
[251.794s] INFO:colcon.colcon_core.shell:Creating package descriptor '/home/song/apps/robong/ros2/turtlebot3_ws/install/turtlebot3_gazebo/share/turtlebot3_gazebo/package.dsv'
[251.797s] INFO:colcon.colcon_core.shell:Creating package script '/home/song/apps/robong/ros2/turtlebot3_ws/install/turtlebot3_gazebo/share/turtlebot3_gazebo/package.sh'
[251.801s] INFO:colcon.colcon_core.shell:Creating package script '/home/song/apps/robong/ros2/turtlebot3_ws/install/turtlebot3_gazebo/share/turtlebot3_gazebo/package.bash'
[251.804s] INFO:colcon.colcon_core.shell:Creating package script '/home/song/apps/robong/ros2/turtlebot3_ws/install/turtlebot3_gazebo/share/turtlebot3_gazebo/package.zsh'
[251.806s] Level 1:colcon.colcon_core.environment:create_file_with_runtime_dependencies(/home/song/apps/robong/ros2/turtlebot3_ws/install/turtlebot3_gazebo/share/colcon-core/packages/turtlebot3_gazebo)
[251.808s] INFO:colcon.colcon_ros.task.ament_cmake.build:Building ROS package in '/home/song/apps/robong/ros2/turtlebot3_ws/src/turtlebot3_simulations/turtlebot3_simulations' with build type 'ament_cmake'
[251.809s] INFO:colcon.colcon_cmake.task.cmake.build:Building CMake package in '/home/song/apps/robong/ros2/turtlebot3_ws/src/turtlebot3_simulations/turtlebot3_simulations'
[251.810s] INFO:colcon.colcon_core.shell:Skip shell extension 'powershell' for command environment: Not usable outside of PowerShell
[251.814s] DEBUG:colcon.colcon_core.shell:Skip shell extension 'dsv' for command environment
[251.902s] DEBUG:colcon.colcon_core.event_handler.log_command:Invoking command in '/home/song/apps/robong/ros2/turtlebot3_ws/build/turtlebot3_simulations': AMENT_PREFIX_PATH=/home/song/apps/robong/ros2/turtlebot3_ws/install/turtlebot3_gazebo:/home/song/apps/robong/ros2/turtlebot3_ws/install/turtlebot3_fake_node:${AMENT_PREFIX_PATH} CMAKE_PREFIX_PATH=/home/song/apps/robong/ros2/turtlebot3_ws/install/turtlebot3_gazebo:/home/song/apps/robong/ros2/turtlebot3_ws/install/turtlebot3_fake_node:/home/song/apps/robong/ros2/workspace/install/user_interface:/home/song/apps/robong/ros2/workspace/install/simple_ros_cpp:/home/song/apps/robong/ros2/workspace/install/ros2env:/home/song/apps/robong/ros2/workspace/install/calculator:/home/song/apps/robong/ros2/workspace/install/simple_ros:/home/song/apps/robong/ros2/workspace/install/SimplePkg:/home/song/apps/robong/ros2/workspace/install/Homework1018:/opt/ros/humble /usr/bin/cmake /home/song/apps/robong/ros2/turtlebot3_ws/src/turtlebot3_simulations/turtlebot3_simulations -DCMAKE_INSTALL_PREFIX=/home/song/apps/robong/ros2/turtlebot3_ws/install/turtlebot3_simulations
[256.459s] DEBUG:colcon.colcon_core.event_handler.log_command:Invoked command in '/home/song/apps/robong/ros2/turtlebot3_ws/build/turtlebot3_simulations' returned '0': AMENT_PREFIX_PATH=/home/song/apps/robong/ros2/turtlebot3_ws/install/turtlebot3_gazebo:/home/song/apps/robong/ros2/turtlebot3_ws/install/turtlebot3_fake_node:${AMENT_PREFIX_PATH} CMAKE_PREFIX_PATH=/home/song/apps/robong/ros2/turtlebot3_ws/install/turtlebot3_gazebo:/home/song/apps/robong/ros2/turtlebot3_ws/install/turtlebot3_fake_node:/home/song/apps/robong/ros2/workspace/install/user_interface:/home/song/apps/robong/ros2/workspace/install/simple_ros_cpp:/home/song/apps/robong/ros2/workspace/install/ros2env:/home/song/apps/robong/ros2/workspace/install/calculator:/home/song/apps/robong/ros2/workspace/install/simple_ros:/home/song/apps/robong/ros2/workspace/install/SimplePkg:/home/song/apps/robong/ros2/workspace/install/Homework1018:/opt/ros/humble /usr/bin/cmake /home/song/apps/robong/ros2/turtlebot3_ws/src/turtlebot3_simulations/turtlebot3_simulations -DCMAKE_INSTALL_PREFIX=/home/song/apps/robong/ros2/turtlebot3_ws/install/turtlebot3_simulations
[256.462s] DEBUG:colcon.colcon_core.event_handler.log_command:Invoking command in '/home/song/apps/robong/ros2/turtlebot3_ws/build/turtlebot3_simulations': AMENT_PREFIX_PATH=/home/song/apps/robong/ros2/turtlebot3_ws/install/turtlebot3_gazebo:/home/song/apps/robong/ros2/turtlebot3_ws/install/turtlebot3_fake_node:${AMENT_PREFIX_PATH} CMAKE_PREFIX_PATH=/home/song/apps/robong/ros2/turtlebot3_ws/install/turtlebot3_gazebo:/home/song/apps/robong/ros2/turtlebot3_ws/install/turtlebot3_fake_node:/home/song/apps/robong/ros2/workspace/install/user_interface:/home/song/apps/robong/ros2/workspace/install/simple_ros_cpp:/home/song/apps/robong/ros2/workspace/install/ros2env:/home/song/apps/robong/ros2/workspace/install/calculator:/home/song/apps/robong/ros2/workspace/install/simple_ros:/home/song/apps/robong/ros2/workspace/install/SimplePkg:/home/song/apps/robong/ros2/workspace/install/Homework1018:/opt/ros/humble /usr/bin/cmake --build /home/song/apps/robong/ros2/turtlebot3_ws/build/turtlebot3_simulations -- -j4 -l4
[256.563s] DEBUG:colcon.colcon_core.event_handler.log_command:Invoked command in '/home/song/apps/robong/ros2/turtlebot3_ws/build/turtlebot3_simulations' returned '0': AMENT_PREFIX_PATH=/home/song/apps/robong/ros2/turtlebot3_ws/install/turtlebot3_gazebo:/home/song/apps/robong/ros2/turtlebot3_ws/install/turtlebot3_fake_node:${AMENT_PREFIX_PATH} CMAKE_PREFIX_PATH=/home/song/apps/robong/ros2/turtlebot3_ws/install/turtlebot3_gazebo:/home/song/apps/robong/ros2/turtlebot3_ws/install/turtlebot3_fake_node:/home/song/apps/robong/ros2/workspace/install/user_interface:/home/song/apps/robong/ros2/workspace/install/simple_ros_cpp:/home/song/apps/robong/ros2/workspace/install/ros2env:/home/song/apps/robong/ros2/workspace/install/calculator:/home/song/apps/robong/ros2/workspace/install/simple_ros:/home/song/apps/robong/ros2/workspace/install/SimplePkg:/home/song/apps/robong/ros2/workspace/install/Homework1018:/opt/ros/humble /usr/bin/cmake --build /home/song/apps/robong/ros2/turtlebot3_ws/build/turtlebot3_simulations -- -j4 -l4
[256.625s] DEBUG:colcon.colcon_core.event_handler.log_command:Invoking command in '/home/song/apps/robong/ros2/turtlebot3_ws/build/turtlebot3_simulations': AMENT_PREFIX_PATH=/home/song/apps/robong/ros2/turtlebot3_ws/install/turtlebot3_gazebo:/home/song/apps/robong/ros2/turtlebot3_ws/install/turtlebot3_fake_node:${AMENT_PREFIX_PATH} CMAKE_PREFIX_PATH=/home/song/apps/robong/ros2/turtlebot3_ws/install/turtlebot3_gazebo:/home/song/apps/robong/ros2/turtlebot3_ws/install/turtlebot3_fake_node:/home/song/apps/robong/ros2/workspace/install/user_interface:/home/song/apps/robong/ros2/workspace/install/simple_ros_cpp:/home/song/apps/robong/ros2/workspace/install/ros2env:/home/song/apps/robong/ros2/workspace/install/calculator:/home/song/apps/robong/ros2/workspace/install/simple_ros:/home/song/apps/robong/ros2/workspace/install/SimplePkg:/home/song/apps/robong/ros2/workspace/install/Homework1018:/opt/ros/humble /usr/bin/cmake --install /home/song/apps/robong/ros2/turtlebot3_ws/build/turtlebot3_simulations
[256.646s] Level 1:colcon.colcon_core.environment:create_environment_scripts_only(turtlebot3_simulations)
[256.648s] Level 1:colcon.colcon_core.environment:checking '/home/song/apps/robong/ros2/turtlebot3_ws/install/turtlebot3_simulations' for CMake module files
[256.649s] DEBUG:colcon.colcon_core.event_handler.log_command:Invoked command in '/home/song/apps/robong/ros2/turtlebot3_ws/build/turtlebot3_simulations' returned '0': AMENT_PREFIX_PATH=/home/song/apps/robong/ros2/turtlebot3_ws/install/turtlebot3_gazebo:/home/song/apps/robong/ros2/turtlebot3_ws/install/turtlebot3_fake_node:${AMENT_PREFIX_PATH} CMAKE_PREFIX_PATH=/home/song/apps/robong/ros2/turtlebot3_ws/install/turtlebot3_gazebo:/home/song/apps/robong/ros2/turtlebot3_ws/install/turtlebot3_fake_node:/home/song/apps/robong/ros2/workspace/install/user_interface:/home/song/apps/robong/ros2/workspace/install/simple_ros_cpp:/home/song/apps/robong/ros2/workspace/install/ros2env:/home/song/apps/robong/ros2/workspace/install/calculator:/home/song/apps/robong/ros2/workspace/install/simple_ros:/home/song/apps/robong/ros2/workspace/install/SimplePkg:/home/song/apps/robong/ros2/workspace/install/Homework1018:/opt/ros/humble /usr/bin/cmake --install /home/song/apps/robong/ros2/turtlebot3_ws/build/turtlebot3_simulations
[256.650s] Level 1:colcon.colcon_core.environment:checking '/home/song/apps/robong/ros2/turtlebot3_ws/install/turtlebot3_simulations' for CMake config files
[256.651s] Level 1:colcon.colcon_core.shell:create_environment_hook('turtlebot3_simulations', 'cmake_prefix_path')
[256.651s] INFO:colcon.colcon_core.shell:Creating environment hook '/home/song/apps/robong/ros2/turtlebot3_ws/install/turtlebot3_simulations/share/turtlebot3_simulations/hook/cmake_prefix_path.ps1'
[256.652s] INFO:colcon.colcon_core.shell:Creating environment descriptor '/home/song/apps/robong/ros2/turtlebot3_ws/install/turtlebot3_simulations/share/turtlebot3_simulations/hook/cmake_prefix_path.dsv'
[256.653s] INFO:colcon.colcon_core.shell:Creating environment hook '/home/song/apps/robong/ros2/turtlebot3_ws/install/turtlebot3_simulations/share/turtlebot3_simulations/hook/cmake_prefix_path.sh'
[256.654s] Level 1:colcon.colcon_core.environment:checking '/home/song/apps/robong/ros2/turtlebot3_ws/install/turtlebot3_simulations/bin'
[256.655s] Level 1:colcon.colcon_core.environment:checking '/home/song/apps/robong/ros2/turtlebot3_ws/install/turtlebot3_simulations/lib/pkgconfig/turtlebot3_simulations.pc'
[256.655s] Level 1:colcon.colcon_core.environment:checking '/home/song/apps/robong/ros2/turtlebot3_ws/install/turtlebot3_simulations/lib/python3.10/site-packages'
[256.656s] Level 1:colcon.colcon_core.environment:checking '/home/song/apps/robong/ros2/turtlebot3_ws/install/turtlebot3_simulations/bin'
[256.657s] INFO:colcon.colcon_core.shell:Creating package script '/home/song/apps/robong/ros2/turtlebot3_ws/install/turtlebot3_simulations/share/turtlebot3_simulations/package.ps1'
[256.658s] INFO:colcon.colcon_core.shell:Creating package descriptor '/home/song/apps/robong/ros2/turtlebot3_ws/install/turtlebot3_simulations/share/turtlebot3_simulations/package.dsv'
[256.659s] INFO:colcon.colcon_core.shell:Creating package script '/home/song/apps/robong/ros2/turtlebot3_ws/install/turtlebot3_simulations/share/turtlebot3_simulations/package.sh'
[256.660s] INFO:colcon.colcon_core.shell:Creating package script '/home/song/apps/robong/ros2/turtlebot3_ws/install/turtlebot3_simulations/share/turtlebot3_simulations/package.bash'
[256.661s] INFO:colcon.colcon_core.shell:Creating package script '/home/song/apps/robong/ros2/turtlebot3_ws/install/turtlebot3_simulations/share/turtlebot3_simulations/package.zsh'
[256.662s] Level 1:colcon.colcon_core.environment:create_file_with_runtime_dependencies(/home/song/apps/robong/ros2/turtlebot3_ws/install/turtlebot3_simulations/share/colcon-core/packages/turtlebot3_simulations)
[256.705s] Level 1:colcon.colcon_core.environment:create_environment_scripts_only(turtlebot3_simulations)
[256.706s] Level 1:colcon.colcon_core.environment:checking '/home/song/apps/robong/ros2/turtlebot3_ws/install/turtlebot3_simulations' for CMake module files
[256.707s] Level 1:colcon.colcon_core.environment:checking '/home/song/apps/robong/ros2/turtlebot3_ws/install/turtlebot3_simulations' for CMake config files
[256.708s] Level 1:colcon.colcon_core.shell:create_environment_hook('turtlebot3_simulations', 'cmake_prefix_path')
[256.708s] INFO:colcon.colcon_core.shell:Creating environment hook '/home/song/apps/robong/ros2/turtlebot3_ws/install/turtlebot3_simulations/share/turtlebot3_simulations/hook/cmake_prefix_path.ps1'
[256.709s] INFO:colcon.colcon_core.shell:Creating environment descriptor '/home/song/apps/robong/ros2/turtlebot3_ws/install/turtlebot3_simulations/share/turtlebot3_simulations/hook/cmake_prefix_path.dsv'
[256.709s] INFO:colcon.colcon_core.shell:Creating environment hook '/home/song/apps/robong/ros2/turtlebot3_ws/install/turtlebot3_simulations/share/turtlebot3_simulations/hook/cmake_prefix_path.sh'
[256.710s] Level 1:colcon.colcon_core.environment:checking '/home/song/apps/robong/ros2/turtlebot3_ws/install/turtlebot3_simulations/bin'
[256.710s] Level 1:colcon.colcon_core.environment:checking '/home/song/apps/robong/ros2/turtlebot3_ws/install/turtlebot3_simulations/lib/pkgconfig/turtlebot3_simulations.pc'
[256.711s] Level 1:colcon.colcon_core.environment:checking '/home/song/apps/robong/ros2/turtlebot3_ws/install/turtlebot3_simulations/lib/python3.10/site-packages'
[256.711s] Level 1:colcon.colcon_core.environment:checking '/home/song/apps/robong/ros2/turtlebot3_ws/install/turtlebot3_simulations/bin'
[256.712s] INFO:colcon.colcon_core.shell:Creating package script '/home/song/apps/robong/ros2/turtlebot3_ws/install/turtlebot3_simulations/share/turtlebot3_simulations/package.ps1'
[256.713s] INFO:colcon.colcon_core.shell:Creating package descriptor '/home/song/apps/robong/ros2/turtlebot3_ws/install/turtlebot3_simulations/share/turtlebot3_simulations/package.dsv'
[256.714s] INFO:colcon.colcon_core.shell:Creating package script '/home/song/apps/robong/ros2/turtlebot3_ws/install/turtlebot3_simulations/share/turtlebot3_simulations/package.sh'
[256.715s] INFO:colcon.colcon_core.shell:Creating package script '/home/song/apps/robong/ros2/turtlebot3_ws/install/turtlebot3_simulations/share/turtlebot3_simulations/package.bash'
[256.716s] INFO:colcon.colcon_core.shell:Creating package script '/home/song/apps/robong/ros2/turtlebot3_ws/install/turtlebot3_simulations/share/turtlebot3_simulations/package.zsh'
[256.716s] Level 1:colcon.colcon_core.environment:create_file_with_runtime_dependencies(/home/song/apps/robong/ros2/turtlebot3_ws/install/turtlebot3_simulations/share/colcon-core/packages/turtlebot3_simulations)
[256.717s] DEBUG:colcon.colcon_parallel_executor.executor.parallel:closing loop
[256.717s] DEBUG:colcon.colcon_parallel_executor.executor.parallel:loop closed
[256.717s] DEBUG:colcon.colcon_parallel_executor.executor.parallel:run_until_complete finished with '0'
[256.717s] DEBUG:colcon.colcon_core.event_reactor:joining thread
[256.746s] INFO:colcon.colcon_core.plugin_system:Skipping extension 'colcon_notification.desktop_notification.terminal_notifier': Not used on non-Darwin systems
[256.746s] INFO:colcon.colcon_core.plugin_system:Skipping extension 'colcon_notification.desktop_notification.win32': Not used on non-Windows systems
[256.746s] INFO:colcon.colcon_notification.desktop_notification:Sending desktop notification using 'notify2'
[256.772s] DEBUG:colcon.colcon_core.event_reactor:joined thread
[256.773s] INFO:colcon.colcon_core.shell:Creating prefix script '/home/song/apps/robong/ros2/turtlebot3_ws/install/local_setup.ps1'
[256.775s] INFO:colcon.colcon_core.shell:Creating prefix util module '/home/song/apps/robong/ros2/turtlebot3_ws/install/_local_setup_util_ps1.py'
[256.779s] INFO:colcon.colcon_core.shell:Creating prefix chain script '/home/song/apps/robong/ros2/turtlebot3_ws/install/setup.ps1'
[256.782s] INFO:colcon.colcon_core.shell:Creating prefix script '/home/song/apps/robong/ros2/turtlebot3_ws/install/local_setup.sh'
[256.783s] INFO:colcon.colcon_core.shell:Creating prefix util module '/home/song/apps/robong/ros2/turtlebot3_ws/install/_local_setup_util_sh.py'
[256.785s] INFO:colcon.colcon_core.shell:Creating prefix chain script '/home/song/apps/robong/ros2/turtlebot3_ws/install/setup.sh'
[256.789s] INFO:colcon.colcon_core.shell:Creating prefix script '/home/song/apps/robong/ros2/turtlebot3_ws/install/local_setup.bash'
[256.791s] INFO:colcon.colcon_core.shell:Creating prefix chain script '/home/song/apps/robong/ros2/turtlebot3_ws/install/setup.bash'
[256.794s] INFO:colcon.colcon_core.shell:Creating prefix script '/home/song/apps/robong/ros2/turtlebot3_ws/install/local_setup.zsh'
[256.795s] INFO:colcon.colcon_core.shell:Creating prefix chain script '/home/song/apps/robong/ros2/turtlebot3_ws/install/setup.zsh'
