[0.421s] Invoking command in '/home/song/apps/robong/ros2/turtlebot3_ws/build/open_manipulator_x_description': CMAKE_PREFIX_PATH=${CMAKE_PREFIX_PATH}:/home/song/apps/robong/ros2/turtlebot3_ws/install/open_manipulator_x_teleop:/home/song/apps/robong/ros2/workspace/install/calculator:/home/song/apps/robong/ros2/workspace/install/simple_ros:/home/song/apps/robong/ros2/workspace/install/ros2env:/home/song/apps/robong/ros2/workspace/install/ros2_aruco:/home/song/apps/robong/ros2/workspace/install/move_turtle:/home/song/apps/robong/ros2/workspace/install/SimplePkg:/home/song/apps/robong/ros2/workspace/install/Homework1018:/opt/ros/humble /usr/bin/cmake --build /home/song/apps/robong/ros2/turtlebot3_ws/build/open_manipulator_x_description -- -j4 -l4
[0.658s] Invoked command in '/home/song/apps/robong/ros2/turtlebot3_ws/build/open_manipulator_x_description' returned '0': CMAKE_PREFIX_PATH=${CMAKE_PREFIX_PATH}:/home/song/apps/robong/ros2/turtlebot3_ws/install/open_manipulator_x_teleop:/home/song/apps/robong/ros2/workspace/install/calculator:/home/song/apps/robong/ros2/workspace/install/simple_ros:/home/song/apps/robong/ros2/workspace/install/ros2env:/home/song/apps/robong/ros2/workspace/install/ros2_aruco:/home/song/apps/robong/ros2/workspace/install/move_turtle:/home/song/apps/robong/ros2/workspace/install/SimplePkg:/home/song/apps/robong/ros2/workspace/install/Homework1018:/opt/ros/humble /usr/bin/cmake --build /home/song/apps/robong/ros2/turtlebot3_ws/build/open_manipulator_x_description -- -j4 -l4
[0.853s] Invoking command in '/home/song/apps/robong/ros2/turtlebot3_ws/build/open_manipulator_x_description': CMAKE_PREFIX_PATH=${CMAKE_PREFIX_PATH}:/home/song/apps/robong/ros2/turtlebot3_ws/install/open_manipulator_x_teleop:/home/song/apps/robong/ros2/workspace/install/calculator:/home/song/apps/robong/ros2/workspace/install/simple_ros:/home/song/apps/robong/ros2/workspace/install/ros2env:/home/song/apps/robong/ros2/workspace/install/ros2_aruco:/home/song/apps/robong/ros2/workspace/install/move_turtle:/home/song/apps/robong/ros2/workspace/install/SimplePkg:/home/song/apps/robong/ros2/workspace/install/Homework1018:/opt/ros/humble /usr/bin/cmake --install /home/song/apps/robong/ros2/turtlebot3_ws/build/open_manipulator_x_description
[0.888s] -- Install configuration: ""
[0.888s] -- Up-to-date: /home/song/apps/robong/ros2/turtlebot3_ws/install/open_manipulator_x_description/share/open_manipulator_x_description/launch
[0.888s] -- Up-to-date: /home/song/apps/robong/ros2/turtlebot3_ws/install/open_manipulator_x_description/share/open_manipulator_x_description/launch/open_manipulator_x_rviz.launch.py
[0.894s] -- Up-to-date: /home/song/apps/robong/ros2/turtlebot3_ws/install/open_manipulator_x_description/share/open_manipulator_x_description/launch/.DS_Store
[0.894s] -- Up-to-date: /home/song/apps/robong/ros2/turtlebot3_ws/install/open_manipulator_x_description/share/open_manipulator_x_description/meshes
[0.902s] -- Up-to-date: /home/song/apps/robong/ros2/turtlebot3_ws/install/open_manipulator_x_description/share/open_manipulator_x_description/meshes/chain_link2.stl
[0.905s] -- Up-to-date: /home/song/apps/robong/ros2/turtlebot3_ws/install/open_manipulator_x_description/share/open_manipulator_x_description/meshes/chain_link1.stl
[0.906s] -- Up-to-date: /home/song/apps/robong/ros2/turtlebot3_ws/install/open_manipulator_x_description/share/open_manipulator_x_description/meshes/chain_link3.stl
[0.906s] -- Up-to-date: /home/song/apps/robong/ros2/turtlebot3_ws/install/open_manipulator_x_description/share/open_manipulator_x_description/meshes/chain_link_grip_l.stl
[0.906s] -- Up-to-date: /home/song/apps/robong/ros2/turtlebot3_ws/install/open_manipulator_x_description/share/open_manipulator_x_description/meshes/chain_link5.stl
[0.906s] -- Up-to-date: /home/song/apps/robong/ros2/turtlebot3_ws/install/open_manipulator_x_description/share/open_manipulator_x_description/meshes/chain_link_grip_r.stl
[0.907s] -- Up-to-date: /home/song/apps/robong/ros2/turtlebot3_ws/install/open_manipulator_x_description/share/open_manipulator_x_description/meshes/chain_link4.stl
[0.907s] -- Up-to-date: /home/song/apps/robong/ros2/turtlebot3_ws/install/open_manipulator_x_description/share/open_manipulator_x_description/rviz
[0.907s] -- Up-to-date: /home/song/apps/robong/ros2/turtlebot3_ws/install/open_manipulator_x_description/share/open_manipulator_x_description/rviz/open_manipulator_x.rviz
[0.908s] -- Up-to-date: /home/song/apps/robong/ros2/turtlebot3_ws/install/open_manipulator_x_description/share/open_manipulator_x_description/urdf
[0.908s] -- Up-to-date: /home/song/apps/robong/ros2/turtlebot3_ws/install/open_manipulator_x_description/share/open_manipulator_x_description/urdf/open_manipulator_x.transmission.xacro
[0.908s] -- Up-to-date: /home/song/apps/robong/ros2/turtlebot3_ws/install/open_manipulator_x_description/share/open_manipulator_x_description/urdf/open_manipulator_x.urdf.xacro
[0.912s] -- Up-to-date: /home/song/apps/robong/ros2/turtlebot3_ws/install/open_manipulator_x_description/share/open_manipulator_x_description/urdf/materials.xacro
[0.912s] -- Up-to-date: /home/song/apps/robong/ros2/turtlebot3_ws/install/open_manipulator_x_description/share/open_manipulator_x_description/urdf/open_manipulator_x_robot.urdf.xacro
[0.912s] -- Up-to-date: /home/song/apps/robong/ros2/turtlebot3_ws/install/open_manipulator_x_description/share/open_manipulator_x_description/urdf/open_manipulator_x.gazebo.xacro
[0.912s] -- Up-to-date: /home/song/apps/robong/ros2/turtlebot3_ws/install/open_manipulator_x_description/share/ament_index/resource_index/package_run_dependencies/open_manipulator_x_description
[0.912s] -- Up-to-date: /home/song/apps/robong/ros2/turtlebot3_ws/install/open_manipulator_x_description/share/ament_index/resource_index/parent_prefix_path/open_manipulator_x_description
[0.913s] -- Up-to-date: /home/song/apps/robong/ros2/turtlebot3_ws/install/open_manipulator_x_description/share/open_manipulator_x_description/environment/ament_prefix_path.sh
[0.913s] -- Up-to-date: /home/song/apps/robong/ros2/turtlebot3_ws/install/open_manipulator_x_description/share/open_manipulator_x_description/environment/ament_prefix_path.dsv
[0.913s] -- Up-to-date: /home/song/apps/robong/ros2/turtlebot3_ws/install/open_manipulator_x_description/share/open_manipulator_x_description/environment/path.sh
[0.913s] -- Up-to-date: /home/song/apps/robong/ros2/turtlebot3_ws/install/open_manipulator_x_description/share/open_manipulator_x_description/environment/path.dsv
[0.914s] -- Up-to-date: /home/song/apps/robong/ros2/turtlebot3_ws/install/open_manipulator_x_description/share/open_manipulator_x_description/local_setup.bash
[0.914s] -- Up-to-date: /home/song/apps/robong/ros2/turtlebot3_ws/install/open_manipulator_x_description/share/open_manipulator_x_description/local_setup.sh
[0.915s] -- Up-to-date: /home/song/apps/robong/ros2/turtlebot3_ws/install/open_manipulator_x_description/share/open_manipulator_x_description/local_setup.zsh
[0.918s] -- Up-to-date: /home/song/apps/robong/ros2/turtlebot3_ws/install/open_manipulator_x_description/share/open_manipulator_x_description/local_setup.dsv
[0.919s] -- Up-to-date: /home/song/apps/robong/ros2/turtlebot3_ws/install/open_manipulator_x_description/share/open_manipulator_x_description/package.dsv
[0.919s] -- Up-to-date: /home/song/apps/robong/ros2/turtlebot3_ws/install/open_manipulator_x_description/share/ament_index/resource_index/packages/open_manipulator_x_description
[0.919s] -- Up-to-date: /home/song/apps/robong/ros2/turtlebot3_ws/install/open_manipulator_x_description/share/open_manipulator_x_description/cmake/open_manipulator_x_descriptionConfig.cmake
[0.919s] -- Up-to-date: /home/song/apps/robong/ros2/turtlebot3_ws/install/open_manipulator_x_description/share/open_manipulator_x_description/cmake/open_manipulator_x_descriptionConfig-version.cmake
[0.919s] -- Up-to-date: /home/song/apps/robong/ros2/turtlebot3_ws/install/open_manipulator_x_description/share/open_manipulator_x_description/package.xml
[0.920s] Invoked command in '/home/song/apps/robong/ros2/turtlebot3_ws/build/open_manipulator_x_description' returned '0': CMAKE_PREFIX_PATH=${CMAKE_PREFIX_PATH}:/home/song/apps/robong/ros2/turtlebot3_ws/install/open_manipulator_x_teleop:/home/song/apps/robong/ros2/workspace/install/calculator:/home/song/apps/robong/ros2/workspace/install/simple_ros:/home/song/apps/robong/ros2/workspace/install/ros2env:/home/song/apps/robong/ros2/workspace/install/ros2_aruco:/home/song/apps/robong/ros2/workspace/install/move_turtle:/home/song/apps/robong/ros2/workspace/install/SimplePkg:/home/song/apps/robong/ros2/workspace/install/Homework1018:/opt/ros/humble /usr/bin/cmake --install /home/song/apps/robong/ros2/turtlebot3_ws/build/open_manipulator_x_description
