[0.062s] Invoking command in '/home/song/apps/robong/ros2/turtlebot3_ws/build/cmake_modules': CMAKE_PREFIX_PATH=${CMAKE_PREFIX_PATH}:/home/song/apps/robong/ros2/workspace/install/calculator:/home/song/apps/robong/ros2/workspace/install/simple_ros:/home/song/apps/robong/ros2/workspace/install/ros2env:/home/song/apps/robong/ros2/workspace/install/ros2_aruco:/home/song/apps/robong/ros2/workspace/install/move_turtle:/home/song/apps/robong/ros2/workspace/install/SimplePkg:/home/song/apps/robong/ros2/workspace/install/Homework1018:/opt/ros/humble /usr/bin/cmake /home/song/apps/robong/ros2/turtlebot3_ws/src/open_manipulator_dependencies/cmake_modules -DCMAKE_INSTALL_PREFIX=/home/song/apps/robong/ros2/turtlebot3_ws/install/cmake_modules
[0.251s] -- The C compiler identification is GNU 11.4.0
[0.501s] -- The CXX compiler identification is GNU 11.4.0
[0.558s] -- Detecting C compiler ABI info
[0.795s] -- Detecting C compiler ABI info - done
[0.830s] -- Check for working C compiler: /usr/bin/cc - skipped
[0.834s] -- Detecting C compile features
[0.842s] -- Detecting C compile features - done
[0.861s] -- Detecting CXX compiler ABI info
[1.202s] -- Detecting CXX compiler ABI info - done
[1.267s] -- Check for working CXX compiler: /usr/bin/c++ - skipped
[1.267s] -- Detecting CXX compile features
[1.274s] -- Detecting CXX compile features - done
[1.305s] -- Found ament_cmake: 1.3.10 (/opt/ros/humble/share/ament_cmake/cmake)
[2.103s] -- Found Python3: /usr/bin/python3 (found version "3.10.12") found components: Interpreter 
[2.913s] -- Configuring done
[2.936s] -- Generating done
[2.944s] -- Build files have been written to: /home/song/apps/robong/ros2/turtlebot3_ws/build/cmake_modules
[2.981s] Invoked command in '/home/song/apps/robong/ros2/turtlebot3_ws/build/cmake_modules' returned '0': CMAKE_PREFIX_PATH=${CMAKE_PREFIX_PATH}:/home/song/apps/robong/ros2/workspace/install/calculator:/home/song/apps/robong/ros2/workspace/install/simple_ros:/home/song/apps/robong/ros2/workspace/install/ros2env:/home/song/apps/robong/ros2/workspace/install/ros2_aruco:/home/song/apps/robong/ros2/workspace/install/move_turtle:/home/song/apps/robong/ros2/workspace/install/SimplePkg:/home/song/apps/robong/ros2/workspace/install/Homework1018:/opt/ros/humble /usr/bin/cmake /home/song/apps/robong/ros2/turtlebot3_ws/src/open_manipulator_dependencies/cmake_modules -DCMAKE_INSTALL_PREFIX=/home/song/apps/robong/ros2/turtlebot3_ws/install/cmake_modules
[2.991s] Invoking command in '/home/song/apps/robong/ros2/turtlebot3_ws/build/cmake_modules': CMAKE_PREFIX_PATH=${CMAKE_PREFIX_PATH}:/home/song/apps/robong/ros2/workspace/install/calculator:/home/song/apps/robong/ros2/workspace/install/simple_ros:/home/song/apps/robong/ros2/workspace/install/ros2env:/home/song/apps/robong/ros2/workspace/install/ros2_aruco:/home/song/apps/robong/ros2/workspace/install/move_turtle:/home/song/apps/robong/ros2/workspace/install/SimplePkg:/home/song/apps/robong/ros2/workspace/install/Homework1018:/opt/ros/humble /usr/bin/cmake --build /home/song/apps/robong/ros2/turtlebot3_ws/build/cmake_modules -- -j4 -l4
[3.122s] Invoked command in '/home/song/apps/robong/ros2/turtlebot3_ws/build/cmake_modules' returned '0': CMAKE_PREFIX_PATH=${CMAKE_PREFIX_PATH}:/home/song/apps/robong/ros2/workspace/install/calculator:/home/song/apps/robong/ros2/workspace/install/simple_ros:/home/song/apps/robong/ros2/workspace/install/ros2env:/home/song/apps/robong/ros2/workspace/install/ros2_aruco:/home/song/apps/robong/ros2/workspace/install/move_turtle:/home/song/apps/robong/ros2/workspace/install/SimplePkg:/home/song/apps/robong/ros2/workspace/install/Homework1018:/opt/ros/humble /usr/bin/cmake --build /home/song/apps/robong/ros2/turtlebot3_ws/build/cmake_modules -- -j4 -l4
[3.381s] Invoking command in '/home/song/apps/robong/ros2/turtlebot3_ws/build/cmake_modules': CMAKE_PREFIX_PATH=${CMAKE_PREFIX_PATH}:/home/song/apps/robong/ros2/workspace/install/calculator:/home/song/apps/robong/ros2/workspace/install/simple_ros:/home/song/apps/robong/ros2/workspace/install/ros2env:/home/song/apps/robong/ros2/workspace/install/ros2_aruco:/home/song/apps/robong/ros2/workspace/install/move_turtle:/home/song/apps/robong/ros2/workspace/install/SimplePkg:/home/song/apps/robong/ros2/workspace/install/Homework1018:/opt/ros/humble /usr/bin/cmake --install /home/song/apps/robong/ros2/turtlebot3_ws/build/cmake_modules
[3.441s] -- Install configuration: ""
[3.441s] -- Installing: /home/song/apps/robong/ros2/turtlebot3_ws/install/cmake_modules/share/cmake_modules/cmake/Modules
[3.445s] -- Installing: /home/song/apps/robong/ros2/turtlebot3_ws/install/cmake_modules/share/cmake_modules/cmake/Modules/FindTBB.cmake
[3.449s] -- Installing: /home/song/apps/robong/ros2/turtlebot3_ws/install/cmake_modules/share/cmake_modules/cmake/Modules/FindUUID.cmake
[3.452s] -- Installing: /home/song/apps/robong/ros2/turtlebot3_ws/install/cmake_modules/share/cmake_modules/cmake/Modules/FindXenomai.cmake
[3.459s] -- Installing: /home/song/apps/robong/ros2/turtlebot3_ws/install/cmake_modules/share/cmake_modules/cmake/Modules/FindNUMPY.cmake
[3.460s] -- Installing: /home/song/apps/robong/ros2/turtlebot3_ws/install/cmake_modules/share/cmake_modules/cmake/Modules/FindTinyXML.cmake
[3.471s] -- Installing: /home/song/apps/robong/ros2/turtlebot3_ws/install/cmake_modules/share/cmake_modules/cmake/Modules/FindGflags.cmake
[3.473s] -- Installing: /home/song/apps/robong/ros2/turtlebot3_ws/install/cmake_modules/share/cmake_modules/cmake/Modules/FindGSL.cmake
[3.480s] -- Installing: /home/song/apps/robong/ros2/turtlebot3_ws/install/cmake_modules/share/cmake_modules/cmake/Modules/FindPoco.cmake
[3.481s] -- Installing: /home/song/apps/robong/ros2/turtlebot3_ws/install/cmake_modules/share/cmake_modules/cmake/Modules/FindTinyXML2.cmake
[3.481s] -- Installing: /home/song/apps/robong/ros2/turtlebot3_ws/install/cmake_modules/share/ament_index/resource_index/package_run_dependencies/cmake_modules
[3.497s] -- Installing: /home/song/apps/robong/ros2/turtlebot3_ws/install/cmake_modules/share/ament_index/resource_index/parent_prefix_path/cmake_modules
[3.497s] -- Installing: /home/song/apps/robong/ros2/turtlebot3_ws/install/cmake_modules/share/cmake_modules/environment/ament_prefix_path.sh
[3.497s] -- Installing: /home/song/apps/robong/ros2/turtlebot3_ws/install/cmake_modules/share/cmake_modules/environment/ament_prefix_path.dsv
[3.505s] -- Installing: /home/song/apps/robong/ros2/turtlebot3_ws/install/cmake_modules/share/cmake_modules/environment/path.sh
[3.514s] -- Installing: /home/song/apps/robong/ros2/turtlebot3_ws/install/cmake_modules/share/cmake_modules/environment/path.dsv
[3.514s] -- Installing: /home/song/apps/robong/ros2/turtlebot3_ws/install/cmake_modules/share/cmake_modules/local_setup.bash
[3.514s] -- Installing: /home/song/apps/robong/ros2/turtlebot3_ws/install/cmake_modules/share/cmake_modules/local_setup.sh
[3.520s] -- Installing: /home/song/apps/robong/ros2/turtlebot3_ws/install/cmake_modules/share/cmake_modules/local_setup.zsh
[3.530s] -- Installing: /home/song/apps/robong/ros2/turtlebot3_ws/install/cmake_modules/share/cmake_modules/local_setup.dsv
[3.530s] -- Installing: /home/song/apps/robong/ros2/turtlebot3_ws/install/cmake_modules/share/cmake_modules/package.dsv
[3.537s] -- Installing: /home/song/apps/robong/ros2/turtlebot3_ws/install/cmake_modules/share/ament_index/resource_index/packages/cmake_modules
[3.541s] -- Installing: /home/song/apps/robong/ros2/turtlebot3_ws/install/cmake_modules/share/cmake_modules/cmake/cmake_modules-extras.cmake
[3.541s] -- Installing: /home/song/apps/robong/ros2/turtlebot3_ws/install/cmake_modules/share/cmake_modules/cmake/ament_cmake_export_dependencies-extras.cmake
[3.541s] -- Installing: /home/song/apps/robong/ros2/turtlebot3_ws/install/cmake_modules/share/cmake_modules/cmake/cmake_modulesConfig.cmake
[3.541s] -- Installing: /home/song/apps/robong/ros2/turtlebot3_ws/install/cmake_modules/share/cmake_modules/cmake/cmake_modulesConfig-version.cmake
[3.542s] -- Installing: /home/song/apps/robong/ros2/turtlebot3_ws/install/cmake_modules/share/cmake_modules/package.xml
[3.594s] Invoked command in '/home/song/apps/robong/ros2/turtlebot3_ws/build/cmake_modules' returned '0': CMAKE_PREFIX_PATH=${CMAKE_PREFIX_PATH}:/home/song/apps/robong/ros2/workspace/install/calculator:/home/song/apps/robong/ros2/workspace/install/simple_ros:/home/song/apps/robong/ros2/workspace/install/ros2env:/home/song/apps/robong/ros2/workspace/install/ros2_aruco:/home/song/apps/robong/ros2/workspace/install/move_turtle:/home/song/apps/robong/ros2/workspace/install/SimplePkg:/home/song/apps/robong/ros2/workspace/install/Homework1018:/opt/ros/humble /usr/bin/cmake --install /home/song/apps/robong/ros2/turtlebot3_ws/build/cmake_modules
