[0.087s] Invoking command in '/home/song/apps/robong/ros2/turtlebot3_ws/build/turtlebot3_simulations': AMENT_PREFIX_PATH=/home/song/apps/robong/ros2/turtlebot3_ws/install/turtlebot3_gazebo:/home/song/apps/robong/ros2/turtlebot3_ws/install/turtlebot3_fake_node:${AMENT_PREFIX_PATH} CMAKE_PREFIX_PATH=/home/song/apps/robong/ros2/turtlebot3_ws/install/turtlebot3_gazebo:/home/song/apps/robong/ros2/turtlebot3_ws/install/turtlebot3_fake_node:/home/song/apps/robong/ros2/workspace/install/user_interface:/home/song/apps/robong/ros2/workspace/install/simple_ros_cpp:/home/song/apps/robong/ros2/workspace/install/ros2env:/home/song/apps/robong/ros2/workspace/install/calculator:/home/song/apps/robong/ros2/workspace/install/simple_ros:/home/song/apps/robong/ros2/workspace/install/SimplePkg:/home/song/apps/robong/ros2/workspace/install/Homework1018:/opt/ros/humble /usr/bin/cmake /home/song/apps/robong/ros2/turtlebot3_ws/src/turtlebot3_simulations/turtlebot3_simulations -DCMAKE_INSTALL_PREFIX=/home/song/apps/robong/ros2/turtlebot3_ws/install/turtlebot3_simulations
[0.793s] -- The C compiler identification is GNU 11.4.0
[1.263s] -- The CXX compiler identification is GNU 11.4.0
[1.356s] -- Detecting C compiler ABI info
[1.930s] -- Detecting C compiler ABI info - done
[2.035s] -- Check for working C compiler: /usr/bin/cc - skipped
[2.046s] -- Detecting C compile features
[2.054s] -- Detecting C compile features - done
[2.087s] -- Detecting CXX compiler ABI info
[2.714s] -- Detecting CXX compiler ABI info - done
[2.836s] -- Check for working CXX compiler: /usr/bin/c++ - skipped
[2.841s] -- Detecting CXX compile features
[2.844s] -- Detecting CXX compile features - done
[2.889s] -- Found ament_cmake: 1.3.10 (/opt/ros/humble/share/ament_cmake/cmake)
[4.010s] -- Found Python3: /usr/bin/python3 (found version "3.10.12") found components: Interpreter 
[4.630s] -- Configuring done
[4.636s] -- Generating done
[4.638s] -- Build files have been written to: /home/song/apps/robong/ros2/turtlebot3_ws/build/turtlebot3_simulations
[4.646s] Invoked command in '/home/song/apps/robong/ros2/turtlebot3_ws/build/turtlebot3_simulations' returned '0': AMENT_PREFIX_PATH=/home/song/apps/robong/ros2/turtlebot3_ws/install/turtlebot3_gazebo:/home/song/apps/robong/ros2/turtlebot3_ws/install/turtlebot3_fake_node:${AMENT_PREFIX_PATH} CMAKE_PREFIX_PATH=/home/song/apps/robong/ros2/turtlebot3_ws/install/turtlebot3_gazebo:/home/song/apps/robong/ros2/turtlebot3_ws/install/turtlebot3_fake_node:/home/song/apps/robong/ros2/workspace/install/user_interface:/home/song/apps/robong/ros2/workspace/install/simple_ros_cpp:/home/song/apps/robong/ros2/workspace/install/ros2env:/home/song/apps/robong/ros2/workspace/install/calculator:/home/song/apps/robong/ros2/workspace/install/simple_ros:/home/song/apps/robong/ros2/workspace/install/SimplePkg:/home/song/apps/robong/ros2/workspace/install/Homework1018:/opt/ros/humble /usr/bin/cmake /home/song/apps/robong/ros2/turtlebot3_ws/src/turtlebot3_simulations/turtlebot3_simulations -DCMAKE_INSTALL_PREFIX=/home/song/apps/robong/ros2/turtlebot3_ws/install/turtlebot3_simulations
[4.648s] Invoking command in '/home/song/apps/robong/ros2/turtlebot3_ws/build/turtlebot3_simulations': AMENT_PREFIX_PATH=/home/song/apps/robong/ros2/turtlebot3_ws/install/turtlebot3_gazebo:/home/song/apps/robong/ros2/turtlebot3_ws/install/turtlebot3_fake_node:${AMENT_PREFIX_PATH} CMAKE_PREFIX_PATH=/home/song/apps/robong/ros2/turtlebot3_ws/install/turtlebot3_gazebo:/home/song/apps/robong/ros2/turtlebot3_ws/install/turtlebot3_fake_node:/home/song/apps/robong/ros2/workspace/install/user_interface:/home/song/apps/robong/ros2/workspace/install/simple_ros_cpp:/home/song/apps/robong/ros2/workspace/install/ros2env:/home/song/apps/robong/ros2/workspace/install/calculator:/home/song/apps/robong/ros2/workspace/install/simple_ros:/home/song/apps/robong/ros2/workspace/install/SimplePkg:/home/song/apps/robong/ros2/workspace/install/Homework1018:/opt/ros/humble /usr/bin/cmake --build /home/song/apps/robong/ros2/turtlebot3_ws/build/turtlebot3_simulations -- -j4 -l4
[4.749s] Invoked command in '/home/song/apps/robong/ros2/turtlebot3_ws/build/turtlebot3_simulations' returned '0': AMENT_PREFIX_PATH=/home/song/apps/robong/ros2/turtlebot3_ws/install/turtlebot3_gazebo:/home/song/apps/robong/ros2/turtlebot3_ws/install/turtlebot3_fake_node:${AMENT_PREFIX_PATH} CMAKE_PREFIX_PATH=/home/song/apps/robong/ros2/turtlebot3_ws/install/turtlebot3_gazebo:/home/song/apps/robong/ros2/turtlebot3_ws/install/turtlebot3_fake_node:/home/song/apps/robong/ros2/workspace/install/user_interface:/home/song/apps/robong/ros2/workspace/install/simple_ros_cpp:/home/song/apps/robong/ros2/workspace/install/ros2env:/home/song/apps/robong/ros2/workspace/install/calculator:/home/song/apps/robong/ros2/workspace/install/simple_ros:/home/song/apps/robong/ros2/workspace/install/SimplePkg:/home/song/apps/robong/ros2/workspace/install/Homework1018:/opt/ros/humble /usr/bin/cmake --build /home/song/apps/robong/ros2/turtlebot3_ws/build/turtlebot3_simulations -- -j4 -l4
[4.812s] Invoking command in '/home/song/apps/robong/ros2/turtlebot3_ws/build/turtlebot3_simulations': AMENT_PREFIX_PATH=/home/song/apps/robong/ros2/turtlebot3_ws/install/turtlebot3_gazebo:/home/song/apps/robong/ros2/turtlebot3_ws/install/turtlebot3_fake_node:${AMENT_PREFIX_PATH} CMAKE_PREFIX_PATH=/home/song/apps/robong/ros2/turtlebot3_ws/install/turtlebot3_gazebo:/home/song/apps/robong/ros2/turtlebot3_ws/install/turtlebot3_fake_node:/home/song/apps/robong/ros2/workspace/install/user_interface:/home/song/apps/robong/ros2/workspace/install/simple_ros_cpp:/home/song/apps/robong/ros2/workspace/install/ros2env:/home/song/apps/robong/ros2/workspace/install/calculator:/home/song/apps/robong/ros2/workspace/install/simple_ros:/home/song/apps/robong/ros2/workspace/install/SimplePkg:/home/song/apps/robong/ros2/workspace/install/Homework1018:/opt/ros/humble /usr/bin/cmake --install /home/song/apps/robong/ros2/turtlebot3_ws/build/turtlebot3_simulations
[4.825s] -- Install configuration: ""
[4.825s] -- Installing: /home/song/apps/robong/ros2/turtlebot3_ws/install/turtlebot3_simulations/share/ament_index/resource_index/package_run_dependencies/turtlebot3_simulations
[4.826s] -- Installing: /home/song/apps/robong/ros2/turtlebot3_ws/install/turtlebot3_simulations/share/ament_index/resource_index/parent_prefix_path/turtlebot3_simulations
[4.826s] -- Installing: /home/song/apps/robong/ros2/turtlebot3_ws/install/turtlebot3_simulations/share/turtlebot3_simulations/environment/ament_prefix_path.sh
[4.827s] -- Installing: /home/song/apps/robong/ros2/turtlebot3_ws/install/turtlebot3_simulations/share/turtlebot3_simulations/environment/ament_prefix_path.dsv
[4.827s] -- Installing: /home/song/apps/robong/ros2/turtlebot3_ws/install/turtlebot3_simulations/share/turtlebot3_simulations/environment/path.sh
[4.828s] -- Installing: /home/song/apps/robong/ros2/turtlebot3_ws/install/turtlebot3_simulations/share/turtlebot3_simulations/environment/path.dsv
[4.828s] -- Installing: /home/song/apps/robong/ros2/turtlebot3_ws/install/turtlebot3_simulations/share/turtlebot3_simulations/local_setup.bash
[4.828s] -- Installing: /home/song/apps/robong/ros2/turtlebot3_ws/install/turtlebot3_simulations/share/turtlebot3_simulations/local_setup.sh
[4.829s] -- Installing: /home/song/apps/robong/ros2/turtlebot3_ws/install/turtlebot3_simulations/share/turtlebot3_simulations/local_setup.zsh
[4.829s] -- Installing: /home/song/apps/robong/ros2/turtlebot3_ws/install/turtlebot3_simulations/share/turtlebot3_simulations/local_setup.dsv
[4.829s] -- Installing: /home/song/apps/robong/ros2/turtlebot3_ws/install/turtlebot3_simulations/share/turtlebot3_simulations/package.dsv
[4.830s] -- Installing: /home/song/apps/robong/ros2/turtlebot3_ws/install/turtlebot3_simulations/share/ament_index/resource_index/packages/turtlebot3_simulations
[4.830s] -- Installing: /home/song/apps/robong/ros2/turtlebot3_ws/install/turtlebot3_simulations/share/turtlebot3_simulations/cmake/turtlebot3_simulationsConfig.cmake
[4.830s] -- Installing: /home/song/apps/robong/ros2/turtlebot3_ws/install/turtlebot3_simulations/share/turtlebot3_simulations/cmake/turtlebot3_simulationsConfig-version.cmake
[4.830s] -- Installing: /home/song/apps/robong/ros2/turtlebot3_ws/install/turtlebot3_simulations/share/turtlebot3_simulations/package.xml
[4.834s] Invoked command in '/home/song/apps/robong/ros2/turtlebot3_ws/build/turtlebot3_simulations' returned '0': AMENT_PREFIX_PATH=/home/song/apps/robong/ros2/turtlebot3_ws/install/turtlebot3_gazebo:/home/song/apps/robong/ros2/turtlebot3_ws/install/turtlebot3_fake_node:${AMENT_PREFIX_PATH} CMAKE_PREFIX_PATH=/home/song/apps/robong/ros2/turtlebot3_ws/install/turtlebot3_gazebo:/home/song/apps/robong/ros2/turtlebot3_ws/install/turtlebot3_fake_node:/home/song/apps/robong/ros2/workspace/install/user_interface:/home/song/apps/robong/ros2/workspace/install/simple_ros_cpp:/home/song/apps/robong/ros2/workspace/install/ros2env:/home/song/apps/robong/ros2/workspace/install/calculator:/home/song/apps/robong/ros2/workspace/install/simple_ros:/home/song/apps/robong/ros2/workspace/install/SimplePkg:/home/song/apps/robong/ros2/workspace/install/Homework1018:/opt/ros/humble /usr/bin/cmake --install /home/song/apps/robong/ros2/turtlebot3_ws/build/turtlebot3_simulations
