[0.075s] Invoking command in '/home/song/apps/robong/ros2/turtlebot3_ws/build/dynamixel_sdk': CMAKE_PREFIX_PATH=${CMAKE_PREFIX_PATH}:/home/song/apps/robong/ros2/turtlebot3_ws/install/open_manipulator_x_teleop:/home/song/apps/robong/ros2/workspace/install/calculator:/home/song/apps/robong/ros2/workspace/install/simple_ros:/home/song/apps/robong/ros2/workspace/install/ros2env:/home/song/apps/robong/ros2/workspace/install/ros2_aruco:/home/song/apps/robong/ros2/workspace/install/move_turtle:/home/song/apps/robong/ros2/workspace/install/SimplePkg:/home/song/apps/robong/ros2/workspace/install/Homework1018:/opt/ros/humble /usr/bin/cmake --build /home/song/apps/robong/ros2/turtlebot3_ws/build/dynamixel_sdk -- -j4 -l4
[0.284s] [100%] Built target dynamixel_sdk
[0.438s] Invoked command in '/home/song/apps/robong/ros2/turtlebot3_ws/build/dynamixel_sdk' returned '0': CMAKE_PREFIX_PATH=${CMAKE_PREFIX_PATH}:/home/song/apps/robong/ros2/turtlebot3_ws/install/open_manipulator_x_teleop:/home/song/apps/robong/ros2/workspace/install/calculator:/home/song/apps/robong/ros2/workspace/install/simple_ros:/home/song/apps/robong/ros2/workspace/install/ros2env:/home/song/apps/robong/ros2/workspace/install/ros2_aruco:/home/song/apps/robong/ros2/workspace/install/move_turtle:/home/song/apps/robong/ros2/workspace/install/SimplePkg:/home/song/apps/robong/ros2/workspace/install/Homework1018:/opt/ros/humble /usr/bin/cmake --build /home/song/apps/robong/ros2/turtlebot3_ws/build/dynamixel_sdk -- -j4 -l4
[0.814s] Invoking command in '/home/song/apps/robong/ros2/turtlebot3_ws/build/dynamixel_sdk': CMAKE_PREFIX_PATH=${CMAKE_PREFIX_PATH}:/home/song/apps/robong/ros2/turtlebot3_ws/install/open_manipulator_x_teleop:/home/song/apps/robong/ros2/workspace/install/calculator:/home/song/apps/robong/ros2/workspace/install/simple_ros:/home/song/apps/robong/ros2/workspace/install/ros2env:/home/song/apps/robong/ros2/workspace/install/ros2_aruco:/home/song/apps/robong/ros2/workspace/install/move_turtle:/home/song/apps/robong/ros2/workspace/install/SimplePkg:/home/song/apps/robong/ros2/workspace/install/Homework1018:/opt/ros/humble /usr/bin/cmake --install /home/song/apps/robong/ros2/turtlebot3_ws/build/dynamixel_sdk
[0.869s] -- Install configuration: ""
[0.869s] -- Up-to-date: /home/song/apps/robong/ros2/turtlebot3_ws/install/dynamixel_sdk/include/
[0.869s] -- Up-to-date: /home/song/apps/robong/ros2/turtlebot3_ws/install/dynamixel_sdk/include//dynamixel_sdk
[0.870s] -- Up-to-date: /home/song/apps/robong/ros2/turtlebot3_ws/install/dynamixel_sdk/include//dynamixel_sdk/group_sync_read.h
[0.870s] -- Up-to-date: /home/song/apps/robong/ros2/turtlebot3_ws/install/dynamixel_sdk/include//dynamixel_sdk/port_handler_arduino.h
[0.870s] -- Up-to-date: /home/song/apps/robong/ros2/turtlebot3_ws/install/dynamixel_sdk/include//dynamixel_sdk/port_handler_mac.h
[0.874s] -- Up-to-date: /home/song/apps/robong/ros2/turtlebot3_ws/install/dynamixel_sdk/include//dynamixel_sdk/protocol2_packet_handler.h
[0.874s] -- Up-to-date: /home/song/apps/robong/ros2/turtlebot3_ws/install/dynamixel_sdk/include//dynamixel_sdk/group_bulk_write.h
[0.875s] -- Up-to-date: /home/song/apps/robong/ros2/turtlebot3_ws/install/dynamixel_sdk/include//dynamixel_sdk/group_bulk_read.h
[0.875s] -- Up-to-date: /home/song/apps/robong/ros2/turtlebot3_ws/install/dynamixel_sdk/include//dynamixel_sdk/protocol1_packet_handler.h
[0.875s] -- Up-to-date: /home/song/apps/robong/ros2/turtlebot3_ws/install/dynamixel_sdk/include//dynamixel_sdk/dynamixel_sdk.h
[0.875s] -- Up-to-date: /home/song/apps/robong/ros2/turtlebot3_ws/install/dynamixel_sdk/include//dynamixel_sdk/port_handler.h
[0.876s] -- Up-to-date: /home/song/apps/robong/ros2/turtlebot3_ws/install/dynamixel_sdk/include//dynamixel_sdk/group_sync_write.h
[0.876s] -- Up-to-date: /home/song/apps/robong/ros2/turtlebot3_ws/install/dynamixel_sdk/include//dynamixel_sdk/port_handler_windows.h
[0.876s] -- Up-to-date: /home/song/apps/robong/ros2/turtlebot3_ws/install/dynamixel_sdk/include//dynamixel_sdk/packet_handler.h
[0.876s] -- Up-to-date: /home/song/apps/robong/ros2/turtlebot3_ws/install/dynamixel_sdk/include//dynamixel_sdk/port_handler_linux.h
[0.876s] -- Up-to-date: /home/song/apps/robong/ros2/turtlebot3_ws/install/dynamixel_sdk/lib/libdynamixel_sdk.so
[0.877s] -- Up-to-date: /home/song/apps/robong/ros2/turtlebot3_ws/install/dynamixel_sdk/share/dynamixel_sdk/environment/library_path.sh
[0.877s] -- Up-to-date: /home/song/apps/robong/ros2/turtlebot3_ws/install/dynamixel_sdk/share/dynamixel_sdk/environment/library_path.dsv
[0.878s] -- Up-to-date: /home/song/apps/robong/ros2/turtlebot3_ws/install/dynamixel_sdk/share/ament_index/resource_index/package_run_dependencies/dynamixel_sdk
[0.881s] -- Up-to-date: /home/song/apps/robong/ros2/turtlebot3_ws/install/dynamixel_sdk/share/ament_index/resource_index/parent_prefix_path/dynamixel_sdk
[0.881s] -- Up-to-date: /home/song/apps/robong/ros2/turtlebot3_ws/install/dynamixel_sdk/share/dynamixel_sdk/environment/ament_prefix_path.sh
[0.882s] -- Up-to-date: /home/song/apps/robong/ros2/turtlebot3_ws/install/dynamixel_sdk/share/dynamixel_sdk/environment/ament_prefix_path.dsv
[0.882s] -- Up-to-date: /home/song/apps/robong/ros2/turtlebot3_ws/install/dynamixel_sdk/share/dynamixel_sdk/environment/path.sh
[0.882s] -- Up-to-date: /home/song/apps/robong/ros2/turtlebot3_ws/install/dynamixel_sdk/share/dynamixel_sdk/environment/path.dsv
[0.882s] -- Up-to-date: /home/song/apps/robong/ros2/turtlebot3_ws/install/dynamixel_sdk/share/dynamixel_sdk/local_setup.bash
[0.882s] -- Up-to-date: /home/song/apps/robong/ros2/turtlebot3_ws/install/dynamixel_sdk/share/dynamixel_sdk/local_setup.sh
[0.883s] -- Up-to-date: /home/song/apps/robong/ros2/turtlebot3_ws/install/dynamixel_sdk/share/dynamixel_sdk/local_setup.zsh
[0.883s] -- Up-to-date: /home/song/apps/robong/ros2/turtlebot3_ws/install/dynamixel_sdk/share/dynamixel_sdk/local_setup.dsv
[0.884s] -- Installing: /home/song/apps/robong/ros2/turtlebot3_ws/install/dynamixel_sdk/share/dynamixel_sdk/package.dsv
[0.884s] -- Up-to-date: /home/song/apps/robong/ros2/turtlebot3_ws/install/dynamixel_sdk/share/ament_index/resource_index/packages/dynamixel_sdk
[0.885s] -- Up-to-date: /home/song/apps/robong/ros2/turtlebot3_ws/install/dynamixel_sdk/share/dynamixel_sdk/cmake/ament_cmake_export_include_directories-extras.cmake
[0.885s] -- Up-to-date: /home/song/apps/robong/ros2/turtlebot3_ws/install/dynamixel_sdk/share/dynamixel_sdk/cmake/ament_cmake_export_libraries-extras.cmake
[0.887s] -- Up-to-date: /home/song/apps/robong/ros2/turtlebot3_ws/install/dynamixel_sdk/share/dynamixel_sdk/cmake/dynamixel_sdkConfig.cmake
[0.888s] -- Up-to-date: /home/song/apps/robong/ros2/turtlebot3_ws/install/dynamixel_sdk/share/dynamixel_sdk/cmake/dynamixel_sdkConfig-version.cmake
[0.888s] -- Up-to-date: /home/song/apps/robong/ros2/turtlebot3_ws/install/dynamixel_sdk/share/dynamixel_sdk/package.xml
[0.888s] Invoked command in '/home/song/apps/robong/ros2/turtlebot3_ws/build/dynamixel_sdk' returned '0': CMAKE_PREFIX_PATH=${CMAKE_PREFIX_PATH}:/home/song/apps/robong/ros2/turtlebot3_ws/install/open_manipulator_x_teleop:/home/song/apps/robong/ros2/workspace/install/calculator:/home/song/apps/robong/ros2/workspace/install/simple_ros:/home/song/apps/robong/ros2/workspace/install/ros2env:/home/song/apps/robong/ros2/workspace/install/ros2_aruco:/home/song/apps/robong/ros2/workspace/install/move_turtle:/home/song/apps/robong/ros2/workspace/install/SimplePkg:/home/song/apps/robong/ros2/workspace/install/Homework1018:/opt/ros/humble /usr/bin/cmake --install /home/song/apps/robong/ros2/turtlebot3_ws/build/dynamixel_sdk
