[0.066s] Invoking command in '/home/song/apps/robong/ros2/turtlebot3_ws/build/dynamixel_sdk_examples': AMENT_PREFIX_PATH=/home/song/apps/robong/ros2/turtlebot3_ws/install/dynamixel_sdk_custom_interfaces:/home/song/apps/robong/ros2/turtlebot3_ws/install/dynamixel_sdk:${AMENT_PREFIX_PATH} CMAKE_PREFIX_PATH=/home/song/apps/robong/ros2/turtlebot3_ws/install/dynamixel_sdk_custom_interfaces:/home/song/apps/robong/ros2/turtlebot3_ws/install/dynamixel_sdk:/home/song/apps/robong/ros2/turtlebot3_ws/install/turtlebot3_simulations:/home/song/apps/robong/ros2/turtlebot3_ws/install/turtlebot3_gazebo:/home/song/apps/robong/ros2/turtlebot3_ws/install/turtlebot3_fake_node:/home/song/apps/robong/ros2/workspace/install/user_interface:/home/song/apps/robong/ros2/workspace/install/simple_ros_cpp:/home/song/apps/robong/ros2/workspace/install/rqt_example:/home/song/apps/robong/ros2/workspace/install/ros2_aruco_interfaces:/home/song/apps/robong/ros2/workspace/install/pendulum_control:/home/song/apps/robong/ros2/workspace/install/my_rqt_plugin:/home/song/apps/robong/ros2/workspace/install/move_turtle_cpp:/home/song/apps/robong/ros2/workspace/install/calculator:/home/song/apps/robong/ros2/workspace/install/simple_ros:/home/song/apps/robong/ros2/workspace/install/ros2env:/home/song/apps/robong/ros2/workspace/install/ros2_aruco:/home/song/apps/robong/ros2/workspace/install/move_turtle:/home/song/apps/robong/ros2/workspace/install/SimplePkg:/home/song/apps/robong/ros2/workspace/install/Homework1018:/opt/ros/humble LD_LIBRARY_PATH=/home/song/apps/robong/ros2/turtlebot3_ws/install/dynamixel_sdk_custom_interfaces/lib:/home/song/apps/robong/ros2/turtlebot3_ws/install/dynamixel_sdk/lib:/home/song/apps/robong/ros2/workspace/install/user_interface/lib:/home/song/apps/robong/ros2/workspace/install/simple_ros_cpp/lib:/home/song/apps/robong/ros2/workspace/install/ros2_aruco_interfaces/lib:/usr/lib/x86_64-linux-gnu/gazebo-11/plugins:/opt/ros/humble/opt/rviz_ogre_vendor/lib:/opt/ros/humble/lib/x86_64-linux-gnu:/opt/ros/humble/lib:/usr/share/gazebo/../../lib/x86_64-linux-gnu/gazebo-11/plugins PYTHONPATH=/home/song/apps/robong/ros2/turtlebot3_ws/install/dynamixel_sdk_custom_interfaces/local/lib/python3.10/dist-packages:${PYTHONPATH} /usr/bin/cmake /home/song/apps/robong/ros2/turtlebot3_ws/src/DynamixelSDK/dynamixel_sdk_examples -DCMAKE_INSTALL_PREFIX=/home/song/apps/robong/ros2/turtlebot3_ws/install/dynamixel_sdk_examples
[0.247s] -- The C compiler identification is GNU 11.4.0
[0.433s] -- The CXX compiler identification is GNU 11.4.0
[0.461s] -- Detecting C compiler ABI info
[0.762s] -- Detecting C compiler ABI info - done
[1.049s] -- Check for working C compiler: /usr/bin/cc - skipped
[1.061s] -- Detecting C compile features
[1.062s] -- Detecting C compile features - done
[1.137s] -- Detecting CXX compiler ABI info
[2.283s] -- Detecting CXX compiler ABI info - done
[2.323s] -- Check for working CXX compiler: /usr/bin/c++ - skipped
[2.323s] -- Detecting CXX compile features
[2.326s] -- Detecting CXX compile features - done
[2.338s] -- Found ament_cmake: 1.3.10 (/opt/ros/humble/share/ament_cmake/cmake)
[2.995s] -- Found Python3: /usr/bin/python3 (found version "3.10.12") found components: Interpreter 
[3.401s] -- Found dynamixel_sdk: 3.7.60 (/home/song/apps/robong/ros2/turtlebot3_ws/install/dynamixel_sdk/share/dynamixel_sdk/cmake)
[3.403s] -- Found dynamixel_sdk_custom_interfaces: 3.7.60 (/home/song/apps/robong/ros2/turtlebot3_ws/install/dynamixel_sdk_custom_interfaces/share/dynamixel_sdk_custom_interfaces/cmake)
[3.555s] -- Found rosidl_generator_c: 3.1.5 (/opt/ros/humble/share/rosidl_generator_c/cmake)
[3.584s] -- Found rosidl_adapter: 3.1.5 (/opt/ros/humble/share/rosidl_adapter/cmake)
[3.635s] -- Found rosidl_generator_cpp: 3.1.5 (/opt/ros/humble/share/rosidl_generator_cpp/cmake)
[3.690s] -- Using all available rosidl_typesupport_c: rosidl_typesupport_fastrtps_c;rosidl_typesupport_introspection_c
[3.949s] -- Using all available rosidl_typesupport_cpp: rosidl_typesupport_fastrtps_cpp;rosidl_typesupport_introspection_cpp
[4.411s] -- Found rclcpp: 16.0.10 (/opt/ros/humble/share/rclcpp/cmake)
[5.077s] -- Found rmw_implementation_cmake: 6.1.2 (/opt/ros/humble/share/rmw_implementation_cmake/cmake)
[5.141s] -- Found rmw_fastrtps_cpp: 6.2.7 (/opt/ros/humble/share/rmw_fastrtps_cpp/cmake)
[5.521s] -- Found OpenSSL: /usr/lib/x86_64-linux-gnu/libcrypto.so (found version "3.0.2")  
[5.631s] -- Found FastRTPS: /opt/ros/humble/include  
[5.774s] -- Using RMW implementation 'rmw_fastrtps_cpp' as default
[5.835s] -- Looking for pthread.h
[6.110s] -- Looking for pthread.h - found
[6.112s] -- Performing Test CMAKE_HAVE_LIBC_PTHREAD
[6.369s] -- Performing Test CMAKE_HAVE_LIBC_PTHREAD - Success
[6.384s] -- Found Threads: TRUE  
[6.643s] -- Found ament_lint_auto: 0.12.11 (/opt/ros/humble/share/ament_lint_auto/cmake)
[7.654s] -- Added test 'copyright' to check source files copyright and LICENSE
[7.685s] -- Added test 'cppcheck' to perform static code analysis on C / C++ code
[7.690s] -- Configured cppcheck include dirs: /home/song/apps/robong/ros2/turtlebot3_ws/src/DynamixelSDK/dynamixel_sdk_examples/include
[7.691s] -- Configured cppcheck exclude dirs and/or files: 
[7.743s] -- Added test 'cpplint' to check C / C++ code against the Google style
[7.755s] -- Configured cpplint exclude dirs and/or files: 
[7.763s] -- Added test 'lint_cmake' to check CMake code style
[7.795s] -- Added test 'uncrustify' to check C / C++ code style
[7.796s] -- Configured uncrustify additional arguments: 
[7.797s] -- Added test 'xmllint' to check XML markup files
[7.863s] -- Configuring done
[8.135s] -- Generating done
[8.157s] -- Build files have been written to: /home/song/apps/robong/ros2/turtlebot3_ws/build/dynamixel_sdk_examples
[8.295s] Invoked command in '/home/song/apps/robong/ros2/turtlebot3_ws/build/dynamixel_sdk_examples' returned '0': AMENT_PREFIX_PATH=/home/song/apps/robong/ros2/turtlebot3_ws/install/dynamixel_sdk_custom_interfaces:/home/song/apps/robong/ros2/turtlebot3_ws/install/dynamixel_sdk:${AMENT_PREFIX_PATH} CMAKE_PREFIX_PATH=/home/song/apps/robong/ros2/turtlebot3_ws/install/dynamixel_sdk_custom_interfaces:/home/song/apps/robong/ros2/turtlebot3_ws/install/dynamixel_sdk:/home/song/apps/robong/ros2/turtlebot3_ws/install/turtlebot3_simulations:/home/song/apps/robong/ros2/turtlebot3_ws/install/turtlebot3_gazebo:/home/song/apps/robong/ros2/turtlebot3_ws/install/turtlebot3_fake_node:/home/song/apps/robong/ros2/workspace/install/user_interface:/home/song/apps/robong/ros2/workspace/install/simple_ros_cpp:/home/song/apps/robong/ros2/workspace/install/rqt_example:/home/song/apps/robong/ros2/workspace/install/ros2_aruco_interfaces:/home/song/apps/robong/ros2/workspace/install/pendulum_control:/home/song/apps/robong/ros2/workspace/install/my_rqt_plugin:/home/song/apps/robong/ros2/workspace/install/move_turtle_cpp:/home/song/apps/robong/ros2/workspace/install/calculator:/home/song/apps/robong/ros2/workspace/install/simple_ros:/home/song/apps/robong/ros2/workspace/install/ros2env:/home/song/apps/robong/ros2/workspace/install/ros2_aruco:/home/song/apps/robong/ros2/workspace/install/move_turtle:/home/song/apps/robong/ros2/workspace/install/SimplePkg:/home/song/apps/robong/ros2/workspace/install/Homework1018:/opt/ros/humble LD_LIBRARY_PATH=/home/song/apps/robong/ros2/turtlebot3_ws/install/dynamixel_sdk_custom_interfaces/lib:/home/song/apps/robong/ros2/turtlebot3_ws/install/dynamixel_sdk/lib:/home/song/apps/robong/ros2/workspace/install/user_interface/lib:/home/song/apps/robong/ros2/workspace/install/simple_ros_cpp/lib:/home/song/apps/robong/ros2/workspace/install/ros2_aruco_interfaces/lib:/usr/lib/x86_64-linux-gnu/gazebo-11/plugins:/opt/ros/humble/opt/rviz_ogre_vendor/lib:/opt/ros/humble/lib/x86_64-linux-gnu:/opt/ros/humble/lib:/usr/share/gazebo/../../lib/x86_64-linux-gnu/gazebo-11/plugins PYTHONPATH=/home/song/apps/robong/ros2/turtlebot3_ws/install/dynamixel_sdk_custom_interfaces/local/lib/python3.10/dist-packages:${PYTHONPATH} /usr/bin/cmake /home/song/apps/robong/ros2/turtlebot3_ws/src/DynamixelSDK/dynamixel_sdk_examples -DCMAKE_INSTALL_PREFIX=/home/song/apps/robong/ros2/turtlebot3_ws/install/dynamixel_sdk_examples
[8.302s] Invoking command in '/home/song/apps/robong/ros2/turtlebot3_ws/build/dynamixel_sdk_examples': AMENT_PREFIX_PATH=/home/song/apps/robong/ros2/turtlebot3_ws/install/dynamixel_sdk_custom_interfaces:/home/song/apps/robong/ros2/turtlebot3_ws/install/dynamixel_sdk:${AMENT_PREFIX_PATH} CMAKE_PREFIX_PATH=/home/song/apps/robong/ros2/turtlebot3_ws/install/dynamixel_sdk_custom_interfaces:/home/song/apps/robong/ros2/turtlebot3_ws/install/dynamixel_sdk:/home/song/apps/robong/ros2/turtlebot3_ws/install/turtlebot3_simulations:/home/song/apps/robong/ros2/turtlebot3_ws/install/turtlebot3_gazebo:/home/song/apps/robong/ros2/turtlebot3_ws/install/turtlebot3_fake_node:/home/song/apps/robong/ros2/workspace/install/user_interface:/home/song/apps/robong/ros2/workspace/install/simple_ros_cpp:/home/song/apps/robong/ros2/workspace/install/rqt_example:/home/song/apps/robong/ros2/workspace/install/ros2_aruco_interfaces:/home/song/apps/robong/ros2/workspace/install/pendulum_control:/home/song/apps/robong/ros2/workspace/install/my_rqt_plugin:/home/song/apps/robong/ros2/workspace/install/move_turtle_cpp:/home/song/apps/robong/ros2/workspace/install/calculator:/home/song/apps/robong/ros2/workspace/install/simple_ros:/home/song/apps/robong/ros2/workspace/install/ros2env:/home/song/apps/robong/ros2/workspace/install/ros2_aruco:/home/song/apps/robong/ros2/workspace/install/move_turtle:/home/song/apps/robong/ros2/workspace/install/SimplePkg:/home/song/apps/robong/ros2/workspace/install/Homework1018:/opt/ros/humble LD_LIBRARY_PATH=/home/song/apps/robong/ros2/turtlebot3_ws/install/dynamixel_sdk_custom_interfaces/lib:/home/song/apps/robong/ros2/turtlebot3_ws/install/dynamixel_sdk/lib:/home/song/apps/robong/ros2/workspace/install/user_interface/lib:/home/song/apps/robong/ros2/workspace/install/simple_ros_cpp/lib:/home/song/apps/robong/ros2/workspace/install/ros2_aruco_interfaces/lib:/usr/lib/x86_64-linux-gnu/gazebo-11/plugins:/opt/ros/humble/opt/rviz_ogre_vendor/lib:/opt/ros/humble/lib/x86_64-linux-gnu:/opt/ros/humble/lib:/usr/share/gazebo/../../lib/x86_64-linux-gnu/gazebo-11/plugins PYTHONPATH=/home/song/apps/robong/ros2/turtlebot3_ws/install/dynamixel_sdk_custom_interfaces/local/lib/python3.10/dist-packages:${PYTHONPATH} /usr/bin/cmake --build /home/song/apps/robong/ros2/turtlebot3_ws/build/dynamixel_sdk_examples -- -j4 -l4
[8.436s] [ 50%] [32mBuilding CXX object CMakeFiles/read_write_node.dir/src/read_write_node.cpp.o[0m
[60.428s] [100%] [32m[1mLinking CXX executable read_write_node[0m
[61.846s] [100%] Built target read_write_node
[61.988s] Invoked command in '/home/song/apps/robong/ros2/turtlebot3_ws/build/dynamixel_sdk_examples' returned '0': AMENT_PREFIX_PATH=/home/song/apps/robong/ros2/turtlebot3_ws/install/dynamixel_sdk_custom_interfaces:/home/song/apps/robong/ros2/turtlebot3_ws/install/dynamixel_sdk:${AMENT_PREFIX_PATH} CMAKE_PREFIX_PATH=/home/song/apps/robong/ros2/turtlebot3_ws/install/dynamixel_sdk_custom_interfaces:/home/song/apps/robong/ros2/turtlebot3_ws/install/dynamixel_sdk:/home/song/apps/robong/ros2/turtlebot3_ws/install/turtlebot3_simulations:/home/song/apps/robong/ros2/turtlebot3_ws/install/turtlebot3_gazebo:/home/song/apps/robong/ros2/turtlebot3_ws/install/turtlebot3_fake_node:/home/song/apps/robong/ros2/workspace/install/user_interface:/home/song/apps/robong/ros2/workspace/install/simple_ros_cpp:/home/song/apps/robong/ros2/workspace/install/rqt_example:/home/song/apps/robong/ros2/workspace/install/ros2_aruco_interfaces:/home/song/apps/robong/ros2/workspace/install/pendulum_control:/home/song/apps/robong/ros2/workspace/install/my_rqt_plugin:/home/song/apps/robong/ros2/workspace/install/move_turtle_cpp:/home/song/apps/robong/ros2/workspace/install/calculator:/home/song/apps/robong/ros2/workspace/install/simple_ros:/home/song/apps/robong/ros2/workspace/install/ros2env:/home/song/apps/robong/ros2/workspace/install/ros2_aruco:/home/song/apps/robong/ros2/workspace/install/move_turtle:/home/song/apps/robong/ros2/workspace/install/SimplePkg:/home/song/apps/robong/ros2/workspace/install/Homework1018:/opt/ros/humble LD_LIBRARY_PATH=/home/song/apps/robong/ros2/turtlebot3_ws/install/dynamixel_sdk_custom_interfaces/lib:/home/song/apps/robong/ros2/turtlebot3_ws/install/dynamixel_sdk/lib:/home/song/apps/robong/ros2/workspace/install/user_interface/lib:/home/song/apps/robong/ros2/workspace/install/simple_ros_cpp/lib:/home/song/apps/robong/ros2/workspace/install/ros2_aruco_interfaces/lib:/usr/lib/x86_64-linux-gnu/gazebo-11/plugins:/opt/ros/humble/opt/rviz_ogre_vendor/lib:/opt/ros/humble/lib/x86_64-linux-gnu:/opt/ros/humble/lib:/usr/share/gazebo/../../lib/x86_64-linux-gnu/gazebo-11/plugins PYTHONPATH=/home/song/apps/robong/ros2/turtlebot3_ws/install/dynamixel_sdk_custom_interfaces/local/lib/python3.10/dist-packages:${PYTHONPATH} /usr/bin/cmake --build /home/song/apps/robong/ros2/turtlebot3_ws/build/dynamixel_sdk_examples -- -j4 -l4
[62.575s] Invoking command in '/home/song/apps/robong/ros2/turtlebot3_ws/build/dynamixel_sdk_examples': AMENT_PREFIX_PATH=/home/song/apps/robong/ros2/turtlebot3_ws/install/dynamixel_sdk_custom_interfaces:/home/song/apps/robong/ros2/turtlebot3_ws/install/dynamixel_sdk:${AMENT_PREFIX_PATH} CMAKE_PREFIX_PATH=/home/song/apps/robong/ros2/turtlebot3_ws/install/dynamixel_sdk_custom_interfaces:/home/song/apps/robong/ros2/turtlebot3_ws/install/dynamixel_sdk:/home/song/apps/robong/ros2/turtlebot3_ws/install/turtlebot3_simulations:/home/song/apps/robong/ros2/turtlebot3_ws/install/turtlebot3_gazebo:/home/song/apps/robong/ros2/turtlebot3_ws/install/turtlebot3_fake_node:/home/song/apps/robong/ros2/workspace/install/user_interface:/home/song/apps/robong/ros2/workspace/install/simple_ros_cpp:/home/song/apps/robong/ros2/workspace/install/rqt_example:/home/song/apps/robong/ros2/workspace/install/ros2_aruco_interfaces:/home/song/apps/robong/ros2/workspace/install/pendulum_control:/home/song/apps/robong/ros2/workspace/install/my_rqt_plugin:/home/song/apps/robong/ros2/workspace/install/move_turtle_cpp:/home/song/apps/robong/ros2/workspace/install/calculator:/home/song/apps/robong/ros2/workspace/install/simple_ros:/home/song/apps/robong/ros2/workspace/install/ros2env:/home/song/apps/robong/ros2/workspace/install/ros2_aruco:/home/song/apps/robong/ros2/workspace/install/move_turtle:/home/song/apps/robong/ros2/workspace/install/SimplePkg:/home/song/apps/robong/ros2/workspace/install/Homework1018:/opt/ros/humble LD_LIBRARY_PATH=/home/song/apps/robong/ros2/turtlebot3_ws/install/dynamixel_sdk_custom_interfaces/lib:/home/song/apps/robong/ros2/turtlebot3_ws/install/dynamixel_sdk/lib:/home/song/apps/robong/ros2/workspace/install/user_interface/lib:/home/song/apps/robong/ros2/workspace/install/simple_ros_cpp/lib:/home/song/apps/robong/ros2/workspace/install/ros2_aruco_interfaces/lib:/usr/lib/x86_64-linux-gnu/gazebo-11/plugins:/opt/ros/humble/opt/rviz_ogre_vendor/lib:/opt/ros/humble/lib/x86_64-linux-gnu:/opt/ros/humble/lib:/usr/share/gazebo/../../lib/x86_64-linux-gnu/gazebo-11/plugins PYTHONPATH=/home/song/apps/robong/ros2/turtlebot3_ws/install/dynamixel_sdk_custom_interfaces/local/lib/python3.10/dist-packages:${PYTHONPATH} /usr/bin/cmake --install /home/song/apps/robong/ros2/turtlebot3_ws/build/dynamixel_sdk_examples
[62.693s] -- Install configuration: ""
[62.697s] -- Installing: /home/song/apps/robong/ros2/turtlebot3_ws/install/dynamixel_sdk_examples/lib/dynamixel_sdk_examples/read_write_node
[62.766s] -- Set runtime path of "/home/song/apps/robong/ros2/turtlebot3_ws/install/dynamixel_sdk_examples/lib/dynamixel_sdk_examples/read_write_node" to ""
[62.773s] -- Installing: /home/song/apps/robong/ros2/turtlebot3_ws/install/dynamixel_sdk_examples/share/ament_index/resource_index/package_run_dependencies/dynamixel_sdk_examples
[62.774s] -- Installing: /home/song/apps/robong/ros2/turtlebot3_ws/install/dynamixel_sdk_examples/share/ament_index/resource_index/parent_prefix_path/dynamixel_sdk_examples
[62.787s] -- Installing: /home/song/apps/robong/ros2/turtlebot3_ws/install/dynamixel_sdk_examples/share/dynamixel_sdk_examples/environment/ament_prefix_path.sh
[62.788s] -- Installing: /home/song/apps/robong/ros2/turtlebot3_ws/install/dynamixel_sdk_examples/share/dynamixel_sdk_examples/environment/ament_prefix_path.dsv
[62.802s] -- Installing: /home/song/apps/robong/ros2/turtlebot3_ws/install/dynamixel_sdk_examples/share/dynamixel_sdk_examples/environment/path.sh
[62.802s] -- Installing: /home/song/apps/robong/ros2/turtlebot3_ws/install/dynamixel_sdk_examples/share/dynamixel_sdk_examples/environment/path.dsv
[62.803s] -- Installing: /home/song/apps/robong/ros2/turtlebot3_ws/install/dynamixel_sdk_examples/share/dynamixel_sdk_examples/local_setup.bash
[62.818s] -- Installing: /home/song/apps/robong/ros2/turtlebot3_ws/install/dynamixel_sdk_examples/share/dynamixel_sdk_examples/local_setup.sh
[62.819s] -- Installing: /home/song/apps/robong/ros2/turtlebot3_ws/install/dynamixel_sdk_examples/share/dynamixel_sdk_examples/local_setup.zsh
[62.820s] -- Installing: /home/song/apps/robong/ros2/turtlebot3_ws/install/dynamixel_sdk_examples/share/dynamixel_sdk_examples/local_setup.dsv
[62.833s] -- Installing: /home/song/apps/robong/ros2/turtlebot3_ws/install/dynamixel_sdk_examples/share/dynamixel_sdk_examples/package.dsv
[62.836s] -- Installing: /home/song/apps/robong/ros2/turtlebot3_ws/install/dynamixel_sdk_examples/share/ament_index/resource_index/packages/dynamixel_sdk_examples
[62.842s] -- Installing: /home/song/apps/robong/ros2/turtlebot3_ws/install/dynamixel_sdk_examples/share/dynamixel_sdk_examples/cmake/dynamixel_sdk_examplesConfig.cmake
[62.843s] -- Installing: /home/song/apps/robong/ros2/turtlebot3_ws/install/dynamixel_sdk_examples/share/dynamixel_sdk_examples/cmake/dynamixel_sdk_examplesConfig-version.cmake
[62.844s] -- Installing: /home/song/apps/robong/ros2/turtlebot3_ws/install/dynamixel_sdk_examples/share/dynamixel_sdk_examples/package.xml
[62.900s] Invoked command in '/home/song/apps/robong/ros2/turtlebot3_ws/build/dynamixel_sdk_examples' returned '0': AMENT_PREFIX_PATH=/home/song/apps/robong/ros2/turtlebot3_ws/install/dynamixel_sdk_custom_interfaces:/home/song/apps/robong/ros2/turtlebot3_ws/install/dynamixel_sdk:${AMENT_PREFIX_PATH} CMAKE_PREFIX_PATH=/home/song/apps/robong/ros2/turtlebot3_ws/install/dynamixel_sdk_custom_interfaces:/home/song/apps/robong/ros2/turtlebot3_ws/install/dynamixel_sdk:/home/song/apps/robong/ros2/turtlebot3_ws/install/turtlebot3_simulations:/home/song/apps/robong/ros2/turtlebot3_ws/install/turtlebot3_gazebo:/home/song/apps/robong/ros2/turtlebot3_ws/install/turtlebot3_fake_node:/home/song/apps/robong/ros2/workspace/install/user_interface:/home/song/apps/robong/ros2/workspace/install/simple_ros_cpp:/home/song/apps/robong/ros2/workspace/install/rqt_example:/home/song/apps/robong/ros2/workspace/install/ros2_aruco_interfaces:/home/song/apps/robong/ros2/workspace/install/pendulum_control:/home/song/apps/robong/ros2/workspace/install/my_rqt_plugin:/home/song/apps/robong/ros2/workspace/install/move_turtle_cpp:/home/song/apps/robong/ros2/workspace/install/calculator:/home/song/apps/robong/ros2/workspace/install/simple_ros:/home/song/apps/robong/ros2/workspace/install/ros2env:/home/song/apps/robong/ros2/workspace/install/ros2_aruco:/home/song/apps/robong/ros2/workspace/install/move_turtle:/home/song/apps/robong/ros2/workspace/install/SimplePkg:/home/song/apps/robong/ros2/workspace/install/Homework1018:/opt/ros/humble LD_LIBRARY_PATH=/home/song/apps/robong/ros2/turtlebot3_ws/install/dynamixel_sdk_custom_interfaces/lib:/home/song/apps/robong/ros2/turtlebot3_ws/install/dynamixel_sdk/lib:/home/song/apps/robong/ros2/workspace/install/user_interface/lib:/home/song/apps/robong/ros2/workspace/install/simple_ros_cpp/lib:/home/song/apps/robong/ros2/workspace/install/ros2_aruco_interfaces/lib:/usr/lib/x86_64-linux-gnu/gazebo-11/plugins:/opt/ros/humble/opt/rviz_ogre_vendor/lib:/opt/ros/humble/lib/x86_64-linux-gnu:/opt/ros/humble/lib:/usr/share/gazebo/../../lib/x86_64-linux-gnu/gazebo-11/plugins PYTHONPATH=/home/song/apps/robong/ros2/turtlebot3_ws/install/dynamixel_sdk_custom_interfaces/local/lib/python3.10/dist-packages:${PYTHONPATH} /usr/bin/cmake --install /home/song/apps/robong/ros2/turtlebot3_ws/build/dynamixel_sdk_examples
