[0.086s] Invoking command in '/home/song/apps/robong/ros2/turtlebot3_ws/build/dynamixel_sdk': CMAKE_PREFIX_PATH=${CMAKE_PREFIX_PATH}:/home/song/apps/robong/ros2/turtlebot3_ws/install/open_manipulator_x_teleop:/home/song/apps/robong/ros2/workspace/install/calculator:/home/song/apps/robong/ros2/workspace/install/simple_ros:/home/song/apps/robong/ros2/workspace/install/ros2env:/home/song/apps/robong/ros2/workspace/install/ros2_aruco:/home/song/apps/robong/ros2/workspace/install/move_turtle:/home/song/apps/robong/ros2/workspace/install/SimplePkg:/home/song/apps/robong/ros2/workspace/install/Homework1018:/opt/ros/humble /usr/bin/cmake --build /home/song/apps/robong/ros2/turtlebot3_ws/build/dynamixel_sdk -- -j4 -l4
[0.230s] [35m[1mConsolidate compiler generated dependencies of target dynamixel_sdk[0m
[0.378s] [100%] Built target dynamixel_sdk
[0.489s] Invoked command in '/home/song/apps/robong/ros2/turtlebot3_ws/build/dynamixel_sdk' returned '0': CMAKE_PREFIX_PATH=${CMAKE_PREFIX_PATH}:/home/song/apps/robong/ros2/turtlebot3_ws/install/open_manipulator_x_teleop:/home/song/apps/robong/ros2/workspace/install/calculator:/home/song/apps/robong/ros2/workspace/install/simple_ros:/home/song/apps/robong/ros2/workspace/install/ros2env:/home/song/apps/robong/ros2/workspace/install/ros2_aruco:/home/song/apps/robong/ros2/workspace/install/move_turtle:/home/song/apps/robong/ros2/workspace/install/SimplePkg:/home/song/apps/robong/ros2/workspace/install/Homework1018:/opt/ros/humble /usr/bin/cmake --build /home/song/apps/robong/ros2/turtlebot3_ws/build/dynamixel_sdk -- -j4 -l4
[1.469s] Invoking command in '/home/song/apps/robong/ros2/turtlebot3_ws/build/dynamixel_sdk': CMAKE_PREFIX_PATH=${CMAKE_PREFIX_PATH}:/home/song/apps/robong/ros2/turtlebot3_ws/install/open_manipulator_x_teleop:/home/song/apps/robong/ros2/workspace/install/calculator:/home/song/apps/robong/ros2/workspace/install/simple_ros:/home/song/apps/robong/ros2/workspace/install/ros2env:/home/song/apps/robong/ros2/workspace/install/ros2_aruco:/home/song/apps/robong/ros2/workspace/install/move_turtle:/home/song/apps/robong/ros2/workspace/install/SimplePkg:/home/song/apps/robong/ros2/workspace/install/Homework1018:/opt/ros/humble /usr/bin/cmake --install /home/song/apps/robong/ros2/turtlebot3_ws/build/dynamixel_sdk
[1.956s] -- Install configuration: ""
[1.963s] -- Up-to-date: /home/song/apps/robong/ros2/turtlebot3_ws/install/dynamixel_sdk/include/
[1.974s] -- Up-to-date: /home/song/apps/robong/ros2/turtlebot3_ws/install/dynamixel_sdk/include//dynamixel_sdk
[1.978s] -- Up-to-date: /home/song/apps/robong/ros2/turtlebot3_ws/install/dynamixel_sdk/include//dynamixel_sdk/group_sync_read.h
[1.984s] -- Up-to-date: /home/song/apps/robong/ros2/turtlebot3_ws/install/dynamixel_sdk/include//dynamixel_sdk/port_handler_arduino.h
[1.989s] -- Up-to-date: /home/song/apps/robong/ros2/turtlebot3_ws/install/dynamixel_sdk/include//dynamixel_sdk/port_handler_mac.h
[1.990s] -- Up-to-date: /home/song/apps/robong/ros2/turtlebot3_ws/install/dynamixel_sdk/include//dynamixel_sdk/protocol2_packet_handler.h
[2.001s] -- Up-to-date: /home/song/apps/robong/ros2/turtlebot3_ws/install/dynamixel_sdk/include//dynamixel_sdk/group_bulk_write.h
[2.006s] -- Up-to-date: /home/song/apps/robong/ros2/turtlebot3_ws/install/dynamixel_sdk/include//dynamixel_sdk/group_bulk_read.h
[2.007s] -- Up-to-date: /home/song/apps/robong/ros2/turtlebot3_ws/install/dynamixel_sdk/include//dynamixel_sdk/protocol1_packet_handler.h
[2.014s] -- Up-to-date: /home/song/apps/robong/ros2/turtlebot3_ws/install/dynamixel_sdk/include//dynamixel_sdk/dynamixel_sdk.h
[2.018s] -- Up-to-date: /home/song/apps/robong/ros2/turtlebot3_ws/install/dynamixel_sdk/include//dynamixel_sdk/port_handler.h
[2.019s] -- Up-to-date: /home/song/apps/robong/ros2/turtlebot3_ws/install/dynamixel_sdk/include//dynamixel_sdk/group_sync_write.h
[2.031s] -- Up-to-date: /home/song/apps/robong/ros2/turtlebot3_ws/install/dynamixel_sdk/include//dynamixel_sdk/port_handler_windows.h
[2.032s] -- Up-to-date: /home/song/apps/robong/ros2/turtlebot3_ws/install/dynamixel_sdk/include//dynamixel_sdk/packet_handler.h
[2.036s] -- Up-to-date: /home/song/apps/robong/ros2/turtlebot3_ws/install/dynamixel_sdk/include//dynamixel_sdk/port_handler_linux.h
[2.037s] -- Up-to-date: /home/song/apps/robong/ros2/turtlebot3_ws/install/dynamixel_sdk/lib/libdynamixel_sdk.so
[2.038s] -- Up-to-date: /home/song/apps/robong/ros2/turtlebot3_ws/install/dynamixel_sdk/share/dynamixel_sdk/environment/library_path.sh
[2.045s] -- Up-to-date: /home/song/apps/robong/ros2/turtlebot3_ws/install/dynamixel_sdk/share/dynamixel_sdk/environment/library_path.dsv
[2.046s] -- Up-to-date: /home/song/apps/robong/ros2/turtlebot3_ws/install/dynamixel_sdk/share/ament_index/resource_index/package_run_dependencies/dynamixel_sdk
[2.047s] -- Up-to-date: /home/song/apps/robong/ros2/turtlebot3_ws/install/dynamixel_sdk/share/ament_index/resource_index/parent_prefix_path/dynamixel_sdk
[2.093s] -- Up-to-date: /home/song/apps/robong/ros2/turtlebot3_ws/install/dynamixel_sdk/share/dynamixel_sdk/environment/ament_prefix_path.sh
[2.096s] -- Up-to-date: /home/song/apps/robong/ros2/turtlebot3_ws/install/dynamixel_sdk/share/dynamixel_sdk/environment/ament_prefix_path.dsv
[2.097s] -- Up-to-date: /home/song/apps/robong/ros2/turtlebot3_ws/install/dynamixel_sdk/share/dynamixel_sdk/environment/path.sh
[2.130s] -- Up-to-date: /home/song/apps/robong/ros2/turtlebot3_ws/install/dynamixel_sdk/share/dynamixel_sdk/environment/path.dsv
[2.136s] -- Up-to-date: /home/song/apps/robong/ros2/turtlebot3_ws/install/dynamixel_sdk/share/dynamixel_sdk/local_setup.bash
[2.140s] -- Up-to-date: /home/song/apps/robong/ros2/turtlebot3_ws/install/dynamixel_sdk/share/dynamixel_sdk/local_setup.sh
[2.163s] -- Up-to-date: /home/song/apps/robong/ros2/turtlebot3_ws/install/dynamixel_sdk/share/dynamixel_sdk/local_setup.zsh
[2.176s] -- Up-to-date: /home/song/apps/robong/ros2/turtlebot3_ws/install/dynamixel_sdk/share/dynamixel_sdk/local_setup.dsv
[2.177s] -- Installing: /home/song/apps/robong/ros2/turtlebot3_ws/install/dynamixel_sdk/share/dynamixel_sdk/package.dsv
[2.184s] -- Up-to-date: /home/song/apps/robong/ros2/turtlebot3_ws/install/dynamixel_sdk/share/ament_index/resource_index/packages/dynamixel_sdk
[2.185s] -- Up-to-date: /home/song/apps/robong/ros2/turtlebot3_ws/install/dynamixel_sdk/share/dynamixel_sdk/cmake/ament_cmake_export_include_directories-extras.cmake
[2.186s] -- Up-to-date: /home/song/apps/robong/ros2/turtlebot3_ws/install/dynamixel_sdk/share/dynamixel_sdk/cmake/ament_cmake_export_libraries-extras.cmake
[2.197s] -- Up-to-date: /home/song/apps/robong/ros2/turtlebot3_ws/install/dynamixel_sdk/share/dynamixel_sdk/cmake/dynamixel_sdkConfig.cmake
[2.198s] -- Up-to-date: /home/song/apps/robong/ros2/turtlebot3_ws/install/dynamixel_sdk/share/dynamixel_sdk/cmake/dynamixel_sdkConfig-version.cmake
[2.232s] -- Up-to-date: /home/song/apps/robong/ros2/turtlebot3_ws/install/dynamixel_sdk/share/dynamixel_sdk/package.xml
[2.661s] Invoked command in '/home/song/apps/robong/ros2/turtlebot3_ws/build/dynamixel_sdk' returned '0': CMAKE_PREFIX_PATH=${CMAKE_PREFIX_PATH}:/home/song/apps/robong/ros2/turtlebot3_ws/install/open_manipulator_x_teleop:/home/song/apps/robong/ros2/workspace/install/calculator:/home/song/apps/robong/ros2/workspace/install/simple_ros:/home/song/apps/robong/ros2/workspace/install/ros2env:/home/song/apps/robong/ros2/workspace/install/ros2_aruco:/home/song/apps/robong/ros2/workspace/install/move_turtle:/home/song/apps/robong/ros2/workspace/install/SimplePkg:/home/song/apps/robong/ros2/workspace/install/Homework1018:/opt/ros/humble /usr/bin/cmake --install /home/song/apps/robong/ros2/turtlebot3_ws/build/dynamixel_sdk
