[0.031s] Invoking command in '/home/song/apps/robong/ros2/turtlebot3_ws/build/turtlebot3_gazebo': CMAKE_PREFIX_PATH=${CMAKE_PREFIX_PATH}:/home/song/apps/robong/ros2/workspace/install/ros2_aruco:/home/song/apps/robong/ros2/workspace/install/calculator:/home/song/apps/robong/ros2/workspace/install/simple_ros:/home/song/apps/robong/ros2/workspace/install/ros2env:/home/song/apps/robong/ros2/workspace/install/move_turtle:/home/song/apps/robong/ros2/workspace/install/SimplePkg:/home/song/apps/robong/ros2/workspace/install/Homework1018:/opt/ros/humble /usr/bin/cmake --build /home/song/apps/robong/ros2/turtlebot3_ws/build/turtlebot3_gazebo -- -j4 -l4
[0.137s] [35m[1mConsolidate compiler generated dependencies of target turtlebot3_drive[0m
[0.142s] [35m[1mConsolidate compiler generated dependencies of target obstacle2[0m
[0.153s] [35m[1mConsolidate compiler generated dependencies of target obstacle1[0m
[0.168s] [35m[1mConsolidate compiler generated dependencies of target obstacles[0m
[0.205s] [ 25%] Built target turtlebot3_drive
[0.287s] [ 50%] Built target obstacle1
[0.297s] [ 75%] Built target obstacle2
[0.312s] [100%] Built target obstacles
[0.359s] Invoked command in '/home/song/apps/robong/ros2/turtlebot3_ws/build/turtlebot3_gazebo' returned '0': CMAKE_PREFIX_PATH=${CMAKE_PREFIX_PATH}:/home/song/apps/robong/ros2/workspace/install/ros2_aruco:/home/song/apps/robong/ros2/workspace/install/calculator:/home/song/apps/robong/ros2/workspace/install/simple_ros:/home/song/apps/robong/ros2/workspace/install/ros2env:/home/song/apps/robong/ros2/workspace/install/move_turtle:/home/song/apps/robong/ros2/workspace/install/SimplePkg:/home/song/apps/robong/ros2/workspace/install/Homework1018:/opt/ros/humble /usr/bin/cmake --build /home/song/apps/robong/ros2/turtlebot3_ws/build/turtlebot3_gazebo -- -j4 -l4
[0.436s] Invoking command in '/home/song/apps/robong/ros2/turtlebot3_ws/build/turtlebot3_gazebo': CMAKE_PREFIX_PATH=${CMAKE_PREFIX_PATH}:/home/song/apps/robong/ros2/workspace/install/ros2_aruco:/home/song/apps/robong/ros2/workspace/install/calculator:/home/song/apps/robong/ros2/workspace/install/simple_ros:/home/song/apps/robong/ros2/workspace/install/ros2env:/home/song/apps/robong/ros2/workspace/install/move_turtle:/home/song/apps/robong/ros2/workspace/install/SimplePkg:/home/song/apps/robong/ros2/workspace/install/Homework1018:/opt/ros/humble /usr/bin/cmake --install /home/song/apps/robong/ros2/turtlebot3_ws/build/turtlebot3_gazebo
[0.450s] -- Install configuration: ""
[0.452s] -- Up-to-date: /home/song/apps/robong/ros2/turtlebot3_ws/install/turtlebot3_gazebo/lib/turtlebot3_gazebo/turtlebot3_drive
[0.452s] -- Up-to-date: /home/song/apps/robong/ros2/turtlebot3_ws/install/turtlebot3_gazebo/share/turtlebot3_gazebo//launch
[0.452s] -- Up-to-date: /home/song/apps/robong/ros2/turtlebot3_ws/install/turtlebot3_gazebo/share/turtlebot3_gazebo//launch/turtlebot3_dqn_stage1.launch.py
[0.453s] -- Up-to-date: /home/song/apps/robong/ros2/turtlebot3_ws/install/turtlebot3_gazebo/share/turtlebot3_gazebo//launch/turtlebot3_world.launch.py
[0.453s] -- Up-to-date: /home/song/apps/robong/ros2/turtlebot3_ws/install/turtlebot3_gazebo/share/turtlebot3_gazebo//launch/turtlebot3_dqn_stage2.launch.py
[0.454s] -- Up-to-date: /home/song/apps/robong/ros2/turtlebot3_ws/install/turtlebot3_gazebo/share/turtlebot3_gazebo//launch/turtlebot3_dqn_stage4.launch.py
[0.454s] -- Installing: /home/song/apps/robong/ros2/turtlebot3_ws/install/turtlebot3_gazebo/share/turtlebot3_gazebo//launch/turtlebot3_autorace_2020.launch.py
[0.455s] -- Up-to-date: /home/song/apps/robong/ros2/turtlebot3_ws/install/turtlebot3_gazebo/share/turtlebot3_gazebo//launch/robot_state_publisher.launch.py
[0.455s] -- Up-to-date: /home/song/apps/robong/ros2/turtlebot3_ws/install/turtlebot3_gazebo/share/turtlebot3_gazebo//launch/turtlebot3_house.launch.py
[0.455s] -- Up-to-date: /home/song/apps/robong/ros2/turtlebot3_ws/install/turtlebot3_gazebo/share/turtlebot3_gazebo//launch/spawn_turtlebot3.launch.py
[0.456s] -- Up-to-date: /home/song/apps/robong/ros2/turtlebot3_ws/install/turtlebot3_gazebo/share/turtlebot3_gazebo//launch/empty_world.launch.py
[0.456s] -- Up-to-date: /home/song/apps/robong/ros2/turtlebot3_ws/install/turtlebot3_gazebo/share/turtlebot3_gazebo//launch/turtlebot3_dqn_stage3.launch.py
[0.456s] -- Up-to-date: /home/song/apps/robong/ros2/turtlebot3_ws/install/turtlebot3_gazebo/share/turtlebot3_gazebo//models
[0.456s] -- Up-to-date: /home/song/apps/robong/ros2/turtlebot3_ws/install/turtlebot3_gazebo/share/turtlebot3_gazebo//models/turtlebot3_dqn_world
[0.457s] -- Up-to-date: /home/song/apps/robong/ros2/turtlebot3_ws/install/turtlebot3_gazebo/share/turtlebot3_gazebo//models/turtlebot3_dqn_world/obstacle_plugin
[0.457s] -- Up-to-date: /home/song/apps/robong/ros2/turtlebot3_ws/install/turtlebot3_gazebo/share/turtlebot3_gazebo//models/turtlebot3_dqn_world/obstacle_plugin/obstacles.cc
[0.457s] -- Up-to-date: /home/song/apps/robong/ros2/turtlebot3_ws/install/turtlebot3_gazebo/share/turtlebot3_gazebo//models/turtlebot3_dqn_world/obstacle_plugin/CMakeLists.txt
[0.458s] -- Up-to-date: /home/song/apps/robong/ros2/turtlebot3_ws/install/turtlebot3_gazebo/share/turtlebot3_gazebo//models/turtlebot3_dqn_world/obstacle_plugin/obstacle1.cc
[0.458s] -- Up-to-date: /home/song/apps/robong/ros2/turtlebot3_ws/install/turtlebot3_gazebo/share/turtlebot3_gazebo//models/turtlebot3_dqn_world/obstacle_plugin/obstacle2.cc
[0.458s] -- Up-to-date: /home/song/apps/robong/ros2/turtlebot3_ws/install/turtlebot3_gazebo/share/turtlebot3_gazebo//models/turtlebot3_dqn_world/obstacles
[0.458s] -- Up-to-date: /home/song/apps/robong/ros2/turtlebot3_ws/install/turtlebot3_gazebo/share/turtlebot3_gazebo//models/turtlebot3_dqn_world/obstacles/model.config
[0.459s] -- Up-to-date: /home/song/apps/robong/ros2/turtlebot3_ws/install/turtlebot3_gazebo/share/turtlebot3_gazebo//models/turtlebot3_dqn_world/obstacles/model.sdf
[0.459s] -- Up-to-date: /home/song/apps/robong/ros2/turtlebot3_ws/install/turtlebot3_gazebo/share/turtlebot3_gazebo//models/turtlebot3_dqn_world/obstacle1
[0.459s] -- Up-to-date: /home/song/apps/robong/ros2/turtlebot3_ws/install/turtlebot3_gazebo/share/turtlebot3_gazebo//models/turtlebot3_dqn_world/obstacle1/model.config
[0.460s] -- Up-to-date: /home/song/apps/robong/ros2/turtlebot3_ws/install/turtlebot3_gazebo/share/turtlebot3_gazebo//models/turtlebot3_dqn_world/obstacle1/model.sdf
[0.460s] -- Up-to-date: /home/song/apps/robong/ros2/turtlebot3_ws/install/turtlebot3_gazebo/share/turtlebot3_gazebo//models/turtlebot3_dqn_world/model.config
[0.460s] -- Up-to-date: /home/song/apps/robong/ros2/turtlebot3_ws/install/turtlebot3_gazebo/share/turtlebot3_gazebo//models/turtlebot3_dqn_world/goal_box
[0.461s] -- Up-to-date: /home/song/apps/robong/ros2/turtlebot3_ws/install/turtlebot3_gazebo/share/turtlebot3_gazebo//models/turtlebot3_dqn_world/goal_box/model.config
[0.461s] -- Up-to-date: /home/song/apps/robong/ros2/turtlebot3_ws/install/turtlebot3_gazebo/share/turtlebot3_gazebo//models/turtlebot3_dqn_world/goal_box/model.sdf
[0.461s] -- Up-to-date: /home/song/apps/robong/ros2/turtlebot3_ws/install/turtlebot3_gazebo/share/turtlebot3_gazebo//models/turtlebot3_dqn_world/inner_walls
[0.461s] -- Up-to-date: /home/song/apps/robong/ros2/turtlebot3_ws/install/turtlebot3_gazebo/share/turtlebot3_gazebo//models/turtlebot3_dqn_world/inner_walls/model.config
[0.462s] -- Up-to-date: /home/song/apps/robong/ros2/turtlebot3_ws/install/turtlebot3_gazebo/share/turtlebot3_gazebo//models/turtlebot3_dqn_world/inner_walls/model.sdf
[0.462s] -- Up-to-date: /home/song/apps/robong/ros2/turtlebot3_ws/install/turtlebot3_gazebo/share/turtlebot3_gazebo//models/turtlebot3_dqn_world/model.sdf
[0.462s] -- Up-to-date: /home/song/apps/robong/ros2/turtlebot3_ws/install/turtlebot3_gazebo/share/turtlebot3_gazebo//models/turtlebot3_dqn_world/obstacle2
[0.463s] -- Up-to-date: /home/song/apps/robong/ros2/turtlebot3_ws/install/turtlebot3_gazebo/share/turtlebot3_gazebo//models/turtlebot3_dqn_world/obstacle2/model.config
[0.463s] -- Up-to-date: /home/song/apps/robong/ros2/turtlebot3_ws/install/turtlebot3_gazebo/share/turtlebot3_gazebo//models/turtlebot3_dqn_world/obstacle2/model.sdf
[0.463s] -- Installing: /home/song/apps/robong/ros2/turtlebot3_ws/install/turtlebot3_gazebo/share/turtlebot3_gazebo//models/turtlebot3_autorace_2020
[0.463s] -- Installing: /home/song/apps/robong/ros2/turtlebot3_ws/install/turtlebot3_gazebo/share/turtlebot3_gazebo//models/turtlebot3_autorace_2020/traffic_parking
[0.464s] -- Installing: /home/song/apps/robong/ros2/turtlebot3_ws/install/turtlebot3_gazebo/share/turtlebot3_gazebo//models/turtlebot3_autorace_2020/traffic_parking/model.config
[0.464s] -- Installing: /home/song/apps/robong/ros2/turtlebot3_ws/install/turtlebot3_gazebo/share/turtlebot3_gazebo//models/turtlebot3_autorace_2020/traffic_parking/model.sdf
[0.464s] -- Installing: /home/song/apps/robong/ros2/turtlebot3_ws/install/turtlebot3_gazebo/share/turtlebot3_gazebo//models/turtlebot3_autorace_2020/traffic_parking/materials
[0.465s] -- Installing: /home/song/apps/robong/ros2/turtlebot3_ws/install/turtlebot3_gazebo/share/turtlebot3_gazebo//models/turtlebot3_autorace_2020/traffic_parking/materials/textures
[0.465s] -- Installing: /home/song/apps/robong/ros2/turtlebot3_ws/install/turtlebot3_gazebo/share/turtlebot3_gazebo//models/turtlebot3_autorace_2020/traffic_parking/materials/textures/traffic_parking.png
[0.465s] -- Installing: /home/song/apps/robong/ros2/turtlebot3_ws/install/turtlebot3_gazebo/share/turtlebot3_gazebo//models/turtlebot3_autorace_2020/traffic_parking/materials/textures/traffic_parking_white_background.png
[0.465s] -- Installing: /home/song/apps/robong/ros2/turtlebot3_ws/install/turtlebot3_gazebo/share/turtlebot3_gazebo//models/turtlebot3_autorace_2020/traffic_parking/materials/scripts
[0.466s] -- Installing: /home/song/apps/robong/ros2/turtlebot3_ws/install/turtlebot3_gazebo/share/turtlebot3_gazebo//models/turtlebot3_autorace_2020/traffic_parking/materials/scripts/traffic_parking.material
[0.467s] -- Installing: /home/song/apps/robong/ros2/turtlebot3_ws/install/turtlebot3_gazebo/share/turtlebot3_gazebo//models/turtlebot3_autorace_2020/traffic_bar_up
[0.467s] -- Installing: /home/song/apps/robong/ros2/turtlebot3_ws/install/turtlebot3_gazebo/share/turtlebot3_gazebo//models/turtlebot3_autorace_2020/traffic_bar_up/model.config
[0.467s] -- Installing: /home/song/apps/robong/ros2/turtlebot3_ws/install/turtlebot3_gazebo/share/turtlebot3_gazebo//models/turtlebot3_autorace_2020/traffic_bar_up/model.sdf
[0.467s] -- Installing: /home/song/apps/robong/ros2/turtlebot3_ws/install/turtlebot3_gazebo/share/turtlebot3_gazebo//models/turtlebot3_autorace_2020/traffic_bar_up/materials
[0.468s] -- Installing: /home/song/apps/robong/ros2/turtlebot3_ws/install/turtlebot3_gazebo/share/turtlebot3_gazebo//models/turtlebot3_autorace_2020/traffic_bar_up/materials/textures
[0.468s] -- Installing: /home/song/apps/robong/ros2/turtlebot3_ws/install/turtlebot3_gazebo/share/turtlebot3_gazebo//models/turtlebot3_autorace_2020/traffic_bar_up/materials/textures/traffic_bar_up.png
[0.468s] -- Installing: /home/song/apps/robong/ros2/turtlebot3_ws/install/turtlebot3_gazebo/share/turtlebot3_gazebo//models/turtlebot3_autorace_2020/traffic_bar_up/materials/scripts
[0.469s] -- Installing: /home/song/apps/robong/ros2/turtlebot3_ws/install/turtlebot3_gazebo/share/turtlebot3_gazebo//models/turtlebot3_autorace_2020/traffic_bar_up/materials/scripts/traffic_bar_up.material
[0.469s] -- Installing: /home/song/apps/robong/ros2/turtlebot3_ws/install/turtlebot3_gazebo/share/turtlebot3_gazebo//models/turtlebot3_autorace_2020/traffic_stop
[0.469s] -- Installing: /home/song/apps/robong/ros2/turtlebot3_ws/install/turtlebot3_gazebo/share/turtlebot3_gazebo//models/turtlebot3_autorace_2020/traffic_stop/model.config
[0.470s] -- Installing: /home/song/apps/robong/ros2/turtlebot3_ws/install/turtlebot3_gazebo/share/turtlebot3_gazebo//models/turtlebot3_autorace_2020/traffic_stop/model.sdf
[0.470s] -- Installing: /home/song/apps/robong/ros2/turtlebot3_ws/install/turtlebot3_gazebo/share/turtlebot3_gazebo//models/turtlebot3_autorace_2020/traffic_stop/materials
[0.470s] -- Installing: /home/song/apps/robong/ros2/turtlebot3_ws/install/turtlebot3_gazebo/share/turtlebot3_gazebo//models/turtlebot3_autorace_2020/traffic_stop/materials/textures
[0.471s] -- Installing: /home/song/apps/robong/ros2/turtlebot3_ws/install/turtlebot3_gazebo/share/turtlebot3_gazebo//models/turtlebot3_autorace_2020/traffic_stop/materials/textures/traffic_stop_white_background.png
[0.471s] -- Installing: /home/song/apps/robong/ros2/turtlebot3_ws/install/turtlebot3_gazebo/share/turtlebot3_gazebo//models/turtlebot3_autorace_2020/traffic_stop/materials/textures/traffic_stop.png
[0.471s] -- Installing: /home/song/apps/robong/ros2/turtlebot3_ws/install/turtlebot3_gazebo/share/turtlebot3_gazebo//models/turtlebot3_autorace_2020/traffic_stop/materials/scripts
[0.472s] -- Installing: /home/song/apps/robong/ros2/turtlebot3_ws/install/turtlebot3_gazebo/share/turtlebot3_gazebo//models/turtlebot3_autorace_2020/traffic_stop/materials/scripts/traffic_stop.material
[0.472s] -- Installing: /home/song/apps/robong/ros2/turtlebot3_ws/install/turtlebot3_gazebo/share/turtlebot3_gazebo//models/turtlebot3_autorace_2020/traffic_left
[0.472s] -- Installing: /home/song/apps/robong/ros2/turtlebot3_ws/install/turtlebot3_gazebo/share/turtlebot3_gazebo//models/turtlebot3_autorace_2020/traffic_left/model.config
[0.472s] -- Installing: /home/song/apps/robong/ros2/turtlebot3_ws/install/turtlebot3_gazebo/share/turtlebot3_gazebo//models/turtlebot3_autorace_2020/traffic_left/model.sdf
[0.473s] -- Installing: /home/song/apps/robong/ros2/turtlebot3_ws/install/turtlebot3_gazebo/share/turtlebot3_gazebo//models/turtlebot3_autorace_2020/traffic_left/materials
[0.473s] -- Installing: /home/song/apps/robong/ros2/turtlebot3_ws/install/turtlebot3_gazebo/share/turtlebot3_gazebo//models/turtlebot3_autorace_2020/traffic_left/materials/textures
[0.473s] -- Installing: /home/song/apps/robong/ros2/turtlebot3_ws/install/turtlebot3_gazebo/share/turtlebot3_gazebo//models/turtlebot3_autorace_2020/traffic_left/materials/textures/traffic_left_white_background.png
[0.474s] -- Installing: /home/song/apps/robong/ros2/turtlebot3_ws/install/turtlebot3_gazebo/share/turtlebot3_gazebo//models/turtlebot3_autorace_2020/traffic_left/materials/textures/traffic_left.png
[0.474s] -- Installing: /home/song/apps/robong/ros2/turtlebot3_ws/install/turtlebot3_gazebo/share/turtlebot3_gazebo//models/turtlebot3_autorace_2020/traffic_left/materials/scripts
[0.474s] -- Installing: /home/song/apps/robong/ros2/turtlebot3_ws/install/turtlebot3_gazebo/share/turtlebot3_gazebo//models/turtlebot3_autorace_2020/traffic_left/materials/scripts/traffic_is_left.material
[0.474s] -- Installing: /home/song/apps/robong/ros2/turtlebot3_ws/install/turtlebot3_gazebo/share/turtlebot3_gazebo//models/turtlebot3_autorace_2020/traffic_light_red
[0.475s] -- Installing: /home/song/apps/robong/ros2/turtlebot3_ws/install/turtlebot3_gazebo/share/turtlebot3_gazebo//models/turtlebot3_autorace_2020/traffic_light_red/model.config
[0.475s] -- Installing: /home/song/apps/robong/ros2/turtlebot3_ws/install/turtlebot3_gazebo/share/turtlebot3_gazebo//models/turtlebot3_autorace_2020/traffic_light_red/model.sdf
[0.475s] -- Installing: /home/song/apps/robong/ros2/turtlebot3_ws/install/turtlebot3_gazebo/share/turtlebot3_gazebo//models/turtlebot3_autorace_2020/traffic_light_red/materials
[0.476s] -- Installing: /home/song/apps/robong/ros2/turtlebot3_ws/install/turtlebot3_gazebo/share/turtlebot3_gazebo//models/turtlebot3_autorace_2020/traffic_light_red/materials/textures
[0.476s] -- Installing: /home/song/apps/robong/ros2/turtlebot3_ws/install/turtlebot3_gazebo/share/turtlebot3_gazebo//models/turtlebot3_autorace_2020/traffic_light_red/materials/textures/traffic_light.png
[0.476s] -- Installing: /home/song/apps/robong/ros2/turtlebot3_ws/install/turtlebot3_gazebo/share/turtlebot3_gazebo//models/turtlebot3_autorace_2020/traffic_light_red/materials/textures/traffic_light_red.png
[0.476s] -- Installing: /home/song/apps/robong/ros2/turtlebot3_ws/install/turtlebot3_gazebo/share/turtlebot3_gazebo//models/turtlebot3_autorace_2020/traffic_light_red/materials/scripts
[0.477s] -- Installing: /home/song/apps/robong/ros2/turtlebot3_ws/install/turtlebot3_gazebo/share/turtlebot3_gazebo//models/turtlebot3_autorace_2020/traffic_light_red/materials/scripts/traffic_light_red.material
[0.477s] -- Installing: /home/song/apps/robong/ros2/turtlebot3_ws/install/turtlebot3_gazebo/share/turtlebot3_gazebo//models/turtlebot3_autorace_2020/traffic_light_green
[0.477s] -- Installing: /home/song/apps/robong/ros2/turtlebot3_ws/install/turtlebot3_gazebo/share/turtlebot3_gazebo//models/turtlebot3_autorace_2020/traffic_light_green/model.config
[0.478s] -- Installing: /home/song/apps/robong/ros2/turtlebot3_ws/install/turtlebot3_gazebo/share/turtlebot3_gazebo//models/turtlebot3_autorace_2020/traffic_light_green/model.sdf
[0.478s] -- Installing: /home/song/apps/robong/ros2/turtlebot3_ws/install/turtlebot3_gazebo/share/turtlebot3_gazebo//models/turtlebot3_autorace_2020/traffic_light_green/materials
[0.478s] -- Installing: /home/song/apps/robong/ros2/turtlebot3_ws/install/turtlebot3_gazebo/share/turtlebot3_gazebo//models/turtlebot3_autorace_2020/traffic_light_green/materials/textures
[0.478s] -- Installing: /home/song/apps/robong/ros2/turtlebot3_ws/install/turtlebot3_gazebo/share/turtlebot3_gazebo//models/turtlebot3_autorace_2020/traffic_light_green/materials/textures/traffic_light_green.png
[0.479s] -- Installing: /home/song/apps/robong/ros2/turtlebot3_ws/install/turtlebot3_gazebo/share/turtlebot3_gazebo//models/turtlebot3_autorace_2020/traffic_light_green/materials/scripts
[0.479s] -- Installing: /home/song/apps/robong/ros2/turtlebot3_ws/install/turtlebot3_gazebo/share/turtlebot3_gazebo//models/turtlebot3_autorace_2020/traffic_light_green/materials/scripts/traffic_light_green.material
[0.479s] -- Installing: /home/song/apps/robong/ros2/turtlebot3_ws/install/turtlebot3_gazebo/share/turtlebot3_gazebo//models/turtlebot3_autorace_2020/traffic_construction
[0.480s] -- Installing: /home/song/apps/robong/ros2/turtlebot3_ws/install/turtlebot3_gazebo/share/turtlebot3_gazebo//models/turtlebot3_autorace_2020/traffic_construction/model.config
[0.480s] -- Installing: /home/song/apps/robong/ros2/turtlebot3_ws/install/turtlebot3_gazebo/share/turtlebot3_gazebo//models/turtlebot3_autorace_2020/traffic_construction/model.sdf
[0.480s] -- Installing: /home/song/apps/robong/ros2/turtlebot3_ws/install/turtlebot3_gazebo/share/turtlebot3_gazebo//models/turtlebot3_autorace_2020/traffic_construction/materials
[0.480s] -- Installing: /home/song/apps/robong/ros2/turtlebot3_ws/install/turtlebot3_gazebo/share/turtlebot3_gazebo//models/turtlebot3_autorace_2020/traffic_construction/materials/textures
[0.481s] -- Installing: /home/song/apps/robong/ros2/turtlebot3_ws/install/turtlebot3_gazebo/share/turtlebot3_gazebo//models/turtlebot3_autorace_2020/traffic_construction/materials/textures/traffic_construction_white_background.png
[0.481s] -- Installing: /home/song/apps/robong/ros2/turtlebot3_ws/install/turtlebot3_gazebo/share/turtlebot3_gazebo//models/turtlebot3_autorace_2020/traffic_construction/materials/textures/traffic_construction.png
[0.481s] -- Installing: /home/song/apps/robong/ros2/turtlebot3_ws/install/turtlebot3_gazebo/share/turtlebot3_gazebo//models/turtlebot3_autorace_2020/traffic_construction/materials/scripts
[0.482s] -- Installing: /home/song/apps/robong/ros2/turtlebot3_ws/install/turtlebot3_gazebo/share/turtlebot3_gazebo//models/turtlebot3_autorace_2020/traffic_construction/materials/scripts/traffic_construction.material
[0.482s] -- Installing: /home/song/apps/robong/ros2/turtlebot3_ws/install/turtlebot3_gazebo/share/turtlebot3_gazebo//models/turtlebot3_autorace_2020/traffic_pl_left
[0.482s] -- Installing: /home/song/apps/robong/ros2/turtlebot3_ws/install/turtlebot3_gazebo/share/turtlebot3_gazebo//models/turtlebot3_autorace_2020/traffic_pl_left/model.config
[0.482s] -- Installing: /home/song/apps/robong/ros2/turtlebot3_ws/install/turtlebot3_gazebo/share/turtlebot3_gazebo//models/turtlebot3_autorace_2020/traffic_pl_left/model.sdf
[0.483s] -- Installing: /home/song/apps/robong/ros2/turtlebot3_ws/install/turtlebot3_gazebo/share/turtlebot3_gazebo//models/turtlebot3_autorace_2020/traffic_pl_left/materials
[0.483s] -- Installing: /home/song/apps/robong/ros2/turtlebot3_ws/install/turtlebot3_gazebo/share/turtlebot3_gazebo//models/turtlebot3_autorace_2020/traffic_pl_left/materials/textures
[0.483s] -- Installing: /home/song/apps/robong/ros2/turtlebot3_ws/install/turtlebot3_gazebo/share/turtlebot3_gazebo//models/turtlebot3_autorace_2020/traffic_pl_left/materials/textures/traffic_pl_left_white_background.png
[0.484s] -- Installing: /home/song/apps/robong/ros2/turtlebot3_ws/install/turtlebot3_gazebo/share/turtlebot3_gazebo//models/turtlebot3_autorace_2020/traffic_pl_left/materials/textures/traffic_pl_left.png
[0.484s] -- Installing: /home/song/apps/robong/ros2/turtlebot3_ws/install/turtlebot3_gazebo/share/turtlebot3_gazebo//models/turtlebot3_autorace_2020/traffic_pl_left/materials/scripts
[0.484s] -- Installing: /home/song/apps/robong/ros2/turtlebot3_ws/install/turtlebot3_gazebo/share/turtlebot3_gazebo//models/turtlebot3_autorace_2020/traffic_pl_left/materials/scripts/traffic_pl_left.material
[0.485s] -- Installing: /home/song/apps/robong/ros2/turtlebot3_ws/install/turtlebot3_gazebo/share/turtlebot3_gazebo//models/turtlebot3_autorace_2020/traffic_right
[0.485s] -- Installing: /home/song/apps/robong/ros2/turtlebot3_ws/install/turtlebot3_gazebo/share/turtlebot3_gazebo//models/turtlebot3_autorace_2020/traffic_right/model.config
[0.485s] -- Installing: /home/song/apps/robong/ros2/turtlebot3_ws/install/turtlebot3_gazebo/share/turtlebot3_gazebo//models/turtlebot3_autorace_2020/traffic_right/model.sdf
[0.486s] -- Installing: /home/song/apps/robong/ros2/turtlebot3_ws/install/turtlebot3_gazebo/share/turtlebot3_gazebo//models/turtlebot3_autorace_2020/traffic_right/materials
[0.486s] -- Installing: /home/song/apps/robong/ros2/turtlebot3_ws/install/turtlebot3_gazebo/share/turtlebot3_gazebo//models/turtlebot3_autorace_2020/traffic_right/materials/textures
[0.486s] -- Installing: /home/song/apps/robong/ros2/turtlebot3_ws/install/turtlebot3_gazebo/share/turtlebot3_gazebo//models/turtlebot3_autorace_2020/traffic_right/materials/textures/traffic_right.png
[0.486s] -- Installing: /home/song/apps/robong/ros2/turtlebot3_ws/install/turtlebot3_gazebo/share/turtlebot3_gazebo//models/turtlebot3_autorace_2020/traffic_right/materials/textures/traffic_right_white_background.png
[0.487s] -- Installing: /home/song/apps/robong/ros2/turtlebot3_ws/install/turtlebot3_gazebo/share/turtlebot3_gazebo//models/turtlebot3_autorace_2020/traffic_right/materials/scripts
[0.487s] -- Installing: /home/song/apps/robong/ros2/turtlebot3_ws/install/turtlebot3_gazebo/share/turtlebot3_gazebo//models/turtlebot3_autorace_2020/traffic_right/materials/scripts/traffic_right.material
[0.487s] -- Installing: /home/song/apps/robong/ros2/turtlebot3_ws/install/turtlebot3_gazebo/share/turtlebot3_gazebo//models/turtlebot3_autorace_2020/traffic_intersection
[0.488s] -- Installing: /home/song/apps/robong/ros2/turtlebot3_ws/install/turtlebot3_gazebo/share/turtlebot3_gazebo//models/turtlebot3_autorace_2020/traffic_intersection/model.config
[0.488s] -- Installing: /home/song/apps/robong/ros2/turtlebot3_ws/install/turtlebot3_gazebo/share/turtlebot3_gazebo//models/turtlebot3_autorace_2020/traffic_intersection/model.sdf
[0.488s] -- Installing: /home/song/apps/robong/ros2/turtlebot3_ws/install/turtlebot3_gazebo/share/turtlebot3_gazebo//models/turtlebot3_autorace_2020/traffic_intersection/materials
[0.488s] -- Installing: /home/song/apps/robong/ros2/turtlebot3_ws/install/turtlebot3_gazebo/share/turtlebot3_gazebo//models/turtlebot3_autorace_2020/traffic_intersection/materials/textures
[0.489s] -- Installing: /home/song/apps/robong/ros2/turtlebot3_ws/install/turtlebot3_gazebo/share/turtlebot3_gazebo//models/turtlebot3_autorace_2020/traffic_intersection/materials/textures/traffic_intersection_white_background.png
[0.489s] -- Installing: /home/song/apps/robong/ros2/turtlebot3_ws/install/turtlebot3_gazebo/share/turtlebot3_gazebo//models/turtlebot3_autorace_2020/traffic_intersection/materials/textures/traffic_intersection.png
[0.489s] -- Installing: /home/song/apps/robong/ros2/turtlebot3_ws/install/turtlebot3_gazebo/share/turtlebot3_gazebo//models/turtlebot3_autorace_2020/traffic_intersection/materials/scripts
[0.490s] -- Installing: /home/song/apps/robong/ros2/turtlebot3_ws/install/turtlebot3_gazebo/share/turtlebot3_gazebo//models/turtlebot3_autorace_2020/traffic_intersection/materials/scripts/traffic_intersection.material
[0.490s] -- Installing: /home/song/apps/robong/ros2/turtlebot3_ws/install/turtlebot3_gazebo/share/turtlebot3_gazebo//models/turtlebot3_autorace_2020/checker
[0.490s] -- Installing: /home/song/apps/robong/ros2/turtlebot3_ws/install/turtlebot3_gazebo/share/turtlebot3_gazebo//models/turtlebot3_autorace_2020/checker/model.config
[0.490s] -- Installing: /home/song/apps/robong/ros2/turtlebot3_ws/install/turtlebot3_gazebo/share/turtlebot3_gazebo//models/turtlebot3_autorace_2020/checker/model.sdf
[0.491s] -- Installing: /home/song/apps/robong/ros2/turtlebot3_ws/install/turtlebot3_gazebo/share/turtlebot3_gazebo//models/turtlebot3_autorace_2020/checker/materials
[0.491s] -- Installing: /home/song/apps/robong/ros2/turtlebot3_ws/install/turtlebot3_gazebo/share/turtlebot3_gazebo//models/turtlebot3_autorace_2020/checker/materials/textures
[0.492s] -- Installing: /home/song/apps/robong/ros2/turtlebot3_ws/install/turtlebot3_gazebo/share/turtlebot3_gazebo//models/turtlebot3_autorace_2020/checker/materials/textures/checker.png
[0.492s] -- Installing: /home/song/apps/robong/ros2/turtlebot3_ws/install/turtlebot3_gazebo/share/turtlebot3_gazebo//models/turtlebot3_autorace_2020/checker/materials/checker.png
[0.493s] -- Installing: /home/song/apps/robong/ros2/turtlebot3_ws/install/turtlebot3_gazebo/share/turtlebot3_gazebo//models/turtlebot3_autorace_2020/checker/materials/scripts
[0.493s] -- Installing: /home/song/apps/robong/ros2/turtlebot3_ws/install/turtlebot3_gazebo/share/turtlebot3_gazebo//models/turtlebot3_autorace_2020/checker/materials/scripts/checker.material
[0.493s] -- Installing: /home/song/apps/robong/ros2/turtlebot3_ws/install/turtlebot3_gazebo/share/turtlebot3_gazebo//models/turtlebot3_autorace_2020/course
[0.494s] -- Installing: /home/song/apps/robong/ros2/turtlebot3_ws/install/turtlebot3_gazebo/share/turtlebot3_gazebo//models/turtlebot3_autorace_2020/course/model.config
[0.494s] -- Installing: /home/song/apps/robong/ros2/turtlebot3_ws/install/turtlebot3_gazebo/share/turtlebot3_gazebo//models/turtlebot3_autorace_2020/course/model.sdf
[0.494s] -- Installing: /home/song/apps/robong/ros2/turtlebot3_ws/install/turtlebot3_gazebo/share/turtlebot3_gazebo//models/turtlebot3_autorace_2020/course/materials
[0.495s] -- Installing: /home/song/apps/robong/ros2/turtlebot3_ws/install/turtlebot3_gazebo/share/turtlebot3_gazebo//models/turtlebot3_autorace_2020/course/materials/textures
[0.495s] -- Installing: /home/song/apps/robong/ros2/turtlebot3_ws/install/turtlebot3_gazebo/share/turtlebot3_gazebo//models/turtlebot3_autorace_2020/course/materials/textures/course.png
[0.495s] -- Installing: /home/song/apps/robong/ros2/turtlebot3_ws/install/turtlebot3_gazebo/share/turtlebot3_gazebo//models/turtlebot3_autorace_2020/course/materials/scripts
[0.495s] -- Installing: /home/song/apps/robong/ros2/turtlebot3_ws/install/turtlebot3_gazebo/share/turtlebot3_gazebo//models/turtlebot3_autorace_2020/course/materials/scripts/course.material
[0.496s] -- Installing: /home/song/apps/robong/ros2/turtlebot3_ws/install/turtlebot3_gazebo/share/turtlebot3_gazebo//models/turtlebot3_autorace_2020/traffic_light_yellow
[0.496s] -- Installing: /home/song/apps/robong/ros2/turtlebot3_ws/install/turtlebot3_gazebo/share/turtlebot3_gazebo//models/turtlebot3_autorace_2020/traffic_light_yellow/model.config
[0.496s] -- Installing: /home/song/apps/robong/ros2/turtlebot3_ws/install/turtlebot3_gazebo/share/turtlebot3_gazebo//models/turtlebot3_autorace_2020/traffic_light_yellow/model.sdf
[0.496s] -- Installing: /home/song/apps/robong/ros2/turtlebot3_ws/install/turtlebot3_gazebo/share/turtlebot3_gazebo//models/turtlebot3_autorace_2020/traffic_light_yellow/materials
[0.497s] -- Installing: /home/song/apps/robong/ros2/turtlebot3_ws/install/turtlebot3_gazebo/share/turtlebot3_gazebo//models/turtlebot3_autorace_2020/traffic_light_yellow/materials/textures
[0.497s] -- Installing: /home/song/apps/robong/ros2/turtlebot3_ws/install/turtlebot3_gazebo/share/turtlebot3_gazebo//models/turtlebot3_autorace_2020/traffic_light_yellow/materials/textures/traffic_light_yellow.png
[0.497s] -- Installing: /home/song/apps/robong/ros2/turtlebot3_ws/install/turtlebot3_gazebo/share/turtlebot3_gazebo//models/turtlebot3_autorace_2020/traffic_light_yellow/materials/scripts
[0.497s] -- Installing: /home/song/apps/robong/ros2/turtlebot3_ws/install/turtlebot3_gazebo/share/turtlebot3_gazebo//models/turtlebot3_autorace_2020/traffic_light_yellow/materials/scripts/traffic_light_yellow.material
[0.498s] -- Installing: /home/song/apps/robong/ros2/turtlebot3_ws/install/turtlebot3_gazebo/share/turtlebot3_gazebo//models/turtlebot3_autorace_2020/traffic_noentry
[0.498s] -- Installing: /home/song/apps/robong/ros2/turtlebot3_ws/install/turtlebot3_gazebo/share/turtlebot3_gazebo//models/turtlebot3_autorace_2020/traffic_noentry/model.config
[0.498s] -- Installing: /home/song/apps/robong/ros2/turtlebot3_ws/install/turtlebot3_gazebo/share/turtlebot3_gazebo//models/turtlebot3_autorace_2020/traffic_noentry/model.sdf
[0.498s] -- Installing: /home/song/apps/robong/ros2/turtlebot3_ws/install/turtlebot3_gazebo/share/turtlebot3_gazebo//models/turtlebot3_autorace_2020/traffic_noentry/materials
[0.499s] -- Installing: /home/song/apps/robong/ros2/turtlebot3_ws/install/turtlebot3_gazebo/share/turtlebot3_gazebo//models/turtlebot3_autorace_2020/traffic_noentry/materials/textures
[0.499s] -- Installing: /home/song/apps/robong/ros2/turtlebot3_ws/install/turtlebot3_gazebo/share/turtlebot3_gazebo//models/turtlebot3_autorace_2020/traffic_noentry/materials/textures/traffic_noentry.png
[0.499s] -- Installing: /home/song/apps/robong/ros2/turtlebot3_ws/install/turtlebot3_gazebo/share/turtlebot3_gazebo//models/turtlebot3_autorace_2020/traffic_noentry/materials/textures/traffic_noentry_white_background.png
[0.499s] -- Installing: /home/song/apps/robong/ros2/turtlebot3_ws/install/turtlebot3_gazebo/share/turtlebot3_gazebo//models/turtlebot3_autorace_2020/traffic_noentry/materials/scripts
[0.500s] -- Installing: /home/song/apps/robong/ros2/turtlebot3_ws/install/turtlebot3_gazebo/share/turtlebot3_gazebo//models/turtlebot3_autorace_2020/traffic_noentry/materials/scripts/traffic_noentry.material
[0.500s] -- Installing: /home/song/apps/robong/ros2/turtlebot3_ws/install/turtlebot3_gazebo/share/turtlebot3_gazebo//models/turtlebot3_autorace_2020/traffic_tunnel
[0.500s] -- Installing: /home/song/apps/robong/ros2/turtlebot3_ws/install/turtlebot3_gazebo/share/turtlebot3_gazebo//models/turtlebot3_autorace_2020/traffic_tunnel/model.config
[0.500s] -- Installing: /home/song/apps/robong/ros2/turtlebot3_ws/install/turtlebot3_gazebo/share/turtlebot3_gazebo//models/turtlebot3_autorace_2020/traffic_tunnel/model.sdf
[0.501s] -- Installing: /home/song/apps/robong/ros2/turtlebot3_ws/install/turtlebot3_gazebo/share/turtlebot3_gazebo//models/turtlebot3_autorace_2020/traffic_tunnel/materials
[0.501s] -- Installing: /home/song/apps/robong/ros2/turtlebot3_ws/install/turtlebot3_gazebo/share/turtlebot3_gazebo//models/turtlebot3_autorace_2020/traffic_tunnel/materials/textures
[0.501s] -- Installing: /home/song/apps/robong/ros2/turtlebot3_ws/install/turtlebot3_gazebo/share/turtlebot3_gazebo//models/turtlebot3_autorace_2020/traffic_tunnel/materials/textures/tunnel_white_background.png
[0.501s] -- Installing: /home/song/apps/robong/ros2/turtlebot3_ws/install/turtlebot3_gazebo/share/turtlebot3_gazebo//models/turtlebot3_autorace_2020/traffic_tunnel/materials/textures/tunnel.png
[0.502s] -- Installing: /home/song/apps/robong/ros2/turtlebot3_ws/install/turtlebot3_gazebo/share/turtlebot3_gazebo//models/turtlebot3_autorace_2020/traffic_tunnel/materials/scripts
[0.502s] -- Installing: /home/song/apps/robong/ros2/turtlebot3_ws/install/turtlebot3_gazebo/share/turtlebot3_gazebo//models/turtlebot3_autorace_2020/traffic_tunnel/materials/scripts/tunnel.material
[0.502s] -- Installing: /home/song/apps/robong/ros2/turtlebot3_ws/install/turtlebot3_gazebo/share/turtlebot3_gazebo//models/turtlebot3_autorace_2020/traffic_bar_down
[0.504s] -- Installing: /home/song/apps/robong/ros2/turtlebot3_ws/install/turtlebot3_gazebo/share/turtlebot3_gazebo//models/turtlebot3_autorace_2020/traffic_bar_down/model.config
[0.504s] -- Installing: /home/song/apps/robong/ros2/turtlebot3_ws/install/turtlebot3_gazebo/share/turtlebot3_gazebo//models/turtlebot3_autorace_2020/traffic_bar_down/model.sdf
[0.504s] -- Installing: /home/song/apps/robong/ros2/turtlebot3_ws/install/turtlebot3_gazebo/share/turtlebot3_gazebo//models/turtlebot3_autorace_2020/traffic_bar_down/materials
[0.504s] -- Installing: /home/song/apps/robong/ros2/turtlebot3_ws/install/turtlebot3_gazebo/share/turtlebot3_gazebo//models/turtlebot3_autorace_2020/traffic_bar_down/materials/textures
[0.505s] -- Installing: /home/song/apps/robong/ros2/turtlebot3_ws/install/turtlebot3_gazebo/share/turtlebot3_gazebo//models/turtlebot3_autorace_2020/traffic_bar_down/materials/textures/traffic_bar_down.png
[0.505s] -- Installing: /home/song/apps/robong/ros2/turtlebot3_ws/install/turtlebot3_gazebo/share/turtlebot3_gazebo//models/turtlebot3_autorace_2020/traffic_bar_down/materials/scripts
[0.505s] -- Installing: /home/song/apps/robong/ros2/turtlebot3_ws/install/turtlebot3_gazebo/share/turtlebot3_gazebo//models/turtlebot3_autorace_2020/traffic_bar_down/materials/scripts/traffic_bar_down.material
[0.505s] -- Up-to-date: /home/song/apps/robong/ros2/turtlebot3_ws/install/turtlebot3_gazebo/share/turtlebot3_gazebo//models/turtlebot3_waffle
[0.505s] -- Up-to-date: /home/song/apps/robong/ros2/turtlebot3_ws/install/turtlebot3_gazebo/share/turtlebot3_gazebo//models/turtlebot3_waffle/model-1_4.sdf
[0.506s] -- Up-to-date: /home/song/apps/robong/ros2/turtlebot3_ws/install/turtlebot3_gazebo/share/turtlebot3_gazebo//models/turtlebot3_waffle/model.config
[0.506s] -- Up-to-date: /home/song/apps/robong/ros2/turtlebot3_ws/install/turtlebot3_gazebo/share/turtlebot3_gazebo//models/turtlebot3_waffle/model.sdf
[0.506s] -- Up-to-date: /home/song/apps/robong/ros2/turtlebot3_ws/install/turtlebot3_gazebo/share/turtlebot3_gazebo//models/turtlebot3_burger
[0.506s] -- Up-to-date: /home/song/apps/robong/ros2/turtlebot3_ws/install/turtlebot3_gazebo/share/turtlebot3_gazebo//models/turtlebot3_burger/model-1_4.sdf
[0.506s] -- Up-to-date: /home/song/apps/robong/ros2/turtlebot3_ws/install/turtlebot3_gazebo/share/turtlebot3_gazebo//models/turtlebot3_burger/model.config
[0.506s] -- Up-to-date: /home/song/apps/robong/ros2/turtlebot3_ws/install/turtlebot3_gazebo/share/turtlebot3_gazebo//models/turtlebot3_burger/model.sdf
[0.507s] -- Up-to-date: /home/song/apps/robong/ros2/turtlebot3_ws/install/turtlebot3_gazebo/share/turtlebot3_gazebo//models/turtlebot3_common
[0.507s] -- Up-to-date: /home/song/apps/robong/ros2/turtlebot3_ws/install/turtlebot3_gazebo/share/turtlebot3_gazebo//models/turtlebot3_common/model.config
[0.507s] -- Up-to-date: /home/song/apps/robong/ros2/turtlebot3_ws/install/turtlebot3_gazebo/share/turtlebot3_gazebo//models/turtlebot3_common/meshes
[0.507s] -- Up-to-date: /home/song/apps/robong/ros2/turtlebot3_ws/install/turtlebot3_gazebo/share/turtlebot3_gazebo//models/turtlebot3_common/meshes/waffle_pi_base.dae
[0.507s] -- Up-to-date: /home/song/apps/robong/ros2/turtlebot3_ws/install/turtlebot3_gazebo/share/turtlebot3_gazebo//models/turtlebot3_common/meshes/lds.dae
[0.508s] -- Up-to-date: /home/song/apps/robong/ros2/turtlebot3_ws/install/turtlebot3_gazebo/share/turtlebot3_gazebo//models/turtlebot3_common/meshes/r200.dae
[0.508s] -- Up-to-date: /home/song/apps/robong/ros2/turtlebot3_ws/install/turtlebot3_gazebo/share/turtlebot3_gazebo//models/turtlebot3_common/meshes/tire.dae
[0.508s] -- Up-to-date: /home/song/apps/robong/ros2/turtlebot3_ws/install/turtlebot3_gazebo/share/turtlebot3_gazebo//models/turtlebot3_common/meshes/burger_base.dae
[0.508s] -- Up-to-date: /home/song/apps/robong/ros2/turtlebot3_ws/install/turtlebot3_gazebo/share/turtlebot3_gazebo//models/turtlebot3_common/meshes/waffle_base.dae
[0.509s] -- Up-to-date: /home/song/apps/robong/ros2/turtlebot3_ws/install/turtlebot3_gazebo/share/turtlebot3_gazebo//models/turtlebot3_house
[0.509s] -- Up-to-date: /home/song/apps/robong/ros2/turtlebot3_ws/install/turtlebot3_gazebo/share/turtlebot3_gazebo//models/turtlebot3_house/model.config
[0.509s] -- Up-to-date: /home/song/apps/robong/ros2/turtlebot3_ws/install/turtlebot3_gazebo/share/turtlebot3_gazebo//models/turtlebot3_house/model.sdf
[0.509s] -- Up-to-date: /home/song/apps/robong/ros2/turtlebot3_ws/install/turtlebot3_gazebo/share/turtlebot3_gazebo//models/turtlebot3_world
[0.510s] -- Up-to-date: /home/song/apps/robong/ros2/turtlebot3_ws/install/turtlebot3_gazebo/share/turtlebot3_gazebo//models/turtlebot3_world/model-1_4.sdf
[0.510s] -- Up-to-date: /home/song/apps/robong/ros2/turtlebot3_ws/install/turtlebot3_gazebo/share/turtlebot3_gazebo//models/turtlebot3_world/model.config
[0.510s] -- Up-to-date: /home/song/apps/robong/ros2/turtlebot3_ws/install/turtlebot3_gazebo/share/turtlebot3_gazebo//models/turtlebot3_world/meshes
[0.510s] -- Up-to-date: /home/song/apps/robong/ros2/turtlebot3_ws/install/turtlebot3_gazebo/share/turtlebot3_gazebo//models/turtlebot3_world/meshes/hexagon.dae
[0.511s] -- Up-to-date: /home/song/apps/robong/ros2/turtlebot3_ws/install/turtlebot3_gazebo/share/turtlebot3_gazebo//models/turtlebot3_world/meshes/wall.dae
[0.511s] -- Up-to-date: /home/song/apps/robong/ros2/turtlebot3_ws/install/turtlebot3_gazebo/share/turtlebot3_gazebo//models/turtlebot3_world/model.sdf
[0.511s] -- Up-to-date: /home/song/apps/robong/ros2/turtlebot3_ws/install/turtlebot3_gazebo/share/turtlebot3_gazebo//models/turtlebot3_waffle_pi
[0.511s] -- Up-to-date: /home/song/apps/robong/ros2/turtlebot3_ws/install/turtlebot3_gazebo/share/turtlebot3_gazebo//models/turtlebot3_waffle_pi/model.config
[0.511s] -- Up-to-date: /home/song/apps/robong/ros2/turtlebot3_ws/install/turtlebot3_gazebo/share/turtlebot3_gazebo//models/turtlebot3_waffle_pi/model-1_4_.sdf
[0.512s] -- Up-to-date: /home/song/apps/robong/ros2/turtlebot3_ws/install/turtlebot3_gazebo/share/turtlebot3_gazebo//models/turtlebot3_waffle_pi/model.sdf
[0.512s] -- Up-to-date: /home/song/apps/robong/ros2/turtlebot3_ws/install/turtlebot3_gazebo/share/turtlebot3_gazebo//rviz
[0.512s] -- Up-to-date: /home/song/apps/robong/ros2/turtlebot3_ws/install/turtlebot3_gazebo/share/turtlebot3_gazebo//rviz/tb3_gazebo.rviz
[0.513s] -- Up-to-date: /home/song/apps/robong/ros2/turtlebot3_ws/install/turtlebot3_gazebo/share/turtlebot3_gazebo//urdf
[0.513s] -- Up-to-date: /home/song/apps/robong/ros2/turtlebot3_ws/install/turtlebot3_gazebo/share/turtlebot3_gazebo//urdf/turtlebot3_waffle.urdf
[0.513s] -- Up-to-date: /home/song/apps/robong/ros2/turtlebot3_ws/install/turtlebot3_gazebo/share/turtlebot3_gazebo//urdf/common_properties.urdf
[0.513s] -- Up-to-date: /home/song/apps/robong/ros2/turtlebot3_ws/install/turtlebot3_gazebo/share/turtlebot3_gazebo//urdf/turtlebot3_burger.urdf
[0.513s] -- Up-to-date: /home/song/apps/robong/ros2/turtlebot3_ws/install/turtlebot3_gazebo/share/turtlebot3_gazebo//urdf/turtlebot3_waffle_pi.urdf
[0.513s] -- Up-to-date: /home/song/apps/robong/ros2/turtlebot3_ws/install/turtlebot3_gazebo/share/turtlebot3_gazebo//worlds
[0.514s] -- Up-to-date: /home/song/apps/robong/ros2/turtlebot3_ws/install/turtlebot3_gazebo/share/turtlebot3_gazebo//worlds/empty_world.world
[0.514s] -- Up-to-date: /home/song/apps/robong/ros2/turtlebot3_ws/install/turtlebot3_gazebo/share/turtlebot3_gazebo//worlds/turtlebot3_house.world
[0.514s] -- Up-to-date: /home/song/apps/robong/ros2/turtlebot3_ws/install/turtlebot3_gazebo/share/turtlebot3_gazebo//worlds/turtlebot3_world.world
[0.514s] -- Up-to-date: /home/song/apps/robong/ros2/turtlebot3_ws/install/turtlebot3_gazebo/share/turtlebot3_gazebo//worlds/turtlebot3_dqn_stage2.world
[0.514s] -- Installing: /home/song/apps/robong/ros2/turtlebot3_ws/install/turtlebot3_gazebo/share/turtlebot3_gazebo//worlds/turtlebot3_autorace_2020.world
[0.514s] -- Up-to-date: /home/song/apps/robong/ros2/turtlebot3_ws/install/turtlebot3_gazebo/share/turtlebot3_gazebo//worlds/turtlebot3_dqn_stage4.world
[0.515s] -- Up-to-date: /home/song/apps/robong/ros2/turtlebot3_ws/install/turtlebot3_gazebo/share/turtlebot3_gazebo//worlds/turtlebot3_dqn_stage3.world
[0.515s] -- Up-to-date: /home/song/apps/robong/ros2/turtlebot3_ws/install/turtlebot3_gazebo/share/turtlebot3_gazebo//worlds/turtlebot3_dqn_stage1.world
[0.515s] -- Up-to-date: /home/song/apps/robong/ros2/turtlebot3_ws/install/turtlebot3_gazebo/include/
[0.515s] -- Up-to-date: /home/song/apps/robong/ros2/turtlebot3_ws/install/turtlebot3_gazebo/include//turtlebot3_gazebo
[0.515s] -- Up-to-date: /home/song/apps/robong/ros2/turtlebot3_ws/install/turtlebot3_gazebo/include//turtlebot3_gazebo/turtlebot3_drive.hpp
[0.515s] -- Up-to-date: /home/song/apps/robong/ros2/turtlebot3_ws/install/turtlebot3_gazebo/share/ament_index/resource_index/package_run_dependencies/turtlebot3_gazebo
[0.515s] -- Up-to-date: /home/song/apps/robong/ros2/turtlebot3_ws/install/turtlebot3_gazebo/share/ament_index/resource_index/parent_prefix_path/turtlebot3_gazebo
[0.516s] -- Up-to-date: /home/song/apps/robong/ros2/turtlebot3_ws/install/turtlebot3_gazebo/share/turtlebot3_gazebo/environment/ament_prefix_path.sh
[0.516s] -- Up-to-date: /home/song/apps/robong/ros2/turtlebot3_ws/install/turtlebot3_gazebo/share/turtlebot3_gazebo/environment/ament_prefix_path.dsv
[0.516s] -- Up-to-date: /home/song/apps/robong/ros2/turtlebot3_ws/install/turtlebot3_gazebo/share/turtlebot3_gazebo/environment/path.sh
[0.516s] -- Up-to-date: /home/song/apps/robong/ros2/turtlebot3_ws/install/turtlebot3_gazebo/share/turtlebot3_gazebo/environment/path.dsv
[0.516s] -- Up-to-date: /home/song/apps/robong/ros2/turtlebot3_ws/install/turtlebot3_gazebo/share/turtlebot3_gazebo/local_setup.bash
[0.517s] -- Up-to-date: /home/song/apps/robong/ros2/turtlebot3_ws/install/turtlebot3_gazebo/share/turtlebot3_gazebo/local_setup.sh
[0.517s] -- Up-to-date: /home/song/apps/robong/ros2/turtlebot3_ws/install/turtlebot3_gazebo/share/turtlebot3_gazebo/local_setup.zsh
[0.517s] -- Up-to-date: /home/song/apps/robong/ros2/turtlebot3_ws/install/turtlebot3_gazebo/share/turtlebot3_gazebo/local_setup.dsv
[0.517s] -- Installing: /home/song/apps/robong/ros2/turtlebot3_ws/install/turtlebot3_gazebo/share/turtlebot3_gazebo/package.dsv
[0.517s] -- Up-to-date: /home/song/apps/robong/ros2/turtlebot3_ws/install/turtlebot3_gazebo/share/ament_index/resource_index/packages/turtlebot3_gazebo
[0.518s] -- Up-to-date: /home/song/apps/robong/ros2/turtlebot3_ws/install/turtlebot3_gazebo/share/turtlebot3_gazebo/cmake/ament_cmake_export_include_directories-extras.cmake
[0.518s] -- Up-to-date: /home/song/apps/robong/ros2/turtlebot3_ws/install/turtlebot3_gazebo/share/turtlebot3_gazebo/cmake/ament_cmake_export_dependencies-extras.cmake
[0.518s] -- Up-to-date: /home/song/apps/robong/ros2/turtlebot3_ws/install/turtlebot3_gazebo/share/turtlebot3_gazebo/cmake/turtlebot3_gazeboConfig.cmake
[0.518s] -- Up-to-date: /home/song/apps/robong/ros2/turtlebot3_ws/install/turtlebot3_gazebo/share/turtlebot3_gazebo/cmake/turtlebot3_gazeboConfig-version.cmake
[0.519s] -- Up-to-date: /home/song/apps/robong/ros2/turtlebot3_ws/install/turtlebot3_gazebo/share/turtlebot3_gazebo/package.xml
[0.519s] Invoked command in '/home/song/apps/robong/ros2/turtlebot3_ws/build/turtlebot3_gazebo' returned '0': CMAKE_PREFIX_PATH=${CMAKE_PREFIX_PATH}:/home/song/apps/robong/ros2/workspace/install/ros2_aruco:/home/song/apps/robong/ros2/workspace/install/calculator:/home/song/apps/robong/ros2/workspace/install/simple_ros:/home/song/apps/robong/ros2/workspace/install/ros2env:/home/song/apps/robong/ros2/workspace/install/move_turtle:/home/song/apps/robong/ros2/workspace/install/SimplePkg:/home/song/apps/robong/ros2/workspace/install/Homework1018:/opt/ros/humble /usr/bin/cmake --install /home/song/apps/robong/ros2/turtlebot3_ws/build/turtlebot3_gazebo
