[0.061s] Invoking command in '/home/song/apps/robong/ros2/turtlebot3_ws/build/dynamixel_sdk': CMAKE_PREFIX_PATH=${CMAKE_PREFIX_PATH}:/home/song/apps/robong/ros2/workspace/install/calculator:/home/song/apps/robong/ros2/workspace/install/simple_ros:/home/song/apps/robong/ros2/workspace/install/ros2env:/home/song/apps/robong/ros2/workspace/install/ros2_aruco:/home/song/apps/robong/ros2/workspace/install/move_turtle:/home/song/apps/robong/ros2/workspace/install/SimplePkg:/home/song/apps/robong/ros2/workspace/install/Homework1018:/opt/ros/humble /usr/bin/cmake /home/song/apps/robong/ros2/turtlebot3_ws/src/DynamixelSDK/dynamixel_sdk -DCMAKE_INSTALL_PREFIX=/home/song/apps/robong/ros2/turtlebot3_ws/install/dynamixel_sdk
[0.290s] -- The C compiler identification is GNU 11.4.0
[0.505s] -- The CXX compiler identification is GNU 11.4.0
[0.562s] -- Detecting C compiler ABI info
[0.835s] -- Detecting C compiler ABI info - done
[0.879s] -- Check for working C compiler: /usr/bin/cc - skipped
[0.880s] -- Detecting C compile features
[0.881s] -- Detecting C compile features - done
[0.903s] -- Detecting CXX compiler ABI info
[1.271s] -- Detecting CXX compiler ABI info - done
[1.364s] -- Check for working CXX compiler: /usr/bin/c++ - skipped
[1.364s] -- Detecting CXX compile features
[1.366s] -- Detecting CXX compile features - done
[1.406s] -- Found ament_cmake: 1.3.10 (/opt/ros/humble/share/ament_cmake/cmake)
[2.125s] -- Found Python3: /usr/bin/python3 (found version "3.10.12") found components: Interpreter 
[2.890s] -- Configuring done
[2.944s] -- Generating done
[2.951s] -- Build files have been written to: /home/song/apps/robong/ros2/turtlebot3_ws/build/dynamixel_sdk
[2.984s] Invoked command in '/home/song/apps/robong/ros2/turtlebot3_ws/build/dynamixel_sdk' returned '0': CMAKE_PREFIX_PATH=${CMAKE_PREFIX_PATH}:/home/song/apps/robong/ros2/workspace/install/calculator:/home/song/apps/robong/ros2/workspace/install/simple_ros:/home/song/apps/robong/ros2/workspace/install/ros2env:/home/song/apps/robong/ros2/workspace/install/ros2_aruco:/home/song/apps/robong/ros2/workspace/install/move_turtle:/home/song/apps/robong/ros2/workspace/install/SimplePkg:/home/song/apps/robong/ros2/workspace/install/Homework1018:/opt/ros/humble /usr/bin/cmake /home/song/apps/robong/ros2/turtlebot3_ws/src/DynamixelSDK/dynamixel_sdk -DCMAKE_INSTALL_PREFIX=/home/song/apps/robong/ros2/turtlebot3_ws/install/dynamixel_sdk
[2.985s] Invoking command in '/home/song/apps/robong/ros2/turtlebot3_ws/build/dynamixel_sdk': CMAKE_PREFIX_PATH=${CMAKE_PREFIX_PATH}:/home/song/apps/robong/ros2/workspace/install/calculator:/home/song/apps/robong/ros2/workspace/install/simple_ros:/home/song/apps/robong/ros2/workspace/install/ros2env:/home/song/apps/robong/ros2/workspace/install/ros2_aruco:/home/song/apps/robong/ros2/workspace/install/move_turtle:/home/song/apps/robong/ros2/workspace/install/SimplePkg:/home/song/apps/robong/ros2/workspace/install/Homework1018:/opt/ros/humble /usr/bin/cmake --build /home/song/apps/robong/ros2/turtlebot3_ws/build/dynamixel_sdk -- -j4 -l4
[3.206s] [ 10%] [32mBuilding CXX object CMakeFiles/dynamixel_sdk.dir/src/dynamixel_sdk/packet_handler.cpp.o[0m
[3.211s] [ 20%] [32mBuilding CXX object CMakeFiles/dynamixel_sdk.dir/src/dynamixel_sdk/protocol2_packet_handler.cpp.o[0m
[3.225s] [ 30%] [32mBuilding CXX object CMakeFiles/dynamixel_sdk.dir/src/dynamixel_sdk/group_sync_read.cpp.o[0m
[3.226s] [ 40%] [32mBuilding CXX object CMakeFiles/dynamixel_sdk.dir/src/dynamixel_sdk/protocol1_packet_handler.cpp.o[0m
[4.075s] [ 50%] [32mBuilding CXX object CMakeFiles/dynamixel_sdk.dir/src/dynamixel_sdk/group_sync_write.cpp.o[0m
[4.798s] [ 60%] [32mBuilding CXX object CMakeFiles/dynamixel_sdk.dir/src/dynamixel_sdk/group_bulk_read.cpp.o[0m
[5.016s] [ 70%] [32mBuilding CXX object CMakeFiles/dynamixel_sdk.dir/src/dynamixel_sdk/group_bulk_write.cpp.o[0m
[5.206s] [ 80%] [32mBuilding CXX object CMakeFiles/dynamixel_sdk.dir/src/dynamixel_sdk/port_handler.cpp.o[0m
[5.467s] [ 90%] [32mBuilding CXX object CMakeFiles/dynamixel_sdk.dir/src/dynamixel_sdk/port_handler_linux.cpp.o[0m
[7.702s] [100%] [32m[1mLinking CXX shared library libdynamixel_sdk.so[0m
[8.128s] [100%] Built target dynamixel_sdk
[8.172s] Invoked command in '/home/song/apps/robong/ros2/turtlebot3_ws/build/dynamixel_sdk' returned '0': CMAKE_PREFIX_PATH=${CMAKE_PREFIX_PATH}:/home/song/apps/robong/ros2/workspace/install/calculator:/home/song/apps/robong/ros2/workspace/install/simple_ros:/home/song/apps/robong/ros2/workspace/install/ros2env:/home/song/apps/robong/ros2/workspace/install/ros2_aruco:/home/song/apps/robong/ros2/workspace/install/move_turtle:/home/song/apps/robong/ros2/workspace/install/SimplePkg:/home/song/apps/robong/ros2/workspace/install/Homework1018:/opt/ros/humble /usr/bin/cmake --build /home/song/apps/robong/ros2/turtlebot3_ws/build/dynamixel_sdk -- -j4 -l4
[8.367s] Invoking command in '/home/song/apps/robong/ros2/turtlebot3_ws/build/dynamixel_sdk': CMAKE_PREFIX_PATH=${CMAKE_PREFIX_PATH}:/home/song/apps/robong/ros2/workspace/install/calculator:/home/song/apps/robong/ros2/workspace/install/simple_ros:/home/song/apps/robong/ros2/workspace/install/ros2env:/home/song/apps/robong/ros2/workspace/install/ros2_aruco:/home/song/apps/robong/ros2/workspace/install/move_turtle:/home/song/apps/robong/ros2/workspace/install/SimplePkg:/home/song/apps/robong/ros2/workspace/install/Homework1018:/opt/ros/humble /usr/bin/cmake --install /home/song/apps/robong/ros2/turtlebot3_ws/build/dynamixel_sdk
[8.395s] -- Install configuration: ""
[8.399s] -- Installing: /home/song/apps/robong/ros2/turtlebot3_ws/install/dynamixel_sdk/include/
[8.402s] -- Installing: /home/song/apps/robong/ros2/turtlebot3_ws/install/dynamixel_sdk/include//dynamixel_sdk
[8.405s] -- Installing: /home/song/apps/robong/ros2/turtlebot3_ws/install/dynamixel_sdk/include//dynamixel_sdk/group_sync_read.h
[8.406s] -- Installing: /home/song/apps/robong/ros2/turtlebot3_ws/install/dynamixel_sdk/include//dynamixel_sdk/port_handler_arduino.h
[8.406s] -- Installing: /home/song/apps/robong/ros2/turtlebot3_ws/install/dynamixel_sdk/include//dynamixel_sdk/port_handler_mac.h
[8.406s] -- Installing: /home/song/apps/robong/ros2/turtlebot3_ws/install/dynamixel_sdk/include//dynamixel_sdk/protocol2_packet_handler.h
[8.413s] -- Installing: /home/song/apps/robong/ros2/turtlebot3_ws/install/dynamixel_sdk/include//dynamixel_sdk/group_bulk_write.h
[8.414s] -- Installing: /home/song/apps/robong/ros2/turtlebot3_ws/install/dynamixel_sdk/include//dynamixel_sdk/group_bulk_read.h
[8.420s] -- Installing: /home/song/apps/robong/ros2/turtlebot3_ws/install/dynamixel_sdk/include//dynamixel_sdk/protocol1_packet_handler.h
[8.430s] -- Installing: /home/song/apps/robong/ros2/turtlebot3_ws/install/dynamixel_sdk/include//dynamixel_sdk/dynamixel_sdk.h
[8.430s] -- Installing: /home/song/apps/robong/ros2/turtlebot3_ws/install/dynamixel_sdk/include//dynamixel_sdk/port_handler.h
[8.430s] -- Installing: /home/song/apps/robong/ros2/turtlebot3_ws/install/dynamixel_sdk/include//dynamixel_sdk/group_sync_write.h
[8.431s] -- Installing: /home/song/apps/robong/ros2/turtlebot3_ws/install/dynamixel_sdk/include//dynamixel_sdk/port_handler_windows.h
[8.431s] -- Installing: /home/song/apps/robong/ros2/turtlebot3_ws/install/dynamixel_sdk/include//dynamixel_sdk/packet_handler.h
[8.437s] -- Installing: /home/song/apps/robong/ros2/turtlebot3_ws/install/dynamixel_sdk/include//dynamixel_sdk/port_handler_linux.h
[8.437s] -- Installing: /home/song/apps/robong/ros2/turtlebot3_ws/install/dynamixel_sdk/lib/libdynamixel_sdk.so
[8.437s] -- Installing: /home/song/apps/robong/ros2/turtlebot3_ws/install/dynamixel_sdk/share/dynamixel_sdk/environment/library_path.sh
[8.442s] -- Installing: /home/song/apps/robong/ros2/turtlebot3_ws/install/dynamixel_sdk/share/dynamixel_sdk/environment/library_path.dsv
[8.442s] -- Installing: /home/song/apps/robong/ros2/turtlebot3_ws/install/dynamixel_sdk/share/ament_index/resource_index/package_run_dependencies/dynamixel_sdk
[8.453s] -- Installing: /home/song/apps/robong/ros2/turtlebot3_ws/install/dynamixel_sdk/share/ament_index/resource_index/parent_prefix_path/dynamixel_sdk
[8.454s] -- Installing: /home/song/apps/robong/ros2/turtlebot3_ws/install/dynamixel_sdk/share/dynamixel_sdk/environment/ament_prefix_path.sh
[8.454s] -- Installing: /home/song/apps/robong/ros2/turtlebot3_ws/install/dynamixel_sdk/share/dynamixel_sdk/environment/ament_prefix_path.dsv
[8.462s] -- Installing: /home/song/apps/robong/ros2/turtlebot3_ws/install/dynamixel_sdk/share/dynamixel_sdk/environment/path.sh
[8.463s] -- Installing: /home/song/apps/robong/ros2/turtlebot3_ws/install/dynamixel_sdk/share/dynamixel_sdk/environment/path.dsv
[8.463s] -- Installing: /home/song/apps/robong/ros2/turtlebot3_ws/install/dynamixel_sdk/share/dynamixel_sdk/local_setup.bash
[8.463s] -- Installing: /home/song/apps/robong/ros2/turtlebot3_ws/install/dynamixel_sdk/share/dynamixel_sdk/local_setup.sh
[8.463s] -- Installing: /home/song/apps/robong/ros2/turtlebot3_ws/install/dynamixel_sdk/share/dynamixel_sdk/local_setup.zsh
[8.464s] -- Installing: /home/song/apps/robong/ros2/turtlebot3_ws/install/dynamixel_sdk/share/dynamixel_sdk/local_setup.dsv
[8.467s] -- Installing: /home/song/apps/robong/ros2/turtlebot3_ws/install/dynamixel_sdk/share/dynamixel_sdk/package.dsv
[8.476s] -- Installing: /home/song/apps/robong/ros2/turtlebot3_ws/install/dynamixel_sdk/share/ament_index/resource_index/packages/dynamixel_sdk
[8.476s] -- Installing: /home/song/apps/robong/ros2/turtlebot3_ws/install/dynamixel_sdk/share/dynamixel_sdk/cmake/ament_cmake_export_include_directories-extras.cmake
[8.476s] -- Installing: /home/song/apps/robong/ros2/turtlebot3_ws/install/dynamixel_sdk/share/dynamixel_sdk/cmake/ament_cmake_export_libraries-extras.cmake
[8.483s] -- Installing: /home/song/apps/robong/ros2/turtlebot3_ws/install/dynamixel_sdk/share/dynamixel_sdk/cmake/dynamixel_sdkConfig.cmake
[8.484s] -- Installing: /home/song/apps/robong/ros2/turtlebot3_ws/install/dynamixel_sdk/share/dynamixel_sdk/cmake/dynamixel_sdkConfig-version.cmake
[8.484s] -- Installing: /home/song/apps/robong/ros2/turtlebot3_ws/install/dynamixel_sdk/share/dynamixel_sdk/package.xml
[8.485s] Invoked command in '/home/song/apps/robong/ros2/turtlebot3_ws/build/dynamixel_sdk' returned '0': CMAKE_PREFIX_PATH=${CMAKE_PREFIX_PATH}:/home/song/apps/robong/ros2/workspace/install/calculator:/home/song/apps/robong/ros2/workspace/install/simple_ros:/home/song/apps/robong/ros2/workspace/install/ros2env:/home/song/apps/robong/ros2/workspace/install/ros2_aruco:/home/song/apps/robong/ros2/workspace/install/move_turtle:/home/song/apps/robong/ros2/workspace/install/SimplePkg:/home/song/apps/robong/ros2/workspace/install/Homework1018:/opt/ros/humble /usr/bin/cmake --install /home/song/apps/robong/ros2/turtlebot3_ws/build/dynamixel_sdk
